[2024-11-16 12:26:11] - Contacting Arduino..
[2024-11-16 12:26:13] - Arduino found!
[2024-11-16 12:26:13] - Actuator running.
[2024-11-16 12:26:13] - To Arduino: LIGHTSON
[2024-11-16 12:26:17] - IP uploaded to:
[2024-11-16 12:26:17] - https://storage.googleapis.com/ip-manager42.appspot.com/RaspberryPi-Cyan/ip_server.txt
[2024-11-16 12:28:01] - Application gracefully terminated
[2024-11-16 12:28:07] - Contacting Arduino..
[2024-11-16 12:28:09] - Arduino found!
[2024-11-16 12:28:09] - Actuator running.
[2024-11-16 12:28:09] - To Arduino: LIGHTSON
[2024-11-16 12:28:13] - IP uploaded to:
[2024-11-16 12:28:13] - https://storage.googleapis.com/ip-manager42.appspot.com/RaspberryPi-Cyan/ip_server.txt
[2024-11-16 12:29:45] - Application gracefully terminated
[2024-11-16 12:29:51] - _
[2024-11-16 12:29:51] - *************************
[2024-11-16 12:29:51] -       NEW SESSION
[2024-11-16 12:29:51] - *************************
[2024-11-16 12:29:53] - Contacting Arduino..
[2024-11-16 12:29:55] - Arduino found!
[2024-11-16 12:29:55] - Actuator running.
[2024-11-16 12:29:55] - To Arduino: LIGHTSON
[2024-11-16 12:29:59] - IP uploaded to:
[2024-11-16 12:29:59] - https://storage.googleapis.com/ip-manager42.appspot.com/RaspberryPi-Cyan/ip_server.txt
