[2025-02-23 10:51:50][MAIN] - Bot is ready.
[2025-02-23 10:51:51][MAIN] - Contacting Arduino..
[2025-02-23 10:51:51][MAIN] - Arduino found!
[2025-02-23 10:51:51][MAIN] - Actuator running.
[2025-02-23 10:51:51][MAIN] - Pulling from GitHub: /home/claudio/Python-Projects/RoomServer
[2025-02-23 10:51:52][MAIN] - Already up to date.
[2025-02-23 10:51:52][MAIN] - To Arduino: LIGHTSON
[2025-02-23 10:51:56][MAIN] - IP 84.150.103.227 uploaded to:
[2025-02-23 10:51:56][MAIN] - https://storage.googleapis.com/ip-manager42.appspot.com/RaspberryPi-Cyan/ip_server.txt
[2025-02-23 10:51:56][FLASK] -  * Serving Flask app 'server'
[2025-02-23 10:51:56][FLASK] -  * Debug mode: off
[2025-02-23 10:51:56][WEBSOCKET] -  * Serving Flask app 'websocket'
[2025-02-23 10:51:56][WEBSOCKET] -  * Debug mode: off
[2025-02-23 10:51:59][FLASK] - AUDIO: {'audio': 'pingvol'}
[2025-02-23 10:52:09][FLASK] - AUDIO: {'audio': 'pingvol'}
[2025-02-23 10:52:19][FLASK] - AUDIO: {'audio': 'pingvol'}
[2025-02-23 10:52:29][FLASK] - AUDIO: {'audio': 'pingvol'}
[2025-02-23 10:52:39][FLASK] - AUDIO: {'audio': 'pingvol'}
[2025-02-23 10:52:49][FLASK] - AUDIO: {'audio': 'pingvol'}
[2025-02-23 10:52:59][FLASK] - AUDIO: {'audio': 'pingvol'}
[2025-02-23 10:53:09][FLASK] - AUDIO: {'audio': 'pingvol'}
[2025-02-23 10:53:19][FLASK] - AUDIO: {'audio': 'pingvol'}
[2025-02-23 10:53:29][FLASK] - AUDIO: {'audio': 'pingvol'}
[2025-02-23 10:53:39][FLASK] - AUDIO: {'audio': 'pingvol'}
[2025-02-23 10:53:49][FLASK] - AUDIO: {'audio': 'pingvol'}
[2025-02-23 10:53:59][FLASK] - AUDIO: {'audio': 'pingvol'}
[2025-02-23 10:54:09][FLASK] - AUDIO: {'audio': 'pingvol'}
[2025-02-23 10:54:19][FLASK] - AUDIO: {'audio': 'pingvol'}
[2025-02-23 10:54:29][FLASK] - AUDIO: {'audio': 'pingvol'}
[2025-02-23 10:54:39][FLASK] - AUDIO: {'audio': 'pingvol'}
[2025-02-23 10:54:49][FLASK] - AUDIO: {'audio': 'pingvol'}
[2025-02-23 10:54:59][FLASK] - AUDIO: {'audio': 'pingvol'}
[2025-02-23 10:55:09][FLASK] - AUDIO: {'audio': 'pingvol'}
[2025-02-23 10:55:19][FLASK] - AUDIO: {'audio': 'pingvol'}
[2025-02-23 10:55:30][FLASK] - AUDIO: {'audio': 'pingvol'}
[2025-02-23 10:55:40][FLASK] - AUDIO: {'audio': 'pingvol'}
[2025-02-23 10:55:50][FLASK] - AUDIO: {'audio': 'pingvol'}
[2025-02-23 10:56:00][FLASK] - AUDIO: {'audio': 'pingvol'}
[2025-02-23 10:56:10][FLASK] - AUDIO: {'audio': 'pingvol'}
[2025-02-23 10:56:20][FLASK] - AUDIO: {'audio': 'pingvol'}
[2025-02-23 10:56:30][FLASK] - AUDIO: {'audio': 'pingvol'}
[2025-02-23 10:56:40][FLASK] - AUDIO: {'audio': 'pingvol'}
[2025-02-23 10:56:50][FLASK] - AUDIO: {'audio': 'pingvol'}
[2025-02-23 10:57:00][FLASK] - AUDIO: {'audio': 'pingvol'}
[2025-02-23 10:57:10][FLASK] - AUDIO: {'audio': 'pingvol'}
[2025-02-23 10:57:20][FLASK] - AUDIO: {'audio': 'pingvol'}
[2025-02-23 10:57:30][FLASK] - AUDIO: {'audio': 'pingvol'}
[2025-02-23 10:57:40][FLASK] - AUDIO: {'audio': 'pingvol'}
[2025-02-23 10:57:50][FLASK] - AUDIO: {'audio': 'pingvol'}
[2025-02-23 10:58:00][FLASK] - AUDIO: {'audio': 'pingvol'}
[2025-02-23 10:58:10][FLASK] - AUDIO: {'audio': 'pingvol'}
[2025-02-23 10:58:20][FLASK] - AUDIO: {'audio': 'pingvol'}
[2025-02-23 10:58:30][FLASK] - AUDIO: {'audio': 'pingvol'}
[2025-02-23 10:58:40][FLASK] - AUDIO: {'audio': 'pingvol'}
[2025-02-23 10:58:51][FLASK] - AUDIO: {'audio': 'pingvol'}
[2025-02-23 10:59:01][FLASK] - AUDIO: {'audio': 'pingvol'}
[2025-02-23 10:59:11][FLASK] - AUDIO: {'audio': 'pingvol'}
[2025-02-23 10:59:21][FLASK] - AUDIO: {'audio': 'pingvol'}
[2025-02-23 10:59:31][FLASK] - AUDIO: {'audio': 'pingvol'}
[2025-02-23 10:59:41][FLASK] - AUDIO: {'audio': 'pingvol'}
[2025-02-23 10:59:51][FLASK] - AUDIO: {'audio': 'pingvol'}
[2025-02-23 11:00:01][FLASK] - AUDIO: {'audio': 'pingvol'}
[2025-02-23 11:00:11][FLASK] - AUDIO: {'audio': 'pingvol'}
[2025-02-23 11:00:21][FLASK] - AUDIO: {'audio': 'pingvol'}
[2025-02-23 11:00:31][FLASK] - AUDIO: {'audio': 'pingvol'}
[2025-02-23 11:00:41][FLASK] - AUDIO: {'audio': 'pingvol'}
[2025-02-23 11:00:51][FLASK] - AUDIO: {'audio': 'pingvol'}
[2025-02-23 11:01:01][FLASK] - AUDIO: {'audio': 'pingvol'}
[2025-02-23 11:01:11][FLASK] - AUDIO: {'audio': 'pingvol'}
[2025-02-23 11:01:21][FLASK] - AUDIO: {'audio': 'pingvol'}
[2025-02-23 11:01:31][FLASK] - AUDIO: {'audio': 'pingvol'}
[2025-02-23 11:01:40][MAIN] - Serving 807946519: msg 4252
[2025-02-23 11:01:41][FLASK] - AUDIO: {'audio': 'pingvol'}
[2025-02-23 11:01:43][MAIN] - Serving 807946519: msg 4254
[2025-02-23 11:01:47][MAIN] - Serving 807946519: msg 4256
[2025-02-23 11:01:49][MAIN] - Serving 807946519: msg 4258
[2025-02-23 11:01:51][FLASK] - AUDIO: {'audio': 'pingvol'}
[2025-02-23 11:02:01][FLASK] - AUDIO: {'audio': 'pingvol'}
[2025-02-23 11:02:12][FLASK] - AUDIO: {'audio': 'pingvol'}
[2025-02-23 11:02:22][FLASK] - AUDIO: {'audio': 'pingvol'}
[2025-02-23 11:02:32][FLASK] - AUDIO: {'audio': 'pingvol'}
[2025-02-23 11:02:42][FLASK] - AUDIO: {'audio': 'pingvol'}
[2025-02-23 11:02:52][FLASK] - AUDIO: {'audio': 'pingvol'}
[2025-02-23 11:03:02][FLASK] - AUDIO: {'audio': 'pingvol'}
[2025-02-23 11:03:12][FLASK] - AUDIO: {'audio': 'pingvol'}
[2025-02-23 11:03:22][FLASK] - AUDIO: {'audio': 'pingvol'}
[2025-02-23 11:03:32][FLASK] - AUDIO: {'audio': 'pingvol'}
[2025-02-23 11:03:42][FLASK] - AUDIO: {'audio': 'pingvol'}
[2025-02-23 11:03:52][FLASK] - AUDIO: {'audio': 'pingvol'}
[2025-02-23 11:04:02][FLASK] - AUDIO: {'audio': 'pingvol'}
[2025-02-23 11:04:12][FLASK] - AUDIO: {'audio': 'pingvol'}
[2025-02-23 11:04:22][FLASK] - AUDIO: {'audio': 'pingvol'}
[2025-02-23 11:04:32][FLASK] - AUDIO: {'audio': 'pingvol'}
[2025-02-23 11:04:42][FLASK] - AUDIO: {'audio': 'pingvol'}
[2025-02-23 11:04:52][FLASK] - AUDIO: {'audio': 'pingvol'}
[2025-02-23 11:05:02][FLASK] - AUDIO: {'audio': 'pingvol'}
[2025-02-23 11:05:12][FLASK] - AUDIO: {'audio': 'pingvol'}
[2025-02-23 11:05:22][FLASK] - AUDIO: {'audio': 'pingvol'}
[2025-02-23 11:05:32][FLASK] - AUDIO: {'audio': 'pingvol'}
[2025-02-23 11:05:42][FLASK] - AUDIO: {'audio': 'pingvol'}
[2025-02-23 11:05:52][FLASK] - AUDIO: {'audio': 'pingvol'}
[2025-02-23 11:06:02][FLASK] - AUDIO: {'audio': 'pingvol'}
[2025-02-23 11:06:13][FLASK] - AUDIO: {'audio': 'pingvol'}
[2025-02-23 11:06:23][FLASK] - AUDIO: {'audio': 'pingvol'}
[2025-02-23 11:06:33][FLASK] - AUDIO: {'audio': 'pingvol'}
[2025-02-23 11:06:43][FLASK] - AUDIO: {'audio': 'pingvol'}
[2025-02-23 11:06:53][FLASK] - AUDIO: {'audio': 'pingvol'}
[2025-02-23 11:07:03][FLASK] - AUDIO: {'audio': 'pingvol'}
[2025-02-23 11:07:13][FLASK] - AUDIO: {'audio': 'pingvol'}
[2025-02-23 11:07:23][FLASK] - AUDIO: {'audio': 'pingvol'}
[2025-02-23 11:07:33][FLASK] - AUDIO: {'audio': 'pingvol'}
[2025-02-23 11:07:43][FLASK] - AUDIO: {'audio': 'pingvol'}
[2025-02-23 11:07:53][FLASK] - AUDIO: {'audio': 'pingvol'}
[2025-02-23 11:08:03][FLASK] - AUDIO: {'audio': 'pingvol'}
[2025-02-23 11:08:13][FLASK] - AUDIO: {'audio': 'pingvol'}
[2025-02-23 11:08:23][FLASK] - AUDIO: {'audio': 'pingvol'}
[2025-02-23 11:08:33][FLASK] - AUDIO: {'audio': 'pingvol'}
[2025-02-23 11:08:43][FLASK] - AUDIO: {'audio': 'pingvol'}
[2025-02-23 11:08:53][FLASK] - AUDIO: {'audio': 'pingvol'}
[2025-02-23 11:09:03][FLASK] - AUDIO: {'audio': 'pingvol'}
[2025-02-23 11:09:13][FLASK] - AUDIO: {'audio': 'pingvol'}
[2025-02-23 11:09:23][FLASK] - AUDIO: {'audio': 'pingvol'}
[2025-02-23 11:09:33][FLASK] - AUDIO: {'audio': 'pingvol'}
[2025-02-23 11:09:43][FLASK] - AUDIO: {'audio': 'pingvol'}
[2025-02-23 11:09:53][FLASK] - AUDIO: {'audio': 'pingvol'}
[2025-02-23 11:10:03][FLASK] - AUDIO: {'audio': 'pingvol'}
[2025-02-23 11:10:14][FLASK] - AUDIO: {'audio': 'pingvol'}
[2025-02-23 11:10:24][FLASK] - AUDIO: {'audio': 'pingvol'}
[2025-02-23 11:10:34][FLASK] - AUDIO: {'audio': 'pingvol'}
[2025-02-23 11:10:44][FLASK] - AUDIO: {'audio': 'pingvol'}
[2025-02-23 11:10:54][FLASK] - AUDIO: {'audio': 'pingvol'}
[2025-02-23 11:11:04][FLASK] - AUDIO: {'audio': 'pingvol'}
[2025-02-23 11:11:14][FLASK] - AUDIO: {'audio': 'pingvol'}
[2025-02-23 11:11:24][FLASK] - AUDIO: {'audio': 'pingvol'}
[2025-02-23 11:11:34][FLASK] - AUDIO: {'audio': 'pingvol'}
[2025-02-23 11:11:44][FLASK] - AUDIO: {'audio': 'pingvol'}
[2025-02-23 11:11:54][FLASK] - AUDIO: {'audio': 'pingvol'}
[2025-02-23 11:12:04][FLASK] - AUDIO: {'audio': 'pingvol'}
[2025-02-23 11:12:14][FLASK] - AUDIO: {'audio': 'pingvol'}
[2025-02-23 11:12:24][FLASK] - AUDIO: {'audio': 'pingvol'}
[2025-02-23 11:12:34][FLASK] - AUDIO: {'audio': 'pingvol'}
[2025-02-23 11:12:44][FLASK] - AUDIO: {'audio': 'pingvol'}
[2025-02-23 11:12:54][FLASK] - AUDIO: {'audio': 'pingvol'}
[2025-02-23 11:13:04][FLASK] - AUDIO: {'audio': 'pingvol'}
[2025-02-23 11:13:14][FLASK] - AUDIO: {'audio': 'pingvol'}
[2025-02-23 11:13:24][FLASK] - AUDIO: {'audio': 'pingvol'}
[2025-02-23 11:13:34][FLASK] - AUDIO: {'audio': 'pingvol'}
[2025-02-23 11:13:44][FLASK] - AUDIO: {'audio': 'pingvol'}
[2025-02-23 11:13:54][FLASK] - AUDIO: {'audio': 'pingvol'}
[2025-02-23 11:14:04][FLASK] - AUDIO: {'audio': 'pingvol'}
[2025-02-23 11:14:14][FLASK] - AUDIO: {'audio': 'pingvol'}
[2025-02-23 11:14:25][FLASK] - AUDIO: {'audio': 'pingvol'}
[2025-02-23 11:14:35][FLASK] - AUDIO: {'audio': 'pingvol'}
[2025-02-23 11:14:45][FLASK] - AUDIO: {'audio': 'pingvol'}
[2025-02-23 11:14:55][FLASK] - AUDIO: {'audio': 'pingvol'}
[2025-02-23 11:15:05][FLASK] - AUDIO: {'audio': 'pingvol'}
[2025-02-23 11:15:15][FLASK] - AUDIO: {'audio': 'pingvol'}
[2025-02-23 11:15:25][FLASK] - AUDIO: {'audio': 'pingvol'}
[2025-02-23 11:15:35][FLASK] - AUDIO: {'audio': 'pingvol'}
[2025-02-23 11:15:45][FLASK] - AUDIO: {'audio': 'pingvol'}
[2025-02-23 11:15:55][FLASK] - AUDIO: {'audio': 'pingvol'}
[2025-02-23 11:16:05][FLASK] - AUDIO: {'audio': 'pingvol'}
[2025-02-23 11:16:15][FLASK] - AUDIO: {'audio': 'pingvol'}
[2025-02-23 11:16:25][FLASK] - AUDIO: {'audio': 'pingvol'}
[2025-02-23 11:16:35][FLASK] - AUDIO: {'audio': 'pingvol'}
[2025-02-23 11:16:45][FLASK] - AUDIO: {'audio': 'pingvol'}
[2025-02-23 11:16:55][FLASK] - AUDIO: {'audio': 'pingvol'}
[2025-02-23 11:17:05][FLASK] - AUDIO: {'audio': 'pingvol'}
[2025-02-23 11:17:15][FLASK] - AUDIO: {'audio': 'pingvol'}
[2025-02-23 11:17:25][FLASK] - AUDIO: {'audio': 'pingvol'}
[2025-02-23 11:17:35][FLASK] - AUDIO: {'audio': 'pingvol'}
[2025-02-23 11:17:45][FLASK] - AUDIO: {'audio': 'pingvol'}
[2025-02-23 11:17:55][FLASK] - AUDIO: {'audio': 'pingvol'}
[2025-02-23 11:18:05][FLASK] - AUDIO: {'audio': 'pingvol'}
[2025-02-23 11:18:15][FLASK] - AUDIO: {'audio': 'pingvol'}
[2025-02-23 11:18:25][FLASK] - AUDIO: {'audio': 'pingvol'}
[2025-02-23 11:18:36][FLASK] - AUDIO: {'audio': 'pingvol'}
[2025-02-23 11:18:46][FLASK] - AUDIO: {'audio': 'pingvol'}
[2025-02-23 11:18:56][FLASK] - AUDIO: {'audio': 'pingvol'}
[2025-02-23 11:19:06][FLASK] - AUDIO: {'audio': 'pingvol'}
[2025-02-23 11:19:16][FLASK] - AUDIO: {'audio': 'pingvol'}
[2025-02-23 11:19:26][FLASK] - AUDIO: {'audio': 'pingvol'}
[2025-02-23 11:19:36][FLASK] - AUDIO: {'audio': 'pingvol'}
[2025-02-23 11:19:46][FLASK] - AUDIO: {'audio': 'pingvol'}
[2025-02-23 11:19:56][FLASK] - AUDIO: {'audio': 'pingvol'}
[2025-02-23 11:20:06][FLASK] - AUDIO: {'audio': 'pingvol'}
[2025-02-23 11:20:16][FLASK] - AUDIO: {'audio': 'pingvol'}
[2025-02-23 11:20:26][FLASK] - AUDIO: {'audio': 'pingvol'}
[2025-02-23 11:20:36][FLASK] - AUDIO: {'audio': 'pingvol'}
[2025-02-23 11:20:46][FLASK] - AUDIO: {'audio': 'pingvol'}
[2025-02-23 11:20:56][FLASK] - AUDIO: {'audio': 'pingvol'}
[2025-02-23 11:21:06][FLASK] - AUDIO: {'audio': 'pingvol'}
[2025-02-23 11:21:16][FLASK] - AUDIO: {'audio': 'pingvol'}
[2025-02-23 11:21:26][FLASK] - AUDIO: {'audio': 'pingvol'}
[2025-02-23 11:21:36][FLASK] - AUDIO: {'audio': 'pingvol'}
[2025-02-23 11:21:46][FLASK] - AUDIO: {'audio': 'pingvol'}
[2025-02-23 11:21:56][FLASK] - AUDIO: {'audio': 'pingvol'}
[2025-02-23 11:22:06][FLASK] - AUDIO: {'audio': 'pingvol'}
[2025-02-23 11:22:16][FLASK] - AUDIO: {'audio': 'pingvol'}
[2025-02-23 11:22:26][FLASK] - AUDIO: {'audio': 'pingvol'}
[2025-02-23 11:22:36][FLASK] - AUDIO: {'audio': 'pingvol'}
[2025-02-23 11:22:47][FLASK] - AUDIO: {'audio': 'pingvol'}
[2025-02-23 11:22:57][FLASK] - AUDIO: {'audio': 'pingvol'}
[2025-02-23 11:23:07][FLASK] - AUDIO: {'audio': 'pingvol'}
[2025-02-23 11:23:17][FLASK] - AUDIO: {'audio': 'pingvol'}
[2025-02-23 11:23:27][FLASK] - AUDIO: {'audio': 'pingvol'}
[2025-02-23 11:23:37][FLASK] - AUDIO: {'audio': 'pingvol'}
[2025-02-23 11:23:47][FLASK] - AUDIO: {'audio': 'pingvol'}
[2025-02-23 11:23:57][FLASK] - AUDIO: {'audio': 'pingvol'}
[2025-02-23 11:24:07][FLASK] - AUDIO: {'audio': 'pingvol'}
[2025-02-23 11:24:17][FLASK] - AUDIO: {'audio': 'pingvol'}
[2025-02-23 11:24:27][FLASK] - AUDIO: {'audio': 'pingvol'}
[2025-02-23 11:24:37][FLASK] - AUDIO: {'audio': 'pingvol'}
[2025-02-23 11:24:47][FLASK] - AUDIO: {'audio': 'pingvol'}
[2025-02-23 11:24:57][FLASK] - AUDIO: {'audio': 'pingvol'}
[2025-02-23 11:25:07][FLASK] - AUDIO: {'audio': 'pingvol'}
[2025-02-23 11:25:17][FLASK] - AUDIO: {'audio': 'pingvol'}
[2025-02-23 11:25:27][FLASK] - AUDIO: {'audio': 'pingvol'}
[2025-02-23 11:25:37][FLASK] - AUDIO: {'audio': 'pingvol'}
[2025-02-23 11:25:47][FLASK] - AUDIO: {'audio': 'pingvol'}
[2025-02-23 11:25:57][FLASK] - AUDIO: {'audio': 'pingvol'}
[2025-02-23 11:26:07][FLASK] - AUDIO: {'audio': 'pingvol'}
[2025-02-23 11:26:17][FLASK] - AUDIO: {'audio': 'pingvol'}
[2025-02-23 11:26:27][FLASK] - AUDIO: {'audio': 'pingvol'}
[2025-02-23 11:26:37][FLASK] - AUDIO: {'audio': 'pingvol'}
[2025-02-23 11:26:47][FLASK] - AUDIO: {'audio': 'pingvol'}
[2025-02-23 11:26:58][FLASK] - AUDIO: {'audio': 'pingvol'}
[2025-02-23 11:27:08][FLASK] - AUDIO: {'audio': 'pingvol'}
[2025-02-23 11:27:18][FLASK] - AUDIO: {'audio': 'pingvol'}
[2025-02-23 11:27:28][FLASK] - AUDIO: {'audio': 'pingvol'}
[2025-02-23 11:27:38][FLASK] - AUDIO: {'audio': 'pingvol'}
[2025-02-23 11:27:48][FLASK] - AUDIO: {'audio': 'pingvol'}
[2025-02-23 11:27:58][FLASK] - AUDIO: {'audio': 'pingvol'}
[2025-02-23 11:28:08][FLASK] - AUDIO: {'audio': 'pingvol'}
[2025-02-23 11:28:18][FLASK] - AUDIO: {'audio': 'pingvol'}
[2025-02-23 11:28:28][FLASK] - AUDIO: {'audio': 'pingvol'}
[2025-02-23 11:28:38][FLASK] - AUDIO: {'audio': 'pingvol'}
[2025-02-23 11:28:48][FLASK] - AUDIO: {'audio': 'pingvol'}
[2025-02-23 11:28:58][FLASK] - AUDIO: {'audio': 'pingvol'}
[2025-02-23 11:29:08][FLASK] - AUDIO: {'audio': 'pingvol'}
[2025-02-23 11:29:18][FLASK] - AUDIO: {'audio': 'pingvol'}
[2025-02-23 11:29:28][FLASK] - AUDIO: {'audio': 'pingvol'}
[2025-02-23 11:29:38][FLASK] - AUDIO: {'audio': 'pingvol'}
[2025-02-23 11:29:48][FLASK] - AUDIO: {'audio': 'pingvol'}
[2025-02-23 11:29:58][FLASK] - AUDIO: {'audio': 'pingvol'}
[2025-02-23 11:30:08][FLASK] - AUDIO: {'audio': 'pingvol'}
[2025-02-23 11:30:18][FLASK] - AUDIO: {'audio': 'pingvol'}
[2025-02-23 11:30:28][FLASK] - AUDIO: {'audio': 'pingvol'}
[2025-02-23 11:30:38][FLASK] - AUDIO: {'audio': 'pingvol'}
[2025-02-23 11:30:48][FLASK] - AUDIO: {'audio': 'pingvol'}
[2025-02-23 11:30:58][FLASK] - AUDIO: {'audio': 'pingvol'}
[2025-02-23 11:31:08][FLASK] - AUDIO: {'audio': 'pingvol'}
[2025-02-23 11:31:19][FLASK] - AUDIO: {'audio': 'pingvol'}
[2025-02-23 11:31:29][FLASK] - AUDIO: {'audio': 'pingvol'}
[2025-02-23 11:31:39][FLASK] - AUDIO: {'audio': 'pingvol'}
[2025-02-23 11:31:49][FLASK] - AUDIO: {'audio': 'pingvol'}
[2025-02-23 11:31:59][FLASK] - AUDIO: {'audio': 'pingvol'}
[2025-02-23 11:32:09][FLASK] - AUDIO: {'audio': 'pingvol'}
[2025-02-23 11:32:19][FLASK] - AUDIO: {'audio': 'pingvol'}
[2025-02-23 11:32:29][FLASK] - AUDIO: {'audio': 'pingvol'}
[2025-02-23 11:32:39][FLASK] - AUDIO: {'audio': 'pingvol'}
[2025-02-23 11:32:49][FLASK] - AUDIO: {'audio': 'pingvol'}
[2025-02-23 11:32:59][FLASK] - AUDIO: {'audio': 'pingvol'}
[2025-02-23 11:33:09][FLASK] - AUDIO: {'audio': 'pingvol'}
[2025-02-23 11:33:19][FLASK] - AUDIO: {'audio': 'pingvol'}
[2025-02-23 11:33:29][FLASK] - AUDIO: {'audio': 'pingvol'}
[2025-02-23 11:33:39][FLASK] - AUDIO: {'audio': 'pingvol'}
[2025-02-23 11:33:49][FLASK] - AUDIO: {'audio': 'pingvol'}
[2025-02-23 11:33:59][FLASK] - AUDIO: {'audio': 'pingvol'}
[2025-02-23 11:34:10][FLASK] - AUDIO: {'audio': 'pingvol'}
[2025-02-23 11:34:20][FLASK] - AUDIO: {'audio': 'pingvol'}
[2025-02-23 11:34:30][FLASK] - AUDIO: {'audio': 'pingvol'}
[2025-02-23 11:34:40][FLASK] - AUDIO: {'audio': 'pingvol'}
[2025-02-23 11:34:50][FLASK] - AUDIO: {'audio': 'pingvol'}
[2025-02-23 11:35:00][FLASK] - AUDIO: {'audio': 'pingvol'}
[2025-02-23 11:35:10][FLASK] - AUDIO: {'audio': 'pingvol'}
[2025-02-23 11:35:20][FLASK] - AUDIO: {'audio': 'pingvol'}
[2025-02-23 11:35:30][FLASK] - AUDIO: {'audio': 'pingvol'}
[2025-02-23 11:35:40][FLASK] - AUDIO: {'audio': 'pingvol'}
[2025-02-23 11:35:50][FLASK] - AUDIO: {'audio': 'pingvol'}
[2025-02-23 11:36:00][FLASK] - AUDIO: {'audio': 'pingvol'}
[2025-02-23 11:36:10][FLASK] - AUDIO: {'audio': 'pingvol'}
[2025-02-23 11:36:20][FLASK] - AUDIO: {'audio': 'pingvol'}
[2025-02-23 11:36:30][FLASK] - AUDIO: {'audio': 'pingvol'}
[2025-02-23 11:36:40][FLASK] - AUDIO: {'audio': 'pingvol'}
[2025-02-23 11:36:50][FLASK] - AUDIO: {'audio': 'pingvol'}
[2025-02-23 11:37:00][FLASK] - AUDIO: {'audio': 'pingvol'}
[2025-02-23 11:37:10][FLASK] - AUDIO: {'audio': 'pingvol'}
[2025-02-23 11:37:20][FLASK] - AUDIO: {'audio': 'pingvol'}
[2025-02-23 11:37:30][FLASK] - AUDIO: {'audio': 'pingvol'}
[2025-02-23 11:37:40][FLASK] - AUDIO: {'audio': 'pingvol'}
[2025-02-23 11:37:50][FLASK] - AUDIO: {'audio': 'pingvol'}
[2025-02-23 11:38:01][FLASK] - AUDIO: {'audio': 'pingvol'}
[2025-02-23 11:38:11][FLASK] - AUDIO: {'audio': 'pingvol'}
[2025-02-23 11:38:21][FLASK] - AUDIO: {'audio': 'pingvol'}
[2025-02-23 11:38:31][FLASK] - AUDIO: {'audio': 'pingvol'}
[2025-02-23 11:38:41][FLASK] - AUDIO: {'audio': 'pingvol'}
[2025-02-23 11:38:51][FLASK] - AUDIO: {'audio': 'pingvol'}
[2025-02-23 11:39:01][FLASK] - AUDIO: {'audio': 'pingvol'}
[2025-02-23 11:39:11][FLASK] - AUDIO: {'audio': 'pingvol'}
[2025-02-23 11:39:21][FLASK] - AUDIO: {'audio': 'pingvol'}
[2025-02-23 11:39:31][FLASK] - AUDIO: {'audio': 'pingvol'}
[2025-02-23 11:39:41][FLASK] - AUDIO: {'audio': 'pingvol'}
[2025-02-23 11:39:51][FLASK] - AUDIO: {'audio': 'pingvol'}
[2025-02-23 11:40:01][FLASK] - AUDIO: {'audio': 'pingvol'}
[2025-02-23 11:40:11][FLASK] - AUDIO: {'audio': 'pingvol'}
[2025-02-23 11:40:21][FLASK] - AUDIO: {'audio': 'pingvol'}
[2025-02-23 11:40:31][FLASK] - AUDIO: {'audio': 'pingvol'}
[2025-02-23 11:40:41][FLASK] - AUDIO: {'audio': 'pingvol'}
[2025-02-23 11:40:51][FLASK] - AUDIO: {'audio': 'pingvol'}
[2025-02-23 11:41:01][FLASK] - AUDIO: {'audio': 'pingvol'}
[2025-02-23 11:41:11][FLASK] - AUDIO: {'audio': 'pingvol'}
[2025-02-23 11:41:21][FLASK] - AUDIO: {'audio': 'pingvol'}
[2025-02-23 11:41:31][FLASK] - AUDIO: {'audio': 'pingvol'}
[2025-02-23 11:41:41][FLASK] - AUDIO: {'audio': 'pingvol'}
[2025-02-23 11:41:51][FLASK] - AUDIO: {'audio': 'pingvol'}
[2025-02-23 11:42:02][FLASK] - AUDIO: {'audio': 'pingvol'}
[2025-02-23 11:42:12][FLASK] - AUDIO: {'audio': 'pingvol'}
[2025-02-23 11:42:22][FLASK] - AUDIO: {'audio': 'pingvol'}
[2025-02-23 11:42:32][FLASK] - AUDIO: {'audio': 'pingvol'}
[2025-02-23 11:42:42][FLASK] - AUDIO: {'audio': 'pingvol'}
[2025-02-23 11:42:52][FLASK] - AUDIO: {'audio': 'pingvol'}
[2025-02-23 11:43:02][FLASK] - AUDIO: {'audio': 'pingvol'}
[2025-02-23 11:43:12][FLASK] - AUDIO: {'audio': 'pingvol'}
[2025-02-23 11:43:22][FLASK] - AUDIO: {'audio': 'pingvol'}
[2025-02-23 11:43:32][FLASK] - AUDIO: {'audio': 'pingvol'}
[2025-02-23 11:43:42][FLASK] - AUDIO: {'audio': 'pingvol'}
[2025-02-23 11:43:52][FLASK] - AUDIO: {'audio': 'pingvol'}
[2025-02-23 11:44:02][FLASK] - AUDIO: {'audio': 'pingvol'}
[2025-02-23 11:44:12][FLASK] - AUDIO: {'audio': 'pingvol'}
[2025-02-23 11:44:22][FLASK] - AUDIO: {'audio': 'pingvol'}
[2025-02-23 11:44:32][FLASK] - AUDIO: {'audio': 'pingvol'}
[2025-02-23 11:44:42][FLASK] - AUDIO: {'audio': 'pingvol'}
[2025-02-23 11:44:52][FLASK] - AUDIO: {'audio': 'pingvol'}
[2025-02-23 11:45:02][FLASK] - AUDIO: {'audio': 'pingvol'}
[2025-02-23 11:45:12][FLASK] - AUDIO: {'audio': 'pingvol'}
[2025-02-23 11:45:22][FLASK] - AUDIO: {'audio': 'pingvol'}
[2025-02-23 11:45:32][FLASK] - AUDIO: {'audio': 'pingvol'}
[2025-02-23 11:45:42][FLASK] - AUDIO: {'audio': 'pingvol'}
[2025-02-23 11:45:52][FLASK] - AUDIO: {'audio': 'pingvol'}
[2025-02-23 11:46:02][FLASK] - AUDIO: {'audio': 'pingvol'}
[2025-02-23 11:46:13][FLASK] - AUDIO: {'audio': 'pingvol'}
[2025-02-23 11:46:23][FLASK] - AUDIO: {'audio': 'pingvol'}
[2025-02-23 11:46:33][FLASK] - AUDIO: {'audio': 'pingvol'}
[2025-02-23 11:46:43][FLASK] - AUDIO: {'audio': 'pingvol'}
[2025-02-23 11:46:53][FLASK] - AUDIO: {'audio': 'pingvol'}
[2025-02-23 11:47:03][FLASK] - AUDIO: {'audio': 'pingvol'}
[2025-02-23 11:47:13][FLASK] - AUDIO: {'audio': 'pingvol'}
[2025-02-23 11:47:23][FLASK] - AUDIO: {'audio': 'pingvol'}
[2025-02-23 11:47:33][FLASK] - AUDIO: {'audio': 'pingvol'}
[2025-02-23 11:47:43][FLASK] - AUDIO: {'audio': 'pingvol'}
[2025-02-23 11:47:53][FLASK] - AUDIO: {'audio': 'pingvol'}
[2025-02-23 11:48:03][FLASK] - AUDIO: {'audio': 'pingvol'}
[2025-02-23 11:48:13][FLASK] - AUDIO: {'audio': 'pingvol'}
[2025-02-23 11:48:23][FLASK] - AUDIO: {'audio': 'pingvol'}
[2025-02-23 11:48:33][FLASK] - AUDIO: {'audio': 'pingvol'}
[2025-02-23 11:48:43][FLASK] - AUDIO: {'audio': 'pingvol'}
[2025-02-23 11:48:53][FLASK] - AUDIO: {'audio': 'pingvol'}
[2025-02-23 11:49:03][FLASK] - AUDIO: {'audio': 'pingvol'}
[2025-02-23 11:49:13][FLASK] - AUDIO: {'audio': 'pingvol'}
[2025-02-23 11:49:23][FLASK] - AUDIO: {'audio': 'pingvol'}
[2025-02-23 11:49:33][FLASK] - AUDIO: {'audio': 'pingvol'}
[2025-02-23 11:49:43][FLASK] - AUDIO: {'audio': 'pingvol'}
[2025-02-23 11:49:53][FLASK] - AUDIO: {'audio': 'pingvol'}
[2025-02-23 11:50:03][FLASK] - AUDIO: {'audio': 'pingvol'}
[2025-02-23 11:50:14][FLASK] - AUDIO: {'audio': 'pingvol'}
[2025-02-23 11:50:24][FLASK] - AUDIO: {'audio': 'pingvol'}
[2025-02-23 11:50:34][FLASK] - AUDIO: {'audio': 'pingvol'}
[2025-02-23 11:50:44][FLASK] - AUDIO: {'audio': 'pingvol'}
[2025-02-23 11:50:54][FLASK] - AUDIO: {'audio': 'pingvol'}
[2025-02-23 11:51:04][FLASK] - AUDIO: {'audio': 'pingvol'}
[2025-02-23 11:51:14][FLASK] - AUDIO: {'audio': 'pingvol'}
[2025-02-23 11:51:24][FLASK] - AUDIO: {'audio': 'pingvol'}
[2025-02-23 11:51:34][FLASK] - AUDIO: {'audio': 'pingvol'}
[2025-02-23 11:51:44][FLASK] - AUDIO: {'audio': 'pingvol'}
[2025-02-23 11:51:54][FLASK] - AUDIO: {'audio': 'pingvol'}
[2025-02-23 11:52:04][FLASK] - AUDIO: {'audio': 'pingvol'}
[2025-02-23 11:52:04][MAIN] - To Arduino: AUDIOPINGVOL
[2025-02-23 11:52:14][FLASK] - AUDIO: {'audio': 'pingvol'}
[2025-02-23 11:52:24][FLASK] - AUDIO: {'audio': 'pingvol'}
[2025-02-23 11:52:34][FLASK] - AUDIO: {'audio': 'pingvol'}
[2025-02-23 11:52:44][FLASK] - AUDIO: {'audio': 'pingvol'}
[2025-02-23 11:52:54][FLASK] - AUDIO: {'audio': 'pingvol'}
[2025-02-23 11:53:04][FLASK] - AUDIO: {'audio': 'pingvol'}
[2025-02-23 11:53:14][FLASK] - AUDIO: {'audio': 'pingvol'}
[2025-02-23 11:53:24][FLASK] - AUDIO: {'audio': 'pingvol'}
[2025-02-23 11:53:34][FLASK] - AUDIO: {'audio': 'pingvol'}
[2025-02-23 11:53:44][FLASK] - AUDIO: {'audio': 'pingvol'}
[2025-02-23 11:53:54][FLASK] - AUDIO: {'audio': 'pingvol'}
[2025-02-23 11:54:04][FLASK] - AUDIO: {'audio': 'pingvol'}
[2025-02-23 11:54:14][FLASK] - AUDIO: {'audio': 'pingvol'}
[2025-02-23 11:54:25][FLASK] - AUDIO: {'audio': 'pingvol'}
[2025-02-23 11:54:35][FLASK] - AUDIO: {'audio': 'pingvol'}
[2025-02-23 11:54:45][FLASK] - AUDIO: {'audio': 'pingvol'}
[2025-02-23 11:54:55][FLASK] - AUDIO: {'audio': 'pingvol'}
[2025-02-23 11:55:05][FLASK] - AUDIO: {'audio': 'pingvol'}
[2025-02-23 11:55:15][FLASK] - AUDIO: {'audio': 'pingvol'}
[2025-02-23 11:55:25][FLASK] - AUDIO: {'audio': 'pingvol'}
[2025-02-23 11:55:35][FLASK] - AUDIO: {'audio': 'pingvol'}
[2025-02-23 11:55:45][FLASK] - AUDIO: {'audio': 'pingvol'}
[2025-02-23 11:55:55][FLASK] - AUDIO: {'audio': 'pingvol'}
[2025-02-23 11:56:05][FLASK] - AUDIO: {'audio': 'pingvol'}
[2025-02-23 11:56:15][FLASK] - AUDIO: {'audio': 'pingvol'}
[2025-02-23 11:56:25][FLASK] - AUDIO: {'audio': 'pingvol'}
[2025-02-23 11:56:35][FLASK] - AUDIO: {'audio': 'pingvol'}
[2025-02-23 11:56:45][FLASK] - AUDIO: {'audio': 'pingvol'}
[2025-02-23 11:56:55][FLASK] - AUDIO: {'audio': 'pingvol'}
[2025-02-23 11:57:05][FLASK] - AUDIO: {'audio': 'pingvol'}
[2025-02-23 11:57:15][FLASK] - AUDIO: {'audio': 'pingvol'}
[2025-02-23 11:57:25][FLASK] - AUDIO: {'audio': 'pingvol'}
[2025-02-23 11:57:35][FLASK] - AUDIO: {'audio': 'pingvol'}
[2025-02-23 11:57:45][FLASK] - AUDIO: {'audio': 'pingvol'}
[2025-02-23 11:57:55][FLASK] - AUDIO: {'audio': 'pingvol'}
[2025-02-23 11:58:05][FLASK] - AUDIO: {'audio': 'pingvol'}
[2025-02-23 11:58:15][FLASK] - AUDIO: {'audio': 'pingvol'}
[2025-02-23 11:58:25][FLASK] - AUDIO: {'audio': 'pingvol'}
[2025-02-23 11:58:35][FLASK] - AUDIO: {'audio': 'pingvol'}
[2025-02-23 11:58:46][FLASK] - AUDIO: {'audio': 'pingvol'}
[2025-02-23 11:58:56][FLASK] - AUDIO: {'audio': 'pingvol'}
[2025-02-23 11:59:06][FLASK] - AUDIO: {'audio': 'pingvol'}
[2025-02-23 11:59:16][FLASK] - AUDIO: {'audio': 'pingvol'}
[2025-02-23 11:59:26][FLASK] - AUDIO: {'audio': 'pingvol'}
[2025-02-23 11:59:36][FLASK] - AUDIO: {'audio': 'pingvol'}
[2025-02-23 11:59:46][FLASK] - AUDIO: {'audio': 'pingvol'}
[2025-02-23 11:59:56][FLASK] - AUDIO: {'audio': 'pingvol'}
[2025-02-23 12:00:06][FLASK] - AUDIO: {'audio': 'pingvol'}
[2025-02-23 12:00:16][FLASK] - AUDIO: {'audio': 'pingvol'}
[2025-02-23 12:00:26][FLASK] - AUDIO: {'audio': 'pingvol'}
[2025-02-23 12:00:36][FLASK] - AUDIO: {'audio': 'pingvol'}
[2025-02-23 12:00:46][FLASK] - AUDIO: {'audio': 'pingvol'}
[2025-02-23 12:00:56][FLASK] - AUDIO: {'audio': 'pingvol'}
[2025-02-23 12:01:06][FLASK] - AUDIO: {'audio': 'pingvol'}
[2025-02-23 12:01:16][FLASK] - AUDIO: {'audio': 'pingvol'}
[2025-02-23 12:01:26][FLASK] - AUDIO: {'audio': 'pingvol'}
[2025-02-23 12:01:36][FLASK] - AUDIO: {'audio': 'pingvol'}
[2025-02-23 12:01:46][FLASK] - AUDIO: {'audio': 'pingvol'}
[2025-02-23 12:01:56][FLASK] - AUDIO: {'audio': 'pingvol'}
[2025-02-23 12:02:06][FLASK] - AUDIO: {'audio': 'pingvol'}
[2025-02-23 12:02:16][FLASK] - AUDIO: {'audio': 'pingvol'}
[2025-02-23 12:02:26][FLASK] - AUDIO: {'audio': 'pingvol'}
[2025-02-23 12:02:37][FLASK] - AUDIO: {'audio': 'pingvol'}
[2025-02-23 12:02:47][FLASK] - AUDIO: {'audio': 'pingvol'}
[2025-02-23 12:02:57][FLASK] - AUDIO: {'audio': 'pingvol'}
[2025-02-23 12:03:07][FLASK] - AUDIO: {'audio': 'pingvol'}
[2025-02-23 12:03:17][FLASK] - AUDIO: {'audio': 'pingvol'}
[2025-02-23 12:03:27][FLASK] - AUDIO: {'audio': 'pingvol'}
[2025-02-23 12:03:37][FLASK] - AUDIO: {'audio': 'pingvol'}
[2025-02-23 12:03:47][FLASK] - AUDIO: {'audio': 'pingvol'}
[2025-02-23 12:03:57][FLASK] - AUDIO: {'audio': 'pingvol'}
[2025-02-23 12:04:07][FLASK] - AUDIO: {'audio': 'pingvol'}
[2025-02-23 12:04:17][FLASK] - AUDIO: {'audio': 'pingvol'}
[2025-02-23 12:04:27][FLASK] - AUDIO: {'audio': 'pingvol'}
[2025-02-23 12:04:37][FLASK] - AUDIO: {'audio': 'pingvol'}
[2025-02-23 12:04:47][FLASK] - AUDIO: {'audio': 'pingvol'}
[2025-02-23 12:04:57][FLASK] - AUDIO: {'audio': 'pingvol'}
[2025-02-23 12:05:07][FLASK] - AUDIO: {'audio': 'pingvol'}
[2025-02-23 12:05:17][FLASK] - AUDIO: {'audio': 'pingvol'}
[2025-02-23 12:05:27][FLASK] - AUDIO: {'audio': 'pingvol'}
[2025-02-23 12:05:37][FLASK] - AUDIO: {'audio': 'pingvol'}
[2025-02-23 12:05:47][FLASK] - AUDIO: {'audio': 'pingvol'}
[2025-02-23 12:05:57][FLASK] - AUDIO: {'audio': 'pingvol'}
[2025-02-23 12:06:07][FLASK] - AUDIO: {'audio': 'pingvol'}
[2025-02-23 12:06:17][FLASK] - AUDIO: {'audio': 'pingvol'}
[2025-02-23 12:06:27][FLASK] - AUDIO: {'audio': 'pingvol'}
[2025-02-23 12:06:37][FLASK] - AUDIO: {'audio': 'pingvol'}
[2025-02-23 12:06:48][FLASK] - AUDIO: {'audio': 'pingvol'}
[2025-02-23 12:06:58][FLASK] - AUDIO: {'audio': 'pingvol'}
[2025-02-23 12:07:08][FLASK] - AUDIO: {'audio': 'pingvol'}
[2025-02-23 12:07:18][FLASK] - AUDIO: {'audio': 'pingvol'}
[2025-02-23 12:07:28][FLASK] - AUDIO: {'audio': 'pingvol'}
[2025-02-23 12:07:38][FLASK] - AUDIO: {'audio': 'pingvol'}
[2025-02-23 12:07:48][FLASK] - AUDIO: {'audio': 'pingvol'}
[2025-02-23 12:07:58][FLASK] - AUDIO: {'audio': 'pingvol'}
[2025-02-23 12:08:08][FLASK] - AUDIO: {'audio': 'pingvol'}
[2025-02-23 12:08:18][FLASK] - AUDIO: {'audio': 'pingvol'}
[2025-02-23 12:08:28][FLASK] - AUDIO: {'audio': 'pingvol'}
[2025-02-23 12:08:38][FLASK] - AUDIO: {'audio': 'pingvol'}
[2025-02-23 12:08:48][FLASK] - AUDIO: {'audio': 'pingvol'}
[2025-02-23 12:08:58][FLASK] - AUDIO: {'audio': 'pingvol'}
[2025-02-23 12:09:08][FLASK] - AUDIO: {'audio': 'pingvol'}
[2025-02-23 12:09:18][FLASK] - AUDIO: {'audio': 'pingvol'}
[2025-02-23 12:09:28][FLASK] - AUDIO: {'audio': 'pingvol'}
[2025-02-23 12:09:38][FLASK] - AUDIO: {'audio': 'pingvol'}
[2025-02-23 12:09:48][FLASK] - AUDIO: {'audio': 'pingvol'}
[2025-02-23 12:09:58][FLASK] - AUDIO: {'audio': 'pingvol'}
[2025-02-23 12:10:08][FLASK] - AUDIO: {'audio': 'pingvol'}
[2025-02-23 12:10:18][FLASK] - AUDIO: {'audio': 'pingvol'}
[2025-02-23 12:10:28][FLASK] - AUDIO: {'audio': 'pingvol'}
[2025-02-23 12:10:38][FLASK] - AUDIO: {'audio': 'pingvol'}
[2025-02-23 12:10:48][FLASK] - AUDIO: {'audio': 'pingvol'}
[2025-02-23 12:10:59][FLASK] - AUDIO: {'audio': 'pingvol'}
[2025-02-23 12:11:09][FLASK] - AUDIO: {'audio': 'pingvol'}
[2025-02-23 12:11:19][FLASK] - AUDIO: {'audio': 'pingvol'}
[2025-02-23 12:11:29][FLASK] - AUDIO: {'audio': 'pingvol'}
[2025-02-23 12:11:39][FLASK] - AUDIO: {'audio': 'pingvol'}
[2025-02-23 12:11:49][FLASK] - AUDIO: {'audio': 'pingvol'}
[2025-02-23 12:11:59][FLASK] - AUDIO: {'audio': 'pingvol'}
[2025-02-23 12:12:09][FLASK] - AUDIO: {'audio': 'pingvol'}
[2025-02-23 12:12:19][FLASK] - AUDIO: {'audio': 'pingvol'}
[2025-02-23 12:12:29][FLASK] - AUDIO: {'audio': 'pingvol'}
[2025-02-23 12:12:39][FLASK] - AUDIO: {'audio': 'pingvol'}
[2025-02-23 12:12:49][FLASK] - AUDIO: {'audio': 'pingvol'}
[2025-02-23 12:12:59][FLASK] - AUDIO: {'audio': 'pingvol'}
[2025-02-23 12:13:09][FLASK] - AUDIO: {'audio': 'pingvol'}
[2025-02-23 12:13:19][FLASK] - AUDIO: {'audio': 'pingvol'}
[2025-02-23 12:13:29][FLASK] - AUDIO: {'audio': 'pingvol'}
[2025-02-23 12:13:39][FLASK] - AUDIO: {'audio': 'pingvol'}
[2025-02-23 12:13:49][FLASK] - AUDIO: {'audio': 'pingvol'}
[2025-02-23 12:13:59][FLASK] - AUDIO: {'audio': 'pingvol'}
[2025-02-23 12:14:09][FLASK] - AUDIO: {'audio': 'pingvol'}
[2025-02-23 12:14:19][FLASK] - AUDIO: {'audio': 'pingvol'}
[2025-02-23 12:14:29][FLASK] - AUDIO: {'audio': 'pingvol'}
[2025-02-23 12:14:39][FLASK] - AUDIO: {'audio': 'pingvol'}
[2025-02-23 12:14:49][FLASK] - AUDIO: {'audio': 'pingvol'}
[2025-02-23 12:15:00][FLASK] - AUDIO: {'audio': 'pingvol'}
[2025-02-23 12:15:10][FLASK] - AUDIO: {'audio': 'pingvol'}
[2025-02-23 12:15:20][FLASK] - AUDIO: {'audio': 'pingvol'}
[2025-02-23 12:15:30][FLASK] - AUDIO: {'audio': 'pingvol'}
[2025-02-23 12:15:40][FLASK] - AUDIO: {'audio': 'pingvol'}
[2025-02-23 12:15:50][FLASK] - AUDIO: {'audio': 'pingvol'}
[2025-02-23 12:16:00][FLASK] - AUDIO: {'audio': 'pingvol'}
[2025-02-23 12:16:10][FLASK] - AUDIO: {'audio': 'pingvol'}
[2025-02-23 12:16:20][FLASK] - AUDIO: {'audio': 'pingvol'}
[2025-02-23 12:16:30][FLASK] - AUDIO: {'audio': 'pingvol'}
[2025-02-23 12:16:40][FLASK] - AUDIO: {'audio': 'pingvol'}
[2025-02-23 12:16:50][FLASK] - AUDIO: {'audio': 'pingvol'}
[2025-02-23 12:17:00][FLASK] - AUDIO: {'audio': 'pingvol'}
[2025-02-23 12:17:10][FLASK] - AUDIO: {'audio': 'pingvol'}
[2025-02-23 12:17:20][FLASK] - AUDIO: {'audio': 'pingvol'}
[2025-02-23 12:17:30][FLASK] - AUDIO: {'audio': 'pingvol'}
[2025-02-23 12:17:40][FLASK] - AUDIO: {'audio': 'pingvol'}
[2025-02-23 12:17:51][FLASK] - AUDIO: {'audio': 'pingvol'}
[2025-02-23 12:18:01][FLASK] - AUDIO: {'audio': 'pingvol'}
[2025-02-23 12:18:11][FLASK] - AUDIO: {'audio': 'pingvol'}
[2025-02-23 12:18:21][FLASK] - AUDIO: {'audio': 'pingvol'}
[2025-02-23 12:18:31][FLASK] - AUDIO: {'audio': 'pingvol'}
[2025-02-23 12:18:41][FLASK] - AUDIO: {'audio': 'pingvol'}
[2025-02-23 12:18:51][FLASK] - AUDIO: {'audio': 'pingvol'}
[2025-02-23 12:19:01][FLASK] - AUDIO: {'audio': 'pingvol'}
[2025-02-23 12:19:11][FLASK] - AUDIO: {'audio': 'pingvol'}
[2025-02-23 12:19:21][FLASK] - AUDIO: {'audio': 'pingvol'}
[2025-02-23 12:19:31][FLASK] - AUDIO: {'audio': 'pingvol'}
[2025-02-23 12:19:41][FLASK] - AUDIO: {'audio': 'pingvol'}
[2025-02-23 12:19:51][FLASK] - AUDIO: {'audio': 'pingvol'}
[2025-02-23 12:20:01][FLASK] - AUDIO: {'audio': 'pingvol'}
[2025-02-23 12:20:11][FLASK] - AUDIO: {'audio': 'pingvol'}
[2025-02-23 12:20:21][FLASK] - AUDIO: {'audio': 'pingvol'}
[2025-02-23 12:20:32][FLASK] - AUDIO: {'audio': 'pingvol'}
[2025-02-23 12:20:42][FLASK] - AUDIO: {'audio': 'pingvol'}
[2025-02-23 12:20:52][FLASK] - AUDIO: {'audio': 'pingvol'}
[2025-02-23 12:21:02][FLASK] - AUDIO: {'audio': 'pingvol'}
[2025-02-23 12:21:12][FLASK] - AUDIO: {'audio': 'pingvol'}
[2025-02-23 12:21:22][FLASK] - AUDIO: {'audio': 'pingvol'}
[2025-02-23 12:21:32][FLASK] - AUDIO: {'audio': 'pingvol'}
[2025-02-23 12:21:42][FLASK] - AUDIO: {'audio': 'pingvol'}
[2025-02-23 12:21:52][FLASK] - AUDIO: {'audio': 'pingvol'}
[2025-02-23 12:22:02][FLASK] - AUDIO: {'audio': 'pingvol'}
[2025-02-23 12:22:12][FLASK] - AUDIO: {'audio': 'pingvol'}
[2025-02-23 12:22:22][FLASK] - AUDIO: {'audio': 'pingvol'}
[2025-02-23 12:22:32][FLASK] - AUDIO: {'audio': 'pingvol'}
[2025-02-23 12:22:42][FLASK] - AUDIO: {'audio': 'pingvol'}
[2025-02-23 12:22:52][FLASK] - AUDIO: {'audio': 'pingvol'}
[2025-02-23 12:23:02][FLASK] - AUDIO: {'audio': 'pingvol'}
[2025-02-23 12:23:12][FLASK] - AUDIO: {'audio': 'pingvol'}
[2025-02-23 12:23:22][FLASK] - AUDIO: {'audio': 'pingvol'}
[2025-02-23 12:23:32][FLASK] - AUDIO: {'audio': 'pingvol'}
[2025-02-23 12:23:43][FLASK] - AUDIO: {'audio': 'pingvol'}
[2025-02-23 12:23:53][FLASK] - AUDIO: {'audio': 'pingvol'}
[2025-02-23 12:24:03][FLASK] - AUDIO: {'audio': 'pingvol'}
[2025-02-23 12:24:13][FLASK] - AUDIO: {'audio': 'pingvol'}
[2025-02-23 12:24:23][FLASK] - AUDIO: {'audio': 'pingvol'}
[2025-02-23 12:24:33][FLASK] - AUDIO: {'audio': 'pingvol'}
[2025-02-23 12:24:43][FLASK] - AUDIO: {'audio': 'pingvol'}
[2025-02-23 12:24:53][FLASK] - AUDIO: {'audio': 'pingvol'}
[2025-02-23 12:25:03][FLASK] - AUDIO: {'audio': 'pingvol'}
[2025-02-23 12:25:13][FLASK] - AUDIO: {'audio': 'pingvol'}
[2025-02-23 12:25:23][FLASK] - AUDIO: {'audio': 'pingvol'}
[2025-02-23 12:25:33][FLASK] - AUDIO: {'audio': 'pingvol'}
