[2025-03-03 04:00:29][MAIN] - Bot is ready.
[2025-03-03 04:00:29][MAIN] - Pulling from GitHub: /home/claudio/Python-Projects/RoomServer
[2025-03-03 04:00:30][MAIN] - Contacting Arduino..
[2025-03-03 04:00:31][MAIN] - Already up to date.
[2025-03-03 04:00:35][MAIN] - IP 84.150.99.182 uploaded to:
[2025-03-03 04:00:35][MAIN] - https://storage.googleapis.com/ip-manager42.appspot.com/RaspberryPi-Cyan/ip_server.txt
[2025-03-03 04:00:36][FLASK] -  * Serving Flask app 'server'
[2025-03-03 04:00:36][FLASK] -  * Debug mode: off
[2025-03-03 04:00:36][FLASK] - Address already in use
[2025-03-03 04:00:36][FLASK] - Port 10004 is in use by another program. Either identify and stop that program, or start the server with a different port.
[2025-03-03 04:00:36][WEBSOCKET] -  * Serving Flask app 'websocket_server'
[2025-03-03 04:00:36][WEBSOCKET] -  * Debug mode: off
[2025-03-03 04:00:36][WEBSOCKET] - Address already in use
[2025-03-03 04:00:36][WEBSOCKET] - Port 10003 is in use by another program. Either identify and stop that program, or start the server with a different port.
[2025-03-03 08:00:00][MAIN] - ANNOUNCEMENTS
[2025-03-03 08:00:00][MAIN] - 2025-03-03 08:00:00.840768
[2025-03-03 08:00:02][MAIN] - Pulling from GitHub: /home/claudio/Python-Projects/RoomServer
[2025-03-03 08:00:03][MAIN] - Already up to date.
[2025-03-03 08:00:07][MAIN] - History updated.
[2025-03-03 08:00:07][MAIN] -           Week       Arman      Cesare  ...         Lea        Mara    Natchaya
[2025-03-03 08:00:07][MAIN] - [96m39  2024-11-04    Vacation    Vacation  ...  Management     Kitchen       Floor[0m
[2025-03-03 08:00:07][MAIN] - [96m40  2024-11-11  Management   Bathrooms  ...       Blame    Vacation    Vacation[0m
[2025-03-03 08:00:07][MAIN] - [96m41  2024-11-18    Vacation    Vacation  ...   Bathrooms  Management     Kitchen[0m
[2025-03-03 08:00:07][MAIN] - [96m42  2024-11-25   Bathrooms    Vacation  ...    Vacation       Floor  Management[0m
[2025-03-03 08:00:07][MAIN] - [96m43  2024-12-02    Vacation     Kitchen  ...       Floor    Vacation   Bathrooms[0m
[2025-03-03 08:00:07][MAIN] - [96m44  2024-12-09     Kitchen  Management  ...    Vacation   Bathrooms       Floor[0m
[2025-03-03 08:00:07][MAIN] - [96m45  2024-12-16     Anarchy     Anarchy  ...     Anarchy     Anarchy     Anarchy[0m
[2025-03-03 08:00:07][MAIN] - [96m46  2024-12-23     Anarchy     Anarchy  ...     Anarchy     Anarchy     Anarchy[0m
[2025-03-03 08:00:07][MAIN] - [96m47  2024-12-30       Floor   Bathrooms  ...    Vacation     Kitchen  Management[0m
[2025-03-03 08:00:07][MAIN] - [96m48  2025-01-06    Vacation    Vacation  ...  Management       Floor     Kitchen[0m
[2025-03-03 08:00:07][MAIN] - [96m49  2025-01-13  Management       Floor  ...   Bathrooms    Vacation    Vacation[0m
[2025-03-03 08:00:07][MAIN] - [96m50  2025-01-20    Vacation    Vacation  ...     Kitchen  Management   Bathrooms[0m
[2025-03-03 08:00:07][MAIN] - [96m51  2025-01-27   Bathrooms     Kitchen  ...       Floor    Vacation    Vacation[0m
[2025-03-03 08:00:07][MAIN] - [96m52  2025-02-03       Floor    Vacation  ...    Vacation   Bathrooms  Management[0m
[2025-03-03 08:00:07][MAIN] - [96m53  2025-02-10    Vacation       Floor  ...  Management     Kitchen    Vacation[0m
[2025-03-03 08:00:07][MAIN] - [96m54  2025-02-17     Kitchen  Management  ...   Bathrooms    Vacation       Floor[0m
[2025-03-03 08:00:07][MAIN] - [38;5;208m55  2025-02-24   Bathrooms    Vacation  ...    Vacation       Floor     Kitchen[0m
[2025-03-03 08:00:07][MAIN] - [91m56  2025-03-03    Vacation   Bathrooms  ...     Kitchen  Management    Vacation[0m
[2025-03-03 08:00:07][MAIN] - [91m57  2025-03-10  Management       Floor  ...    Vacation    Vacation   Bathrooms[0m
[2025-03-03 08:00:07][MAIN] - [91m58  2025-03-17     Kitchen    Vacation  ...       Floor   Bathrooms  Management[0m
[2025-03-03 08:00:07][MAIN] - [91m59  2025-03-24    Vacation     Kitchen  ...  Management       Floor    Vacation[0m
[2025-03-03 08:00:07][MAIN] - [91m60  2025-03-31       Floor   Bathrooms  ...    Vacation    Vacation     Kitchen[0m
[2025-03-03 08:00:07][MAIN] - [91m61  2025-04-07  Management    Vacation  ...   Bathrooms     Kitchen       Floor[0m
[2025-03-03 08:00:07][MAIN] - [91m62  2025-04-14    Vacation  Management  ...     Kitchen   Bathrooms    Vacation[0m
[2025-03-03 08:00:07][MAIN] - [91m63  2025-04-21   Bathrooms       Floor  ...    Vacation    Vacation  Management[0m
[2025-03-03 08:00:07][MAIN] - [91m64  2025-04-28     Kitchen    Vacation  ...       Floor  Management   Bathrooms[0m
[2025-03-03 08:00:07][MAIN] - [91m65  2025-05-05    Vacation     Kitchen  ...  Management       Floor    Vacation[0m
[2025-03-03 08:00:07][MAIN] - list index out of range
[2025-03-03 08:00:07][MAIN] - Traceback (most recent call last):

[2025-03-03 08:00:07][MAIN] -   File "/home/claudio/Python-Projects/RoomServer/announcements.py", line 1120, in set_announcement

[2025-03-03 08:00:07][MAIN] -     text, week_schedule = bac.generate_plan()

[2025-03-03 08:00:07][MAIN] -   File "/home/claudio/Python-Projects/RoomServer/wg/bac.py", line 412, in generate_plan

[2025-03-03 08:00:07][MAIN] -     save_plan(wg_members, current_date, start_end_dates)

[2025-03-03 08:00:07][MAIN] -   File "/home/claudio/Python-Projects/RoomServer/wg/bac.py", line 227, in save_plan

[2025-03-03 08:00:07][MAIN] -     print_df(reduced_df, current_date)

[2025-03-03 08:00:07][MAIN] -   File "/home/claudio/Python-Projects/RoomServer/wg/bac.py", line 210, in print_df

[2025-03-03 08:00:07][MAIN] -     date_str = line.split()[1]

[2025-03-03 08:00:07][MAIN] - IndexError: list index out of range
[2025-03-03 17:02:07][MAIN] - Serving 807946519: msg 4357
