[2025-05-24 10:45:41][MAIN] - Bot is ready.
[2025-05-24 10:45:41][MAIN] - Pulling from GitHub: /home/claudio/Python-Projects/RoomServer
[2025-05-24 10:45:42][MAIN] - Contacting Arduino..
[2025-05-24 10:45:43][MAIN] - Arduino found!
[2025-05-24 10:45:43][MAIN] - Actuator running.
[2025-05-24 10:45:43][MAIN] - To Arduino: AUDIOON/OFF
[2025-05-24 10:45:44][MAIN] - To Arduino: AUDIOON/OFF
[2025-05-24 10:45:44][MAIN] - Already up to date.
[2025-05-24 10:45:44][MAIN] - ANNOUNCEMENTS
[2025-05-24 10:45:44][MAIN] - 2025-05-24 10:45:44.521638
[2025-05-24 10:45:46][MAIN] - Pulling from GitHub: /home/claudio/Python-Projects/RoomServer
[2025-05-24 10:45:47][MAIN] - To Arduino: AUDIOON/OFF
[2025-05-24 10:45:47][MAIN] - Already up to date.
[2025-05-24 10:45:47][MAIN] - list index out of range
[2025-05-24 10:45:47][MAIN] - To Arduino: STRIPTOPOFF
[2025-05-24 10:45:47][MAIN] - Audio set on automatically
[2025-05-24 10:45:47][MAIN] - To Arduino: AUDIOON/OFF
[2025-05-24 10:45:47][MAIN] - Traceback (most recent call last):

[2025-05-24 10:45:47][MAIN] -   File "/home/claudio/Python-Projects/RoomServer/announcements.py", line 1113, in set_announcement

[2025-05-24 10:45:47][MAIN] -     blames, blamed_activity = get_blame(name, date, hist_df, logs)

[2025-05-24 10:45:47][MAIN] -   File "/home/claudio/Python-Projects/RoomServer/announcements.py", line 1088, in get_blame

[2025-05-24 10:45:47][MAIN] -     value = [list(v.values())[0] for k, v in filtered_row.to_dict().items() if k == name]

[2025-05-24 10:45:47][MAIN] -   File "/home/claudio/Python-Projects/RoomServer/announcements.py", line 1088, in <listcomp>

[2025-05-24 10:45:47][MAIN] -     value = [list(v.values())[0] for k, v in filtered_row.to_dict().items() if k == name]

[2025-05-24 10:45:47][MAIN] - IndexError: list index out of range
[2025-05-24 10:45:47][MAIN] - IP 84.150.97.85 uploaded to:
[2025-05-24 10:45:47][MAIN] - https://storage.googleapis.com/ip-manager42.appspot.com/RaspberryPi-Cyan/ip_server.txt
[2025-05-24 10:45:48][FLASK] -  * Serving Flask app 'server'
[2025-05-24 10:45:48][FLASK] -  * Debug mode: off
[2025-05-24 10:45:48][WEBSOCKET] -  * Serving Flask app 'websocket_server'
[2025-05-24 10:45:48][WEBSOCKET] -  * Debug mode: off
[2025-05-24 10:45:48][MAIN] - To Arduino: AUDIOON/OFF
[2025-05-24 10:45:49][MAIN] - To Arduino: STRIPTOPG4
[2025-05-24 10:45:49][MAIN] - Command AUDIOON sent
[2025-05-24 10:45:49][MAIN] - To Arduino: LIGHTSON
[2025-05-24 10:45:57][MAIN] - Traceback (most recent call last):
[2025-05-24 10:45:57][MAIN] -   File "/home/claudio/Python-Projects/RoomServer/main.py", line 101, in <module>
[2025-05-24 10:45:57][MAIN] - main()
[2025-05-24 10:45:57][MAIN] -   File "/home/claudio/Python-Projects/RoomServer/main.py", line 87, in main
[2025-05-24 10:45:57][MAIN] - time.sleep(0.5)
[2025-05-24 10:45:57][MAIN] - KeyboardInterrupt
[2025-05-24 10:47:04][MAIN] - Exception ignored in: 
[2025-05-24 10:47:04][MAIN] - <module 'threading' from '/usr/lib/python3.10/threading.py'>
[2025-05-24 10:47:04][MAIN] - Traceback (most recent call last):
[2025-05-24 10:47:04][MAIN] -   File "/usr/lib/python3.10/threading.py", line 1567, in _shutdown
[2025-05-24 10:47:04][MAIN] - lock.acquire()
[2025-05-24 10:47:04][MAIN] - KeyboardInterrupt
[2025-05-24 10:47:04][MAIN] - : 
