[2025-10-06 15:11:06][MAIN] - Bot is ready.
[2025-10-06 15:11:06][MAIN] - Pulling from GitHub: /home/claudio/Python-Projects/RoomServer
[2025-10-06 15:11:07][MAIN] - Serving 807946519: msg 5449
[2025-10-06 15:11:07][MAIN] - Serving 807946519: msg 5450
[2025-10-06 15:11:07][MAIN] - Serving 807946519: msg 5450
[2025-10-06 15:11:07][MAIN] - Serving 807946519: msg 5449
[2025-10-06 15:11:07][MAIN] - Serving 807946519: msg 5451
[2025-10-06 15:11:07][MAIN] - Contacting Arduino..
[2025-10-06 15:11:08][MAIN] - Already up to date.
[2025-10-06 15:11:08][MAIN] - Arduino found!
[2025-10-06 15:11:08][MAIN] - Actuator running.
[2025-10-06 15:11:08][MAIN] - To Arduino: LIGHTSON
[2025-10-06 15:11:09][MAIN] - Serving 807946519: msg 5455
[2025-10-06 15:11:09][MAIN] - Serving 807946519: msg 5455
[2025-10-06 15:11:09][MAIN] - Serving 807946519: msg 5455
[2025-10-06 15:11:09][MAIN] - Serving 807946519: msg 5455
[2025-10-06 15:11:09][MAIN] - Serving 807946519: msg 5455
[2025-10-06 15:11:09][MAIN] - Serving 807946519: msg 5455
[2025-10-06 15:11:12][MAIN] - IP 84.150.106.217 uploaded to:
[2025-10-06 15:11:12][MAIN] - https://storage.googleapis.com/ip-manager42.appspot.com/RaspberryPi-Cyan/ip_server.txt
[2025-10-06 15:11:13][FLASK] -  * Serving Flask app 'server'
[2025-10-06 15:11:13][FLASK] -  * Debug mode: off
[2025-10-06 15:11:13][WEBSOCKET] -  * Serving Flask app 'websocket_server'
[2025-10-06 15:11:13][WEBSOCKET] -  * Debug mode: off
