[2025-03-26 04:00:21][MAIN] - Bot is ready.
[2025-03-26 04:00:21][MAIN] - Pulling from GitHub: /home/claudio/Python-Projects/RoomServer
[2025-03-26 04:00:22][MAIN] - Contacting Arduino..
[2025-03-26 04:00:22][MAIN] - Already up to date.
[2025-03-26 04:00:27][MAIN] - IP 84.155.74.137 uploaded to:
[2025-03-26 04:00:27][MAIN] - https://storage.googleapis.com/ip-manager42.appspot.com/RaspberryPi-Cyan/ip_server.txt
[2025-03-26 04:00:27][FLASK] -  * Serving Flask app 'server'
[2025-03-26 04:00:27][FLASK] -  * Debug mode: off
[2025-03-26 04:00:27][FLASK] - Address already in use
[2025-03-26 04:00:27][FLASK] - Port 10004 is in use by another program. Either identify and stop that program, or start the server with a different port.
[2025-03-26 04:00:27][WEBSOCKET] -  * Serving Flask app 'websocket_server'
[2025-03-26 04:00:27][WEBSOCKET] -  * Debug mode: off
[2025-03-26 04:00:27][WEBSOCKET] - Address already in use
[2025-03-26 04:00:27][WEBSOCKET] - Port 10003 is in use by another program. Either identify and stop that program, or start the server with a different port.
[2025-03-27 04:00:00][MAIN] - Arduino found!
[2025-03-27 04:00:00][MAIN] - Actuator running.
[2025-03-27 04:00:00][MAIN] - To Arduino: AUDIOON/OFF
[2025-03-27 04:00:00][MAIN] - Firebase task terminated.
[2025-03-27 04:00:00][MAIN] - Flask server killed
[2025-03-27 04:00:00][MAIN] - Server control terminated.
[2025-03-27 04:00:00][MAIN] - Websocket killed
[2025-03-27 04:00:00][MAIN] - Websocket control terminated.
[2025-03-27 04:00:01][MAIN] - To Arduino: AUDIOON/OFF
[2025-03-27 04:00:04][MAIN] - To Arduino: AUDIOON/OFF
[2025-03-27 04:00:04][MAIN] - To Arduino: STRIPTOPOFF
[2025-03-27 04:00:04][MAIN] - Actuators killed.
[2025-03-27 04:00:15][MAIN] - Bot killed.
[2025-03-27 04:00:15][MAIN] - RESTART
