[2025-02-22 22:18:03][MAIN] - Bot is ready.
[2025-02-22 22:18:03][MAIN] - Serving 807946519: msg 4207
[2025-02-22 22:18:04][MAIN] - Contacting Arduino..
[2025-02-22 22:18:05][MAIN] - Arduino found!
[2025-02-22 22:18:05][MAIN] - Actuator running.
[2025-02-22 22:18:05][MAIN] - Pulling from GitHub: /home/claudio/Python-Projects/RoomServer
[2025-02-22 22:18:05][MAIN] - Serving 807946519: msg 4209
[2025-02-22 22:18:06][MAIN] - Already up to date.
[2025-02-22 22:18:06][MAIN] - To Arduino: LIGHTSOFF
[2025-02-22 22:18:09][MAIN] - IP 84.150.103.227 uploaded to:
[2025-02-22 22:18:09][MAIN] - https://storage.googleapis.com/ip-manager42.appspot.com/RaspberryPi-Cyan/ip_server.txt
[2025-02-22 22:18:10][FLASK] -  * Serving Flask app 'server'
[2025-02-22 22:18:10][FLASK] -  * Debug mode: off
[2025-02-22 22:18:10][WEBSOCKET] -  * Serving Flask app 'websocket'
[2025-02-22 22:18:10][WEBSOCKET] -  * Debug mode: off
[2025-02-22 22:18:14][FLASK] - AUDIO: {'audio': 'pingvol'}
[2025-02-22 22:18:24][FLASK] - AUDIO: {'audio': 'pingvol'}
[2025-02-22 22:18:34][FLASK] - AUDIO: {'audio': 'pingvol'}
[2025-02-22 22:18:44][FLASK] - AUDIO: {'audio': 'pingvol'}
[2025-02-22 22:18:54][FLASK] - AUDIO: {'audio': 'pingvol'}
[2025-02-22 22:19:04][FLASK] - AUDIO: {'audio': 'pingvol'}
[2025-02-22 22:19:14][FLASK] - AUDIO: {'audio': 'pingvol'}
[2025-02-22 22:19:24][FLASK] - AUDIO: {'audio': 'pingvol'}
[2025-02-22 22:19:34][FLASK] - AUDIO: {'audio': 'pingvol'}
[2025-02-22 22:19:44][FLASK] - AUDIO: {'audio': 'pingvol'}
[2025-02-22 22:19:54][FLASK] - AUDIO: {'audio': 'pingvol'}
[2025-02-22 22:20:04][FLASK] - AUDIO: {'audio': 'pingvol'}
[2025-02-22 22:20:14][FLASK] - AUDIO: {'audio': 'pingvol'}
[2025-02-22 22:20:24][FLASK] - AUDIO: {'audio': 'pingvol'}
[2025-02-22 22:20:34][FLASK] - AUDIO: {'audio': 'pingvol'}
[2025-02-22 22:20:44][FLASK] - AUDIO: {'audio': 'pingvol'}
[2025-02-22 22:20:55][FLASK] - AUDIO: {'audio': 'pingvol'}
[2025-02-22 22:21:05][FLASK] - AUDIO: {'audio': 'pingvol'}
[2025-02-22 22:21:15][FLASK] - AUDIO: {'audio': 'pingvol'}
[2025-02-22 22:21:25][FLASK] - AUDIO: {'audio': 'pingvol'}
[2025-02-22 22:21:35][FLASK] - AUDIO: {'audio': 'pingvol'}
[2025-02-22 22:21:45][FLASK] - AUDIO: {'audio': 'pingvol'}
[2025-02-22 22:21:55][FLASK] - AUDIO: {'audio': 'pingvol'}
[2025-02-22 22:22:05][FLASK] - AUDIO: {'audio': 'pingvol'}
[2025-02-22 22:22:15][FLASK] - AUDIO: {'audio': 'pingvol'}
[2025-02-22 22:22:25][FLASK] - AUDIO: {'audio': 'pingvol'}
[2025-02-22 22:22:35][FLASK] - AUDIO: {'audio': 'pingvol'}
[2025-02-22 22:22:45][FLASK] - AUDIO: {'audio': 'pingvol'}
[2025-02-22 22:22:55][FLASK] - AUDIO: {'audio': 'pingvol'}
[2025-02-22 22:23:05][FLASK] - AUDIO: {'audio': 'pingvol'}
[2025-02-22 22:23:15][FLASK] - AUDIO: {'audio': 'pingvol'}
[2025-02-22 22:23:25][FLASK] - AUDIO: {'audio': 'pingvol'}
[2025-02-22 22:23:35][FLASK] - AUDIO: {'audio': 'pingvol'}
[2025-02-22 22:23:45][FLASK] - AUDIO: {'audio': 'pingvol'}
[2025-02-22 22:23:55][FLASK] - AUDIO: {'audio': 'pingvol'}
[2025-02-22 22:24:05][FLASK] - AUDIO: {'audio': 'pingvol'}
[2025-02-22 22:24:15][FLASK] - AUDIO: {'audio': 'pingvol'}
[2025-02-22 22:24:25][FLASK] - AUDIO: {'audio': 'pingvol'}
[2025-02-22 22:24:35][FLASK] - AUDIO: {'audio': 'pingvol'}
[2025-02-22 22:24:46][FLASK] - AUDIO: {'audio': 'pingvol'}
[2025-02-22 22:24:56][FLASK] - AUDIO: {'audio': 'pingvol'}
[2025-02-22 22:25:06][FLASK] - AUDIO: {'audio': 'pingvol'}
[2025-02-22 22:25:16][FLASK] - AUDIO: {'audio': 'pingvol'}
[2025-02-22 22:25:26][FLASK] - AUDIO: {'audio': 'pingvol'}
[2025-02-22 22:25:36][FLASK] - AUDIO: {'audio': 'pingvol'}
[2025-02-22 22:25:46][FLASK] - AUDIO: {'audio': 'pingvol'}
[2025-02-22 22:25:56][FLASK] - AUDIO: {'audio': 'pingvol'}
[2025-02-22 22:26:06][FLASK] - AUDIO: {'audio': 'pingvol'}
[2025-02-22 22:26:16][FLASK] - AUDIO: {'audio': 'pingvol'}
[2025-02-22 22:26:26][FLASK] - AUDIO: {'audio': 'pingvol'}
[2025-02-22 22:26:36][FLASK] - AUDIO: {'audio': 'pingvol'}
[2025-02-22 22:26:46][FLASK] - AUDIO: {'audio': 'pingvol'}
[2025-02-22 22:26:56][FLASK] - AUDIO: {'audio': 'pingvol'}
[2025-02-22 22:27:06][FLASK] - AUDIO: {'audio': 'pingvol'}
[2025-02-22 22:27:16][FLASK] - AUDIO: {'audio': 'pingvol'}
[2025-02-22 22:27:26][FLASK] - AUDIO: {'audio': 'pingvol'}
[2025-02-22 22:27:36][FLASK] - AUDIO: {'audio': 'pingvol'}
[2025-02-22 22:27:46][FLASK] - AUDIO: {'audio': 'pingvol'}
[2025-02-22 22:27:56][FLASK] - AUDIO: {'audio': 'pingvol'}
[2025-02-22 22:28:06][FLASK] - AUDIO: {'audio': 'pingvol'}
[2025-02-22 22:28:16][FLASK] - AUDIO: {'audio': 'pingvol'}
[2025-02-22 22:28:26][FLASK] - AUDIO: {'audio': 'pingvol'}
[2025-02-22 22:28:37][FLASK] - AUDIO: {'audio': 'pingvol'}
[2025-02-22 22:28:47][FLASK] - AUDIO: {'audio': 'pingvol'}
[2025-02-22 22:28:57][FLASK] - AUDIO: {'audio': 'pingvol'}
[2025-02-22 22:29:07][FLASK] - AUDIO: {'audio': 'pingvol'}
[2025-02-22 22:29:17][FLASK] - AUDIO: {'audio': 'pingvol'}
[2025-02-22 22:29:27][FLASK] - AUDIO: {'audio': 'pingvol'}
[2025-02-22 22:29:37][FLASK] - AUDIO: {'audio': 'pingvol'}
[2025-02-22 22:29:47][FLASK] - AUDIO: {'audio': 'pingvol'}
[2025-02-22 22:29:57][FLASK] - AUDIO: {'audio': 'pingvol'}
[2025-02-22 22:30:07][FLASK] - AUDIO: {'audio': 'pingvol'}
[2025-02-22 22:30:17][FLASK] - AUDIO: {'audio': 'pingvol'}
[2025-02-22 22:30:27][FLASK] - AUDIO: {'audio': 'pingvol'}
[2025-02-22 22:30:37][FLASK] - AUDIO: {'audio': 'pingvol'}
[2025-02-22 22:30:47][FLASK] - AUDIO: {'audio': 'pingvol'}
[2025-02-22 22:30:57][FLASK] - AUDIO: {'audio': 'pingvol'}
[2025-02-22 22:31:07][FLASK] - AUDIO: {'audio': 'pingvol'}
[2025-02-22 22:31:17][FLASK] - AUDIO: {'audio': 'pingvol'}
[2025-02-22 22:31:27][FLASK] - AUDIO: {'audio': 'pingvol'}
[2025-02-22 22:31:37][FLASK] - AUDIO: {'audio': 'pingvol'}
[2025-02-22 22:31:47][FLASK] - AUDIO: {'audio': 'pingvol'}
[2025-02-22 22:31:57][FLASK] - AUDIO: {'audio': 'pingvol'}
[2025-02-22 22:32:07][FLASK] - AUDIO: {'audio': 'pingvol'}
[2025-02-22 22:32:18][FLASK] - AUDIO: {'audio': 'pingvol'}
[2025-02-22 22:32:28][FLASK] - AUDIO: {'audio': 'pingvol'}
[2025-02-22 22:32:38][FLASK] - AUDIO: {'audio': 'pingvol'}
[2025-02-22 22:32:48][FLASK] - AUDIO: {'audio': 'pingvol'}
[2025-02-22 22:32:58][FLASK] - AUDIO: {'audio': 'pingvol'}
[2025-02-22 22:33:08][FLASK] - AUDIO: {'audio': 'pingvol'}
[2025-02-22 22:33:18][FLASK] - AUDIO: {'audio': 'pingvol'}
[2025-02-22 22:33:28][FLASK] - AUDIO: {'audio': 'pingvol'}
[2025-02-22 22:33:38][FLASK] - AUDIO: {'audio': 'pingvol'}
[2025-02-22 22:33:48][FLASK] - AUDIO: {'audio': 'pingvol'}
[2025-02-22 22:33:58][FLASK] - AUDIO: {'audio': 'pingvol'}
[2025-02-22 22:34:08][FLASK] - AUDIO: {'audio': 'pingvol'}
[2025-02-22 22:34:18][FLASK] - AUDIO: {'audio': 'pingvol'}
[2025-02-22 22:34:28][FLASK] - AUDIO: {'audio': 'pingvol'}
[2025-02-22 22:34:38][FLASK] - AUDIO: {'audio': 'pingvol'}
[2025-02-22 22:34:48][FLASK] - AUDIO: {'audio': 'pingvol'}
[2025-02-22 22:34:58][FLASK] - AUDIO: {'audio': 'pingvol'}
[2025-02-22 22:35:08][FLASK] - AUDIO: {'audio': 'pingvol'}
[2025-02-22 22:35:18][FLASK] - AUDIO: {'audio': 'pingvol'}
[2025-02-22 22:35:28][FLASK] - AUDIO: {'audio': 'pingvol'}
[2025-02-22 22:35:38][FLASK] - AUDIO: {'audio': 'pingvol'}
[2025-02-22 22:35:48][FLASK] - AUDIO: {'audio': 'pingvol'}
[2025-02-22 22:35:58][FLASK] - AUDIO: {'audio': 'pingvol'}
[2025-02-22 22:36:09][FLASK] - AUDIO: {'audio': 'pingvol'}
[2025-02-22 22:36:19][FLASK] - AUDIO: {'audio': 'pingvol'}
[2025-02-22 22:36:29][FLASK] - AUDIO: {'audio': 'pingvol'}
[2025-02-22 22:36:39][FLASK] - AUDIO: {'audio': 'pingvol'}
[2025-02-22 22:36:49][FLASK] - AUDIO: {'audio': 'pingvol'}
[2025-02-22 22:36:59][FLASK] - AUDIO: {'audio': 'pingvol'}
[2025-02-22 22:37:09][FLASK] - AUDIO: {'audio': 'pingvol'}
[2025-02-22 22:37:19][FLASK] - AUDIO: {'audio': 'pingvol'}
[2025-02-22 22:37:29][FLASK] - AUDIO: {'audio': 'pingvol'}
[2025-02-22 22:37:39][FLASK] - AUDIO: {'audio': 'pingvol'}
[2025-02-22 22:37:49][FLASK] - AUDIO: {'audio': 'pingvol'}
[2025-02-22 22:37:59][FLASK] - AUDIO: {'audio': 'pingvol'}
[2025-02-22 22:38:09][FLASK] - AUDIO: {'audio': 'pingvol'}
[2025-02-22 22:38:19][FLASK] - AUDIO: {'audio': 'pingvol'}
[2025-02-22 22:38:29][FLASK] - AUDIO: {'audio': 'pingvol'}
[2025-02-22 22:38:39][FLASK] - AUDIO: {'audio': 'pingvol'}
[2025-02-22 22:38:49][FLASK] - AUDIO: {'audio': 'pingvol'}
[2025-02-22 22:38:59][FLASK] - AUDIO: {'audio': 'pingvol'}
[2025-02-22 22:39:09][FLASK] - AUDIO: {'audio': 'pingvol'}
[2025-02-22 22:39:19][FLASK] - AUDIO: {'audio': 'pingvol'}
[2025-02-22 22:39:29][FLASK] - AUDIO: {'audio': 'pingvol'}
[2025-02-22 22:39:39][FLASK] - AUDIO: {'audio': 'pingvol'}
[2025-02-22 22:39:50][FLASK] - AUDIO: {'audio': 'pingvol'}
[2025-02-22 22:40:00][FLASK] - AUDIO: {'audio': 'pingvol'}
[2025-02-22 22:40:10][FLASK] - AUDIO: {'audio': 'pingvol'}
[2025-02-22 22:40:20][FLASK] - AUDIO: {'audio': 'pingvol'}
[2025-02-22 22:40:30][FLASK] - AUDIO: {'audio': 'pingvol'}
[2025-02-22 22:40:40][FLASK] - AUDIO: {'audio': 'pingvol'}
[2025-02-22 22:40:50][FLASK] - AUDIO: {'audio': 'pingvol'}
[2025-02-22 22:41:00][FLASK] - AUDIO: {'audio': 'pingvol'}
[2025-02-22 22:41:10][FLASK] - AUDIO: {'audio': 'pingvol'}
[2025-02-22 22:41:20][FLASK] - AUDIO: {'audio': 'pingvol'}
[2025-02-22 22:41:30][FLASK] - AUDIO: {'audio': 'pingvol'}
[2025-02-22 22:41:40][FLASK] - AUDIO: {'audio': 'pingvol'}
[2025-02-22 22:41:50][FLASK] - AUDIO: {'audio': 'pingvol'}
[2025-02-22 22:42:00][FLASK] - AUDIO: {'audio': 'pingvol'}
[2025-02-22 22:42:10][FLASK] - AUDIO: {'audio': 'pingvol'}
[2025-02-22 22:42:20][FLASK] - AUDIO: {'audio': 'pingvol'}
[2025-02-22 22:42:30][FLASK] - AUDIO: {'audio': 'pingvol'}
[2025-02-22 22:42:40][FLASK] - AUDIO: {'audio': 'pingvol'}
[2025-02-22 22:42:50][FLASK] - AUDIO: {'audio': 'pingvol'}
[2025-02-22 22:43:00][FLASK] - AUDIO: {'audio': 'pingvol'}
[2025-02-22 22:43:10][FLASK] - AUDIO: {'audio': 'pingvol'}
[2025-02-22 22:43:20][FLASK] - AUDIO: {'audio': 'pingvol'}
[2025-02-22 22:43:31][FLASK] - AUDIO: {'audio': 'pingvol'}
[2025-02-22 22:43:41][FLASK] - AUDIO: {'audio': 'pingvol'}
[2025-02-22 22:43:51][FLASK] - AUDIO: {'audio': 'pingvol'}
[2025-02-22 22:44:01][FLASK] - AUDIO: {'audio': 'pingvol'}
[2025-02-22 22:44:11][FLASK] - AUDIO: {'audio': 'pingvol'}
[2025-02-22 22:44:21][FLASK] - AUDIO: {'audio': 'pingvol'}
[2025-02-22 22:44:31][FLASK] - AUDIO: {'audio': 'pingvol'}
[2025-02-22 22:44:41][FLASK] - AUDIO: {'audio': 'pingvol'}
[2025-02-22 22:44:51][FLASK] - AUDIO: {'audio': 'pingvol'}
[2025-02-22 22:45:01][FLASK] - AUDIO: {'audio': 'pingvol'}
[2025-02-22 22:45:11][FLASK] - AUDIO: {'audio': 'pingvol'}
[2025-02-22 22:45:21][FLASK] - AUDIO: {'audio': 'pingvol'}
[2025-02-22 22:45:31][FLASK] - AUDIO: {'audio': 'pingvol'}
[2025-02-22 22:45:41][FLASK] - AUDIO: {'audio': 'pingvol'}
[2025-02-22 22:45:51][FLASK] - AUDIO: {'audio': 'pingvol'}
[2025-02-22 22:46:01][FLASK] - AUDIO: {'audio': 'pingvol'}
[2025-02-22 22:46:11][FLASK] - AUDIO: {'audio': 'pingvol'}
[2025-02-22 22:46:21][FLASK] - AUDIO: {'audio': 'pingvol'}
[2025-02-22 22:46:31][FLASK] - AUDIO: {'audio': 'pingvol'}
[2025-02-22 22:46:41][FLASK] - AUDIO: {'audio': 'pingvol'}
[2025-02-22 22:46:51][FLASK] - AUDIO: {'audio': 'pingvol'}
[2025-02-22 22:47:01][FLASK] - AUDIO: {'audio': 'pingvol'}
[2025-02-22 22:47:11][FLASK] - AUDIO: {'audio': 'pingvol'}
[2025-02-22 22:47:22][FLASK] - AUDIO: {'audio': 'pingvol'}
[2025-02-22 22:47:32][FLASK] - AUDIO: {'audio': 'pingvol'}
[2025-02-22 22:47:42][FLASK] - AUDIO: {'audio': 'pingvol'}
[2025-02-22 22:47:52][FLASK] - AUDIO: {'audio': 'pingvol'}
[2025-02-22 22:48:02][FLASK] - AUDIO: {'audio': 'pingvol'}
[2025-02-22 22:48:12][FLASK] - AUDIO: {'audio': 'pingvol'}
[2025-02-22 22:48:22][FLASK] - AUDIO: {'audio': 'pingvol'}
[2025-02-22 22:48:32][FLASK] - AUDIO: {'audio': 'pingvol'}
[2025-02-22 22:48:42][FLASK] - AUDIO: {'audio': 'pingvol'}
[2025-02-22 22:48:52][FLASK] - AUDIO: {'audio': 'pingvol'}
[2025-02-22 22:49:02][FLASK] - AUDIO: {'audio': 'pingvol'}
[2025-02-22 22:49:12][FLASK] - AUDIO: {'audio': 'pingvol'}
[2025-02-22 22:49:22][FLASK] - AUDIO: {'audio': 'pingvol'}
[2025-02-22 22:49:32][FLASK] - AUDIO: {'audio': 'pingvol'}
[2025-02-22 22:49:42][FLASK] - AUDIO: {'audio': 'pingvol'}
[2025-02-22 22:49:52][FLASK] - AUDIO: {'audio': 'pingvol'}
[2025-02-22 22:50:02][FLASK] - AUDIO: {'audio': 'pingvol'}
[2025-02-22 22:50:12][FLASK] - AUDIO: {'audio': 'pingvol'}
[2025-02-22 22:50:22][FLASK] - AUDIO: {'audio': 'pingvol'}
[2025-02-22 22:50:32][FLASK] - AUDIO: {'audio': 'pingvol'}
[2025-02-22 22:50:43][FLASK] - AUDIO: {'audio': 'pingvol'}
[2025-02-22 22:50:53][FLASK] - AUDIO: {'audio': 'pingvol'}
[2025-02-22 22:51:03][FLASK] - AUDIO: {'audio': 'pingvol'}
[2025-02-22 22:51:13][FLASK] - AUDIO: {'audio': 'pingvol'}
[2025-02-22 22:51:23][FLASK] - AUDIO: {'audio': 'pingvol'}
[2025-02-22 22:51:33][FLASK] - AUDIO: {'audio': 'pingvol'}
[2025-02-22 22:51:43][FLASK] - AUDIO: {'audio': 'pingvol'}
[2025-02-22 22:51:53][FLASK] - AUDIO: {'audio': 'pingvol'}
[2025-02-22 22:52:03][FLASK] - AUDIO: {'audio': 'pingvol'}
[2025-02-22 22:52:13][FLASK] - AUDIO: {'audio': 'pingvol'}
[2025-02-22 22:52:23][FLASK] - AUDIO: {'audio': 'pingvol'}
[2025-02-22 22:52:33][FLASK] - AUDIO: {'audio': 'pingvol'}
[2025-02-22 22:52:43][FLASK] - AUDIO: {'audio': 'pingvol'}
[2025-02-22 22:52:53][FLASK] - AUDIO: {'audio': 'pingvol'}
[2025-02-22 22:53:03][FLASK] - AUDIO: {'audio': 'pingvol'}
[2025-02-22 22:53:13][FLASK] - AUDIO: {'audio': 'pingvol'}
[2025-02-22 22:53:23][FLASK] - AUDIO: {'audio': 'pingvol'}
[2025-02-22 22:53:33][FLASK] - AUDIO: {'audio': 'pingvol'}
[2025-02-22 22:53:43][FLASK] - AUDIO: {'audio': 'pingvol'}
[2025-02-22 22:53:53][FLASK] - AUDIO: {'audio': 'pingvol'}
[2025-02-22 22:54:03][FLASK] - AUDIO: {'audio': 'pingvol'}
[2025-02-22 22:54:13][FLASK] - AUDIO: {'audio': 'pingvol'}
[2025-02-22 22:54:23][FLASK] - AUDIO: {'audio': 'pingvol'}
[2025-02-22 22:54:34][FLASK] - AUDIO: {'audio': 'pingvol'}
[2025-02-22 22:54:44][FLASK] - AUDIO: {'audio': 'pingvol'}
[2025-02-22 22:54:54][FLASK] - AUDIO: {'audio': 'pingvol'}
[2025-02-22 22:55:04][FLASK] - AUDIO: {'audio': 'pingvol'}
[2025-02-22 22:55:14][FLASK] - AUDIO: {'audio': 'pingvol'}
[2025-02-22 22:55:24][FLASK] - AUDIO: {'audio': 'pingvol'}
[2025-02-22 22:55:34][FLASK] - AUDIO: {'audio': 'pingvol'}
[2025-02-22 22:55:44][FLASK] - AUDIO: {'audio': 'pingvol'}
[2025-02-22 22:55:54][FLASK] - AUDIO: {'audio': 'pingvol'}
[2025-02-22 22:56:04][FLASK] - AUDIO: {'audio': 'pingvol'}
[2025-02-22 22:56:14][FLASK] - AUDIO: {'audio': 'pingvol'}
[2025-02-22 22:56:24][FLASK] - AUDIO: {'audio': 'pingvol'}
[2025-02-22 22:56:34][FLASK] - AUDIO: {'audio': 'pingvol'}
[2025-02-22 22:56:44][FLASK] - AUDIO: {'audio': 'pingvol'}
[2025-02-22 22:56:54][FLASK] - AUDIO: {'audio': 'pingvol'}
[2025-02-22 22:57:04][FLASK] - AUDIO: {'audio': 'pingvol'}
[2025-02-22 22:57:14][FLASK] - AUDIO: {'audio': 'pingvol'}
[2025-02-22 22:57:24][FLASK] - AUDIO: {'audio': 'pingvol'}
[2025-02-22 22:57:34][FLASK] - AUDIO: {'audio': 'pingvol'}
[2025-02-22 22:57:44][FLASK] - AUDIO: {'audio': 'pingvol'}
[2025-02-22 22:57:54][FLASK] - AUDIO: {'audio': 'pingvol'}
[2025-02-22 22:58:04][FLASK] - AUDIO: {'audio': 'pingvol'}
[2025-02-22 22:58:15][FLASK] - AUDIO: {'audio': 'pingvol'}
[2025-02-22 22:58:25][FLASK] - AUDIO: {'audio': 'pingvol'}
[2025-02-22 22:58:35][FLASK] - AUDIO: {'audio': 'pingvol'}
[2025-02-22 22:58:45][FLASK] - AUDIO: {'audio': 'pingvol'}
[2025-02-22 22:58:55][FLASK] - AUDIO: {'audio': 'pingvol'}
[2025-02-22 22:59:05][FLASK] - AUDIO: {'audio': 'pingvol'}
[2025-02-22 22:59:15][FLASK] - AUDIO: {'audio': 'pingvol'}
[2025-02-22 22:59:25][FLASK] - AUDIO: {'audio': 'pingvol'}
[2025-02-22 22:59:35][FLASK] - AUDIO: {'audio': 'pingvol'}
[2025-02-22 22:59:45][FLASK] - AUDIO: {'audio': 'pingvol'}
[2025-02-22 22:59:55][FLASK] - AUDIO: {'audio': 'pingvol'}
[2025-02-22 23:00:05][FLASK] - AUDIO: {'audio': 'pingvol'}
[2025-02-22 23:00:15][FLASK] - AUDIO: {'audio': 'pingvol'}
[2025-02-22 23:00:25][FLASK] - AUDIO: {'audio': 'pingvol'}
[2025-02-22 23:00:35][FLASK] - AUDIO: {'audio': 'pingvol'}
[2025-02-22 23:00:45][FLASK] - AUDIO: {'audio': 'pingvol'}
[2025-02-22 23:00:55][FLASK] - AUDIO: {'audio': 'pingvol'}
[2025-02-22 23:01:05][FLASK] - AUDIO: {'audio': 'pingvol'}
[2025-02-22 23:01:15][FLASK] - AUDIO: {'audio': 'pingvol'}
[2025-02-22 23:01:25][FLASK] - AUDIO: {'audio': 'pingvol'}
[2025-02-22 23:01:35][FLASK] - AUDIO: {'audio': 'pingvol'}
[2025-02-22 23:01:45][FLASK] - AUDIO: {'audio': 'pingvol'}
[2025-02-22 23:01:55][FLASK] - AUDIO: {'audio': 'pingvol'}
[2025-02-22 23:02:05][FLASK] - AUDIO: {'audio': 'pingvol'}
[2025-02-22 23:02:16][FLASK] - AUDIO: {'audio': 'pingvol'}
[2025-02-22 23:02:26][FLASK] - AUDIO: {'audio': 'pingvol'}
[2025-02-22 23:02:36][FLASK] - AUDIO: {'audio': 'pingvol'}
[2025-02-22 23:02:46][FLASK] - AUDIO: {'audio': 'pingvol'}
[2025-02-22 23:02:56][FLASK] - AUDIO: {'audio': 'pingvol'}
[2025-02-22 23:03:06][FLASK] - AUDIO: {'audio': 'pingvol'}
[2025-02-22 23:03:16][FLASK] - AUDIO: {'audio': 'pingvol'}
[2025-02-22 23:03:26][FLASK] - AUDIO: {'audio': 'pingvol'}
[2025-02-22 23:03:36][FLASK] - AUDIO: {'audio': 'pingvol'}
[2025-02-22 23:03:46][FLASK] - AUDIO: {'audio': 'pingvol'}
[2025-02-22 23:03:56][FLASK] - AUDIO: {'audio': 'pingvol'}
[2025-02-22 23:04:06][FLASK] - AUDIO: {'audio': 'pingvol'}
[2025-02-22 23:04:16][FLASK] - AUDIO: {'audio': 'pingvol'}
[2025-02-22 23:04:26][FLASK] - AUDIO: {'audio': 'pingvol'}
[2025-02-22 23:04:36][FLASK] - AUDIO: {'audio': 'pingvol'}
[2025-02-22 23:04:46][FLASK] - AUDIO: {'audio': 'pingvol'}
[2025-02-22 23:04:56][FLASK] - AUDIO: {'audio': 'pingvol'}
[2025-02-22 23:05:06][FLASK] - AUDIO: {'audio': 'pingvol'}
[2025-02-22 23:05:16][FLASK] - AUDIO: {'audio': 'pingvol'}
[2025-02-22 23:05:26][FLASK] - AUDIO: {'audio': 'pingvol'}
[2025-02-22 23:05:36][FLASK] - AUDIO: {'audio': 'pingvol'}
[2025-02-22 23:05:46][FLASK] - AUDIO: {'audio': 'pingvol'}
[2025-02-22 23:05:56][FLASK] - AUDIO: {'audio': 'pingvol'}
[2025-02-22 23:06:07][FLASK] - AUDIO: {'audio': 'pingvol'}
[2025-02-22 23:06:17][FLASK] - AUDIO: {'audio': 'pingvol'}
[2025-02-22 23:06:27][FLASK] - AUDIO: {'audio': 'pingvol'}
[2025-02-22 23:06:37][FLASK] - AUDIO: {'audio': 'pingvol'}
[2025-02-22 23:06:47][FLASK] - AUDIO: {'audio': 'pingvol'}
[2025-02-22 23:06:57][FLASK] - AUDIO: {'audio': 'pingvol'}
[2025-02-22 23:07:07][FLASK] - AUDIO: {'audio': 'pingvol'}
[2025-02-22 23:07:17][FLASK] - AUDIO: {'audio': 'pingvol'}
[2025-02-22 23:07:27][FLASK] - AUDIO: {'audio': 'pingvol'}
[2025-02-22 23:07:37][FLASK] - AUDIO: {'audio': 'pingvol'}
[2025-02-22 23:07:47][FLASK] - AUDIO: {'audio': 'pingvol'}
[2025-02-22 23:07:57][FLASK] - AUDIO: {'audio': 'pingvol'}
[2025-02-22 23:08:07][FLASK] - AUDIO: {'audio': 'pingvol'}
[2025-02-22 23:08:17][FLASK] - AUDIO: {'audio': 'pingvol'}
[2025-02-22 23:08:27][FLASK] - AUDIO: {'audio': 'pingvol'}
[2025-02-22 23:08:37][FLASK] - AUDIO: {'audio': 'pingvol'}
[2025-02-22 23:08:47][FLASK] - AUDIO: {'audio': 'pingvol'}
[2025-02-22 23:08:57][FLASK] - AUDIO: {'audio': 'pingvol'}
[2025-02-22 23:09:07][FLASK] - AUDIO: {'audio': 'pingvol'}
[2025-02-22 23:09:17][FLASK] - AUDIO: {'audio': 'pingvol'}
[2025-02-22 23:09:27][FLASK] - AUDIO: {'audio': 'pingvol'}
[2025-02-22 23:09:37][FLASK] - AUDIO: {'audio': 'pingvol'}
[2025-02-22 23:09:47][FLASK] - AUDIO: {'audio': 'pingvol'}
[2025-02-22 23:09:58][FLASK] - AUDIO: {'audio': 'pingvol'}
[2025-02-22 23:10:08][FLASK] - AUDIO: {'audio': 'pingvol'}
[2025-02-22 23:10:18][FLASK] - AUDIO: {'audio': 'pingvol'}
[2025-02-22 23:10:28][FLASK] - AUDIO: {'audio': 'pingvol'}
[2025-02-22 23:10:38][FLASK] - AUDIO: {'audio': 'pingvol'}
[2025-02-22 23:10:48][FLASK] - AUDIO: {'audio': 'pingvol'}
[2025-02-22 23:10:58][FLASK] - AUDIO: {'audio': 'pingvol'}
[2025-02-22 23:11:08][FLASK] - AUDIO: {'audio': 'pingvol'}
[2025-02-22 23:11:18][FLASK] - AUDIO: {'audio': 'pingvol'}
[2025-02-22 23:11:28][FLASK] - AUDIO: {'audio': 'pingvol'}
[2025-02-22 23:11:38][FLASK] - AUDIO: {'audio': 'pingvol'}
[2025-02-22 23:11:48][FLASK] - AUDIO: {'audio': 'pingvol'}
[2025-02-22 23:11:58][FLASK] - AUDIO: {'audio': 'pingvol'}
[2025-02-22 23:12:08][FLASK] - AUDIO: {'audio': 'pingvol'}
[2025-02-22 23:12:18][FLASK] - AUDIO: {'audio': 'pingvol'}
[2025-02-22 23:12:28][FLASK] - AUDIO: {'audio': 'pingvol'}
[2025-02-22 23:12:38][FLASK] - AUDIO: {'audio': 'pingvol'}
[2025-02-22 23:12:48][FLASK] - AUDIO: {'audio': 'pingvol'}
[2025-02-22 23:12:58][FLASK] - AUDIO: {'audio': 'pingvol'}
[2025-02-22 23:13:08][FLASK] - AUDIO: {'audio': 'pingvol'}
[2025-02-22 23:13:15][FLASK] - STRIP: {'strip': 'i0'}
[2025-02-22 23:13:15][MAIN] - To Arduino: STRIPOFF
[2025-02-22 23:13:15][MAIN] - To Arduino: STRIPTOPDEF
[2025-02-22 23:13:16][MAIN] - To Arduino: STRIPTOPCOLSWITCH
[2025-02-22 23:13:16][MAIN] - To Arduino: STRIPON
[2025-02-22 23:13:17][MAIN] - To Arduino: STRIPI1
[2025-02-22 23:13:17][MAIN] - Command STRIPI0 sent
[2025-02-22 23:13:18][FLASK] - AUDIO: {'audio': 'pingvol'}
[2025-02-22 23:13:28][FLASK] - AUDIO: {'audio': 'pingvol'}
[2025-02-22 23:13:38][FLASK] - AUDIO: {'audio': 'pingvol'}
[2025-02-22 23:13:49][FLASK] - AUDIO: {'audio': 'pingvol'}
[2025-02-22 23:13:59][FLASK] - AUDIO: {'audio': 'pingvol'}
[2025-02-22 23:14:09][FLASK] - AUDIO: {'audio': 'pingvol'}
[2025-02-22 23:14:19][FLASK] - AUDIO: {'audio': 'pingvol'}
[2025-02-22 23:14:29][FLASK] - AUDIO: {'audio': 'pingvol'}
[2025-02-22 23:14:39][FLASK] - AUDIO: {'audio': 'pingvol'}
[2025-02-22 23:14:49][FLASK] - AUDIO: {'audio': 'pingvol'}
[2025-02-22 23:14:59][FLASK] - AUDIO: {'audio': 'pingvol'}
[2025-02-22 23:15:09][FLASK] - AUDIO: {'audio': 'pingvol'}
[2025-02-22 23:15:19][FLASK] - AUDIO: {'audio': 'pingvol'}
[2025-02-22 23:15:29][FLASK] - AUDIO: {'audio': 'pingvol'}
[2025-02-22 23:15:39][FLASK] - AUDIO: {'audio': 'pingvol'}
[2025-02-22 23:15:49][FLASK] - AUDIO: {'audio': 'pingvol'}
[2025-02-22 23:15:59][FLASK] - AUDIO: {'audio': 'pingvol'}
[2025-02-22 23:16:09][FLASK] - AUDIO: {'audio': 'pingvol'}
[2025-02-22 23:16:19][FLASK] - AUDIO: {'audio': 'pingvol'}
[2025-02-22 23:16:29][FLASK] - AUDIO: {'audio': 'pingvol'}
[2025-02-22 23:16:39][FLASK] - AUDIO: {'audio': 'pingvol'}
[2025-02-22 23:16:49][FLASK] - AUDIO: {'audio': 'pingvol'}
[2025-02-22 23:16:59][FLASK] - AUDIO: {'audio': 'pingvol'}
[2025-02-22 23:17:09][FLASK] - AUDIO: {'audio': 'pingvol'}
[2025-02-22 23:17:19][FLASK] - AUDIO: {'audio': 'pingvol'}
[2025-02-22 23:17:29][FLASK] - AUDIO: {'audio': 'pingvol'}
[2025-02-22 23:17:39][FLASK] - AUDIO: {'audio': 'pingvol'}
[2025-02-22 23:17:49][FLASK] - AUDIO: {'audio': 'pingvol'}
[2025-02-22 23:18:00][FLASK] - AUDIO: {'audio': 'pingvol'}
[2025-02-22 23:18:10][FLASK] - AUDIO: {'audio': 'pingvol'}
[2025-02-22 23:18:20][FLASK] - AUDIO: {'audio': 'pingvol'}
[2025-02-22 23:18:20][MAIN] - To Arduino: AUDIOPINGVOL
[2025-02-22 23:18:30][FLASK] - AUDIO: {'audio': 'pingvol'}
[2025-02-22 23:18:40][FLASK] - AUDIO: {'audio': 'pingvol'}
[2025-02-22 23:18:50][FLASK] - AUDIO: {'audio': 'pingvol'}
[2025-02-22 23:19:00][FLASK] - AUDIO: {'audio': 'pingvol'}
[2025-02-22 23:19:10][FLASK] - AUDIO: {'audio': 'pingvol'}
[2025-02-22 23:19:20][FLASK] - AUDIO: {'audio': 'pingvol'}
[2025-02-22 23:19:30][FLASK] - AUDIO: {'audio': 'pingvol'}
[2025-02-22 23:19:40][FLASK] - AUDIO: {'audio': 'pingvol'}
[2025-02-22 23:19:50][FLASK] - AUDIO: {'audio': 'pingvol'}
[2025-02-22 23:20:00][FLASK] - AUDIO: {'audio': 'pingvol'}
[2025-02-22 23:20:10][FLASK] - AUDIO: {'audio': 'pingvol'}
[2025-02-22 23:20:20][FLASK] - AUDIO: {'audio': 'pingvol'}
[2025-02-22 23:20:30][FLASK] - AUDIO: {'audio': 'pingvol'}
[2025-02-22 23:20:40][FLASK] - AUDIO: {'audio': 'pingvol'}
[2025-02-22 23:20:50][FLASK] - AUDIO: {'audio': 'pingvol'}
[2025-02-22 23:21:00][FLASK] - AUDIO: {'audio': 'pingvol'}
[2025-02-22 23:21:10][FLASK] - AUDIO: {'audio': 'pingvol'}
[2025-02-22 23:21:20][FLASK] - AUDIO: {'audio': 'pingvol'}
[2025-02-22 23:21:30][FLASK] - AUDIO: {'audio': 'pingvol'}
[2025-02-22 23:21:40][FLASK] - AUDIO: {'audio': 'pingvol'}
[2025-02-22 23:21:50][FLASK] - AUDIO: {'audio': 'pingvol'}
[2025-02-22 23:22:00][FLASK] - AUDIO: {'audio': 'pingvol'}
[2025-02-22 23:22:10][FLASK] - AUDIO: {'audio': 'pingvol'}
[2025-02-22 23:22:21][FLASK] - AUDIO: {'audio': 'pingvol'}
[2025-02-22 23:22:31][FLASK] - AUDIO: {'audio': 'pingvol'}
[2025-02-22 23:22:41][FLASK] - AUDIO: {'audio': 'pingvol'}
[2025-02-22 23:22:51][FLASK] - AUDIO: {'audio': 'pingvol'}
[2025-02-22 23:23:01][FLASK] - AUDIO: {'audio': 'pingvol'}
[2025-02-22 23:23:11][FLASK] - AUDIO: {'audio': 'pingvol'}
[2025-02-22 23:23:21][FLASK] - AUDIO: {'audio': 'pingvol'}
[2025-02-22 23:23:31][FLASK] - AUDIO: {'audio': 'pingvol'}
[2025-02-22 23:23:41][FLASK] - AUDIO: {'audio': 'pingvol'}
[2025-02-22 23:23:51][FLASK] - AUDIO: {'audio': 'pingvol'}
[2025-02-22 23:24:01][FLASK] - AUDIO: {'audio': 'pingvol'}
[2025-02-22 23:24:11][FLASK] - AUDIO: {'audio': 'pingvol'}
[2025-02-22 23:24:21][FLASK] - AUDIO: {'audio': 'pingvol'}
[2025-02-22 23:24:31][FLASK] - AUDIO: {'audio': 'pingvol'}
[2025-02-22 23:24:41][FLASK] - AUDIO: {'audio': 'pingvol'}
[2025-02-22 23:24:51][FLASK] - AUDIO: {'audio': 'pingvol'}
[2025-02-22 23:25:01][FLASK] - AUDIO: {'audio': 'pingvol'}
[2025-02-22 23:25:11][FLASK] - AUDIO: {'audio': 'pingvol'}
[2025-02-22 23:25:21][FLASK] - AUDIO: {'audio': 'pingvol'}
[2025-02-22 23:25:31][FLASK] - AUDIO: {'audio': 'pingvol'}
[2025-02-22 23:25:41][FLASK] - AUDIO: {'audio': 'pingvol'}
[2025-02-22 23:25:51][FLASK] - AUDIO: {'audio': 'pingvol'}
[2025-02-22 23:26:01][FLASK] - AUDIO: {'audio': 'pingvol'}
[2025-02-22 23:26:11][FLASK] - AUDIO: {'audio': 'pingvol'}
[2025-02-22 23:26:22][FLASK] - AUDIO: {'audio': 'pingvol'}
[2025-02-22 23:26:32][FLASK] - AUDIO: {'audio': 'pingvol'}
[2025-02-22 23:26:42][FLASK] - AUDIO: {'audio': 'pingvol'}
[2025-02-22 23:26:52][FLASK] - AUDIO: {'audio': 'pingvol'}
[2025-02-22 23:27:02][FLASK] - AUDIO: {'audio': 'pingvol'}
[2025-02-22 23:27:12][FLASK] - AUDIO: {'audio': 'pingvol'}
[2025-02-22 23:27:22][FLASK] - AUDIO: {'audio': 'pingvol'}
[2025-02-22 23:27:32][FLASK] - AUDIO: {'audio': 'pingvol'}
[2025-02-22 23:27:42][FLASK] - AUDIO: {'audio': 'pingvol'}
[2025-02-22 23:27:52][FLASK] - AUDIO: {'audio': 'pingvol'}
[2025-02-22 23:28:02][FLASK] - AUDIO: {'audio': 'pingvol'}
[2025-02-22 23:28:12][FLASK] - AUDIO: {'audio': 'pingvol'}
[2025-02-22 23:28:22][FLASK] - AUDIO: {'audio': 'pingvol'}
[2025-02-22 23:28:32][FLASK] - AUDIO: {'audio': 'pingvol'}
[2025-02-22 23:28:42][FLASK] - AUDIO: {'audio': 'pingvol'}
[2025-02-22 23:28:52][FLASK] - AUDIO: {'audio': 'pingvol'}
[2025-02-22 23:29:02][FLASK] - AUDIO: {'audio': 'pingvol'}
[2025-02-22 23:29:12][FLASK] - AUDIO: {'audio': 'pingvol'}
[2025-02-22 23:29:22][FLASK] - AUDIO: {'audio': 'pingvol'}
[2025-02-22 23:29:32][FLASK] - AUDIO: {'audio': 'pingvol'}
[2025-02-22 23:29:42][FLASK] - AUDIO: {'audio': 'pingvol'}
[2025-02-22 23:29:53][FLASK] - AUDIO: {'audio': 'pingvol'}
[2025-02-22 23:30:03][FLASK] - AUDIO: {'audio': 'pingvol'}
[2025-02-22 23:30:13][FLASK] - AUDIO: {'audio': 'pingvol'}
[2025-02-22 23:30:23][FLASK] - AUDIO: {'audio': 'pingvol'}
[2025-02-22 23:30:33][FLASK] - AUDIO: {'audio': 'pingvol'}
[2025-02-22 23:30:43][FLASK] - AUDIO: {'audio': 'pingvol'}
[2025-02-22 23:30:53][FLASK] - AUDIO: {'audio': 'pingvol'}
[2025-02-22 23:31:03][FLASK] - AUDIO: {'audio': 'pingvol'}
[2025-02-22 23:31:13][FLASK] - AUDIO: {'audio': 'pingvol'}
[2025-02-22 23:31:23][FLASK] - AUDIO: {'audio': 'pingvol'}
[2025-02-22 23:31:33][FLASK] - AUDIO: {'audio': 'pingvol'}
[2025-02-22 23:31:43][FLASK] - AUDIO: {'audio': 'pingvol'}
[2025-02-22 23:31:53][FLASK] - AUDIO: {'audio': 'pingvol'}
[2025-02-22 23:32:03][FLASK] - AUDIO: {'audio': 'pingvol'}
[2025-02-22 23:32:13][FLASK] - AUDIO: {'audio': 'pingvol'}
[2025-02-22 23:32:23][FLASK] - AUDIO: {'audio': 'pingvol'}
[2025-02-22 23:32:33][FLASK] - AUDIO: {'audio': 'pingvol'}
[2025-02-22 23:32:43][FLASK] - AUDIO: {'audio': 'pingvol'}
[2025-02-22 23:32:53][FLASK] - AUDIO: {'audio': 'pingvol'}
[2025-02-22 23:33:03][FLASK] - AUDIO: {'audio': 'pingvol'}
[2025-02-22 23:33:14][FLASK] - AUDIO: {'audio': 'pingvol'}
[2025-02-22 23:33:24][FLASK] - AUDIO: {'audio': 'pingvol'}
[2025-02-22 23:33:34][FLASK] - AUDIO: {'audio': 'pingvol'}
[2025-02-22 23:33:44][FLASK] - AUDIO: {'audio': 'pingvol'}
[2025-02-22 23:33:54][FLASK] - AUDIO: {'audio': 'pingvol'}
[2025-02-22 23:34:04][FLASK] - AUDIO: {'audio': 'pingvol'}
[2025-02-22 23:34:14][FLASK] - AUDIO: {'audio': 'pingvol'}
[2025-02-22 23:34:24][FLASK] - AUDIO: {'audio': 'pingvol'}
[2025-02-22 23:34:34][FLASK] - AUDIO: {'audio': 'pingvol'}
[2025-02-22 23:34:44][FLASK] - AUDIO: {'audio': 'pingvol'}
[2025-02-22 23:34:54][FLASK] - AUDIO: {'audio': 'pingvol'}
[2025-02-22 23:35:04][FLASK] - AUDIO: {'audio': 'pingvol'}
[2025-02-22 23:35:14][FLASK] - AUDIO: {'audio': 'pingvol'}
[2025-02-22 23:35:24][FLASK] - AUDIO: {'audio': 'pingvol'}
[2025-02-22 23:35:34][FLASK] - AUDIO: {'audio': 'pingvol'}
[2025-02-22 23:35:44][FLASK] - AUDIO: {'audio': 'pingvol'}
[2025-02-22 23:35:54][FLASK] - AUDIO: {'audio': 'pingvol'}
[2025-02-22 23:36:04][FLASK] - AUDIO: {'audio': 'pingvol'}
[2025-02-22 23:36:14][FLASK] - AUDIO: {'audio': 'pingvol'}
[2025-02-22 23:36:24][FLASK] - AUDIO: {'audio': 'pingvol'}
[2025-02-22 23:36:34][FLASK] - AUDIO: {'audio': 'pingvol'}
[2025-02-22 23:36:44][FLASK] - AUDIO: {'audio': 'pingvol'}
[2025-02-22 23:36:54][FLASK] - AUDIO: {'audio': 'pingvol'}
[2025-02-22 23:37:05][FLASK] - AUDIO: {'audio': 'pingvol'}
[2025-02-22 23:37:15][FLASK] - AUDIO: {'audio': 'pingvol'}
[2025-02-22 23:37:25][FLASK] - AUDIO: {'audio': 'pingvol'}
[2025-02-22 23:37:35][FLASK] - AUDIO: {'audio': 'pingvol'}
[2025-02-22 23:37:45][FLASK] - AUDIO: {'audio': 'pingvol'}
[2025-02-22 23:37:55][FLASK] - AUDIO: {'audio': 'pingvol'}
[2025-02-22 23:38:05][FLASK] - AUDIO: {'audio': 'pingvol'}
[2025-02-22 23:38:15][FLASK] - AUDIO: {'audio': 'pingvol'}
[2025-02-22 23:38:25][FLASK] - AUDIO: {'audio': 'pingvol'}
[2025-02-22 23:38:35][FLASK] - AUDIO: {'audio': 'pingvol'}
[2025-02-22 23:38:45][FLASK] - AUDIO: {'audio': 'pingvol'}
[2025-02-22 23:38:55][FLASK] - AUDIO: {'audio': 'pingvol'}
[2025-02-22 23:39:05][FLASK] - AUDIO: {'audio': 'pingvol'}
[2025-02-22 23:39:15][FLASK] - AUDIO: {'audio': 'pingvol'}
[2025-02-22 23:39:25][FLASK] - AUDIO: {'audio': 'pingvol'}
[2025-02-22 23:39:35][FLASK] - AUDIO: {'audio': 'pingvol'}
[2025-02-22 23:39:45][FLASK] - AUDIO: {'audio': 'pingvol'}
[2025-02-22 23:39:55][FLASK] - AUDIO: {'audio': 'pingvol'}
[2025-02-22 23:40:05][FLASK] - AUDIO: {'audio': 'pingvol'}
[2025-02-22 23:40:15][FLASK] - AUDIO: {'audio': 'pingvol'}
[2025-02-22 23:40:25][FLASK] - AUDIO: {'audio': 'pingvol'}
[2025-02-22 23:40:35][FLASK] - AUDIO: {'audio': 'pingvol'}
[2025-02-22 23:40:45][FLASK] - AUDIO: {'audio': 'pingvol'}
[2025-02-22 23:40:56][FLASK] - AUDIO: {'audio': 'pingvol'}
[2025-02-22 23:41:06][FLASK] - AUDIO: {'audio': 'pingvol'}
[2025-02-22 23:41:16][FLASK] - AUDIO: {'audio': 'pingvol'}
[2025-02-22 23:41:26][FLASK] - AUDIO: {'audio': 'pingvol'}
[2025-02-22 23:41:36][FLASK] - AUDIO: {'audio': 'pingvol'}
[2025-02-22 23:41:46][FLASK] - AUDIO: {'audio': 'pingvol'}
[2025-02-22 23:41:56][FLASK] - AUDIO: {'audio': 'pingvol'}
[2025-02-22 23:42:06][FLASK] - AUDIO: {'audio': 'pingvol'}
[2025-02-22 23:42:16][FLASK] - AUDIO: {'audio': 'pingvol'}
[2025-02-22 23:42:26][FLASK] - AUDIO: {'audio': 'pingvol'}
[2025-02-22 23:42:36][FLASK] - AUDIO: {'audio': 'pingvol'}
[2025-02-22 23:42:46][FLASK] - AUDIO: {'audio': 'pingvol'}
[2025-02-22 23:42:56][FLASK] - AUDIO: {'audio': 'pingvol'}
[2025-02-22 23:43:06][FLASK] - AUDIO: {'audio': 'pingvol'}
[2025-02-22 23:43:16][FLASK] - AUDIO: {'audio': 'pingvol'}
[2025-02-22 23:43:26][FLASK] - AUDIO: {'audio': 'pingvol'}
[2025-02-22 23:43:36][FLASK] - AUDIO: {'audio': 'pingvol'}
[2025-02-22 23:43:46][FLASK] - AUDIO: {'audio': 'pingvol'}
[2025-02-22 23:43:56][FLASK] - AUDIO: {'audio': 'pingvol'}
[2025-02-22 23:44:06][FLASK] - AUDIO: {'audio': 'pingvol'}
[2025-02-22 23:44:16][FLASK] - AUDIO: {'audio': 'pingvol'}
[2025-02-22 23:44:26][FLASK] - AUDIO: {'audio': 'pingvol'}
[2025-02-22 23:44:36][FLASK] - AUDIO: {'audio': 'pingvol'}
[2025-02-22 23:44:46][FLASK] - AUDIO: {'audio': 'pingvol'}
[2025-02-22 23:44:56][FLASK] - AUDIO: {'audio': 'pingvol'}
[2025-02-22 23:45:07][FLASK] - AUDIO: {'audio': 'pingvol'}
[2025-02-22 23:45:17][FLASK] - AUDIO: {'audio': 'pingvol'}
[2025-02-22 23:45:27][FLASK] - AUDIO: {'audio': 'pingvol'}
[2025-02-22 23:45:37][FLASK] - AUDIO: {'audio': 'pingvol'}
[2025-02-22 23:45:47][FLASK] - AUDIO: {'audio': 'pingvol'}
[2025-02-22 23:45:57][FLASK] - AUDIO: {'audio': 'pingvol'}
[2025-02-22 23:46:07][FLASK] - AUDIO: {'audio': 'pingvol'}
[2025-02-22 23:46:17][FLASK] - AUDIO: {'audio': 'pingvol'}
[2025-02-22 23:46:27][FLASK] - AUDIO: {'audio': 'pingvol'}
[2025-02-22 23:46:37][FLASK] - AUDIO: {'audio': 'pingvol'}
[2025-02-22 23:46:47][FLASK] - AUDIO: {'audio': 'pingvol'}
[2025-02-22 23:46:57][FLASK] - AUDIO: {'audio': 'pingvol'}
[2025-02-22 23:47:07][FLASK] - AUDIO: {'audio': 'pingvol'}
[2025-02-22 23:47:17][FLASK] - AUDIO: {'audio': 'pingvol'}
[2025-02-22 23:47:27][FLASK] - AUDIO: {'audio': 'pingvol'}
[2025-02-22 23:47:37][FLASK] - AUDIO: {'audio': 'pingvol'}
[2025-02-22 23:47:47][FLASK] - AUDIO: {'audio': 'pingvol'}
[2025-02-22 23:47:57][FLASK] - AUDIO: {'audio': 'pingvol'}
[2025-02-22 23:48:07][FLASK] - AUDIO: {'audio': 'pingvol'}
[2025-02-22 23:48:17][FLASK] - AUDIO: {'audio': 'pingvol'}
[2025-02-22 23:48:27][FLASK] - AUDIO: {'audio': 'pingvol'}
[2025-02-22 23:48:37][FLASK] - AUDIO: {'audio': 'pingvol'}
[2025-02-22 23:48:47][FLASK] - AUDIO: {'audio': 'pingvol'}
[2025-02-22 23:48:57][FLASK] - AUDIO: {'audio': 'pingvol'}
[2025-02-22 23:49:07][FLASK] - AUDIO: {'audio': 'pingvol'}
[2025-02-22 23:49:18][FLASK] - AUDIO: {'audio': 'pingvol'}
[2025-02-22 23:49:28][FLASK] - AUDIO: {'audio': 'pingvol'}
[2025-02-22 23:49:38][FLASK] - AUDIO: {'audio': 'pingvol'}
[2025-02-22 23:49:48][FLASK] - AUDIO: {'audio': 'pingvol'}
[2025-02-22 23:49:58][FLASK] - AUDIO: {'audio': 'pingvol'}
[2025-02-22 23:50:08][FLASK] - AUDIO: {'audio': 'pingvol'}
[2025-02-22 23:50:18][FLASK] - AUDIO: {'audio': 'pingvol'}
[2025-02-22 23:50:28][FLASK] - AUDIO: {'audio': 'pingvol'}
[2025-02-22 23:50:38][FLASK] - AUDIO: {'audio': 'pingvol'}
[2025-02-22 23:50:48][FLASK] - AUDIO: {'audio': 'pingvol'}
[2025-02-22 23:50:58][FLASK] - AUDIO: {'audio': 'pingvol'}
[2025-02-22 23:51:08][FLASK] - AUDIO: {'audio': 'pingvol'}
[2025-02-22 23:51:18][FLASK] - AUDIO: {'audio': 'pingvol'}
[2025-02-22 23:51:28][FLASK] - AUDIO: {'audio': 'pingvol'}
[2025-02-22 23:51:38][FLASK] - AUDIO: {'audio': 'pingvol'}
[2025-02-22 23:51:48][FLASK] - AUDIO: {'audio': 'pingvol'}
[2025-02-22 23:51:58][FLASK] - AUDIO: {'audio': 'pingvol'}
[2025-02-22 23:52:08][FLASK] - AUDIO: {'audio': 'pingvol'}
[2025-02-22 23:52:18][FLASK] - AUDIO: {'audio': 'pingvol'}
[2025-02-22 23:52:28][FLASK] - AUDIO: {'audio': 'pingvol'}
[2025-02-22 23:52:38][FLASK] - AUDIO: {'audio': 'pingvol'}
[2025-02-22 23:52:48][FLASK] - AUDIO: {'audio': 'pingvol'}
[2025-02-22 23:52:59][FLASK] - AUDIO: {'audio': 'pingvol'}
[2025-02-22 23:53:09][FLASK] - AUDIO: {'audio': 'pingvol'}
[2025-02-22 23:53:19][FLASK] - AUDIO: {'audio': 'pingvol'}
[2025-02-22 23:53:29][FLASK] - AUDIO: {'audio': 'pingvol'}
[2025-02-22 23:53:39][FLASK] - AUDIO: {'audio': 'pingvol'}
[2025-02-22 23:53:49][FLASK] - AUDIO: {'audio': 'pingvol'}
[2025-02-22 23:53:59][FLASK] - AUDIO: {'audio': 'pingvol'}
[2025-02-22 23:54:09][FLASK] - AUDIO: {'audio': 'pingvol'}
[2025-02-22 23:54:19][FLASK] - AUDIO: {'audio': 'pingvol'}
[2025-02-22 23:54:29][FLASK] - AUDIO: {'audio': 'pingvol'}
[2025-02-22 23:54:39][FLASK] - AUDIO: {'audio': 'pingvol'}
[2025-02-22 23:54:49][FLASK] - AUDIO: {'audio': 'pingvol'}
[2025-02-22 23:54:59][FLASK] - AUDIO: {'audio': 'pingvol'}
[2025-02-22 23:55:09][FLASK] - AUDIO: {'audio': 'pingvol'}
[2025-02-22 23:55:19][FLASK] - AUDIO: {'audio': 'pingvol'}
[2025-02-22 23:55:29][FLASK] - AUDIO: {'audio': 'pingvol'}
[2025-02-22 23:55:39][FLASK] - AUDIO: {'audio': 'pingvol'}
[2025-02-22 23:55:49][FLASK] - AUDIO: {'audio': 'pingvol'}
[2025-02-22 23:55:59][FLASK] - AUDIO: {'audio': 'pingvol'}
[2025-02-22 23:56:09][FLASK] - AUDIO: {'audio': 'pingvol'}
[2025-02-22 23:56:20][FLASK] - AUDIO: {'audio': 'pingvol'}
[2025-02-22 23:56:30][FLASK] - AUDIO: {'audio': 'pingvol'}
[2025-02-22 23:56:40][FLASK] - AUDIO: {'audio': 'pingvol'}
[2025-02-22 23:56:50][FLASK] - AUDIO: {'audio': 'pingvol'}
[2025-02-22 23:57:00][FLASK] - AUDIO: {'audio': 'pingvol'}
[2025-02-22 23:57:10][FLASK] - AUDIO: {'audio': 'pingvol'}
[2025-02-22 23:57:20][FLASK] - AUDIO: {'audio': 'pingvol'}
[2025-02-22 23:57:30][FLASK] - AUDIO: {'audio': 'pingvol'}
[2025-02-22 23:57:40][FLASK] - AUDIO: {'audio': 'pingvol'}
[2025-02-22 23:57:50][FLASK] - AUDIO: {'audio': 'pingvol'}
[2025-02-22 23:58:00][FLASK] - AUDIO: {'audio': 'pingvol'}
[2025-02-22 23:58:10][FLASK] - AUDIO: {'audio': 'pingvol'}
[2025-02-22 23:58:20][FLASK] - AUDIO: {'audio': 'pingvol'}
[2025-02-22 23:58:30][FLASK] - AUDIO: {'audio': 'pingvol'}
[2025-02-22 23:58:40][FLASK] - AUDIO: {'audio': 'pingvol'}
[2025-02-22 23:58:50][FLASK] - AUDIO: {'audio': 'pingvol'}
[2025-02-22 23:59:00][FLASK] - AUDIO: {'audio': 'pingvol'}
[2025-02-22 23:59:10][FLASK] - AUDIO: {'audio': 'pingvol'}
[2025-02-22 23:59:20][FLASK] - AUDIO: {'audio': 'pingvol'}
[2025-02-22 23:59:30][FLASK] - AUDIO: {'audio': 'pingvol'}
[2025-02-22 23:59:40][FLASK] - AUDIO: {'audio': 'pingvol'}
[2025-02-22 23:59:50][FLASK] - AUDIO: {'audio': 'pingvol'}
[2025-02-23 00:00:00][FLASK] - AUDIO: {'audio': 'pingvol'}
[2025-02-23 00:00:10][FLASK] - AUDIO: {'audio': 'pingvol'}
[2025-02-23 00:00:21][FLASK] - AUDIO: {'audio': 'pingvol'}
[2025-02-23 00:00:31][FLASK] - AUDIO: {'audio': 'pingvol'}
[2025-02-23 00:00:41][FLASK] - AUDIO: {'audio': 'pingvol'}
[2025-02-23 00:00:51][FLASK] - AUDIO: {'audio': 'pingvol'}
[2025-02-23 00:01:01][FLASK] - AUDIO: {'audio': 'pingvol'}
[2025-02-23 00:01:11][FLASK] - AUDIO: {'audio': 'pingvol'}
[2025-02-23 00:01:21][FLASK] - AUDIO: {'audio': 'pingvol'}
[2025-02-23 00:01:31][FLASK] - AUDIO: {'audio': 'pingvol'}
[2025-02-23 00:01:41][FLASK] - AUDIO: {'audio': 'pingvol'}
[2025-02-23 00:01:51][FLASK] - AUDIO: {'audio': 'pingvol'}
[2025-02-23 00:02:01][FLASK] - AUDIO: {'audio': 'pingvol'}
[2025-02-23 00:02:11][FLASK] - AUDIO: {'audio': 'pingvol'}
[2025-02-23 00:02:21][FLASK] - AUDIO: {'audio': 'pingvol'}
[2025-02-23 00:02:31][FLASK] - AUDIO: {'audio': 'pingvol'}
[2025-02-23 00:02:41][FLASK] - AUDIO: {'audio': 'pingvol'}
[2025-02-23 00:02:51][FLASK] - AUDIO: {'audio': 'pingvol'}
[2025-02-23 00:03:01][FLASK] - AUDIO: {'audio': 'pingvol'}
[2025-02-23 00:03:11][FLASK] - AUDIO: {'audio': 'pingvol'}
[2025-02-23 00:03:21][FLASK] - AUDIO: {'audio': 'pingvol'}
[2025-02-23 00:03:31][FLASK] - AUDIO: {'audio': 'pingvol'}
[2025-02-23 00:03:41][FLASK] - AUDIO: {'audio': 'pingvol'}
[2025-02-23 00:03:51][FLASK] - AUDIO: {'audio': 'pingvol'}
[2025-02-23 00:04:01][FLASK] - AUDIO: {'audio': 'pingvol'}
[2025-02-23 00:04:11][FLASK] - AUDIO: {'audio': 'pingvol'}
[2025-02-23 00:04:21][FLASK] - AUDIO: {'audio': 'pingvol'}
[2025-02-23 00:04:32][FLASK] - AUDIO: {'audio': 'pingvol'}
[2025-02-23 00:04:42][FLASK] - AUDIO: {'audio': 'pingvol'}
[2025-02-23 00:04:52][FLASK] - AUDIO: {'audio': 'pingvol'}
[2025-02-23 00:05:02][FLASK] - AUDIO: {'audio': 'pingvol'}
[2025-02-23 00:05:12][FLASK] - AUDIO: {'audio': 'pingvol'}
[2025-02-23 00:05:22][FLASK] - AUDIO: {'audio': 'pingvol'}
[2025-02-23 00:05:32][FLASK] - AUDIO: {'audio': 'pingvol'}
[2025-02-23 00:05:42][FLASK] - AUDIO: {'audio': 'pingvol'}
[2025-02-23 00:05:52][FLASK] - AUDIO: {'audio': 'pingvol'}
[2025-02-23 00:06:02][FLASK] - AUDIO: {'audio': 'pingvol'}
[2025-02-23 00:06:12][FLASK] - AUDIO: {'audio': 'pingvol'}
[2025-02-23 00:06:22][FLASK] - AUDIO: {'audio': 'pingvol'}
[2025-02-23 00:06:32][FLASK] - AUDIO: {'audio': 'pingvol'}
[2025-02-23 00:06:42][FLASK] - AUDIO: {'audio': 'pingvol'}
[2025-02-23 00:06:52][FLASK] - AUDIO: {'audio': 'pingvol'}
[2025-02-23 00:07:02][FLASK] - AUDIO: {'audio': 'pingvol'}
[2025-02-23 00:07:12][FLASK] - AUDIO: {'audio': 'pingvol'}
[2025-02-23 00:07:22][FLASK] - AUDIO: {'audio': 'pingvol'}
[2025-02-23 00:07:32][FLASK] - AUDIO: {'audio': 'pingvol'}
[2025-02-23 00:07:42][FLASK] - AUDIO: {'audio': 'pingvol'}
[2025-02-23 00:07:52][FLASK] - AUDIO: {'audio': 'pingvol'}
[2025-02-23 00:08:02][FLASK] - AUDIO: {'audio': 'pingvol'}
[2025-02-23 00:08:13][FLASK] - AUDIO: {'audio': 'pingvol'}
[2025-02-23 00:08:23][FLASK] - AUDIO: {'audio': 'pingvol'}
[2025-02-23 00:08:33][FLASK] - AUDIO: {'audio': 'pingvol'}
[2025-02-23 00:08:43][FLASK] - AUDIO: {'audio': 'pingvol'}
[2025-02-23 00:08:53][FLASK] - AUDIO: {'audio': 'pingvol'}
[2025-02-23 00:09:03][FLASK] - AUDIO: {'audio': 'pingvol'}
[2025-02-23 00:09:13][FLASK] - AUDIO: {'audio': 'pingvol'}
[2025-02-23 00:09:23][FLASK] - AUDIO: {'audio': 'pingvol'}
[2025-02-23 00:09:33][FLASK] - AUDIO: {'audio': 'pingvol'}
[2025-02-23 00:09:43][FLASK] - AUDIO: {'audio': 'pingvol'}
[2025-02-23 00:09:53][FLASK] - AUDIO: {'audio': 'pingvol'}
[2025-02-23 00:10:03][FLASK] - AUDIO: {'audio': 'pingvol'}
[2025-02-23 00:10:13][FLASK] - AUDIO: {'audio': 'pingvol'}
[2025-02-23 00:10:23][FLASK] - AUDIO: {'audio': 'pingvol'}
[2025-02-23 00:10:33][FLASK] - AUDIO: {'audio': 'pingvol'}
[2025-02-23 00:10:43][FLASK] - AUDIO: {'audio': 'pingvol'}
[2025-02-23 00:10:53][FLASK] - AUDIO: {'audio': 'pingvol'}
[2025-02-23 00:11:03][FLASK] - AUDIO: {'audio': 'pingvol'}
[2025-02-23 00:11:13][FLASK] - AUDIO: {'audio': 'pingvol'}
[2025-02-23 00:11:23][FLASK] - AUDIO: {'audio': 'pingvol'}
[2025-02-23 00:11:33][FLASK] - AUDIO: {'audio': 'pingvol'}
[2025-02-23 00:11:43][FLASK] - AUDIO: {'audio': 'pingvol'}
[2025-02-23 00:11:53][FLASK] - AUDIO: {'audio': 'pingvol'}
[2025-02-23 00:12:03][FLASK] - AUDIO: {'audio': 'pingvol'}
[2025-02-23 00:12:14][FLASK] - AUDIO: {'audio': 'pingvol'}
[2025-02-23 00:12:24][FLASK] - AUDIO: {'audio': 'pingvol'}
[2025-02-23 00:12:34][FLASK] - AUDIO: {'audio': 'pingvol'}
[2025-02-23 00:12:44][FLASK] - AUDIO: {'audio': 'pingvol'}
[2025-02-23 00:12:54][FLASK] - AUDIO: {'audio': 'pingvol'}
[2025-02-23 00:13:04][FLASK] - AUDIO: {'audio': 'pingvol'}
[2025-02-23 00:13:14][FLASK] - AUDIO: {'audio': 'pingvol'}
[2025-02-23 00:13:24][FLASK] - AUDIO: {'audio': 'pingvol'}
[2025-02-23 00:13:34][FLASK] - AUDIO: {'audio': 'pingvol'}
[2025-02-23 00:13:44][FLASK] - AUDIO: {'audio': 'pingvol'}
[2025-02-23 00:13:54][FLASK] - AUDIO: {'audio': 'pingvol'}
[2025-02-23 00:14:04][FLASK] - AUDIO: {'audio': 'pingvol'}
[2025-02-23 00:14:14][FLASK] - AUDIO: {'audio': 'pingvol'}
[2025-02-23 00:14:24][FLASK] - AUDIO: {'audio': 'pingvol'}
[2025-02-23 00:14:34][FLASK] - AUDIO: {'audio': 'pingvol'}
[2025-02-23 00:14:44][FLASK] - AUDIO: {'audio': 'pingvol'}
[2025-02-23 00:14:54][FLASK] - AUDIO: {'audio': 'pingvol'}
[2025-02-23 00:15:04][FLASK] - AUDIO: {'audio': 'pingvol'}
[2025-02-23 00:15:14][FLASK] - AUDIO: {'audio': 'pingvol'}
[2025-02-23 00:15:24][FLASK] - AUDIO: {'audio': 'pingvol'}
[2025-02-23 00:15:34][FLASK] - AUDIO: {'audio': 'pingvol'}
[2025-02-23 00:15:44][FLASK] - AUDIO: {'audio': 'pingvol'}
[2025-02-23 00:15:55][FLASK] - AUDIO: {'audio': 'pingvol'}
[2025-02-23 00:16:05][FLASK] - AUDIO: {'audio': 'pingvol'}
[2025-02-23 00:16:15][FLASK] - AUDIO: {'audio': 'pingvol'}
[2025-02-23 00:16:25][FLASK] - AUDIO: {'audio': 'pingvol'}
[2025-02-23 00:16:35][FLASK] - AUDIO: {'audio': 'pingvol'}
[2025-02-23 00:16:45][FLASK] - AUDIO: {'audio': 'pingvol'}
[2025-02-23 00:16:55][FLASK] - AUDIO: {'audio': 'pingvol'}
[2025-02-23 00:17:05][FLASK] - AUDIO: {'audio': 'pingvol'}
[2025-02-23 00:17:15][FLASK] - AUDIO: {'audio': 'pingvol'}
[2025-02-23 00:17:25][FLASK] - AUDIO: {'audio': 'pingvol'}
[2025-02-23 00:17:35][FLASK] - AUDIO: {'audio': 'pingvol'}
[2025-02-23 00:17:45][FLASK] - AUDIO: {'audio': 'pingvol'}
[2025-02-23 00:17:55][FLASK] - AUDIO: {'audio': 'pingvol'}
[2025-02-23 00:18:05][FLASK] - AUDIO: {'audio': 'pingvol'}
[2025-02-23 00:18:15][FLASK] - AUDIO: {'audio': 'pingvol'}
[2025-02-23 00:18:25][FLASK] - AUDIO: {'audio': 'pingvol'}
[2025-02-23 00:18:35][FLASK] - AUDIO: {'audio': 'pingvol'}
[2025-02-23 00:18:35][MAIN] - To Arduino: AUDIOPINGVOL
[2025-02-23 00:18:45][FLASK] - AUDIO: {'audio': 'pingvol'}
[2025-02-23 00:18:55][FLASK] - AUDIO: {'audio': 'pingvol'}
[2025-02-23 00:19:06][FLASK] - AUDIO: {'audio': 'pingvol'}
[2025-02-23 00:19:16][FLASK] - AUDIO: {'audio': 'pingvol'}
[2025-02-23 00:19:26][FLASK] - AUDIO: {'audio': 'pingvol'}
[2025-02-23 00:19:36][FLASK] - AUDIO: {'audio': 'pingvol'}
[2025-02-23 00:19:46][FLASK] - AUDIO: {'audio': 'pingvol'}
[2025-02-23 00:19:56][FLASK] - AUDIO: {'audio': 'pingvol'}
[2025-02-23 00:20:06][FLASK] - AUDIO: {'audio': 'pingvol'}
[2025-02-23 00:20:16][FLASK] - AUDIO: {'audio': 'pingvol'}
[2025-02-23 00:20:26][FLASK] - AUDIO: {'audio': 'pingvol'}
[2025-02-23 00:20:36][FLASK] - AUDIO: {'audio': 'pingvol'}
[2025-02-23 00:20:46][FLASK] - AUDIO: {'audio': 'pingvol'}
[2025-02-23 00:20:56][FLASK] - AUDIO: {'audio': 'pingvol'}
[2025-02-23 00:21:06][FLASK] - AUDIO: {'audio': 'pingvol'}
[2025-02-23 00:21:16][FLASK] - AUDIO: {'audio': 'pingvol'}
[2025-02-23 00:21:26][FLASK] - AUDIO: {'audio': 'pingvol'}
[2025-02-23 00:21:36][FLASK] - AUDIO: {'audio': 'pingvol'}
[2025-02-23 00:21:46][FLASK] - AUDIO: {'audio': 'pingvol'}
[2025-02-23 00:21:56][FLASK] - AUDIO: {'audio': 'pingvol'}
[2025-02-23 00:22:06][FLASK] - AUDIO: {'audio': 'pingvol'}
[2025-02-23 00:22:16][FLASK] - AUDIO: {'audio': 'pingvol'}
[2025-02-23 00:22:26][FLASK] - AUDIO: {'audio': 'pingvol'}
[2025-02-23 00:22:36][FLASK] - AUDIO: {'audio': 'pingvol'}
[2025-02-23 00:22:46][FLASK] - AUDIO: {'audio': 'pingvol'}
[2025-02-23 00:22:57][FLASK] - AUDIO: {'audio': 'pingvol'}
[2025-02-23 00:23:07][FLASK] - AUDIO: {'audio': 'pingvol'}
[2025-02-23 00:23:17][FLASK] - AUDIO: {'audio': 'pingvol'}
[2025-02-23 00:23:27][FLASK] - AUDIO: {'audio': 'pingvol'}
[2025-02-23 00:23:37][FLASK] - AUDIO: {'audio': 'pingvol'}
[2025-02-23 00:23:47][FLASK] - AUDIO: {'audio': 'pingvol'}
[2025-02-23 00:23:57][FLASK] - AUDIO: {'audio': 'pingvol'}
[2025-02-23 00:24:07][FLASK] - AUDIO: {'audio': 'pingvol'}
[2025-02-23 00:24:17][FLASK] - AUDIO: {'audio': 'pingvol'}
[2025-02-23 00:24:27][FLASK] - AUDIO: {'audio': 'pingvol'}
[2025-02-23 00:24:37][FLASK] - AUDIO: {'audio': 'pingvol'}
[2025-02-23 00:24:47][FLASK] - AUDIO: {'audio': 'pingvol'}
[2025-02-23 00:24:57][FLASK] - AUDIO: {'audio': 'pingvol'}
[2025-02-23 00:25:07][FLASK] - AUDIO: {'audio': 'pingvol'}
[2025-02-23 00:25:17][FLASK] - AUDIO: {'audio': 'pingvol'}
[2025-02-23 00:25:27][FLASK] - AUDIO: {'audio': 'pingvol'}
[2025-02-23 00:25:37][FLASK] - AUDIO: {'audio': 'pingvol'}
[2025-02-23 00:25:47][FLASK] - AUDIO: {'audio': 'pingvol'}
[2025-02-23 00:25:57][FLASK] - AUDIO: {'audio': 'pingvol'}
[2025-02-23 00:26:07][FLASK] - AUDIO: {'audio': 'pingvol'}
[2025-02-23 00:26:17][FLASK] - AUDIO: {'audio': 'pingvol'}
[2025-02-23 00:26:27][FLASK] - AUDIO: {'audio': 'pingvol'}
[2025-02-23 00:26:38][FLASK] - AUDIO: {'audio': 'pingvol'}
[2025-02-23 00:26:48][FLASK] - AUDIO: {'audio': 'pingvol'}
[2025-02-23 00:26:58][FLASK] - AUDIO: {'audio': 'pingvol'}
[2025-02-23 00:27:08][FLASK] - AUDIO: {'audio': 'pingvol'}
[2025-02-23 00:27:18][FLASK] - AUDIO: {'audio': 'pingvol'}
[2025-02-23 00:27:28][FLASK] - AUDIO: {'audio': 'pingvol'}
[2025-02-23 00:27:38][FLASK] - AUDIO: {'audio': 'pingvol'}
[2025-02-23 00:27:48][FLASK] - AUDIO: {'audio': 'pingvol'}
[2025-02-23 00:27:58][FLASK] - AUDIO: {'audio': 'pingvol'}
[2025-02-23 00:28:08][FLASK] - AUDIO: {'audio': 'pingvol'}
[2025-02-23 00:28:18][FLASK] - AUDIO: {'audio': 'pingvol'}
[2025-02-23 00:28:28][FLASK] - AUDIO: {'audio': 'pingvol'}
[2025-02-23 00:28:38][FLASK] - AUDIO: {'audio': 'pingvol'}
[2025-02-23 00:28:48][FLASK] - AUDIO: {'audio': 'pingvol'}
[2025-02-23 00:28:58][FLASK] - AUDIO: {'audio': 'pingvol'}
[2025-02-23 00:29:08][FLASK] - AUDIO: {'audio': 'pingvol'}
[2025-02-23 00:29:18][FLASK] - AUDIO: {'audio': 'pingvol'}
[2025-02-23 00:29:28][FLASK] - AUDIO: {'audio': 'pingvol'}
[2025-02-23 00:29:38][FLASK] - AUDIO: {'audio': 'pingvol'}
[2025-02-23 00:29:48][FLASK] - AUDIO: {'audio': 'pingvol'}
[2025-02-23 00:29:58][FLASK] - AUDIO: {'audio': 'pingvol'}
[2025-02-23 00:30:09][FLASK] - AUDIO: {'audio': 'pingvol'}
[2025-02-23 00:30:19][FLASK] - AUDIO: {'audio': 'pingvol'}
[2025-02-23 00:30:29][FLASK] - AUDIO: {'audio': 'pingvol'}
[2025-02-23 00:30:39][FLASK] - AUDIO: {'audio': 'pingvol'}
[2025-02-23 00:30:49][FLASK] - AUDIO: {'audio': 'pingvol'}
[2025-02-23 00:30:59][FLASK] - AUDIO: {'audio': 'pingvol'}
[2025-02-23 00:31:09][FLASK] - AUDIO: {'audio': 'pingvol'}
[2025-02-23 00:31:19][FLASK] - AUDIO: {'audio': 'pingvol'}
[2025-02-23 00:31:29][FLASK] - AUDIO: {'audio': 'pingvol'}
[2025-02-23 00:31:39][FLASK] - AUDIO: {'audio': 'pingvol'}
[2025-02-23 00:31:49][FLASK] - AUDIO: {'audio': 'pingvol'}
[2025-02-23 00:31:59][FLASK] - AUDIO: {'audio': 'pingvol'}
[2025-02-23 00:32:09][FLASK] - AUDIO: {'audio': 'pingvol'}
[2025-02-23 00:32:19][FLASK] - AUDIO: {'audio': 'pingvol'}
[2025-02-23 00:32:29][FLASK] - AUDIO: {'audio': 'pingvol'}
[2025-02-23 00:32:39][FLASK] - AUDIO: {'audio': 'pingvol'}
[2025-02-23 00:32:49][FLASK] - AUDIO: {'audio': 'pingvol'}
[2025-02-23 00:32:59][FLASK] - AUDIO: {'audio': 'pingvol'}
[2025-02-23 00:33:09][FLASK] - AUDIO: {'audio': 'pingvol'}
[2025-02-23 00:33:19][FLASK] - AUDIO: {'audio': 'pingvol'}
[2025-02-23 00:33:29][FLASK] - AUDIO: {'audio': 'pingvol'}
[2025-02-23 00:33:39][FLASK] - AUDIO: {'audio': 'pingvol'}
[2025-02-23 00:33:49][FLASK] - AUDIO: {'audio': 'pingvol'}
[2025-02-23 00:33:59][FLASK] - AUDIO: {'audio': 'pingvol'}
[2025-02-23 00:34:10][FLASK] - AUDIO: {'audio': 'pingvol'}
[2025-02-23 00:34:20][FLASK] - AUDIO: {'audio': 'pingvol'}
[2025-02-23 00:34:30][FLASK] - AUDIO: {'audio': 'pingvol'}
[2025-02-23 00:34:40][FLASK] - AUDIO: {'audio': 'pingvol'}
[2025-02-23 00:34:50][FLASK] - AUDIO: {'audio': 'pingvol'}
[2025-02-23 00:35:00][FLASK] - AUDIO: {'audio': 'pingvol'}
[2025-02-23 00:35:10][FLASK] - AUDIO: {'audio': 'pingvol'}
[2025-02-23 00:35:20][FLASK] - AUDIO: {'audio': 'pingvol'}
[2025-02-23 00:35:30][FLASK] - AUDIO: {'audio': 'pingvol'}
[2025-02-23 00:35:40][FLASK] - AUDIO: {'audio': 'pingvol'}
[2025-02-23 00:35:50][FLASK] - AUDIO: {'audio': 'pingvol'}
[2025-02-23 00:36:00][FLASK] - AUDIO: {'audio': 'pingvol'}
[2025-02-23 00:36:10][FLASK] - AUDIO: {'audio': 'pingvol'}
[2025-02-23 00:36:20][FLASK] - AUDIO: {'audio': 'pingvol'}
[2025-02-23 00:36:30][FLASK] - AUDIO: {'audio': 'pingvol'}
[2025-02-23 00:36:40][FLASK] - AUDIO: {'audio': 'pingvol'}
[2025-02-23 00:36:50][FLASK] - AUDIO: {'audio': 'pingvol'}
[2025-02-23 00:37:00][FLASK] - AUDIO: {'audio': 'pingvol'}
[2025-02-23 00:37:10][FLASK] - AUDIO: {'audio': 'pingvol'}
[2025-02-23 00:37:20][FLASK] - AUDIO: {'audio': 'pingvol'}
[2025-02-23 00:37:30][FLASK] - AUDIO: {'audio': 'pingvol'}
[2025-02-23 00:37:40][FLASK] - AUDIO: {'audio': 'pingvol'}
[2025-02-23 00:37:50][FLASK] - AUDIO: {'audio': 'pingvol'}
[2025-02-23 00:38:00][FLASK] - AUDIO: {'audio': 'pingvol'}
[2025-02-23 00:38:11][FLASK] - AUDIO: {'audio': 'pingvol'}
[2025-02-23 00:38:21][FLASK] - AUDIO: {'audio': 'pingvol'}
[2025-02-23 00:38:31][FLASK] - AUDIO: {'audio': 'pingvol'}
[2025-02-23 00:38:41][FLASK] - AUDIO: {'audio': 'pingvol'}
[2025-02-23 00:38:51][FLASK] - AUDIO: {'audio': 'pingvol'}
[2025-02-23 00:39:01][FLASK] - AUDIO: {'audio': 'pingvol'}
[2025-02-23 00:39:11][FLASK] - AUDIO: {'audio': 'pingvol'}
[2025-02-23 00:39:21][FLASK] - AUDIO: {'audio': 'pingvol'}
[2025-02-23 00:39:31][FLASK] - AUDIO: {'audio': 'pingvol'}
[2025-02-23 00:39:41][FLASK] - AUDIO: {'audio': 'pingvol'}
[2025-02-23 00:39:51][FLASK] - AUDIO: {'audio': 'pingvol'}
[2025-02-23 00:40:01][FLASK] - AUDIO: {'audio': 'pingvol'}
[2025-02-23 00:40:11][FLASK] - AUDIO: {'audio': 'pingvol'}
[2025-02-23 00:40:21][FLASK] - AUDIO: {'audio': 'pingvol'}
[2025-02-23 00:40:31][FLASK] - AUDIO: {'audio': 'pingvol'}
[2025-02-23 00:40:41][FLASK] - AUDIO: {'audio': 'pingvol'}
[2025-02-23 00:40:51][FLASK] - AUDIO: {'audio': 'pingvol'}
[2025-02-23 00:41:01][FLASK] - AUDIO: {'audio': 'pingvol'}
[2025-02-23 00:41:11][FLASK] - AUDIO: {'audio': 'pingvol'}
[2025-02-23 00:41:21][FLASK] - AUDIO: {'audio': 'pingvol'}
[2025-02-23 00:41:31][FLASK] - AUDIO: {'audio': 'pingvol'}
[2025-02-23 00:41:41][FLASK] - AUDIO: {'audio': 'pingvol'}
[2025-02-23 00:41:51][FLASK] - AUDIO: {'audio': 'pingvol'}
[2025-02-23 00:42:01][FLASK] - AUDIO: {'audio': 'pingvol'}
[2025-02-23 00:42:12][FLASK] - AUDIO: {'audio': 'pingvol'}
[2025-02-23 00:42:22][FLASK] - AUDIO: {'audio': 'pingvol'}
[2025-02-23 00:42:32][FLASK] - AUDIO: {'audio': 'pingvol'}
[2025-02-23 00:42:42][FLASK] - AUDIO: {'audio': 'pingvol'}
[2025-02-23 00:42:52][FLASK] - AUDIO: {'audio': 'pingvol'}
[2025-02-23 00:43:02][FLASK] - AUDIO: {'audio': 'pingvol'}
[2025-02-23 00:43:12][FLASK] - AUDIO: {'audio': 'pingvol'}
[2025-02-23 00:43:22][FLASK] - AUDIO: {'audio': 'pingvol'}
[2025-02-23 00:43:32][FLASK] - AUDIO: {'audio': 'pingvol'}
[2025-02-23 00:43:42][FLASK] - AUDIO: {'audio': 'pingvol'}
[2025-02-23 00:43:52][FLASK] - AUDIO: {'audio': 'pingvol'}
[2025-02-23 00:44:02][FLASK] - AUDIO: {'audio': 'pingvol'}
[2025-02-23 00:44:12][FLASK] - AUDIO: {'audio': 'pingvol'}
[2025-02-23 00:44:22][FLASK] - AUDIO: {'audio': 'pingvol'}
[2025-02-23 00:44:32][FLASK] - AUDIO: {'audio': 'pingvol'}
[2025-02-23 00:44:42][FLASK] - AUDIO: {'audio': 'pingvol'}
[2025-02-23 00:44:52][FLASK] - AUDIO: {'audio': 'pingvol'}
[2025-02-23 00:45:02][FLASK] - AUDIO: {'audio': 'pingvol'}
[2025-02-23 00:45:12][FLASK] - AUDIO: {'audio': 'pingvol'}
[2025-02-23 00:45:22][FLASK] - AUDIO: {'audio': 'pingvol'}
[2025-02-23 00:45:32][FLASK] - AUDIO: {'audio': 'pingvol'}
[2025-02-23 00:45:42][FLASK] - AUDIO: {'audio': 'pingvol'}
[2025-02-23 00:45:52][FLASK] - AUDIO: {'audio': 'pingvol'}
[2025-02-23 00:46:02][FLASK] - AUDIO: {'audio': 'pingvol'}
[2025-02-23 00:46:12][FLASK] - AUDIO: {'audio': 'pingvol'}
[2025-02-23 00:46:22][FLASK] - AUDIO: {'audio': 'pingvol'}
[2025-02-23 00:46:32][FLASK] - AUDIO: {'audio': 'pingvol'}
[2025-02-23 00:46:43][FLASK] - AUDIO: {'audio': 'pingvol'}
[2025-02-23 00:46:53][FLASK] - AUDIO: {'audio': 'pingvol'}
[2025-02-23 00:47:03][FLASK] - AUDIO: {'audio': 'pingvol'}
[2025-02-23 00:47:13][FLASK] - AUDIO: {'audio': 'pingvol'}
[2025-02-23 00:47:23][FLASK] - AUDIO: {'audio': 'pingvol'}
[2025-02-23 00:47:33][FLASK] - AUDIO: {'audio': 'pingvol'}
[2025-02-23 00:47:43][FLASK] - AUDIO: {'audio': 'pingvol'}
[2025-02-23 00:47:53][FLASK] - AUDIO: {'audio': 'pingvol'}
[2025-02-23 00:48:03][FLASK] - AUDIO: {'audio': 'pingvol'}
[2025-02-23 00:48:13][FLASK] - AUDIO: {'audio': 'pingvol'}
[2025-02-23 00:48:23][FLASK] - AUDIO: {'audio': 'pingvol'}
[2025-02-23 00:48:33][FLASK] - AUDIO: {'audio': 'pingvol'}
[2025-02-23 00:48:43][FLASK] - AUDIO: {'audio': 'pingvol'}
[2025-02-23 00:48:53][FLASK] - AUDIO: {'audio': 'pingvol'}
[2025-02-23 00:49:03][FLASK] - AUDIO: {'audio': 'pingvol'}
[2025-02-23 00:49:13][FLASK] - AUDIO: {'audio': 'pingvol'}
[2025-02-23 00:49:23][FLASK] - AUDIO: {'audio': 'pingvol'}
[2025-02-23 00:49:33][FLASK] - AUDIO: {'audio': 'pingvol'}
[2025-02-23 00:49:43][FLASK] - AUDIO: {'audio': 'pingvol'}
[2025-02-23 00:49:53][FLASK] - AUDIO: {'audio': 'pingvol'}
[2025-02-23 00:50:03][FLASK] - AUDIO: {'audio': 'pingvol'}
[2025-02-23 00:50:13][FLASK] - AUDIO: {'audio': 'pingvol'}
[2025-02-23 00:50:23][FLASK] - AUDIO: {'audio': 'pingvol'}
[2025-02-23 00:50:33][FLASK] - AUDIO: {'audio': 'pingvol'}
[2025-02-23 00:50:43][FLASK] - AUDIO: {'audio': 'pingvol'}
[2025-02-23 00:50:53][FLASK] - AUDIO: {'audio': 'pingvol'}
[2025-02-23 00:51:04][FLASK] - AUDIO: {'audio': 'pingvol'}
[2025-02-23 00:51:14][FLASK] - AUDIO: {'audio': 'pingvol'}
[2025-02-23 00:51:24][FLASK] - AUDIO: {'audio': 'pingvol'}
[2025-02-23 00:51:34][FLASK] - AUDIO: {'audio': 'pingvol'}
[2025-02-23 00:51:44][FLASK] - AUDIO: {'audio': 'pingvol'}
[2025-02-23 00:51:54][FLASK] - AUDIO: {'audio': 'pingvol'}
[2025-02-23 00:52:04][FLASK] - AUDIO: {'audio': 'pingvol'}
[2025-02-23 00:52:14][FLASK] - AUDIO: {'audio': 'pingvol'}
[2025-02-23 00:52:24][FLASK] - AUDIO: {'audio': 'pingvol'}
[2025-02-23 00:52:34][FLASK] - AUDIO: {'audio': 'pingvol'}
[2025-02-23 00:52:44][FLASK] - AUDIO: {'audio': 'pingvol'}
[2025-02-23 00:52:54][FLASK] - AUDIO: {'audio': 'pingvol'}
[2025-02-23 00:53:04][FLASK] - AUDIO: {'audio': 'pingvol'}
[2025-02-23 00:53:14][FLASK] - AUDIO: {'audio': 'pingvol'}
[2025-02-23 00:53:24][FLASK] - AUDIO: {'audio': 'pingvol'}
[2025-02-23 00:53:34][FLASK] - AUDIO: {'audio': 'pingvol'}
[2025-02-23 00:53:44][FLASK] - AUDIO: {'audio': 'pingvol'}
[2025-02-23 00:53:54][FLASK] - AUDIO: {'audio': 'pingvol'}
[2025-02-23 00:54:04][FLASK] - AUDIO: {'audio': 'pingvol'}
[2025-02-23 00:54:14][FLASK] - AUDIO: {'audio': 'pingvol'}
[2025-02-23 00:54:24][FLASK] - AUDIO: {'audio': 'pingvol'}
[2025-02-23 00:54:34][FLASK] - AUDIO: {'audio': 'pingvol'}
[2025-02-23 00:54:45][FLASK] - AUDIO: {'audio': 'pingvol'}
[2025-02-23 00:54:55][FLASK] - AUDIO: {'audio': 'pingvol'}
[2025-02-23 00:55:05][FLASK] - AUDIO: {'audio': 'pingvol'}
[2025-02-23 00:55:15][FLASK] - AUDIO: {'audio': 'pingvol'}
[2025-02-23 00:55:25][FLASK] - AUDIO: {'audio': 'pingvol'}
[2025-02-23 00:55:35][FLASK] - AUDIO: {'audio': 'pingvol'}
[2025-02-23 00:55:45][FLASK] - AUDIO: {'audio': 'pingvol'}
[2025-02-23 00:55:55][FLASK] - AUDIO: {'audio': 'pingvol'}
[2025-02-23 00:56:05][FLASK] - AUDIO: {'audio': 'pingvol'}
[2025-02-23 00:56:15][FLASK] - AUDIO: {'audio': 'pingvol'}
[2025-02-23 00:56:25][FLASK] - AUDIO: {'audio': 'pingvol'}
[2025-02-23 00:56:35][FLASK] - AUDIO: {'audio': 'pingvol'}
[2025-02-23 00:56:45][FLASK] - AUDIO: {'audio': 'pingvol'}
[2025-02-23 00:56:55][FLASK] - AUDIO: {'audio': 'pingvol'}
[2025-02-23 00:57:05][FLASK] - AUDIO: {'audio': 'pingvol'}
[2025-02-23 00:57:15][FLASK] - AUDIO: {'audio': 'pingvol'}
[2025-02-23 00:57:25][FLASK] - AUDIO: {'audio': 'pingvol'}
[2025-02-23 00:57:35][FLASK] - AUDIO: {'audio': 'pingvol'}
[2025-02-23 00:57:45][FLASK] - AUDIO: {'audio': 'pingvol'}
[2025-02-23 00:57:55][FLASK] - AUDIO: {'audio': 'pingvol'}
[2025-02-23 00:58:05][FLASK] - AUDIO: {'audio': 'pingvol'}
[2025-02-23 00:58:15][FLASK] - AUDIO: {'audio': 'pingvol'}
[2025-02-23 00:58:25][FLASK] - AUDIO: {'audio': 'pingvol'}
[2025-02-23 00:58:35][FLASK] - AUDIO: {'audio': 'pingvol'}
[2025-02-23 00:58:46][FLASK] - AUDIO: {'audio': 'pingvol'}
[2025-02-23 00:58:56][FLASK] - AUDIO: {'audio': 'pingvol'}
[2025-02-23 00:59:06][FLASK] - AUDIO: {'audio': 'pingvol'}
[2025-02-23 00:59:16][FLASK] - AUDIO: {'audio': 'pingvol'}
[2025-02-23 00:59:26][FLASK] - AUDIO: {'audio': 'pingvol'}
[2025-02-23 00:59:36][FLASK] - AUDIO: {'audio': 'pingvol'}
[2025-02-23 00:59:46][FLASK] - AUDIO: {'audio': 'pingvol'}
[2025-02-23 00:59:56][FLASK] - AUDIO: {'audio': 'pingvol'}
[2025-02-23 01:00:06][FLASK] - AUDIO: {'audio': 'pingvol'}
[2025-02-23 01:00:16][FLASK] - AUDIO: {'audio': 'pingvol'}
[2025-02-23 01:00:26][FLASK] - AUDIO: {'audio': 'pingvol'}
[2025-02-23 01:00:36][FLASK] - AUDIO: {'audio': 'pingvol'}
[2025-02-23 01:00:46][FLASK] - AUDIO: {'audio': 'pingvol'}
[2025-02-23 01:00:56][FLASK] - AUDIO: {'audio': 'pingvol'}
[2025-02-23 01:01:06][FLASK] - AUDIO: {'audio': 'pingvol'}
[2025-02-23 01:01:16][FLASK] - AUDIO: {'audio': 'pingvol'}
[2025-02-23 01:01:26][FLASK] - AUDIO: {'audio': 'pingvol'}
[2025-02-23 01:01:36][FLASK] - AUDIO: {'audio': 'pingvol'}
[2025-02-23 01:01:46][FLASK] - AUDIO: {'audio': 'pingvol'}
[2025-02-23 01:01:56][FLASK] - AUDIO: {'audio': 'pingvol'}
[2025-02-23 01:02:06][FLASK] - AUDIO: {'audio': 'pingvol'}
[2025-02-23 01:02:16][FLASK] - AUDIO: {'audio': 'pingvol'}
[2025-02-23 01:02:26][FLASK] - AUDIO: {'audio': 'pingvol'}
[2025-02-23 01:02:36][FLASK] - AUDIO: {'audio': 'pingvol'}
[2025-02-23 01:02:47][FLASK] - AUDIO: {'audio': 'pingvol'}
[2025-02-23 01:02:57][FLASK] - AUDIO: {'audio': 'pingvol'}
[2025-02-23 01:03:07][FLASK] - AUDIO: {'audio': 'pingvol'}
[2025-02-23 01:03:17][FLASK] - AUDIO: {'audio': 'pingvol'}
[2025-02-23 01:03:27][FLASK] - AUDIO: {'audio': 'pingvol'}
[2025-02-23 01:03:37][FLASK] - AUDIO: {'audio': 'pingvol'}
[2025-02-23 01:03:47][FLASK] - AUDIO: {'audio': 'pingvol'}
[2025-02-23 01:03:57][FLASK] - AUDIO: {'audio': 'pingvol'}
[2025-02-23 01:04:07][FLASK] - AUDIO: {'audio': 'pingvol'}
[2025-02-23 01:04:17][FLASK] - AUDIO: {'audio': 'pingvol'}
[2025-02-23 01:04:27][FLASK] - AUDIO: {'audio': 'pingvol'}
[2025-02-23 01:04:37][FLASK] - AUDIO: {'audio': 'pingvol'}
[2025-02-23 01:04:47][FLASK] - AUDIO: {'audio': 'pingvol'}
[2025-02-23 01:04:57][FLASK] - AUDIO: {'audio': 'pingvol'}
[2025-02-23 01:05:07][FLASK] - AUDIO: {'audio': 'pingvol'}
[2025-02-23 01:05:17][FLASK] - AUDIO: {'audio': 'pingvol'}
[2025-02-23 01:05:27][FLASK] - AUDIO: {'audio': 'pingvol'}
[2025-02-23 01:05:37][FLASK] - AUDIO: {'audio': 'pingvol'}
[2025-02-23 01:05:47][FLASK] - AUDIO: {'audio': 'pingvol'}
[2025-02-23 01:05:57][FLASK] - AUDIO: {'audio': 'pingvol'}
[2025-02-23 01:06:07][FLASK] - AUDIO: {'audio': 'pingvol'}
[2025-02-23 01:06:17][FLASK] - AUDIO: {'audio': 'pingvol'}
[2025-02-23 01:06:27][FLASK] - AUDIO: {'audio': 'pingvol'}
[2025-02-23 01:06:37][FLASK] - AUDIO: {'audio': 'pingvol'}
[2025-02-23 01:06:48][FLASK] - AUDIO: {'audio': 'pingvol'}
[2025-02-23 01:06:58][FLASK] - AUDIO: {'audio': 'pingvol'}
[2025-02-23 01:07:08][FLASK] - AUDIO: {'audio': 'pingvol'}
[2025-02-23 01:07:18][FLASK] - AUDIO: {'audio': 'pingvol'}
[2025-02-23 01:07:28][FLASK] - AUDIO: {'audio': 'pingvol'}
[2025-02-23 01:07:38][FLASK] - AUDIO: {'audio': 'pingvol'}
[2025-02-23 01:07:48][FLASK] - AUDIO: {'audio': 'pingvol'}
[2025-02-23 01:07:58][FLASK] - AUDIO: {'audio': 'pingvol'}
[2025-02-23 01:08:08][FLASK] - AUDIO: {'audio': 'pingvol'}
[2025-02-23 01:08:18][FLASK] - AUDIO: {'audio': 'pingvol'}
[2025-02-23 01:08:28][FLASK] - AUDIO: {'audio': 'pingvol'}
[2025-02-23 01:08:38][FLASK] - AUDIO: {'audio': 'pingvol'}
[2025-02-23 01:08:48][FLASK] - AUDIO: {'audio': 'pingvol'}
[2025-02-23 01:08:58][FLASK] - AUDIO: {'audio': 'pingvol'}
[2025-02-23 01:09:08][FLASK] - AUDIO: {'audio': 'pingvol'}
[2025-02-23 01:09:18][FLASK] - AUDIO: {'audio': 'pingvol'}
[2025-02-23 01:09:28][FLASK] - AUDIO: {'audio': 'pingvol'}
[2025-02-23 01:09:38][FLASK] - AUDIO: {'audio': 'pingvol'}
[2025-02-23 01:09:48][FLASK] - AUDIO: {'audio': 'pingvol'}
[2025-02-23 01:09:58][FLASK] - AUDIO: {'audio': 'pingvol'}
[2025-02-23 01:10:08][FLASK] - AUDIO: {'audio': 'pingvol'}
[2025-02-23 01:10:18][FLASK] - AUDIO: {'audio': 'pingvol'}
[2025-02-23 01:10:28][FLASK] - AUDIO: {'audio': 'pingvol'}
[2025-02-23 01:10:38][FLASK] - AUDIO: {'audio': 'pingvol'}
[2025-02-23 01:10:49][FLASK] - AUDIO: {'audio': 'pingvol'}
[2025-02-23 01:10:59][FLASK] - AUDIO: {'audio': 'pingvol'}
[2025-02-23 01:11:09][FLASK] - AUDIO: {'audio': 'pingvol'}
[2025-02-23 01:11:19][FLASK] - AUDIO: {'audio': 'pingvol'}
[2025-02-23 01:11:29][FLASK] - AUDIO: {'audio': 'pingvol'}
[2025-02-23 01:11:39][FLASK] - AUDIO: {'audio': 'pingvol'}
[2025-02-23 01:11:49][FLASK] - AUDIO: {'audio': 'pingvol'}
[2025-02-23 01:11:59][FLASK] - AUDIO: {'audio': 'pingvol'}
[2025-02-23 01:12:09][FLASK] - AUDIO: {'audio': 'pingvol'}
[2025-02-23 01:12:19][FLASK] - AUDIO: {'audio': 'pingvol'}
[2025-02-23 01:12:29][FLASK] - AUDIO: {'audio': 'pingvol'}
[2025-02-23 01:12:39][FLASK] - AUDIO: {'audio': 'pingvol'}
[2025-02-23 01:12:49][FLASK] - AUDIO: {'audio': 'pingvol'}
[2025-02-23 01:12:59][FLASK] - AUDIO: {'audio': 'pingvol'}
[2025-02-23 01:13:09][FLASK] - AUDIO: {'audio': 'pingvol'}
[2025-02-23 01:13:19][FLASK] - AUDIO: {'audio': 'pingvol'}
[2025-02-23 01:13:29][FLASK] - AUDIO: {'audio': 'pingvol'}
[2025-02-23 01:13:39][FLASK] - AUDIO: {'audio': 'pingvol'}
[2025-02-23 01:13:49][FLASK] - AUDIO: {'audio': 'pingvol'}
[2025-02-23 01:13:59][FLASK] - AUDIO: {'audio': 'pingvol'}
[2025-02-23 01:14:09][FLASK] - AUDIO: {'audio': 'pingvol'}
[2025-02-23 01:14:20][FLASK] - AUDIO: {'audio': 'pingvol'}
[2025-02-23 01:14:30][FLASK] - AUDIO: {'audio': 'pingvol'}
[2025-02-23 01:14:40][FLASK] - AUDIO: {'audio': 'pingvol'}
[2025-02-23 01:14:50][FLASK] - AUDIO: {'audio': 'pingvol'}
[2025-02-23 01:15:00][FLASK] - AUDIO: {'audio': 'pingvol'}
[2025-02-23 01:15:10][FLASK] - AUDIO: {'audio': 'pingvol'}
[2025-02-23 01:15:20][FLASK] - AUDIO: {'audio': 'pingvol'}
[2025-02-23 01:15:30][FLASK] - AUDIO: {'audio': 'pingvol'}
[2025-02-23 01:15:40][FLASK] - AUDIO: {'audio': 'pingvol'}
[2025-02-23 01:15:50][FLASK] - AUDIO: {'audio': 'pingvol'}
[2025-02-23 01:16:00][FLASK] - AUDIO: {'audio': 'pingvol'}
[2025-02-23 01:16:10][FLASK] - AUDIO: {'audio': 'pingvol'}
[2025-02-23 01:16:20][FLASK] - AUDIO: {'audio': 'pingvol'}
[2025-02-23 01:16:30][FLASK] - AUDIO: {'audio': 'pingvol'}
[2025-02-23 01:16:40][FLASK] - AUDIO: {'audio': 'pingvol'}
[2025-02-23 01:16:50][FLASK] - AUDIO: {'audio': 'pingvol'}
[2025-02-23 01:17:00][FLASK] - AUDIO: {'audio': 'pingvol'}
[2025-02-23 01:17:10][FLASK] - AUDIO: {'audio': 'pingvol'}
[2025-02-23 01:17:20][FLASK] - AUDIO: {'audio': 'pingvol'}
[2025-02-23 01:17:30][FLASK] - AUDIO: {'audio': 'pingvol'}
[2025-02-23 01:17:40][FLASK] - AUDIO: {'audio': 'pingvol'}
[2025-02-23 01:17:50][FLASK] - AUDIO: {'audio': 'pingvol'}
[2025-02-23 01:18:01][FLASK] - AUDIO: {'audio': 'pingvol'}
[2025-02-23 01:18:11][FLASK] - AUDIO: {'audio': 'pingvol'}
[2025-02-23 01:18:21][FLASK] - AUDIO: {'audio': 'pingvol'}
[2025-02-23 01:18:31][FLASK] - AUDIO: {'audio': 'pingvol'}
[2025-02-23 01:18:41][FLASK] - AUDIO: {'audio': 'pingvol'}
[2025-02-23 01:18:51][FLASK] - AUDIO: {'audio': 'pingvol'}
[2025-02-23 01:18:51][MAIN] - To Arduino: AUDIOPINGVOL
[2025-02-23 01:19:01][FLASK] - AUDIO: {'audio': 'pingvol'}
[2025-02-23 01:19:11][FLASK] - AUDIO: {'audio': 'pingvol'}
[2025-02-23 01:19:21][FLASK] - AUDIO: {'audio': 'pingvol'}
[2025-02-23 01:19:31][FLASK] - AUDIO: {'audio': 'pingvol'}
[2025-02-23 01:19:41][FLASK] - AUDIO: {'audio': 'pingvol'}
[2025-02-23 01:19:51][FLASK] - AUDIO: {'audio': 'pingvol'}
[2025-02-23 01:20:01][FLASK] - AUDIO: {'audio': 'pingvol'}
[2025-02-23 01:20:11][FLASK] - AUDIO: {'audio': 'pingvol'}
[2025-02-23 01:20:21][FLASK] - AUDIO: {'audio': 'pingvol'}
[2025-02-23 01:20:31][FLASK] - AUDIO: {'audio': 'pingvol'}
[2025-02-23 01:20:41][FLASK] - AUDIO: {'audio': 'pingvol'}
[2025-02-23 01:20:51][FLASK] - AUDIO: {'audio': 'pingvol'}
[2025-02-23 01:21:01][FLASK] - AUDIO: {'audio': 'pingvol'}
[2025-02-23 01:21:11][FLASK] - AUDIO: {'audio': 'pingvol'}
[2025-02-23 01:21:21][FLASK] - AUDIO: {'audio': 'pingvol'}
[2025-02-23 01:21:31][FLASK] - AUDIO: {'audio': 'pingvol'}
[2025-02-23 01:21:41][FLASK] - AUDIO: {'audio': 'pingvol'}
[2025-02-23 01:21:51][FLASK] - AUDIO: {'audio': 'pingvol'}
[2025-02-23 01:22:02][FLASK] - AUDIO: {'audio': 'pingvol'}
[2025-02-23 01:22:12][FLASK] - AUDIO: {'audio': 'pingvol'}
[2025-02-23 01:22:22][FLASK] - AUDIO: {'audio': 'pingvol'}
[2025-02-23 01:22:32][FLASK] - AUDIO: {'audio': 'pingvol'}
[2025-02-23 01:22:42][FLASK] - AUDIO: {'audio': 'pingvol'}
[2025-02-23 01:22:52][FLASK] - AUDIO: {'audio': 'pingvol'}
[2025-02-23 01:23:02][FLASK] - AUDIO: {'audio': 'pingvol'}
[2025-02-23 01:23:12][FLASK] - AUDIO: {'audio': 'pingvol'}
[2025-02-23 01:23:22][FLASK] - AUDIO: {'audio': 'pingvol'}
[2025-02-23 01:23:32][FLASK] - AUDIO: {'audio': 'pingvol'}
[2025-02-23 01:23:42][FLASK] - AUDIO: {'audio': 'pingvol'}
[2025-02-23 01:23:52][FLASK] - AUDIO: {'audio': 'pingvol'}
[2025-02-23 01:24:02][FLASK] - AUDIO: {'audio': 'pingvol'}
[2025-02-23 01:24:12][FLASK] - AUDIO: {'audio': 'pingvol'}
[2025-02-23 01:24:22][FLASK] - AUDIO: {'audio': 'pingvol'}
[2025-02-23 01:24:32][FLASK] - AUDIO: {'audio': 'pingvol'}
[2025-02-23 01:24:42][FLASK] - AUDIO: {'audio': 'pingvol'}
[2025-02-23 01:24:52][FLASK] - AUDIO: {'audio': 'pingvol'}
[2025-02-23 01:25:02][FLASK] - AUDIO: {'audio': 'pingvol'}
[2025-02-23 01:25:12][FLASK] - AUDIO: {'audio': 'pingvol'}
[2025-02-23 01:25:22][FLASK] - AUDIO: {'audio': 'pingvol'}
[2025-02-23 01:25:32][FLASK] - AUDIO: {'audio': 'pingvol'}
[2025-02-23 01:25:42][FLASK] - AUDIO: {'audio': 'pingvol'}
[2025-02-23 01:25:52][FLASK] - AUDIO: {'audio': 'pingvol'}
[2025-02-23 01:26:02][FLASK] - AUDIO: {'audio': 'pingvol'}
[2025-02-23 01:26:12][FLASK] - AUDIO: {'audio': 'pingvol'}
[2025-02-23 01:26:22][FLASK] - AUDIO: {'audio': 'pingvol'}
[2025-02-23 01:26:33][FLASK] - AUDIO: {'audio': 'pingvol'}
[2025-02-23 01:26:43][FLASK] - AUDIO: {'audio': 'pingvol'}
[2025-02-23 01:26:53][FLASK] - AUDIO: {'audio': 'pingvol'}
[2025-02-23 01:27:03][FLASK] - AUDIO: {'audio': 'pingvol'}
[2025-02-23 01:27:13][FLASK] - AUDIO: {'audio': 'pingvol'}
[2025-02-23 01:27:23][FLASK] - AUDIO: {'audio': 'pingvol'}
[2025-02-23 01:27:33][FLASK] - AUDIO: {'audio': 'pingvol'}
[2025-02-23 01:27:43][FLASK] - AUDIO: {'audio': 'pingvol'}
[2025-02-23 01:27:53][FLASK] - AUDIO: {'audio': 'pingvol'}
[2025-02-23 01:28:03][FLASK] - AUDIO: {'audio': 'pingvol'}
[2025-02-23 01:28:13][FLASK] - AUDIO: {'audio': 'pingvol'}
[2025-02-23 01:28:23][FLASK] - AUDIO: {'audio': 'pingvol'}
[2025-02-23 01:28:33][FLASK] - AUDIO: {'audio': 'pingvol'}
[2025-02-23 01:28:43][FLASK] - AUDIO: {'audio': 'pingvol'}
[2025-02-23 01:28:53][FLASK] - AUDIO: {'audio': 'pingvol'}
[2025-02-23 01:29:03][FLASK] - AUDIO: {'audio': 'pingvol'}
[2025-02-23 01:29:13][FLASK] - AUDIO: {'audio': 'pingvol'}
[2025-02-23 01:29:23][FLASK] - AUDIO: {'audio': 'pingvol'}
[2025-02-23 01:29:33][FLASK] - AUDIO: {'audio': 'pingvol'}
[2025-02-23 01:29:43][FLASK] - AUDIO: {'audio': 'pingvol'}
[2025-02-23 01:29:53][FLASK] - AUDIO: {'audio': 'pingvol'}
[2025-02-23 01:30:03][FLASK] - AUDIO: {'audio': 'pingvol'}
[2025-02-23 01:30:13][FLASK] - AUDIO: {'audio': 'pingvol'}
[2025-02-23 01:30:24][FLASK] - AUDIO: {'audio': 'pingvol'}
[2025-02-23 01:30:34][FLASK] - AUDIO: {'audio': 'pingvol'}
[2025-02-23 01:30:44][FLASK] - AUDIO: {'audio': 'pingvol'}
[2025-02-23 01:30:54][FLASK] - AUDIO: {'audio': 'pingvol'}
[2025-02-23 01:31:04][FLASK] - AUDIO: {'audio': 'pingvol'}
[2025-02-23 01:31:14][FLASK] - AUDIO: {'audio': 'pingvol'}
[2025-02-23 01:31:24][FLASK] - AUDIO: {'audio': 'pingvol'}
[2025-02-23 01:31:34][FLASK] - AUDIO: {'audio': 'pingvol'}
[2025-02-23 01:31:44][FLASK] - AUDIO: {'audio': 'pingvol'}
[2025-02-23 01:31:54][FLASK] - AUDIO: {'audio': 'pingvol'}
[2025-02-23 01:32:04][FLASK] - AUDIO: {'audio': 'pingvol'}
[2025-02-23 01:32:14][FLASK] - AUDIO: {'audio': 'pingvol'}
[2025-02-23 01:32:24][FLASK] - AUDIO: {'audio': 'pingvol'}
[2025-02-23 01:32:34][FLASK] - AUDIO: {'audio': 'pingvol'}
[2025-02-23 01:32:44][FLASK] - AUDIO: {'audio': 'pingvol'}
[2025-02-23 01:32:54][FLASK] - AUDIO: {'audio': 'pingvol'}
[2025-02-23 01:33:04][FLASK] - AUDIO: {'audio': 'pingvol'}
[2025-02-23 01:33:14][FLASK] - AUDIO: {'audio': 'pingvol'}
[2025-02-23 01:33:24][FLASK] - AUDIO: {'audio': 'pingvol'}
[2025-02-23 01:33:34][FLASK] - AUDIO: {'audio': 'pingvol'}
[2025-02-23 01:33:44][FLASK] - AUDIO: {'audio': 'pingvol'}
[2025-02-23 01:33:54][FLASK] - AUDIO: {'audio': 'pingvol'}
[2025-02-23 01:34:04][FLASK] - AUDIO: {'audio': 'pingvol'}
[2025-02-23 01:34:15][FLASK] - AUDIO: {'audio': 'pingvol'}
[2025-02-23 01:34:25][FLASK] - AUDIO: {'audio': 'pingvol'}
[2025-02-23 01:34:35][FLASK] - AUDIO: {'audio': 'pingvol'}
[2025-02-23 01:34:45][FLASK] - AUDIO: {'audio': 'pingvol'}
[2025-02-23 01:34:55][FLASK] - AUDIO: {'audio': 'pingvol'}
[2025-02-23 01:35:05][FLASK] - AUDIO: {'audio': 'pingvol'}
[2025-02-23 01:35:15][FLASK] - AUDIO: {'audio': 'pingvol'}
[2025-02-23 01:35:25][FLASK] - AUDIO: {'audio': 'pingvol'}
[2025-02-23 01:35:35][FLASK] - AUDIO: {'audio': 'pingvol'}
[2025-02-23 01:35:45][FLASK] - AUDIO: {'audio': 'pingvol'}
[2025-02-23 01:35:55][FLASK] - AUDIO: {'audio': 'pingvol'}
[2025-02-23 01:36:05][FLASK] - AUDIO: {'audio': 'pingvol'}
[2025-02-23 01:36:15][FLASK] - AUDIO: {'audio': 'pingvol'}
[2025-02-23 01:36:25][FLASK] - AUDIO: {'audio': 'pingvol'}
[2025-02-23 01:36:35][FLASK] - AUDIO: {'audio': 'pingvol'}
[2025-02-23 01:36:45][FLASK] - AUDIO: {'audio': 'pingvol'}
[2025-02-23 01:36:55][FLASK] - AUDIO: {'audio': 'pingvol'}
[2025-02-23 01:37:05][FLASK] - AUDIO: {'audio': 'pingvol'}
[2025-02-23 01:37:15][FLASK] - AUDIO: {'audio': 'pingvol'}
[2025-02-23 01:37:25][FLASK] - AUDIO: {'audio': 'pingvol'}
[2025-02-23 01:37:35][FLASK] - AUDIO: {'audio': 'pingvol'}
[2025-02-23 01:37:45][FLASK] - AUDIO: {'audio': 'pingvol'}
[2025-02-23 01:37:56][FLASK] - AUDIO: {'audio': 'pingvol'}
[2025-02-23 01:38:06][FLASK] - AUDIO: {'audio': 'pingvol'}
[2025-02-23 01:38:16][FLASK] - AUDIO: {'audio': 'pingvol'}
[2025-02-23 01:38:26][FLASK] - AUDIO: {'audio': 'pingvol'}
[2025-02-23 01:38:36][FLASK] - AUDIO: {'audio': 'pingvol'}
[2025-02-23 01:38:46][FLASK] - AUDIO: {'audio': 'pingvol'}
[2025-02-23 01:38:56][FLASK] - AUDIO: {'audio': 'pingvol'}
[2025-02-23 01:39:06][FLASK] - AUDIO: {'audio': 'pingvol'}
[2025-02-23 01:39:16][FLASK] - AUDIO: {'audio': 'pingvol'}
[2025-02-23 01:39:26][FLASK] - AUDIO: {'audio': 'pingvol'}
[2025-02-23 01:39:36][FLASK] - AUDIO: {'audio': 'pingvol'}
[2025-02-23 01:39:46][FLASK] - AUDIO: {'audio': 'pingvol'}
[2025-02-23 01:39:56][FLASK] - AUDIO: {'audio': 'pingvol'}
[2025-02-23 01:40:06][FLASK] - AUDIO: {'audio': 'pingvol'}
[2025-02-23 01:40:16][FLASK] - AUDIO: {'audio': 'pingvol'}
[2025-02-23 01:40:26][FLASK] - AUDIO: {'audio': 'pingvol'}
[2025-02-23 01:40:36][FLASK] - AUDIO: {'audio': 'pingvol'}
[2025-02-23 01:40:46][FLASK] - AUDIO: {'audio': 'pingvol'}
[2025-02-23 01:40:56][FLASK] - AUDIO: {'audio': 'pingvol'}
[2025-02-23 01:41:06][FLASK] - AUDIO: {'audio': 'pingvol'}
[2025-02-23 01:41:16][FLASK] - AUDIO: {'audio': 'pingvol'}
[2025-02-23 01:41:26][FLASK] - AUDIO: {'audio': 'pingvol'}
[2025-02-23 01:41:36][FLASK] - AUDIO: {'audio': 'pingvol'}
[2025-02-23 01:41:47][FLASK] - AUDIO: {'audio': 'pingvol'}
[2025-02-23 01:41:57][FLASK] - AUDIO: {'audio': 'pingvol'}
[2025-02-23 01:42:07][FLASK] - AUDIO: {'audio': 'pingvol'}
[2025-02-23 01:42:17][FLASK] - AUDIO: {'audio': 'pingvol'}
[2025-02-23 01:42:27][FLASK] - AUDIO: {'audio': 'pingvol'}
[2025-02-23 01:42:37][FLASK] - AUDIO: {'audio': 'pingvol'}
[2025-02-23 01:42:47][FLASK] - AUDIO: {'audio': 'pingvol'}
[2025-02-23 01:42:57][FLASK] - AUDIO: {'audio': 'pingvol'}
[2025-02-23 01:43:07][FLASK] - AUDIO: {'audio': 'pingvol'}
[2025-02-23 01:43:17][FLASK] - AUDIO: {'audio': 'pingvol'}
[2025-02-23 01:43:27][FLASK] - AUDIO: {'audio': 'pingvol'}
[2025-02-23 01:43:37][FLASK] - AUDIO: {'audio': 'pingvol'}
[2025-02-23 01:43:47][FLASK] - AUDIO: {'audio': 'pingvol'}
[2025-02-23 01:43:57][FLASK] - AUDIO: {'audio': 'pingvol'}
[2025-02-23 01:44:07][FLASK] - AUDIO: {'audio': 'pingvol'}
[2025-02-23 01:44:17][FLASK] - AUDIO: {'audio': 'pingvol'}
[2025-02-23 01:44:27][FLASK] - AUDIO: {'audio': 'pingvol'}
[2025-02-23 01:44:37][FLASK] - AUDIO: {'audio': 'pingvol'}
[2025-02-23 01:44:47][FLASK] - AUDIO: {'audio': 'pingvol'}
[2025-02-23 01:44:57][FLASK] - AUDIO: {'audio': 'pingvol'}
[2025-02-23 01:45:07][FLASK] - AUDIO: {'audio': 'pingvol'}
[2025-02-23 01:45:17][FLASK] - AUDIO: {'audio': 'pingvol'}
[2025-02-23 01:45:27][FLASK] - AUDIO: {'audio': 'pingvol'}
[2025-02-23 01:45:37][FLASK] - AUDIO: {'audio': 'pingvol'}
[2025-02-23 01:45:48][FLASK] - AUDIO: {'audio': 'pingvol'}
[2025-02-23 01:45:58][FLASK] - AUDIO: {'audio': 'pingvol'}
[2025-02-23 01:46:08][FLASK] - AUDIO: {'audio': 'pingvol'}
[2025-02-23 01:46:18][FLASK] - AUDIO: {'audio': 'pingvol'}
[2025-02-23 01:46:28][FLASK] - AUDIO: {'audio': 'pingvol'}
[2025-02-23 01:46:38][FLASK] - AUDIO: {'audio': 'pingvol'}
[2025-02-23 01:46:48][FLASK] - AUDIO: {'audio': 'pingvol'}
[2025-02-23 01:46:58][FLASK] - AUDIO: {'audio': 'pingvol'}
[2025-02-23 01:47:08][FLASK] - AUDIO: {'audio': 'pingvol'}
[2025-02-23 01:47:18][FLASK] - AUDIO: {'audio': 'pingvol'}
[2025-02-23 01:47:28][FLASK] - AUDIO: {'audio': 'pingvol'}
[2025-02-23 01:47:38][FLASK] - AUDIO: {'audio': 'pingvol'}
[2025-02-23 01:47:48][FLASK] - AUDIO: {'audio': 'pingvol'}
[2025-02-23 01:47:58][FLASK] - AUDIO: {'audio': 'pingvol'}
[2025-02-23 01:48:08][FLASK] - AUDIO: {'audio': 'pingvol'}
[2025-02-23 01:48:18][FLASK] - AUDIO: {'audio': 'pingvol'}
[2025-02-23 01:48:28][FLASK] - AUDIO: {'audio': 'pingvol'}
[2025-02-23 01:48:38][FLASK] - AUDIO: {'audio': 'pingvol'}
[2025-02-23 01:48:48][FLASK] - AUDIO: {'audio': 'pingvol'}
[2025-02-23 01:48:58][FLASK] - AUDIO: {'audio': 'pingvol'}
[2025-02-23 01:49:08][FLASK] - AUDIO: {'audio': 'pingvol'}
[2025-02-23 01:49:18][FLASK] - AUDIO: {'audio': 'pingvol'}
[2025-02-23 01:49:28][FLASK] - AUDIO: {'audio': 'pingvol'}
[2025-02-23 01:49:39][FLASK] - AUDIO: {'audio': 'pingvol'}
[2025-02-23 01:49:49][FLASK] - AUDIO: {'audio': 'pingvol'}
[2025-02-23 01:49:59][FLASK] - AUDIO: {'audio': 'pingvol'}
[2025-02-23 01:50:09][FLASK] - AUDIO: {'audio': 'pingvol'}
[2025-02-23 01:50:19][FLASK] - AUDIO: {'audio': 'pingvol'}
[2025-02-23 01:50:29][FLASK] - AUDIO: {'audio': 'pingvol'}
[2025-02-23 01:50:39][FLASK] - AUDIO: {'audio': 'pingvol'}
[2025-02-23 01:50:49][FLASK] - AUDIO: {'audio': 'pingvol'}
[2025-02-23 01:50:59][FLASK] - AUDIO: {'audio': 'pingvol'}
[2025-02-23 01:51:09][FLASK] - AUDIO: {'audio': 'pingvol'}
[2025-02-23 01:51:19][FLASK] - AUDIO: {'audio': 'pingvol'}
[2025-02-23 01:51:29][FLASK] - AUDIO: {'audio': 'pingvol'}
[2025-02-23 01:51:39][FLASK] - AUDIO: {'audio': 'pingvol'}
[2025-02-23 01:51:49][FLASK] - AUDIO: {'audio': 'pingvol'}
[2025-02-23 01:51:59][FLASK] - AUDIO: {'audio': 'pingvol'}
[2025-02-23 01:52:09][FLASK] - AUDIO: {'audio': 'pingvol'}
[2025-02-23 01:52:19][FLASK] - AUDIO: {'audio': 'pingvol'}
[2025-02-23 01:52:29][FLASK] - AUDIO: {'audio': 'pingvol'}
[2025-02-23 01:52:39][FLASK] - AUDIO: {'audio': 'pingvol'}
[2025-02-23 01:52:49][FLASK] - AUDIO: {'audio': 'pingvol'}
[2025-02-23 01:52:59][FLASK] - AUDIO: {'audio': 'pingvol'}
[2025-02-23 01:53:09][FLASK] - AUDIO: {'audio': 'pingvol'}
[2025-02-23 01:53:19][FLASK] - AUDIO: {'audio': 'pingvol'}
[2025-02-23 01:53:29][FLASK] - AUDIO: {'audio': 'pingvol'}
[2025-02-23 01:53:39][FLASK] - AUDIO: {'audio': 'pingvol'}
[2025-02-23 01:53:50][FLASK] - AUDIO: {'audio': 'pingvol'}
[2025-02-23 01:54:00][FLASK] - AUDIO: {'audio': 'pingvol'}
[2025-02-23 01:54:10][FLASK] - AUDIO: {'audio': 'pingvol'}
[2025-02-23 01:54:20][FLASK] - AUDIO: {'audio': 'pingvol'}
[2025-02-23 01:54:30][FLASK] - AUDIO: {'audio': 'pingvol'}
[2025-02-23 01:54:40][FLASK] - AUDIO: {'audio': 'pingvol'}
[2025-02-23 01:54:50][FLASK] - AUDIO: {'audio': 'pingvol'}
[2025-02-23 01:55:00][FLASK] - AUDIO: {'audio': 'pingvol'}
[2025-02-23 01:55:10][FLASK] - AUDIO: {'audio': 'pingvol'}
[2025-02-23 01:55:20][FLASK] - AUDIO: {'audio': 'pingvol'}
[2025-02-23 01:55:30][FLASK] - AUDIO: {'audio': 'pingvol'}
[2025-02-23 01:55:40][FLASK] - AUDIO: {'audio': 'pingvol'}
[2025-02-23 01:55:50][FLASK] - AUDIO: {'audio': 'pingvol'}
[2025-02-23 01:56:00][FLASK] - AUDIO: {'audio': 'pingvol'}
[2025-02-23 01:56:10][FLASK] - AUDIO: {'audio': 'pingvol'}
[2025-02-23 01:56:20][FLASK] - AUDIO: {'audio': 'pingvol'}
[2025-02-23 01:56:30][FLASK] - AUDIO: {'audio': 'pingvol'}
[2025-02-23 01:56:40][FLASK] - AUDIO: {'audio': 'pingvol'}
[2025-02-23 01:56:50][FLASK] - AUDIO: {'audio': 'pingvol'}
[2025-02-23 01:57:00][FLASK] - AUDIO: {'audio': 'pingvol'}
[2025-02-23 01:57:10][FLASK] - AUDIO: {'audio': 'pingvol'}
[2025-02-23 01:57:20][FLASK] - AUDIO: {'audio': 'pingvol'}
[2025-02-23 01:57:30][FLASK] - AUDIO: {'audio': 'pingvol'}
[2025-02-23 01:57:40][FLASK] - AUDIO: {'audio': 'pingvol'}
[2025-02-23 01:57:50][FLASK] - AUDIO: {'audio': 'pingvol'}
[2025-02-23 01:58:01][FLASK] - AUDIO: {'audio': 'pingvol'}
[2025-02-23 01:58:11][FLASK] - AUDIO: {'audio': 'pingvol'}
[2025-02-23 01:58:21][FLASK] - AUDIO: {'audio': 'pingvol'}
[2025-02-23 01:58:31][FLASK] - AUDIO: {'audio': 'pingvol'}
[2025-02-23 01:58:41][FLASK] - AUDIO: {'audio': 'pingvol'}
[2025-02-23 01:58:51][FLASK] - AUDIO: {'audio': 'pingvol'}
[2025-02-23 01:59:01][FLASK] - AUDIO: {'audio': 'pingvol'}
[2025-02-23 01:59:11][FLASK] - AUDIO: {'audio': 'pingvol'}
[2025-02-23 01:59:21][FLASK] - AUDIO: {'audio': 'pingvol'}
[2025-02-23 01:59:31][FLASK] - AUDIO: {'audio': 'pingvol'}
[2025-02-23 01:59:41][FLASK] - AUDIO: {'audio': 'pingvol'}
[2025-02-23 01:59:51][FLASK] - AUDIO: {'audio': 'pingvol'}
[2025-02-23 02:00:01][FLASK] - AUDIO: {'audio': 'pingvol'}
[2025-02-23 02:00:11][FLASK] - AUDIO: {'audio': 'pingvol'}
[2025-02-23 02:00:21][FLASK] - AUDIO: {'audio': 'pingvol'}
[2025-02-23 02:00:31][FLASK] - AUDIO: {'audio': 'pingvol'}
[2025-02-23 02:00:41][FLASK] - AUDIO: {'audio': 'pingvol'}
[2025-02-23 02:00:51][FLASK] - AUDIO: {'audio': 'pingvol'}
[2025-02-23 02:01:01][FLASK] - AUDIO: {'audio': 'pingvol'}
[2025-02-23 02:01:11][FLASK] - AUDIO: {'audio': 'pingvol'}
[2025-02-23 02:01:21][FLASK] - AUDIO: {'audio': 'pingvol'}
[2025-02-23 02:01:31][FLASK] - AUDIO: {'audio': 'pingvol'}
[2025-02-23 02:01:42][FLASK] - AUDIO: {'audio': 'pingvol'}
[2025-02-23 02:01:52][FLASK] - AUDIO: {'audio': 'pingvol'}
[2025-02-23 02:02:02][FLASK] - AUDIO: {'audio': 'pingvol'}
[2025-02-23 02:02:12][FLASK] - AUDIO: {'audio': 'pingvol'}
[2025-02-23 02:02:22][FLASK] - AUDIO: {'audio': 'pingvol'}
[2025-02-23 02:02:32][FLASK] - AUDIO: {'audio': 'pingvol'}
[2025-02-23 02:02:42][FLASK] - AUDIO: {'audio': 'pingvol'}
[2025-02-23 02:02:52][FLASK] - AUDIO: {'audio': 'pingvol'}
[2025-02-23 02:03:02][FLASK] - AUDIO: {'audio': 'pingvol'}
[2025-02-23 02:03:12][FLASK] - AUDIO: {'audio': 'pingvol'}
[2025-02-23 02:03:22][FLASK] - AUDIO: {'audio': 'pingvol'}
[2025-02-23 02:03:32][FLASK] - AUDIO: {'audio': 'pingvol'}
[2025-02-23 02:03:42][FLASK] - AUDIO: {'audio': 'pingvol'}
[2025-02-23 02:03:52][FLASK] - AUDIO: {'audio': 'pingvol'}
[2025-02-23 02:04:02][FLASK] - AUDIO: {'audio': 'pingvol'}
[2025-02-23 02:04:12][FLASK] - AUDIO: {'audio': 'pingvol'}
[2025-02-23 02:04:22][FLASK] - AUDIO: {'audio': 'pingvol'}
[2025-02-23 02:04:32][FLASK] - AUDIO: {'audio': 'pingvol'}
[2025-02-23 02:04:42][FLASK] - AUDIO: {'audio': 'pingvol'}
[2025-02-23 02:04:52][FLASK] - AUDIO: {'audio': 'pingvol'}
[2025-02-23 02:05:02][FLASK] - AUDIO: {'audio': 'pingvol'}
[2025-02-23 02:05:12][FLASK] - AUDIO: {'audio': 'pingvol'}
[2025-02-23 02:05:23][FLASK] - AUDIO: {'audio': 'pingvol'}
[2025-02-23 02:05:33][FLASK] - AUDIO: {'audio': 'pingvol'}
[2025-02-23 02:05:43][FLASK] - AUDIO: {'audio': 'pingvol'}
[2025-02-23 02:05:53][FLASK] - AUDIO: {'audio': 'pingvol'}
[2025-02-23 02:06:03][FLASK] - AUDIO: {'audio': 'pingvol'}
[2025-02-23 02:06:13][FLASK] - AUDIO: {'audio': 'pingvol'}
[2025-02-23 02:06:23][FLASK] - AUDIO: {'audio': 'pingvol'}
[2025-02-23 02:06:33][FLASK] - AUDIO: {'audio': 'pingvol'}
[2025-02-23 02:06:43][FLASK] - AUDIO: {'audio': 'pingvol'}
[2025-02-23 02:06:53][FLASK] - AUDIO: {'audio': 'pingvol'}
[2025-02-23 02:07:03][FLASK] - AUDIO: {'audio': 'pingvol'}
[2025-02-23 02:07:13][FLASK] - AUDIO: {'audio': 'pingvol'}
[2025-02-23 02:07:23][FLASK] - AUDIO: {'audio': 'pingvol'}
[2025-02-23 02:07:33][FLASK] - AUDIO: {'audio': 'pingvol'}
[2025-02-23 02:07:43][FLASK] - AUDIO: {'audio': 'pingvol'}
[2025-02-23 02:07:53][FLASK] - AUDIO: {'audio': 'pingvol'}
[2025-02-23 02:08:03][FLASK] - AUDIO: {'audio': 'pingvol'}
[2025-02-23 02:08:13][FLASK] - AUDIO: {'audio': 'pingvol'}
[2025-02-23 02:08:23][FLASK] - AUDIO: {'audio': 'pingvol'}
[2025-02-23 02:08:33][FLASK] - AUDIO: {'audio': 'pingvol'}
[2025-02-23 02:08:43][FLASK] - AUDIO: {'audio': 'pingvol'}
[2025-02-23 02:08:53][FLASK] - AUDIO: {'audio': 'pingvol'}
[2025-02-23 02:09:03][FLASK] - AUDIO: {'audio': 'pingvol'}
[2025-02-23 02:09:13][FLASK] - AUDIO: {'audio': 'pingvol'}
[2025-02-23 02:09:24][FLASK] - AUDIO: {'audio': 'pingvol'}
[2025-02-23 02:09:34][FLASK] - AUDIO: {'audio': 'pingvol'}
[2025-02-23 02:09:44][FLASK] - AUDIO: {'audio': 'pingvol'}
[2025-02-23 02:09:54][FLASK] - AUDIO: {'audio': 'pingvol'}
[2025-02-23 02:10:04][FLASK] - AUDIO: {'audio': 'pingvol'}
[2025-02-23 02:10:14][FLASK] - AUDIO: {'audio': 'pingvol'}
[2025-02-23 02:10:24][FLASK] - AUDIO: {'audio': 'pingvol'}
[2025-02-23 02:10:34][FLASK] - AUDIO: {'audio': 'pingvol'}
[2025-02-23 02:10:44][FLASK] - AUDIO: {'audio': 'pingvol'}
[2025-02-23 02:10:54][FLASK] - AUDIO: {'audio': 'pingvol'}
[2025-02-23 02:11:04][FLASK] - AUDIO: {'audio': 'pingvol'}
[2025-02-23 02:11:14][FLASK] - AUDIO: {'audio': 'pingvol'}
[2025-02-23 02:11:24][FLASK] - AUDIO: {'audio': 'pingvol'}
[2025-02-23 02:11:34][FLASK] - AUDIO: {'audio': 'pingvol'}
[2025-02-23 02:11:44][FLASK] - AUDIO: {'audio': 'pingvol'}
[2025-02-23 02:11:54][FLASK] - AUDIO: {'audio': 'pingvol'}
[2025-02-23 02:12:04][FLASK] - AUDIO: {'audio': 'pingvol'}
[2025-02-23 02:12:14][FLASK] - AUDIO: {'audio': 'pingvol'}
[2025-02-23 02:12:24][FLASK] - AUDIO: {'audio': 'pingvol'}
[2025-02-23 02:12:34][FLASK] - AUDIO: {'audio': 'pingvol'}
[2025-02-23 02:12:44][FLASK] - AUDIO: {'audio': 'pingvol'}
[2025-02-23 02:12:54][FLASK] - AUDIO: {'audio': 'pingvol'}
[2025-02-23 02:13:04][FLASK] - AUDIO: {'audio': 'pingvol'}
[2025-02-23 02:13:14][FLASK] - AUDIO: {'audio': 'pingvol'}
[2025-02-23 02:13:25][FLASK] - AUDIO: {'audio': 'pingvol'}
[2025-02-23 02:13:35][FLASK] - AUDIO: {'audio': 'pingvol'}
[2025-02-23 02:13:45][FLASK] - AUDIO: {'audio': 'pingvol'}
[2025-02-23 02:13:55][FLASK] - AUDIO: {'audio': 'pingvol'}
[2025-02-23 02:14:05][FLASK] - AUDIO: {'audio': 'pingvol'}
[2025-02-23 02:14:15][FLASK] - AUDIO: {'audio': 'pingvol'}
[2025-02-23 02:14:25][FLASK] - AUDIO: {'audio': 'pingvol'}
[2025-02-23 02:14:35][FLASK] - AUDIO: {'audio': 'pingvol'}
[2025-02-23 02:14:45][FLASK] - AUDIO: {'audio': 'pingvol'}
[2025-02-23 02:14:55][FLASK] - AUDIO: {'audio': 'pingvol'}
[2025-02-23 02:15:05][FLASK] - AUDIO: {'audio': 'pingvol'}
[2025-02-23 02:15:15][FLASK] - AUDIO: {'audio': 'pingvol'}
[2025-02-23 02:15:25][FLASK] - AUDIO: {'audio': 'pingvol'}
[2025-02-23 02:15:35][FLASK] - AUDIO: {'audio': 'pingvol'}
[2025-02-23 02:15:45][FLASK] - AUDIO: {'audio': 'pingvol'}
[2025-02-23 02:15:55][FLASK] - AUDIO: {'audio': 'pingvol'}
[2025-02-23 02:16:05][FLASK] - AUDIO: {'audio': 'pingvol'}
[2025-02-23 02:16:15][FLASK] - AUDIO: {'audio': 'pingvol'}
[2025-02-23 02:16:25][FLASK] - AUDIO: {'audio': 'pingvol'}
[2025-02-23 02:16:35][FLASK] - AUDIO: {'audio': 'pingvol'}
[2025-02-23 02:16:45][FLASK] - AUDIO: {'audio': 'pingvol'}
[2025-02-23 02:16:55][FLASK] - AUDIO: {'audio': 'pingvol'}
[2025-02-23 02:17:05][FLASK] - AUDIO: {'audio': 'pingvol'}
[2025-02-23 02:17:16][FLASK] - AUDIO: {'audio': 'pingvol'}
[2025-02-23 02:17:26][FLASK] - AUDIO: {'audio': 'pingvol'}
[2025-02-23 02:17:36][FLASK] - AUDIO: {'audio': 'pingvol'}
[2025-02-23 02:17:46][FLASK] - AUDIO: {'audio': 'pingvol'}
[2025-02-23 02:17:56][FLASK] - AUDIO: {'audio': 'pingvol'}
[2025-02-23 02:18:06][FLASK] - AUDIO: {'audio': 'pingvol'}
[2025-02-23 02:18:16][FLASK] - AUDIO: {'audio': 'pingvol'}
[2025-02-23 02:18:26][FLASK] - AUDIO: {'audio': 'pingvol'}
[2025-02-23 02:18:36][FLASK] - AUDIO: {'audio': 'pingvol'}
[2025-02-23 02:18:46][FLASK] - AUDIO: {'audio': 'pingvol'}
[2025-02-23 02:18:56][FLASK] - AUDIO: {'audio': 'pingvol'}
[2025-02-23 02:19:06][FLASK] - AUDIO: {'audio': 'pingvol'}
[2025-02-23 02:19:06][MAIN] - To Arduino: AUDIOPINGVOL
[2025-02-23 02:19:16][FLASK] - AUDIO: {'audio': 'pingvol'}
[2025-02-23 02:19:26][FLASK] - AUDIO: {'audio': 'pingvol'}
[2025-02-23 02:19:36][FLASK] - AUDIO: {'audio': 'pingvol'}
[2025-02-23 02:19:46][FLASK] - AUDIO: {'audio': 'pingvol'}
[2025-02-23 02:19:56][FLASK] - AUDIO: {'audio': 'pingvol'}
[2025-02-23 02:20:06][FLASK] - AUDIO: {'audio': 'pingvol'}
[2025-02-23 02:20:16][FLASK] - AUDIO: {'audio': 'pingvol'}
[2025-02-23 02:20:26][FLASK] - AUDIO: {'audio': 'pingvol'}
[2025-02-23 02:20:36][FLASK] - AUDIO: {'audio': 'pingvol'}
[2025-02-23 02:20:47][FLASK] - AUDIO: {'audio': 'pingvol'}
[2025-02-23 02:20:57][FLASK] - AUDIO: {'audio': 'pingvol'}
[2025-02-23 02:21:07][FLASK] - AUDIO: {'audio': 'pingvol'}
[2025-02-23 02:21:17][FLASK] - AUDIO: {'audio': 'pingvol'}
[2025-02-23 02:21:27][FLASK] - AUDIO: {'audio': 'pingvol'}
[2025-02-23 02:21:37][FLASK] - AUDIO: {'audio': 'pingvol'}
[2025-02-23 02:21:47][FLASK] - AUDIO: {'audio': 'pingvol'}
[2025-02-23 02:21:57][FLASK] - AUDIO: {'audio': 'pingvol'}
[2025-02-23 02:22:07][FLASK] - AUDIO: {'audio': 'pingvol'}
[2025-02-23 02:22:17][FLASK] - AUDIO: {'audio': 'pingvol'}
[2025-02-23 02:22:27][FLASK] - AUDIO: {'audio': 'pingvol'}
[2025-02-23 02:22:37][FLASK] - AUDIO: {'audio': 'pingvol'}
[2025-02-23 02:22:47][FLASK] - AUDIO: {'audio': 'pingvol'}
[2025-02-23 02:22:57][FLASK] - AUDIO: {'audio': 'pingvol'}
[2025-02-23 02:23:07][FLASK] - AUDIO: {'audio': 'pingvol'}
[2025-02-23 02:23:17][FLASK] - AUDIO: {'audio': 'pingvol'}
[2025-02-23 02:23:27][FLASK] - AUDIO: {'audio': 'pingvol'}
[2025-02-23 02:23:37][FLASK] - AUDIO: {'audio': 'pingvol'}
[2025-02-23 02:23:47][FLASK] - AUDIO: {'audio': 'pingvol'}
[2025-02-23 02:23:57][FLASK] - AUDIO: {'audio': 'pingvol'}
[2025-02-23 02:24:07][FLASK] - AUDIO: {'audio': 'pingvol'}
[2025-02-23 02:24:17][FLASK] - AUDIO: {'audio': 'pingvol'}
[2025-02-23 02:24:28][FLASK] - AUDIO: {'audio': 'pingvol'}
[2025-02-23 02:24:38][FLASK] - AUDIO: {'audio': 'pingvol'}
[2025-02-23 02:24:48][FLASK] - AUDIO: {'audio': 'pingvol'}
[2025-02-23 02:24:58][FLASK] - AUDIO: {'audio': 'pingvol'}
[2025-02-23 02:25:08][FLASK] - AUDIO: {'audio': 'pingvol'}
[2025-02-23 02:25:18][FLASK] - AUDIO: {'audio': 'pingvol'}
[2025-02-23 02:25:28][FLASK] - AUDIO: {'audio': 'pingvol'}
[2025-02-23 02:25:38][FLASK] - AUDIO: {'audio': 'pingvol'}
[2025-02-23 02:25:48][FLASK] - AUDIO: {'audio': 'pingvol'}
[2025-02-23 02:25:58][FLASK] - AUDIO: {'audio': 'pingvol'}
[2025-02-23 02:26:08][FLASK] - AUDIO: {'audio': 'pingvol'}
[2025-02-23 02:26:18][FLASK] - AUDIO: {'audio': 'pingvol'}
[2025-02-23 02:26:28][FLASK] - AUDIO: {'audio': 'pingvol'}
[2025-02-23 02:26:38][FLASK] - AUDIO: {'audio': 'pingvol'}
[2025-02-23 02:26:48][FLASK] - AUDIO: {'audio': 'pingvol'}
[2025-02-23 02:26:58][FLASK] - AUDIO: {'audio': 'pingvol'}
[2025-02-23 02:27:08][FLASK] - AUDIO: {'audio': 'pingvol'}
[2025-02-23 02:27:18][FLASK] - AUDIO: {'audio': 'pingvol'}
[2025-02-23 02:27:28][FLASK] - AUDIO: {'audio': 'pingvol'}
[2025-02-23 02:27:38][FLASK] - AUDIO: {'audio': 'pingvol'}
[2025-02-23 02:27:48][FLASK] - AUDIO: {'audio': 'pingvol'}
[2025-02-23 02:27:58][FLASK] - AUDIO: {'audio': 'pingvol'}
[2025-02-23 02:28:08][FLASK] - AUDIO: {'audio': 'pingvol'}
[2025-02-23 02:28:18][FLASK] - AUDIO: {'audio': 'pingvol'}
[2025-02-23 02:28:28][FLASK] - AUDIO: {'audio': 'pingvol'}
[2025-02-23 02:28:38][FLASK] - AUDIO: {'audio': 'pingvol'}
[2025-02-23 02:28:49][FLASK] - AUDIO: {'audio': 'pingvol'}
[2025-02-23 02:28:59][FLASK] - AUDIO: {'audio': 'pingvol'}
[2025-02-23 02:29:09][FLASK] - AUDIO: {'audio': 'pingvol'}
[2025-02-23 02:29:19][FLASK] - AUDIO: {'audio': 'pingvol'}
[2025-02-23 02:29:29][FLASK] - AUDIO: {'audio': 'pingvol'}
[2025-02-23 02:29:39][FLASK] - AUDIO: {'audio': 'pingvol'}
[2025-02-23 02:29:49][FLASK] - AUDIO: {'audio': 'pingvol'}
[2025-02-23 02:29:59][FLASK] - AUDIO: {'audio': 'pingvol'}
[2025-02-23 02:30:09][FLASK] - AUDIO: {'audio': 'pingvol'}
[2025-02-23 02:30:19][FLASK] - AUDIO: {'audio': 'pingvol'}
[2025-02-23 02:30:29][FLASK] - AUDIO: {'audio': 'pingvol'}
[2025-02-23 02:30:39][FLASK] - AUDIO: {'audio': 'pingvol'}
[2025-02-23 02:30:49][FLASK] - AUDIO: {'audio': 'pingvol'}
[2025-02-23 02:30:59][FLASK] - AUDIO: {'audio': 'pingvol'}
[2025-02-23 02:31:09][FLASK] - AUDIO: {'audio': 'pingvol'}
[2025-02-23 02:31:19][FLASK] - AUDIO: {'audio': 'pingvol'}
[2025-02-23 02:31:29][FLASK] - AUDIO: {'audio': 'pingvol'}
[2025-02-23 02:31:39][FLASK] - AUDIO: {'audio': 'pingvol'}
[2025-02-23 02:31:49][FLASK] - AUDIO: {'audio': 'pingvol'}
[2025-02-23 02:31:59][FLASK] - AUDIO: {'audio': 'pingvol'}
[2025-02-23 02:32:09][FLASK] - AUDIO: {'audio': 'pingvol'}
[2025-02-23 02:32:19][FLASK] - AUDIO: {'audio': 'pingvol'}
[2025-02-23 02:32:29][FLASK] - AUDIO: {'audio': 'pingvol'}
[2025-02-23 02:32:40][FLASK] - AUDIO: {'audio': 'pingvol'}
[2025-02-23 02:32:50][FLASK] - AUDIO: {'audio': 'pingvol'}
[2025-02-23 02:33:00][FLASK] - AUDIO: {'audio': 'pingvol'}
[2025-02-23 02:33:10][FLASK] - AUDIO: {'audio': 'pingvol'}
[2025-02-23 02:33:20][FLASK] - AUDIO: {'audio': 'pingvol'}
[2025-02-23 02:33:30][FLASK] - AUDIO: {'audio': 'pingvol'}
[2025-02-23 02:33:40][FLASK] - AUDIO: {'audio': 'pingvol'}
[2025-02-23 02:33:50][FLASK] - AUDIO: {'audio': 'pingvol'}
[2025-02-23 02:34:00][FLASK] - AUDIO: {'audio': 'pingvol'}
[2025-02-23 02:34:10][FLASK] - AUDIO: {'audio': 'pingvol'}
[2025-02-23 02:34:20][FLASK] - AUDIO: {'audio': 'pingvol'}
[2025-02-23 02:34:30][FLASK] - AUDIO: {'audio': 'pingvol'}
[2025-02-23 02:34:40][FLASK] - AUDIO: {'audio': 'pingvol'}
[2025-02-23 02:34:50][FLASK] - AUDIO: {'audio': 'pingvol'}
[2025-02-23 02:35:00][FLASK] - AUDIO: {'audio': 'pingvol'}
[2025-02-23 02:35:10][FLASK] - AUDIO: {'audio': 'pingvol'}
[2025-02-23 02:35:20][FLASK] - AUDIO: {'audio': 'pingvol'}
[2025-02-23 02:35:30][FLASK] - AUDIO: {'audio': 'pingvol'}
[2025-02-23 02:35:40][FLASK] - AUDIO: {'audio': 'pingvol'}
[2025-02-23 02:35:50][FLASK] - AUDIO: {'audio': 'pingvol'}
[2025-02-23 02:36:00][FLASK] - AUDIO: {'audio': 'pingvol'}
[2025-02-23 02:36:10][FLASK] - AUDIO: {'audio': 'pingvol'}
[2025-02-23 02:36:20][FLASK] - AUDIO: {'audio': 'pingvol'}
[2025-02-23 02:36:30][FLASK] - AUDIO: {'audio': 'pingvol'}
[2025-02-23 02:36:40][FLASK] - AUDIO: {'audio': 'pingvol'}
[2025-02-23 02:36:51][FLASK] - AUDIO: {'audio': 'pingvol'}
[2025-02-23 02:37:01][FLASK] - AUDIO: {'audio': 'pingvol'}
[2025-02-23 02:37:11][FLASK] - AUDIO: {'audio': 'pingvol'}
[2025-02-23 02:37:21][FLASK] - AUDIO: {'audio': 'pingvol'}
[2025-02-23 02:37:31][FLASK] - AUDIO: {'audio': 'pingvol'}
[2025-02-23 02:37:41][FLASK] - AUDIO: {'audio': 'pingvol'}
[2025-02-23 02:37:51][FLASK] - AUDIO: {'audio': 'pingvol'}
[2025-02-23 02:38:01][FLASK] - AUDIO: {'audio': 'pingvol'}
[2025-02-23 02:38:11][FLASK] - AUDIO: {'audio': 'pingvol'}
[2025-02-23 02:38:21][FLASK] - AUDIO: {'audio': 'pingvol'}
[2025-02-23 02:38:31][FLASK] - AUDIO: {'audio': 'pingvol'}
[2025-02-23 02:38:41][FLASK] - AUDIO: {'audio': 'pingvol'}
[2025-02-23 02:38:51][FLASK] - AUDIO: {'audio': 'pingvol'}
[2025-02-23 02:39:01][FLASK] - AUDIO: {'audio': 'pingvol'}
[2025-02-23 02:39:11][FLASK] - AUDIO: {'audio': 'pingvol'}
[2025-02-23 02:39:21][FLASK] - AUDIO: {'audio': 'pingvol'}
[2025-02-23 02:39:31][FLASK] - AUDIO: {'audio': 'pingvol'}
[2025-02-23 02:39:41][FLASK] - AUDIO: {'audio': 'pingvol'}
[2025-02-23 02:39:51][FLASK] - AUDIO: {'audio': 'pingvol'}
[2025-02-23 02:40:01][FLASK] - AUDIO: {'audio': 'pingvol'}
[2025-02-23 02:40:11][FLASK] - AUDIO: {'audio': 'pingvol'}
[2025-02-23 02:40:21][FLASK] - AUDIO: {'audio': 'pingvol'}
[2025-02-23 02:40:31][FLASK] - AUDIO: {'audio': 'pingvol'}
[2025-02-23 02:40:41][FLASK] - AUDIO: {'audio': 'pingvol'}
[2025-02-23 02:40:51][FLASK] - AUDIO: {'audio': 'pingvol'}
[2025-02-23 02:41:02][FLASK] - AUDIO: {'audio': 'pingvol'}
[2025-02-23 02:41:12][FLASK] - AUDIO: {'audio': 'pingvol'}
[2025-02-23 02:41:22][FLASK] - AUDIO: {'audio': 'pingvol'}
[2025-02-23 02:41:32][FLASK] - AUDIO: {'audio': 'pingvol'}
[2025-02-23 02:41:42][FLASK] - AUDIO: {'audio': 'pingvol'}
[2025-02-23 02:41:52][FLASK] - AUDIO: {'audio': 'pingvol'}
[2025-02-23 02:42:02][FLASK] - AUDIO: {'audio': 'pingvol'}
[2025-02-23 02:42:12][FLASK] - AUDIO: {'audio': 'pingvol'}
[2025-02-23 02:42:22][FLASK] - AUDIO: {'audio': 'pingvol'}
[2025-02-23 02:42:32][FLASK] - AUDIO: {'audio': 'pingvol'}
[2025-02-23 02:42:42][FLASK] - AUDIO: {'audio': 'pingvol'}
[2025-02-23 02:42:52][FLASK] - AUDIO: {'audio': 'pingvol'}
[2025-02-23 02:43:02][FLASK] - AUDIO: {'audio': 'pingvol'}
[2025-02-23 02:43:12][FLASK] - AUDIO: {'audio': 'pingvol'}
[2025-02-23 02:43:22][FLASK] - AUDIO: {'audio': 'pingvol'}
[2025-02-23 02:43:32][FLASK] - AUDIO: {'audio': 'pingvol'}
[2025-02-23 02:43:42][FLASK] - AUDIO: {'audio': 'pingvol'}
[2025-02-23 02:43:52][FLASK] - AUDIO: {'audio': 'pingvol'}
[2025-02-23 02:44:02][FLASK] - AUDIO: {'audio': 'pingvol'}
[2025-02-23 02:44:12][FLASK] - AUDIO: {'audio': 'pingvol'}
[2025-02-23 02:44:22][FLASK] - AUDIO: {'audio': 'pingvol'}
[2025-02-23 02:44:32][FLASK] - AUDIO: {'audio': 'pingvol'}
[2025-02-23 02:44:42][FLASK] - AUDIO: {'audio': 'pingvol'}
[2025-02-23 02:44:52][FLASK] - AUDIO: {'audio': 'pingvol'}
[2025-02-23 02:45:03][FLASK] - AUDIO: {'audio': 'pingvol'}
[2025-02-23 02:45:13][FLASK] - AUDIO: {'audio': 'pingvol'}
[2025-02-23 02:45:23][FLASK] - AUDIO: {'audio': 'pingvol'}
[2025-02-23 02:45:33][FLASK] - AUDIO: {'audio': 'pingvol'}
[2025-02-23 02:45:43][FLASK] - AUDIO: {'audio': 'pingvol'}
[2025-02-23 02:45:53][FLASK] - AUDIO: {'audio': 'pingvol'}
[2025-02-23 02:46:03][FLASK] - AUDIO: {'audio': 'pingvol'}
[2025-02-23 02:46:13][FLASK] - AUDIO: {'audio': 'pingvol'}
[2025-02-23 02:46:23][FLASK] - AUDIO: {'audio': 'pingvol'}
[2025-02-23 02:46:33][FLASK] - AUDIO: {'audio': 'pingvol'}
[2025-02-23 02:46:43][FLASK] - AUDIO: {'audio': 'pingvol'}
[2025-02-23 02:46:53][FLASK] - AUDIO: {'audio': 'pingvol'}
[2025-02-23 02:47:03][FLASK] - AUDIO: {'audio': 'pingvol'}
[2025-02-23 02:47:13][FLASK] - AUDIO: {'audio': 'pingvol'}
[2025-02-23 02:47:23][FLASK] - AUDIO: {'audio': 'pingvol'}
[2025-02-23 02:47:33][FLASK] - AUDIO: {'audio': 'pingvol'}
[2025-02-23 02:47:43][FLASK] - AUDIO: {'audio': 'pingvol'}
[2025-02-23 02:47:53][FLASK] - AUDIO: {'audio': 'pingvol'}
[2025-02-23 02:48:03][FLASK] - AUDIO: {'audio': 'pingvol'}
[2025-02-23 02:48:13][FLASK] - AUDIO: {'audio': 'pingvol'}
[2025-02-23 02:48:23][FLASK] - AUDIO: {'audio': 'pingvol'}
[2025-02-23 02:48:33][FLASK] - AUDIO: {'audio': 'pingvol'}
[2025-02-23 02:48:43][FLASK] - AUDIO: {'audio': 'pingvol'}
[2025-02-23 02:48:54][FLASK] - AUDIO: {'audio': 'pingvol'}
[2025-02-23 02:49:04][FLASK] - AUDIO: {'audio': 'pingvol'}
[2025-02-23 02:49:14][FLASK] - AUDIO: {'audio': 'pingvol'}
[2025-02-23 02:49:24][FLASK] - AUDIO: {'audio': 'pingvol'}
[2025-02-23 02:49:34][FLASK] - AUDIO: {'audio': 'pingvol'}
[2025-02-23 02:49:44][FLASK] - AUDIO: {'audio': 'pingvol'}
[2025-02-23 02:49:54][FLASK] - AUDIO: {'audio': 'pingvol'}
[2025-02-23 02:50:04][FLASK] - AUDIO: {'audio': 'pingvol'}
[2025-02-23 02:53:04][MAIN] - Audio set off automatically
[2025-02-23 02:53:04][MAIN] - To Arduino: AUDIOON/OFF
[2025-02-23 02:53:05][MAIN] - To Arduino: AUDIOON/OFF
[2025-02-23 02:53:08][MAIN] - To Arduino: AUDIOON/OFF
[2025-02-23 02:53:09][MAIN] - To Arduino: STRIPTOPOFF
[2025-02-23 02:53:09][MAIN] - Command AUDIOOFF sent
[2025-02-23 04:00:00][MAIN] - Actuators killed.
[2025-02-23 04:00:00][MAIN] - Firebase task terminated.
[2025-02-23 04:00:00][MAIN] - Flask server killed
[2025-02-23 04:00:00][MAIN] - Server control terminated.
[2025-02-23 04:00:00][MAIN] - Websocket killed
[2025-02-23 04:00:00][MAIN] - Websocket control terminated.
[2025-02-23 04:00:08][MAIN] - Bot killed.
[2025-02-23 04:00:08][MAIN] - RESTART
