[2025-04-20 09:00:55][MAIN] - Bot is ready.
[2025-04-20 09:00:55][MAIN] - Pulling from GitHub: /home/claudio/Python-Projects/RoomServer
[2025-04-20 09:00:56][MAIN] - Contacting Arduino..
[2025-04-20 09:00:57][MAIN] - Arduino found!
[2025-04-20 09:00:57][MAIN] - Actuator running.
[2025-04-20 09:00:57][MAIN] - To Arduino: LIGHTSON
[2025-04-20 09:01:05][MAIN] - ssh: Could not resolve hostname github.com: Temporary failure in name resolution

[2025-04-20 09:01:05][MAIN] - fatal: Could not read from remote repository.

[2025-04-20 09:01:05][MAIN] - Please make sure you have the correct access rights

[2025-04-20 09:01:05][MAIN] - and the repository exists.
[2025-04-20 09:01:06][MAIN] - Actuators killed.
[2025-04-20 09:01:06][MAIN] - Websocket control terminated.
[2025-04-20 09:01:06][MAIN] - Server control terminated.
[2025-04-20 09:01:08][MAIN] - Bot killed.
[2025-04-20 09:01:10][MAIN] - Issue while trying to upload IP (initialization)
[2025-04-20 09:01:10][MAIN] - HTTPSConnectionPool(host='api.ipify.org', port=443): Max retries exceeded with url: / (Caused by NameResolutionError("<urllib3.connection.HTTPSConnection object at 0x7f89a470a800>: Failed to resolve 'api.ipify.org' ([Errno -3] Temporary failure in name resolution)"))
[2025-04-20 09:01:10][MAIN] - Firebase task terminated.
[2025-04-20 09:01:10][MAIN] - RESTART
[2025-04-20 09:01:11][MAIN] - Failed to kill process on port 10003 — maybe no process is using it or permission denied.
[2025-04-20 09:01:11][MAIN] - Failed to kill process on port 10004 — maybe no process is using it or permission denied.
