[2025-02-23 12:25:40][MAIN] - Bot is ready.
[2025-02-23 12:25:41][MAIN] - Contacting Arduino..
[2025-02-23 12:25:42][MAIN] - Arduino found!
[2025-02-23 12:25:42][MAIN] - Actuator running.
[2025-02-23 12:25:42][MAIN] - Pulling from GitHub: /home/claudio/Python-Projects/RoomServer
[2025-02-23 12:25:43][MAIN] - Already up to date.
[2025-02-23 12:25:43][MAIN] - To Arduino: LIGHTSON
[2025-02-23 12:25:46][MAIN] - IP 84.150.103.227 uploaded to:
[2025-02-23 12:25:46][MAIN] - https://storage.googleapis.com/ip-manager42.appspot.com/RaspberryPi-Cyan/ip_server.txt
[2025-02-23 12:25:47][FLASK] -  * Serving Flask app 'server'
[2025-02-23 12:25:47][FLASK] -  * Debug mode: off
[2025-02-23 12:25:47][WEBSOCKET] -  * Serving Flask app 'websocket'
[2025-02-23 12:25:47][WEBSOCKET] -  * Debug mode: off
[2025-02-23 12:25:54][FLASK] - AUDIO: {'audio': 'pingvol'}
[2025-02-23 12:26:04][FLASK] - AUDIO: {'audio': 'pingvol'}
[2025-02-23 12:26:14][FLASK] - AUDIO: {'audio': 'pingvol'}
[2025-02-23 12:26:24][FLASK] - AUDIO: {'audio': 'pingvol'}
[2025-02-23 12:26:34][FLASK] - AUDIO: {'audio': 'pingvol'}
[2025-02-23 12:26:44][FLASK] - AUDIO: {'audio': 'pingvol'}
[2025-02-23 12:26:54][FLASK] - AUDIO: {'audio': 'pingvol'}
[2025-02-23 12:27:04][FLASK] - AUDIO: {'audio': 'pingvol'}
[2025-02-23 12:27:14][FLASK] - AUDIO: {'audio': 'pingvol'}
[2025-02-23 12:27:24][FLASK] - AUDIO: {'audio': 'pingvol'}
[2025-02-23 12:27:34][FLASK] - AUDIO: {'audio': 'pingvol'}
[2025-02-23 12:27:45][FLASK] - AUDIO: {'audio': 'pingvol'}
[2025-02-23 12:27:55][FLASK] - AUDIO: {'audio': 'pingvol'}
[2025-02-23 12:28:05][FLASK] - AUDIO: {'audio': 'pingvol'}
[2025-02-23 12:28:15][FLASK] - AUDIO: {'audio': 'pingvol'}
[2025-02-23 12:28:25][FLASK] - AUDIO: {'audio': 'pingvol'}
[2025-02-23 12:28:35][FLASK] - AUDIO: {'audio': 'pingvol'}
[2025-02-23 12:28:45][FLASK] - AUDIO: {'audio': 'pingvol'}
[2025-02-23 12:28:55][FLASK] - AUDIO: {'audio': 'pingvol'}
[2025-02-23 12:29:05][FLASK] - AUDIO: {'audio': 'pingvol'}
[2025-02-23 12:29:15][FLASK] - AUDIO: {'audio': 'pingvol'}
[2025-02-23 12:29:25][FLASK] - AUDIO: {'audio': 'pingvol'}
[2025-02-23 12:29:35][FLASK] - AUDIO: {'audio': 'pingvol'}
[2025-02-23 12:29:45][FLASK] - AUDIO: {'audio': 'pingvol'}
[2025-02-23 12:29:55][FLASK] - AUDIO: {'audio': 'pingvol'}
[2025-02-23 12:30:05][FLASK] - AUDIO: {'audio': 'pingvol'}
[2025-02-23 12:30:15][FLASK] - AUDIO: {'audio': 'pingvol'}
[2025-02-23 12:30:25][FLASK] - AUDIO: {'audio': 'pingvol'}
[2025-02-23 12:30:35][FLASK] - AUDIO: {'audio': 'pingvol'}
[2025-02-23 12:30:45][FLASK] - AUDIO: {'audio': 'pingvol'}
[2025-02-23 12:30:55][FLASK] - AUDIO: {'audio': 'pingvol'}
[2025-02-23 12:31:05][FLASK] - AUDIO: {'audio': 'pingvol'}
[2025-02-23 12:31:15][FLASK] - AUDIO: {'audio': 'pingvol'}
[2025-02-23 12:31:25][FLASK] - AUDIO: {'audio': 'pingvol'}
[2025-02-23 12:31:35][FLASK] - AUDIO: {'audio': 'pingvol'}
[2025-02-23 12:31:45][FLASK] - AUDIO: {'audio': 'pingvol'}
[2025-02-23 12:31:56][FLASK] - AUDIO: {'audio': 'pingvol'}
[2025-02-23 12:32:06][FLASK] - AUDIO: {'audio': 'pingvol'}
[2025-02-23 12:32:16][FLASK] - AUDIO: {'audio': 'pingvol'}
[2025-02-23 12:32:26][FLASK] - AUDIO: {'audio': 'pingvol'}
[2025-02-23 12:32:36][FLASK] - AUDIO: {'audio': 'pingvol'}
[2025-02-23 12:32:46][FLASK] - AUDIO: {'audio': 'pingvol'}
[2025-02-23 12:32:56][FLASK] - AUDIO: {'audio': 'pingvol'}
[2025-02-23 12:33:06][FLASK] - AUDIO: {'audio': 'pingvol'}
[2025-02-23 12:33:16][FLASK] - AUDIO: {'audio': 'pingvol'}
[2025-02-23 12:33:26][FLASK] - AUDIO: {'audio': 'pingvol'}
[2025-02-23 12:33:36][FLASK] - AUDIO: {'audio': 'pingvol'}
[2025-02-23 12:33:46][FLASK] - AUDIO: {'audio': 'pingvol'}
[2025-02-23 12:33:56][FLASK] - AUDIO: {'audio': 'pingvol'}
[2025-02-23 12:34:06][FLASK] - AUDIO: {'audio': 'pingvol'}
[2025-02-23 12:34:16][FLASK] - AUDIO: {'audio': 'pingvol'}
[2025-02-23 12:34:26][FLASK] - AUDIO: {'audio': 'pingvol'}
[2025-02-23 12:34:36][FLASK] - AUDIO: {'audio': 'pingvol'}
[2025-02-23 12:34:46][FLASK] - AUDIO: {'audio': 'pingvol'}
[2025-02-23 12:34:56][FLASK] - AUDIO: {'audio': 'pingvol'}
[2025-02-23 12:35:06][FLASK] - AUDIO: {'audio': 'pingvol'}
[2025-02-23 12:35:16][FLASK] - AUDIO: {'audio': 'pingvol'}
[2025-02-23 12:35:26][FLASK] - AUDIO: {'audio': 'pingvol'}
[2025-02-23 12:35:36][FLASK] - AUDIO: {'audio': 'pingvol'}
[2025-02-23 12:35:47][FLASK] - AUDIO: {'audio': 'pingvol'}
[2025-02-23 12:35:57][FLASK] - AUDIO: {'audio': 'pingvol'}
[2025-02-23 12:36:07][FLASK] - AUDIO: {'audio': 'pingvol'}
[2025-02-23 12:36:17][FLASK] - AUDIO: {'audio': 'pingvol'}
[2025-02-23 12:36:27][FLASK] - AUDIO: {'audio': 'pingvol'}
[2025-02-23 12:36:37][FLASK] - AUDIO: {'audio': 'pingvol'}
[2025-02-23 12:36:47][FLASK] - AUDIO: {'audio': 'pingvol'}
[2025-02-23 12:36:57][FLASK] - AUDIO: {'audio': 'pingvol'}
[2025-02-23 12:37:07][FLASK] - AUDIO: {'audio': 'pingvol'}
[2025-02-23 12:37:17][FLASK] - AUDIO: {'audio': 'pingvol'}
[2025-02-23 12:37:27][FLASK] - AUDIO: {'audio': 'pingvol'}
[2025-02-23 12:37:37][FLASK] - AUDIO: {'audio': 'pingvol'}
[2025-02-23 12:37:47][FLASK] - AUDIO: {'audio': 'pingvol'}
[2025-02-23 12:37:57][FLASK] - AUDIO: {'audio': 'pingvol'}
[2025-02-23 12:38:07][FLASK] - AUDIO: {'audio': 'pingvol'}
[2025-02-23 12:38:17][FLASK] - AUDIO: {'audio': 'pingvol'}
[2025-02-23 12:38:27][FLASK] - AUDIO: {'audio': 'pingvol'}
[2025-02-23 12:38:37][FLASK] - AUDIO: {'audio': 'pingvol'}
[2025-02-23 12:38:47][FLASK] - AUDIO: {'audio': 'pingvol'}
[2025-02-23 12:38:57][FLASK] - AUDIO: {'audio': 'pingvol'}
[2025-02-23 12:39:07][FLASK] - AUDIO: {'audio': 'pingvol'}
[2025-02-23 12:39:17][FLASK] - AUDIO: {'audio': 'pingvol'}
[2025-02-23 12:39:27][FLASK] - AUDIO: {'audio': 'pingvol'}
[2025-02-23 12:39:38][FLASK] - AUDIO: {'audio': 'pingvol'}
[2025-02-23 12:39:48][FLASK] - AUDIO: {'audio': 'pingvol'}
[2025-02-23 12:39:58][FLASK] - AUDIO: {'audio': 'pingvol'}
[2025-02-23 12:40:08][FLASK] - AUDIO: {'audio': 'pingvol'}
[2025-02-23 12:40:18][FLASK] - AUDIO: {'audio': 'pingvol'}
[2025-02-23 12:40:28][FLASK] - AUDIO: {'audio': 'pingvol'}
[2025-02-23 12:40:38][FLASK] - AUDIO: {'audio': 'pingvol'}
[2025-02-23 12:40:48][FLASK] - AUDIO: {'audio': 'pingvol'}
[2025-02-23 12:40:58][FLASK] - AUDIO: {'audio': 'pingvol'}
[2025-02-23 12:41:08][FLASK] - AUDIO: {'audio': 'pingvol'}
[2025-02-23 12:41:18][FLASK] - AUDIO: {'audio': 'pingvol'}
[2025-02-23 12:41:28][FLASK] - AUDIO: {'audio': 'pingvol'}
[2025-02-23 12:41:38][FLASK] - AUDIO: {'audio': 'pingvol'}
[2025-02-23 12:41:48][FLASK] - AUDIO: {'audio': 'pingvol'}
[2025-02-23 12:41:58][FLASK] - AUDIO: {'audio': 'pingvol'}
[2025-02-23 12:42:08][FLASK] - AUDIO: {'audio': 'pingvol'}
[2025-02-23 12:42:18][FLASK] - AUDIO: {'audio': 'pingvol'}
[2025-02-23 12:42:28][FLASK] - AUDIO: {'audio': 'pingvol'}
[2025-02-23 12:42:38][FLASK] - AUDIO: {'audio': 'pingvol'}
[2025-02-23 12:42:48][FLASK] - AUDIO: {'audio': 'pingvol'}
[2025-02-23 12:42:58][FLASK] - AUDIO: {'audio': 'pingvol'}
[2025-02-23 12:43:08][FLASK] - AUDIO: {'audio': 'pingvol'}
[2025-02-23 12:43:18][FLASK] - AUDIO: {'audio': 'pingvol'}
[2025-02-23 12:43:28][FLASK] - AUDIO: {'audio': 'pingvol'}
[2025-02-23 12:43:39][FLASK] - AUDIO: {'audio': 'pingvol'}
[2025-02-23 12:43:49][FLASK] - AUDIO: {'audio': 'pingvol'}
[2025-02-23 12:43:59][FLASK] - AUDIO: {'audio': 'pingvol'}
[2025-02-23 12:44:09][FLASK] - AUDIO: {'audio': 'pingvol'}
[2025-02-23 12:44:19][FLASK] - AUDIO: {'audio': 'pingvol'}
[2025-02-23 12:44:29][FLASK] - AUDIO: {'audio': 'pingvol'}
[2025-02-23 12:44:39][FLASK] - AUDIO: {'audio': 'pingvol'}
[2025-02-23 12:44:49][FLASK] - AUDIO: {'audio': 'pingvol'}
[2025-02-23 12:44:59][FLASK] - AUDIO: {'audio': 'pingvol'}
[2025-02-23 12:45:09][FLASK] - AUDIO: {'audio': 'pingvol'}
[2025-02-23 12:45:19][FLASK] - AUDIO: {'audio': 'pingvol'}
[2025-02-23 12:45:29][FLASK] - AUDIO: {'audio': 'pingvol'}
[2025-02-23 12:45:39][FLASK] - AUDIO: {'audio': 'pingvol'}
[2025-02-23 12:45:49][FLASK] - AUDIO: {'audio': 'pingvol'}
[2025-02-23 12:45:59][FLASK] - AUDIO: {'audio': 'pingvol'}
[2025-02-23 12:46:09][FLASK] - AUDIO: {'audio': 'pingvol'}
[2025-02-23 12:46:19][FLASK] - AUDIO: {'audio': 'pingvol'}
[2025-02-23 12:46:29][FLASK] - AUDIO: {'audio': 'pingvol'}
[2025-02-23 12:46:39][FLASK] - AUDIO: {'audio': 'pingvol'}
[2025-02-23 12:46:49][FLASK] - AUDIO: {'audio': 'pingvol'}
[2025-02-23 12:46:59][FLASK] - AUDIO: {'audio': 'pingvol'}
[2025-02-23 12:47:09][FLASK] - AUDIO: {'audio': 'pingvol'}
[2025-02-23 12:47:19][FLASK] - AUDIO: {'audio': 'pingvol'}
[2025-02-23 12:47:29][FLASK] - AUDIO: {'audio': 'pingvol'}
[2025-02-23 12:47:40][FLASK] - AUDIO: {'audio': 'pingvol'}
[2025-02-23 12:47:50][FLASK] - AUDIO: {'audio': 'pingvol'}
[2025-02-23 12:48:00][FLASK] - AUDIO: {'audio': 'pingvol'}
[2025-02-23 12:48:10][FLASK] - AUDIO: {'audio': 'pingvol'}
[2025-02-23 12:48:20][FLASK] - AUDIO: {'audio': 'pingvol'}
[2025-02-23 12:48:30][FLASK] - AUDIO: {'audio': 'pingvol'}
[2025-02-23 12:48:40][FLASK] - AUDIO: {'audio': 'pingvol'}
[2025-02-23 12:48:50][FLASK] - AUDIO: {'audio': 'pingvol'}
[2025-02-23 12:49:00][FLASK] - AUDIO: {'audio': 'pingvol'}
[2025-02-23 12:49:10][FLASK] - AUDIO: {'audio': 'pingvol'}
[2025-02-23 12:49:20][FLASK] - AUDIO: {'audio': 'pingvol'}
[2025-02-23 12:49:30][FLASK] - AUDIO: {'audio': 'pingvol'}
[2025-02-23 12:49:40][FLASK] - AUDIO: {'audio': 'pingvol'}
[2025-02-23 12:49:50][FLASK] - AUDIO: {'audio': 'pingvol'}
[2025-02-23 12:50:00][FLASK] - AUDIO: {'audio': 'pingvol'}
[2025-02-23 12:50:10][FLASK] - AUDIO: {'audio': 'pingvol'}
[2025-02-23 12:50:20][FLASK] - AUDIO: {'audio': 'pingvol'}
[2025-02-23 12:50:30][FLASK] - AUDIO: {'audio': 'pingvol'}
[2025-02-23 12:50:40][FLASK] - AUDIO: {'audio': 'pingvol'}
[2025-02-23 12:50:50][FLASK] - AUDIO: {'audio': 'pingvol'}
[2025-02-23 12:51:00][FLASK] - AUDIO: {'audio': 'pingvol'}
[2025-02-23 12:51:10][FLASK] - AUDIO: {'audio': 'pingvol'}
[2025-02-23 12:51:20][FLASK] - AUDIO: {'audio': 'pingvol'}
[2025-02-23 12:51:31][FLASK] - AUDIO: {'audio': 'pingvol'}
[2025-02-23 12:51:41][FLASK] - AUDIO: {'audio': 'pingvol'}
[2025-02-23 12:51:51][FLASK] - AUDIO: {'audio': 'pingvol'}
[2025-02-23 12:52:01][FLASK] - AUDIO: {'audio': 'pingvol'}
[2025-02-23 12:52:11][FLASK] - AUDIO: {'audio': 'pingvol'}
[2025-02-23 12:52:21][FLASK] - AUDIO: {'audio': 'pingvol'}
[2025-02-23 12:52:31][FLASK] - AUDIO: {'audio': 'pingvol'}
[2025-02-23 12:52:41][FLASK] - AUDIO: {'audio': 'pingvol'}
[2025-02-23 12:52:51][FLASK] - AUDIO: {'audio': 'pingvol'}
[2025-02-23 12:53:01][FLASK] - AUDIO: {'audio': 'pingvol'}
[2025-02-23 12:53:11][FLASK] - AUDIO: {'audio': 'pingvol'}
[2025-02-23 12:53:21][FLASK] - AUDIO: {'audio': 'pingvol'}
[2025-02-23 12:53:31][FLASK] - AUDIO: {'audio': 'pingvol'}
[2025-02-23 12:53:41][FLASK] - AUDIO: {'audio': 'pingvol'}
[2025-02-23 12:53:51][FLASK] - AUDIO: {'audio': 'pingvol'}
[2025-02-23 12:54:01][FLASK] - AUDIO: {'audio': 'pingvol'}
[2025-02-23 12:54:11][FLASK] - AUDIO: {'audio': 'pingvol'}
[2025-02-23 12:54:21][FLASK] - AUDIO: {'audio': 'pingvol'}
[2025-02-23 12:54:31][FLASK] - AUDIO: {'audio': 'pingvol'}
[2025-02-23 12:54:41][FLASK] - AUDIO: {'audio': 'pingvol'}
[2025-02-23 12:54:51][FLASK] - AUDIO: {'audio': 'pingvol'}
[2025-02-23 12:55:01][FLASK] - AUDIO: {'audio': 'pingvol'}
[2025-02-23 12:55:12][FLASK] - AUDIO: {'audio': 'pingvol'}
[2025-02-23 12:55:22][FLASK] - AUDIO: {'audio': 'pingvol'}
[2025-02-23 12:55:32][FLASK] - AUDIO: {'audio': 'pingvol'}
[2025-02-23 12:55:42][FLASK] - AUDIO: {'audio': 'pingvol'}
[2025-02-23 12:55:52][FLASK] - AUDIO: {'audio': 'pingvol'}
[2025-02-23 12:56:02][FLASK] - AUDIO: {'audio': 'pingvol'}
[2025-02-23 12:56:12][FLASK] - AUDIO: {'audio': 'pingvol'}
[2025-02-23 12:56:22][FLASK] - AUDIO: {'audio': 'pingvol'}
[2025-02-23 12:56:32][FLASK] - AUDIO: {'audio': 'pingvol'}
[2025-02-23 12:56:42][FLASK] - AUDIO: {'audio': 'pingvol'}
[2025-02-23 12:56:52][FLASK] - AUDIO: {'audio': 'pingvol'}
[2025-02-23 12:57:02][FLASK] - AUDIO: {'audio': 'pingvol'}
[2025-02-23 12:57:12][FLASK] - AUDIO: {'audio': 'pingvol'}
[2025-02-23 12:57:22][FLASK] - AUDIO: {'audio': 'pingvol'}
[2025-02-23 12:57:32][FLASK] - AUDIO: {'audio': 'pingvol'}
[2025-02-23 12:57:42][FLASK] - AUDIO: {'audio': 'pingvol'}
[2025-02-23 12:57:52][FLASK] - AUDIO: {'audio': 'pingvol'}
[2025-02-23 12:58:02][FLASK] - AUDIO: {'audio': 'pingvol'}
[2025-02-23 12:58:12][FLASK] - AUDIO: {'audio': 'pingvol'}
[2025-02-23 12:58:22][FLASK] - AUDIO: {'audio': 'pingvol'}
[2025-02-23 12:58:32][FLASK] - AUDIO: {'audio': 'pingvol'}
[2025-02-23 12:58:42][FLASK] - AUDIO: {'audio': 'pingvol'}
[2025-02-23 12:58:52][FLASK] - AUDIO: {'audio': 'pingvol'}
[2025-02-23 12:59:03][FLASK] - AUDIO: {'audio': 'pingvol'}
[2025-02-23 12:59:13][FLASK] - AUDIO: {'audio': 'pingvol'}
[2025-02-23 12:59:23][FLASK] - AUDIO: {'audio': 'pingvol'}
[2025-02-23 12:59:33][FLASK] - AUDIO: {'audio': 'pingvol'}
[2025-02-23 12:59:43][FLASK] - AUDIO: {'audio': 'pingvol'}
[2025-02-23 12:59:53][FLASK] - AUDIO: {'audio': 'pingvol'}
[2025-02-23 13:00:03][FLASK] - AUDIO: {'audio': 'pingvol'}
[2025-02-23 13:00:13][FLASK] - AUDIO: {'audio': 'pingvol'}
[2025-02-23 13:00:23][FLASK] - AUDIO: {'audio': 'pingvol'}
[2025-02-23 13:00:33][FLASK] - AUDIO: {'audio': 'pingvol'}
[2025-02-23 13:00:43][FLASK] - AUDIO: {'audio': 'pingvol'}
[2025-02-23 13:00:53][FLASK] - AUDIO: {'audio': 'pingvol'}
[2025-02-23 13:01:03][FLASK] - AUDIO: {'audio': 'pingvol'}
[2025-02-23 13:01:13][FLASK] - AUDIO: {'audio': 'pingvol'}
[2025-02-23 13:01:23][FLASK] - AUDIO: {'audio': 'pingvol'}
[2025-02-23 13:01:33][FLASK] - AUDIO: {'audio': 'pingvol'}
[2025-02-23 13:01:43][FLASK] - AUDIO: {'audio': 'pingvol'}
[2025-02-23 13:01:53][FLASK] - AUDIO: {'audio': 'pingvol'}
[2025-02-23 13:02:03][FLASK] - AUDIO: {'audio': 'pingvol'}
[2025-02-23 13:02:13][FLASK] - AUDIO: {'audio': 'pingvol'}
[2025-02-23 13:02:23][FLASK] - AUDIO: {'audio': 'pingvol'}
[2025-02-23 13:02:33][FLASK] - AUDIO: {'audio': 'pingvol'}
[2025-02-23 13:02:43][FLASK] - AUDIO: {'audio': 'pingvol'}
[2025-02-23 13:02:54][FLASK] - AUDIO: {'audio': 'pingvol'}
[2025-02-23 13:03:04][FLASK] - AUDIO: {'audio': 'pingvol'}
[2025-02-23 13:03:14][FLASK] - AUDIO: {'audio': 'pingvol'}
[2025-02-23 13:03:24][FLASK] - AUDIO: {'audio': 'pingvol'}
[2025-02-23 13:03:34][FLASK] - AUDIO: {'audio': 'pingvol'}
[2025-02-23 13:03:44][FLASK] - AUDIO: {'audio': 'pingvol'}
[2025-02-23 13:03:54][FLASK] - AUDIO: {'audio': 'pingvol'}
[2025-02-23 13:04:04][FLASK] - AUDIO: {'audio': 'pingvol'}
[2025-02-23 13:04:14][FLASK] - AUDIO: {'audio': 'pingvol'}
[2025-02-23 13:04:24][FLASK] - AUDIO: {'audio': 'pingvol'}
[2025-02-23 13:04:34][FLASK] - AUDIO: {'audio': 'pingvol'}
[2025-02-23 13:04:44][FLASK] - AUDIO: {'audio': 'pingvol'}
[2025-02-23 13:04:54][FLASK] - AUDIO: {'audio': 'pingvol'}
[2025-02-23 13:05:04][FLASK] - AUDIO: {'audio': 'pingvol'}
[2025-02-23 13:05:14][FLASK] - AUDIO: {'audio': 'pingvol'}
[2025-02-23 13:05:24][FLASK] - AUDIO: {'audio': 'pingvol'}
[2025-02-23 13:05:34][FLASK] - AUDIO: {'audio': 'pingvol'}
[2025-02-23 13:05:44][FLASK] - AUDIO: {'audio': 'pingvol'}
[2025-02-23 13:05:54][FLASK] - AUDIO: {'audio': 'pingvol'}
[2025-02-23 13:06:04][FLASK] - AUDIO: {'audio': 'pingvol'}
[2025-02-23 13:06:14][FLASK] - AUDIO: {'audio': 'pingvol'}
[2025-02-23 13:06:24][FLASK] - AUDIO: {'audio': 'pingvol'}
[2025-02-23 13:06:34][FLASK] - AUDIO: {'audio': 'pingvol'}
[2025-02-23 13:06:44][FLASK] - AUDIO: {'audio': 'pingvol'}
[2025-02-23 13:06:54][FLASK] - AUDIO: {'audio': 'pingvol'}
[2025-02-23 13:07:05][FLASK] - AUDIO: {'audio': 'pingvol'}
[2025-02-23 13:07:15][FLASK] - AUDIO: {'audio': 'pingvol'}
[2025-02-23 13:07:25][FLASK] - AUDIO: {'audio': 'pingvol'}
[2025-02-23 13:07:35][FLASK] - AUDIO: {'audio': 'pingvol'}
[2025-02-23 13:07:45][FLASK] - AUDIO: {'audio': 'pingvol'}
[2025-02-23 13:07:55][FLASK] - AUDIO: {'audio': 'pingvol'}
[2025-02-23 13:08:05][FLASK] - AUDIO: {'audio': 'pingvol'}
[2025-02-23 13:08:15][FLASK] - AUDIO: {'audio': 'pingvol'}
[2025-02-23 13:08:25][FLASK] - AUDIO: {'audio': 'pingvol'}
[2025-02-23 13:08:35][FLASK] - AUDIO: {'audio': 'pingvol'}
[2025-02-23 13:08:45][FLASK] - AUDIO: {'audio': 'pingvol'}
[2025-02-23 13:08:55][FLASK] - AUDIO: {'audio': 'pingvol'}
[2025-02-23 13:09:05][FLASK] - AUDIO: {'audio': 'pingvol'}
[2025-02-23 13:09:15][FLASK] - AUDIO: {'audio': 'pingvol'}
[2025-02-23 13:09:25][FLASK] - AUDIO: {'audio': 'pingvol'}
[2025-02-23 13:09:35][FLASK] - AUDIO: {'audio': 'pingvol'}
[2025-02-23 13:09:45][FLASK] - AUDIO: {'audio': 'pingvol'}
[2025-02-23 13:09:55][FLASK] - AUDIO: {'audio': 'pingvol'}
[2025-02-23 13:10:05][FLASK] - AUDIO: {'audio': 'pingvol'}
[2025-02-23 13:10:15][FLASK] - AUDIO: {'audio': 'pingvol'}
[2025-02-23 13:10:25][FLASK] - AUDIO: {'audio': 'pingvol'}
[2025-02-23 13:10:35][FLASK] - AUDIO: {'audio': 'pingvol'}
[2025-02-23 13:10:45][FLASK] - AUDIO: {'audio': 'pingvol'}
[2025-02-23 13:10:56][FLASK] - AUDIO: {'audio': 'pingvol'}
[2025-02-23 13:11:06][FLASK] - AUDIO: {'audio': 'pingvol'}
[2025-02-23 13:11:16][FLASK] - AUDIO: {'audio': 'pingvol'}
[2025-02-23 13:11:26][FLASK] - AUDIO: {'audio': 'pingvol'}
[2025-02-23 13:11:36][FLASK] - AUDIO: {'audio': 'pingvol'}
[2025-02-23 13:11:46][FLASK] - AUDIO: {'audio': 'pingvol'}
[2025-02-23 13:11:56][FLASK] - AUDIO: {'audio': 'pingvol'}
[2025-02-23 13:12:06][FLASK] - AUDIO: {'audio': 'pingvol'}
[2025-02-23 13:12:16][FLASK] - AUDIO: {'audio': 'pingvol'}
[2025-02-23 13:12:26][FLASK] - AUDIO: {'audio': 'pingvol'}
[2025-02-23 13:12:36][FLASK] - AUDIO: {'audio': 'pingvol'}
[2025-02-23 13:12:46][FLASK] - AUDIO: {'audio': 'pingvol'}
[2025-02-23 13:12:56][FLASK] - AUDIO: {'audio': 'pingvol'}
[2025-02-23 13:13:06][FLASK] - AUDIO: {'audio': 'pingvol'}
[2025-02-23 13:13:16][FLASK] - AUDIO: {'audio': 'pingvol'}
[2025-02-23 13:13:26][FLASK] - AUDIO: {'audio': 'pingvol'}
[2025-02-23 13:13:36][FLASK] - AUDIO: {'audio': 'pingvol'}
[2025-02-23 13:13:46][FLASK] - AUDIO: {'audio': 'pingvol'}
[2025-02-23 13:13:56][FLASK] - AUDIO: {'audio': 'pingvol'}
[2025-02-23 13:14:06][FLASK] - AUDIO: {'audio': 'pingvol'}
[2025-02-23 13:14:16][FLASK] - AUDIO: {'audio': 'pingvol'}
[2025-02-23 13:14:26][FLASK] - AUDIO: {'audio': 'pingvol'}
[2025-02-23 13:14:36][FLASK] - AUDIO: {'audio': 'pingvol'}
[2025-02-23 13:14:46][FLASK] - AUDIO: {'audio': 'pingvol'}
[2025-02-23 13:14:57][FLASK] - AUDIO: {'audio': 'pingvol'}
[2025-02-23 13:15:07][FLASK] - AUDIO: {'audio': 'pingvol'}
[2025-02-23 13:15:17][FLASK] - AUDIO: {'audio': 'pingvol'}
[2025-02-23 13:15:27][FLASK] - AUDIO: {'audio': 'pingvol'}
[2025-02-23 13:15:37][FLASK] - AUDIO: {'audio': 'pingvol'}
[2025-02-23 13:15:47][FLASK] - AUDIO: {'audio': 'pingvol'}
[2025-02-23 13:15:57][FLASK] - AUDIO: {'audio': 'pingvol'}
[2025-02-23 13:16:07][FLASK] - AUDIO: {'audio': 'pingvol'}
[2025-02-23 13:16:17][FLASK] - AUDIO: {'audio': 'pingvol'}
[2025-02-23 13:16:27][FLASK] - AUDIO: {'audio': 'pingvol'}
[2025-02-23 13:16:37][FLASK] - AUDIO: {'audio': 'pingvol'}
[2025-02-23 13:16:47][FLASK] - AUDIO: {'audio': 'pingvol'}
[2025-02-23 13:16:57][FLASK] - AUDIO: {'audio': 'pingvol'}
[2025-02-23 13:17:07][FLASK] - AUDIO: {'audio': 'pingvol'}
[2025-02-23 13:17:17][FLASK] - AUDIO: {'audio': 'pingvol'}
[2025-02-23 13:17:27][FLASK] - AUDIO: {'audio': 'pingvol'}
[2025-02-23 13:17:37][FLASK] - AUDIO: {'audio': 'pingvol'}
[2025-02-23 13:17:47][FLASK] - AUDIO: {'audio': 'pingvol'}
[2025-02-23 13:17:57][FLASK] - AUDIO: {'audio': 'pingvol'}
[2025-02-23 13:18:07][FLASK] - AUDIO: {'audio': 'pingvol'}
[2025-02-23 13:18:17][FLASK] - AUDIO: {'audio': 'pingvol'}
[2025-02-23 13:18:27][FLASK] - AUDIO: {'audio': 'pingvol'}
[2025-02-23 13:18:37][FLASK] - AUDIO: {'audio': 'pingvol'}
[2025-02-23 13:18:47][FLASK] - AUDIO: {'audio': 'pingvol'}
[2025-02-23 13:18:57][FLASK] - AUDIO: {'audio': 'pingvol'}
[2025-02-23 13:19:08][FLASK] - AUDIO: {'audio': 'pingvol'}
[2025-02-23 13:19:18][FLASK] - AUDIO: {'audio': 'pingvol'}
[2025-02-23 13:19:28][FLASK] - AUDIO: {'audio': 'pingvol'}
[2025-02-23 13:19:38][FLASK] - AUDIO: {'audio': 'pingvol'}
[2025-02-23 13:19:48][FLASK] - AUDIO: {'audio': 'pingvol'}
[2025-02-23 13:19:58][FLASK] - AUDIO: {'audio': 'pingvol'}
[2025-02-23 13:20:08][FLASK] - AUDIO: {'audio': 'pingvol'}
[2025-02-23 13:20:18][FLASK] - AUDIO: {'audio': 'pingvol'}
[2025-02-23 13:20:28][FLASK] - AUDIO: {'audio': 'pingvol'}
[2025-02-23 13:20:38][FLASK] - AUDIO: {'audio': 'pingvol'}
[2025-02-23 13:20:48][FLASK] - AUDIO: {'audio': 'pingvol'}
[2025-02-23 13:20:58][FLASK] - AUDIO: {'audio': 'pingvol'}
[2025-02-23 13:21:08][FLASK] - AUDIO: {'audio': 'pingvol'}
[2025-02-23 13:21:18][FLASK] - AUDIO: {'audio': 'pingvol'}
[2025-02-23 13:21:28][FLASK] - AUDIO: {'audio': 'pingvol'}
[2025-02-23 13:21:38][FLASK] - AUDIO: {'audio': 'pingvol'}
[2025-02-23 13:21:48][FLASK] - AUDIO: {'audio': 'pingvol'}
[2025-02-23 13:21:58][FLASK] - AUDIO: {'audio': 'pingvol'}
[2025-02-23 13:22:08][FLASK] - AUDIO: {'audio': 'pingvol'}
[2025-02-23 13:22:18][FLASK] - AUDIO: {'audio': 'pingvol'}
[2025-02-23 13:22:28][FLASK] - AUDIO: {'audio': 'pingvol'}
[2025-02-23 13:22:38][FLASK] - AUDIO: {'audio': 'pingvol'}
[2025-02-23 13:22:48][FLASK] - AUDIO: {'audio': 'pingvol'}
[2025-02-23 13:22:58][FLASK] - AUDIO: {'audio': 'pingvol'}
[2025-02-23 13:23:09][FLASK] - AUDIO: {'audio': 'pingvol'}
[2025-02-23 13:23:19][FLASK] - AUDIO: {'audio': 'pingvol'}
[2025-02-23 13:23:29][FLASK] - AUDIO: {'audio': 'pingvol'}
[2025-02-23 13:23:39][FLASK] - AUDIO: {'audio': 'pingvol'}
[2025-02-23 13:23:49][FLASK] - AUDIO: {'audio': 'pingvol'}
[2025-02-23 13:23:59][FLASK] - AUDIO: {'audio': 'pingvol'}
[2025-02-23 13:24:09][FLASK] - AUDIO: {'audio': 'pingvol'}
[2025-02-23 13:24:19][FLASK] - AUDIO: {'audio': 'pingvol'}
[2025-02-23 13:24:29][FLASK] - AUDIO: {'audio': 'pingvol'}
[2025-02-23 13:24:39][FLASK] - AUDIO: {'audio': 'pingvol'}
[2025-02-23 13:24:49][FLASK] - AUDIO: {'audio': 'pingvol'}
[2025-02-23 13:24:59][FLASK] - AUDIO: {'audio': 'pingvol'}
[2025-02-23 13:25:09][FLASK] - AUDIO: {'audio': 'pingvol'}
[2025-02-23 13:25:19][FLASK] - AUDIO: {'audio': 'pingvol'}
[2025-02-23 13:25:29][FLASK] - AUDIO: {'audio': 'pingvol'}
[2025-02-23 13:25:39][FLASK] - AUDIO: {'audio': 'pingvol'}
[2025-02-23 13:25:49][FLASK] - AUDIO: {'audio': 'pingvol'}
[2025-02-23 13:25:59][FLASK] - AUDIO: {'audio': 'pingvol'}
[2025-02-23 13:25:59][MAIN] - To Arduino: AUDIOPINGVOL
[2025-02-23 13:26:09][FLASK] - AUDIO: {'audio': 'pingvol'}
[2025-02-23 13:26:19][FLASK] - AUDIO: {'audio': 'pingvol'}
[2025-02-23 13:26:29][FLASK] - AUDIO: {'audio': 'pingvol'}
[2025-02-23 13:26:39][FLASK] - AUDIO: {'audio': 'pingvol'}
[2025-02-23 13:26:49][FLASK] - AUDIO: {'audio': 'pingvol'}
[2025-02-23 13:27:00][FLASK] - AUDIO: {'audio': 'pingvol'}
[2025-02-23 13:27:10][FLASK] - AUDIO: {'audio': 'pingvol'}
[2025-02-23 13:27:20][FLASK] - AUDIO: {'audio': 'pingvol'}
[2025-02-23 13:27:30][FLASK] - AUDIO: {'audio': 'pingvol'}
[2025-02-23 13:27:40][FLASK] - AUDIO: {'audio': 'pingvol'}
[2025-02-23 13:27:50][FLASK] - AUDIO: {'audio': 'pingvol'}
[2025-02-23 13:28:00][FLASK] - AUDIO: {'audio': 'pingvol'}
[2025-02-23 13:28:10][FLASK] - AUDIO: {'audio': 'pingvol'}
[2025-02-23 13:28:20][FLASK] - AUDIO: {'audio': 'pingvol'}
[2025-02-23 13:28:30][FLASK] - AUDIO: {'audio': 'pingvol'}
[2025-02-23 13:28:40][FLASK] - AUDIO: {'audio': 'pingvol'}
[2025-02-23 13:28:50][FLASK] - AUDIO: {'audio': 'pingvol'}
[2025-02-23 13:29:00][FLASK] - AUDIO: {'audio': 'pingvol'}
[2025-02-23 13:29:10][FLASK] - AUDIO: {'audio': 'pingvol'}
[2025-02-23 13:29:20][FLASK] - AUDIO: {'audio': 'pingvol'}
[2025-02-23 13:29:30][FLASK] - AUDIO: {'audio': 'pingvol'}
[2025-02-23 13:29:40][FLASK] - AUDIO: {'audio': 'pingvol'}
[2025-02-23 13:29:50][FLASK] - AUDIO: {'audio': 'pingvol'}
[2025-02-23 13:30:00][FLASK] - AUDIO: {'audio': 'pingvol'}
[2025-02-23 13:30:10][FLASK] - AUDIO: {'audio': 'pingvol'}
[2025-02-23 13:30:20][FLASK] - AUDIO: {'audio': 'pingvol'}
[2025-02-23 13:30:30][FLASK] - AUDIO: {'audio': 'pingvol'}
[2025-02-23 13:30:41][FLASK] - AUDIO: {'audio': 'pingvol'}
[2025-02-23 13:30:51][FLASK] - AUDIO: {'audio': 'pingvol'}
[2025-02-23 13:31:01][FLASK] - AUDIO: {'audio': 'pingvol'}
[2025-02-23 13:31:11][FLASK] - AUDIO: {'audio': 'pingvol'}
[2025-02-23 13:31:21][FLASK] - AUDIO: {'audio': 'pingvol'}
[2025-02-23 13:31:31][FLASK] - AUDIO: {'audio': 'pingvol'}
[2025-02-23 13:31:41][FLASK] - AUDIO: {'audio': 'pingvol'}
[2025-02-23 13:31:51][FLASK] - AUDIO: {'audio': 'pingvol'}
[2025-02-23 13:32:01][FLASK] - AUDIO: {'audio': 'pingvol'}
[2025-02-23 13:32:11][FLASK] - AUDIO: {'audio': 'pingvol'}
[2025-02-23 13:32:21][FLASK] - AUDIO: {'audio': 'pingvol'}
[2025-02-23 13:32:31][FLASK] - AUDIO: {'audio': 'pingvol'}
[2025-02-23 13:32:41][FLASK] - AUDIO: {'audio': 'pingvol'}
[2025-02-23 13:32:51][FLASK] - AUDIO: {'audio': 'pingvol'}
[2025-02-23 13:33:01][FLASK] - AUDIO: {'audio': 'pingvol'}
[2025-02-23 13:33:11][FLASK] - AUDIO: {'audio': 'pingvol'}
[2025-02-23 13:33:21][FLASK] - AUDIO: {'audio': 'pingvol'}
[2025-02-23 13:33:31][FLASK] - AUDIO: {'audio': 'pingvol'}
[2025-02-23 13:33:41][FLASK] - AUDIO: {'audio': 'pingvol'}
[2025-02-23 13:33:51][FLASK] - AUDIO: {'audio': 'pingvol'}
[2025-02-23 13:34:01][FLASK] - AUDIO: {'audio': 'pingvol'}
[2025-02-23 13:34:11][FLASK] - AUDIO: {'audio': 'pingvol'}
[2025-02-23 13:34:22][FLASK] - AUDIO: {'audio': 'pingvol'}
[2025-02-23 13:34:32][FLASK] - AUDIO: {'audio': 'pingvol'}
[2025-02-23 13:34:42][FLASK] - AUDIO: {'audio': 'pingvol'}
[2025-02-23 13:34:52][FLASK] - AUDIO: {'audio': 'pingvol'}
[2025-02-23 13:35:02][FLASK] - AUDIO: {'audio': 'pingvol'}
[2025-02-23 13:35:12][FLASK] - AUDIO: {'audio': 'pingvol'}
[2025-02-23 13:35:22][FLASK] - AUDIO: {'audio': 'pingvol'}
[2025-02-23 13:35:32][FLASK] - AUDIO: {'audio': 'pingvol'}
[2025-02-23 13:35:42][FLASK] - AUDIO: {'audio': 'pingvol'}
[2025-02-23 13:35:52][FLASK] - AUDIO: {'audio': 'pingvol'}
[2025-02-23 13:36:02][FLASK] - AUDIO: {'audio': 'pingvol'}
[2025-02-23 13:36:12][FLASK] - AUDIO: {'audio': 'pingvol'}
[2025-02-23 13:36:22][FLASK] - AUDIO: {'audio': 'pingvol'}
[2025-02-23 13:36:32][FLASK] - AUDIO: {'audio': 'pingvol'}
[2025-02-23 13:36:42][FLASK] - AUDIO: {'audio': 'pingvol'}
[2025-02-23 13:36:52][FLASK] - AUDIO: {'audio': 'pingvol'}
[2025-02-23 13:37:02][FLASK] - AUDIO: {'audio': 'pingvol'}
[2025-02-23 13:37:12][FLASK] - AUDIO: {'audio': 'pingvol'}
[2025-02-23 13:37:22][FLASK] - AUDIO: {'audio': 'pingvol'}
[2025-02-23 13:37:32][FLASK] - AUDIO: {'audio': 'pingvol'}
[2025-02-23 13:37:42][FLASK] - AUDIO: {'audio': 'pingvol'}
[2025-02-23 13:37:52][FLASK] - AUDIO: {'audio': 'pingvol'}
[2025-02-23 13:38:02][FLASK] - AUDIO: {'audio': 'pingvol'}
[2025-02-23 13:38:13][FLASK] - AUDIO: {'audio': 'pingvol'}
[2025-02-23 13:38:23][FLASK] - AUDIO: {'audio': 'pingvol'}
[2025-02-23 13:38:33][FLASK] - AUDIO: {'audio': 'pingvol'}
[2025-02-23 13:38:43][FLASK] - AUDIO: {'audio': 'pingvol'}
[2025-02-23 13:38:53][FLASK] - AUDIO: {'audio': 'pingvol'}
[2025-02-23 13:39:03][FLASK] - AUDIO: {'audio': 'pingvol'}
[2025-02-23 13:39:13][FLASK] - AUDIO: {'audio': 'pingvol'}
[2025-02-23 13:39:23][FLASK] - AUDIO: {'audio': 'pingvol'}
[2025-02-23 13:39:33][FLASK] - AUDIO: {'audio': 'pingvol'}
[2025-02-23 13:39:43][FLASK] - AUDIO: {'audio': 'pingvol'}
[2025-02-23 13:39:53][FLASK] - AUDIO: {'audio': 'pingvol'}
[2025-02-23 13:40:03][FLASK] - AUDIO: {'audio': 'pingvol'}
[2025-02-23 13:40:13][FLASK] - AUDIO: {'audio': 'pingvol'}
[2025-02-23 13:40:23][FLASK] - AUDIO: {'audio': 'pingvol'}
[2025-02-23 13:40:33][FLASK] - AUDIO: {'audio': 'pingvol'}
[2025-02-23 13:40:43][FLASK] - AUDIO: {'audio': 'pingvol'}
[2025-02-23 13:40:53][FLASK] - AUDIO: {'audio': 'pingvol'}
[2025-02-23 13:41:03][FLASK] - AUDIO: {'audio': 'pingvol'}
[2025-02-23 13:41:13][FLASK] - AUDIO: {'audio': 'pingvol'}
[2025-02-23 13:41:23][FLASK] - AUDIO: {'audio': 'pingvol'}
[2025-02-23 13:41:34][FLASK] - AUDIO: {'audio': 'pingvol'}
[2025-02-23 13:41:44][FLASK] - AUDIO: {'audio': 'pingvol'}
[2025-02-23 13:41:54][FLASK] - AUDIO: {'audio': 'pingvol'}
[2025-02-23 13:42:04][FLASK] - AUDIO: {'audio': 'pingvol'}
[2025-02-23 13:42:14][FLASK] - AUDIO: {'audio': 'pingvol'}
[2025-02-23 13:42:24][FLASK] - AUDIO: {'audio': 'pingvol'}
[2025-02-23 13:42:34][FLASK] - AUDIO: {'audio': 'pingvol'}
[2025-02-23 13:42:44][FLASK] - AUDIO: {'audio': 'pingvol'}
[2025-02-23 13:42:54][FLASK] - AUDIO: {'audio': 'pingvol'}
[2025-02-23 13:43:04][FLASK] - AUDIO: {'audio': 'pingvol'}
[2025-02-23 13:43:14][FLASK] - AUDIO: {'audio': 'pingvol'}
[2025-02-23 13:43:24][FLASK] - AUDIO: {'audio': 'pingvol'}
[2025-02-23 13:43:34][FLASK] - AUDIO: {'audio': 'pingvol'}
[2025-02-23 13:43:44][FLASK] - AUDIO: {'audio': 'pingvol'}
[2025-02-23 13:43:54][FLASK] - AUDIO: {'audio': 'pingvol'}
[2025-02-23 13:44:04][FLASK] - AUDIO: {'audio': 'pingvol'}
[2025-02-23 13:44:14][FLASK] - AUDIO: {'audio': 'pingvol'}
[2025-02-23 13:44:24][FLASK] - AUDIO: {'audio': 'pingvol'}
[2025-02-23 13:44:34][FLASK] - AUDIO: {'audio': 'pingvol'}
[2025-02-23 13:44:44][FLASK] - AUDIO: {'audio': 'pingvol'}
[2025-02-23 13:44:54][FLASK] - AUDIO: {'audio': 'pingvol'}
[2025-02-23 13:45:04][FLASK] - AUDIO: {'audio': 'pingvol'}
[2025-02-23 13:45:14][FLASK] - AUDIO: {'audio': 'pingvol'}
[2025-02-23 13:45:25][FLASK] - AUDIO: {'audio': 'pingvol'}
[2025-02-23 13:45:35][FLASK] - AUDIO: {'audio': 'pingvol'}
[2025-02-23 13:45:45][FLASK] - AUDIO: {'audio': 'pingvol'}
[2025-02-23 13:45:55][FLASK] - AUDIO: {'audio': 'pingvol'}
[2025-02-23 13:46:05][FLASK] - AUDIO: {'audio': 'pingvol'}
[2025-02-23 13:46:15][FLASK] - AUDIO: {'audio': 'pingvol'}
[2025-02-23 13:46:25][FLASK] - AUDIO: {'audio': 'pingvol'}
[2025-02-23 13:46:35][FLASK] - AUDIO: {'audio': 'pingvol'}
[2025-02-23 13:46:45][FLASK] - AUDIO: {'audio': 'pingvol'}
[2025-02-23 13:46:55][FLASK] - AUDIO: {'audio': 'pingvol'}
[2025-02-23 13:47:05][FLASK] - AUDIO: {'audio': 'pingvol'}
[2025-02-23 13:47:15][FLASK] - AUDIO: {'audio': 'pingvol'}
[2025-02-23 13:47:25][FLASK] - AUDIO: {'audio': 'pingvol'}
[2025-02-23 13:47:35][FLASK] - AUDIO: {'audio': 'pingvol'}
[2025-02-23 13:47:45][FLASK] - AUDIO: {'audio': 'pingvol'}
[2025-02-23 13:47:55][FLASK] - AUDIO: {'audio': 'pingvol'}
[2025-02-23 13:48:05][FLASK] - AUDIO: {'audio': 'pingvol'}
[2025-02-23 13:48:15][FLASK] - AUDIO: {'audio': 'pingvol'}
[2025-02-23 13:48:25][FLASK] - AUDIO: {'audio': 'pingvol'}
[2025-02-23 13:48:35][FLASK] - AUDIO: {'audio': 'pingvol'}
[2025-02-23 13:48:45][FLASK] - AUDIO: {'audio': 'pingvol'}
[2025-02-23 13:48:55][FLASK] - AUDIO: {'audio': 'pingvol'}
[2025-02-23 13:49:05][FLASK] - AUDIO: {'audio': 'pingvol'}
[2025-02-23 13:49:15][FLASK] - AUDIO: {'audio': 'pingvol'}
[2025-02-23 13:49:25][FLASK] - AUDIO: {'audio': 'pingvol'}
[2025-02-23 13:49:36][FLASK] - AUDIO: {'audio': 'pingvol'}
[2025-02-23 13:49:46][FLASK] - AUDIO: {'audio': 'pingvol'}
[2025-02-23 13:49:56][FLASK] - AUDIO: {'audio': 'pingvol'}
[2025-02-23 13:50:06][FLASK] - AUDIO: {'audio': 'pingvol'}
[2025-02-23 13:50:16][FLASK] - AUDIO: {'audio': 'pingvol'}
[2025-02-23 13:50:26][FLASK] - AUDIO: {'audio': 'pingvol'}
[2025-02-23 13:50:36][FLASK] - AUDIO: {'audio': 'pingvol'}
[2025-02-23 13:50:46][FLASK] - AUDIO: {'audio': 'pingvol'}
[2025-02-23 13:50:56][FLASK] - AUDIO: {'audio': 'pingvol'}
[2025-02-23 13:51:06][FLASK] - AUDIO: {'audio': 'pingvol'}
[2025-02-23 13:51:16][FLASK] - AUDIO: {'audio': 'pingvol'}
[2025-02-23 13:51:26][FLASK] - AUDIO: {'audio': 'pingvol'}
[2025-02-23 13:51:36][FLASK] - AUDIO: {'audio': 'pingvol'}
[2025-02-23 13:51:46][FLASK] - AUDIO: {'audio': 'pingvol'}
[2025-02-23 13:51:56][FLASK] - AUDIO: {'audio': 'pingvol'}
[2025-02-23 13:52:06][FLASK] - AUDIO: {'audio': 'pingvol'}
[2025-02-23 13:52:16][FLASK] - AUDIO: {'audio': 'pingvol'}
[2025-02-23 13:52:26][FLASK] - AUDIO: {'audio': 'pingvol'}
[2025-02-23 13:52:36][FLASK] - AUDIO: {'audio': 'pingvol'}
[2025-02-23 13:52:46][FLASK] - AUDIO: {'audio': 'pingvol'}
[2025-02-23 13:52:56][FLASK] - AUDIO: {'audio': 'pingvol'}
[2025-02-23 13:53:06][FLASK] - AUDIO: {'audio': 'pingvol'}
[2025-02-23 13:53:16][FLASK] - AUDIO: {'audio': 'pingvol'}
[2025-02-23 13:53:26][FLASK] - AUDIO: {'audio': 'pingvol'}
[2025-02-23 13:53:37][FLASK] - AUDIO: {'audio': 'pingvol'}
[2025-02-23 13:53:47][FLASK] - AUDIO: {'audio': 'pingvol'}
[2025-02-23 13:53:57][FLASK] - AUDIO: {'audio': 'pingvol'}
[2025-02-23 13:54:07][FLASK] - AUDIO: {'audio': 'pingvol'}
[2025-02-23 13:54:17][FLASK] - AUDIO: {'audio': 'pingvol'}
[2025-02-23 13:54:27][FLASK] - AUDIO: {'audio': 'pingvol'}
[2025-02-23 13:54:37][FLASK] - AUDIO: {'audio': 'pingvol'}
[2025-02-23 13:54:47][FLASK] - AUDIO: {'audio': 'pingvol'}
[2025-02-23 13:54:57][FLASK] - AUDIO: {'audio': 'pingvol'}
[2025-02-23 13:55:07][FLASK] - AUDIO: {'audio': 'pingvol'}
[2025-02-23 13:55:17][FLASK] - AUDIO: {'audio': 'pingvol'}
[2025-02-23 13:55:27][FLASK] - AUDIO: {'audio': 'pingvol'}
[2025-02-23 13:55:37][FLASK] - AUDIO: {'audio': 'pingvol'}
[2025-02-23 13:55:47][FLASK] - AUDIO: {'audio': 'pingvol'}
[2025-02-23 13:55:57][FLASK] - AUDIO: {'audio': 'pingvol'}
[2025-02-23 13:56:07][FLASK] - AUDIO: {'audio': 'pingvol'}
[2025-02-23 13:56:17][FLASK] - AUDIO: {'audio': 'pingvol'}
[2025-02-23 13:56:27][FLASK] - AUDIO: {'audio': 'pingvol'}
[2025-02-23 13:56:37][FLASK] - AUDIO: {'audio': 'pingvol'}
[2025-02-23 13:56:47][FLASK] - AUDIO: {'audio': 'pingvol'}
[2025-02-23 13:56:57][FLASK] - AUDIO: {'audio': 'pingvol'}
[2025-02-23 13:57:07][FLASK] - AUDIO: {'audio': 'pingvol'}
[2025-02-23 13:57:17][FLASK] - AUDIO: {'audio': 'pingvol'}
[2025-02-23 13:57:27][FLASK] - AUDIO: {'audio': 'pingvol'}
[2025-02-23 13:57:37][FLASK] - AUDIO: {'audio': 'pingvol'}
[2025-02-23 13:57:47][FLASK] - AUDIO: {'audio': 'pingvol'}
[2025-02-23 13:57:58][FLASK] - AUDIO: {'audio': 'pingvol'}
[2025-02-23 13:58:08][FLASK] - AUDIO: {'audio': 'pingvol'}
[2025-02-23 13:58:18][FLASK] - AUDIO: {'audio': 'pingvol'}
[2025-02-23 13:58:28][FLASK] - AUDIO: {'audio': 'pingvol'}
[2025-02-23 13:58:38][FLASK] - AUDIO: {'audio': 'pingvol'}
[2025-02-23 13:58:48][FLASK] - AUDIO: {'audio': 'pingvol'}
[2025-02-23 13:58:58][FLASK] - AUDIO: {'audio': 'pingvol'}
[2025-02-23 13:59:08][FLASK] - AUDIO: {'audio': 'pingvol'}
[2025-02-23 13:59:18][FLASK] - AUDIO: {'audio': 'pingvol'}
[2025-02-23 13:59:28][FLASK] - AUDIO: {'audio': 'pingvol'}
[2025-02-23 13:59:38][FLASK] - AUDIO: {'audio': 'pingvol'}
[2025-02-23 13:59:48][FLASK] - AUDIO: {'audio': 'pingvol'}
[2025-02-23 13:59:58][FLASK] - AUDIO: {'audio': 'pingvol'}
[2025-02-23 14:00:08][FLASK] - AUDIO: {'audio': 'pingvol'}
[2025-02-23 14:00:18][FLASK] - AUDIO: {'audio': 'pingvol'}
[2025-02-23 14:00:28][FLASK] - AUDIO: {'audio': 'pingvol'}
[2025-02-23 14:00:38][FLASK] - AUDIO: {'audio': 'pingvol'}
[2025-02-23 14:00:48][FLASK] - AUDIO: {'audio': 'pingvol'}
[2025-02-23 14:00:58][FLASK] - AUDIO: {'audio': 'pingvol'}
[2025-02-23 14:01:08][FLASK] - AUDIO: {'audio': 'pingvol'}
[2025-02-23 14:01:18][FLASK] - AUDIO: {'audio': 'pingvol'}
[2025-02-23 14:01:28][FLASK] - AUDIO: {'audio': 'pingvol'}
[2025-02-23 14:01:38][FLASK] - AUDIO: {'audio': 'pingvol'}
[2025-02-23 14:01:48][FLASK] - AUDIO: {'audio': 'pingvol'}
[2025-02-23 14:01:58][FLASK] - AUDIO: {'audio': 'pingvol'}
[2025-02-23 14:02:09][FLASK] - AUDIO: {'audio': 'pingvol'}
[2025-02-23 14:02:19][FLASK] - AUDIO: {'audio': 'pingvol'}
[2025-02-23 14:02:29][FLASK] - AUDIO: {'audio': 'pingvol'}
[2025-02-23 14:02:39][FLASK] - AUDIO: {'audio': 'pingvol'}
[2025-02-23 14:02:49][FLASK] - AUDIO: {'audio': 'pingvol'}
[2025-02-23 14:02:59][FLASK] - AUDIO: {'audio': 'pingvol'}
[2025-02-23 14:03:09][FLASK] - AUDIO: {'audio': 'pingvol'}
[2025-02-23 14:03:19][FLASK] - AUDIO: {'audio': 'pingvol'}
[2025-02-23 14:03:29][FLASK] - AUDIO: {'audio': 'pingvol'}
[2025-02-23 14:03:39][FLASK] - AUDIO: {'audio': 'pingvol'}
[2025-02-23 14:03:49][FLASK] - AUDIO: {'audio': 'pingvol'}
[2025-02-23 14:03:59][FLASK] - AUDIO: {'audio': 'pingvol'}
[2025-02-23 14:04:09][FLASK] - AUDIO: {'audio': 'pingvol'}
[2025-02-23 14:04:19][FLASK] - AUDIO: {'audio': 'pingvol'}
[2025-02-23 14:04:29][FLASK] - AUDIO: {'audio': 'pingvol'}
[2025-02-23 14:04:39][FLASK] - AUDIO: {'audio': 'pingvol'}
[2025-02-23 14:04:49][FLASK] - AUDIO: {'audio': 'pingvol'}
[2025-02-23 14:04:59][FLASK] - AUDIO: {'audio': 'pingvol'}
[2025-02-23 14:05:09][FLASK] - AUDIO: {'audio': 'pingvol'}
[2025-02-23 14:05:19][FLASK] - AUDIO: {'audio': 'pingvol'}
[2025-02-23 14:05:29][FLASK] - AUDIO: {'audio': 'pingvol'}
[2025-02-23 14:05:39][FLASK] - AUDIO: {'audio': 'pingvol'}
[2025-02-23 14:05:49][FLASK] - AUDIO: {'audio': 'pingvol'}
[2025-02-23 14:05:59][FLASK] - AUDIO: {'audio': 'pingvol'}
[2025-02-23 14:06:09][FLASK] - AUDIO: {'audio': 'pingvol'}
[2025-02-23 14:06:19][FLASK] - AUDIO: {'audio': 'pingvol'}
[2025-02-23 14:06:30][FLASK] - AUDIO: {'audio': 'pingvol'}
[2025-02-23 14:06:40][FLASK] - AUDIO: {'audio': 'pingvol'}
[2025-02-23 14:06:50][FLASK] - AUDIO: {'audio': 'pingvol'}
[2025-02-23 14:07:00][FLASK] - AUDIO: {'audio': 'pingvol'}
[2025-02-23 14:07:10][FLASK] - AUDIO: {'audio': 'pingvol'}
[2025-02-23 14:07:20][FLASK] - AUDIO: {'audio': 'pingvol'}
[2025-02-23 14:07:30][FLASK] - AUDIO: {'audio': 'pingvol'}
[2025-02-23 14:07:40][FLASK] - AUDIO: {'audio': 'pingvol'}
[2025-02-23 14:07:50][FLASK] - AUDIO: {'audio': 'pingvol'}
[2025-02-23 14:08:00][FLASK] - AUDIO: {'audio': 'pingvol'}
[2025-02-23 14:08:10][FLASK] - AUDIO: {'audio': 'pingvol'}
[2025-02-23 14:08:20][FLASK] - AUDIO: {'audio': 'pingvol'}
[2025-02-23 14:08:30][FLASK] - AUDIO: {'audio': 'pingvol'}
[2025-02-23 14:08:40][FLASK] - AUDIO: {'audio': 'pingvol'}
[2025-02-23 14:08:50][FLASK] - AUDIO: {'audio': 'pingvol'}
[2025-02-23 14:09:00][FLASK] - AUDIO: {'audio': 'pingvol'}
[2025-02-23 14:09:10][FLASK] - AUDIO: {'audio': 'pingvol'}
[2025-02-23 14:09:20][FLASK] - AUDIO: {'audio': 'pingvol'}
[2025-02-23 14:09:30][FLASK] - AUDIO: {'audio': 'pingvol'}
[2025-02-23 14:09:40][FLASK] - AUDIO: {'audio': 'pingvol'}
[2025-02-23 14:09:50][FLASK] - AUDIO: {'audio': 'pingvol'}
[2025-02-23 14:10:00][FLASK] - AUDIO: {'audio': 'pingvol'}
[2025-02-23 14:10:10][FLASK] - AUDIO: {'audio': 'pingvol'}
[2025-02-23 14:10:20][FLASK] - AUDIO: {'audio': 'pingvol'}
[2025-02-23 14:10:30][FLASK] - AUDIO: {'audio': 'pingvol'}
[2025-02-23 14:10:40][FLASK] - AUDIO: {'audio': 'pingvol'}
[2025-02-23 14:10:51][FLASK] - AUDIO: {'audio': 'pingvol'}
[2025-02-23 14:11:01][FLASK] - AUDIO: {'audio': 'pingvol'}
[2025-02-23 14:11:11][FLASK] - AUDIO: {'audio': 'pingvol'}
[2025-02-23 14:11:21][FLASK] - AUDIO: {'audio': 'pingvol'}
[2025-02-23 14:11:31][FLASK] - AUDIO: {'audio': 'pingvol'}
[2025-02-23 14:11:41][FLASK] - AUDIO: {'audio': 'pingvol'}
[2025-02-23 14:11:51][FLASK] - AUDIO: {'audio': 'pingvol'}
[2025-02-23 14:12:01][FLASK] - AUDIO: {'audio': 'pingvol'}
[2025-02-23 14:12:11][FLASK] - AUDIO: {'audio': 'pingvol'}
[2025-02-23 14:12:21][FLASK] - AUDIO: {'audio': 'pingvol'}
[2025-02-23 14:12:31][FLASK] - AUDIO: {'audio': 'pingvol'}
[2025-02-23 14:12:41][FLASK] - AUDIO: {'audio': 'pingvol'}
[2025-02-23 14:12:51][FLASK] - AUDIO: {'audio': 'pingvol'}
[2025-02-23 14:13:01][FLASK] - AUDIO: {'audio': 'pingvol'}
[2025-02-23 14:13:11][FLASK] - AUDIO: {'audio': 'pingvol'}
[2025-02-23 14:13:21][FLASK] - AUDIO: {'audio': 'pingvol'}
[2025-02-23 14:13:31][FLASK] - AUDIO: {'audio': 'pingvol'}
[2025-02-23 14:13:41][FLASK] - AUDIO: {'audio': 'pingvol'}
[2025-02-23 14:13:51][FLASK] - AUDIO: {'audio': 'pingvol'}
[2025-02-23 14:14:01][FLASK] - AUDIO: {'audio': 'pingvol'}
[2025-02-23 14:14:11][FLASK] - AUDIO: {'audio': 'pingvol'}
[2025-02-23 14:14:21][FLASK] - AUDIO: {'audio': 'pingvol'}
[2025-02-23 14:14:31][FLASK] - AUDIO: {'audio': 'pingvol'}
[2025-02-23 14:14:41][FLASK] - AUDIO: {'audio': 'pingvol'}
[2025-02-23 14:14:51][FLASK] - AUDIO: {'audio': 'pingvol'}
[2025-02-23 14:15:02][FLASK] - AUDIO: {'audio': 'pingvol'}
[2025-02-23 14:15:12][FLASK] - AUDIO: {'audio': 'pingvol'}
[2025-02-23 14:15:22][FLASK] - AUDIO: {'audio': 'pingvol'}
[2025-02-23 14:15:32][FLASK] - AUDIO: {'audio': 'pingvol'}
[2025-02-23 14:15:42][FLASK] - AUDIO: {'audio': 'pingvol'}
[2025-02-23 14:15:52][FLASK] - AUDIO: {'audio': 'pingvol'}
[2025-02-23 14:16:02][FLASK] - AUDIO: {'audio': 'pingvol'}
[2025-02-23 14:16:12][FLASK] - AUDIO: {'audio': 'pingvol'}
[2025-02-23 14:16:22][FLASK] - AUDIO: {'audio': 'pingvol'}
[2025-02-23 14:16:32][FLASK] - AUDIO: {'audio': 'pingvol'}
[2025-02-23 14:16:42][FLASK] - AUDIO: {'audio': 'pingvol'}
[2025-02-23 14:16:52][FLASK] - AUDIO: {'audio': 'pingvol'}
[2025-02-23 14:17:02][FLASK] - AUDIO: {'audio': 'pingvol'}
[2025-02-23 14:17:12][FLASK] - AUDIO: {'audio': 'pingvol'}
[2025-02-23 14:17:22][FLASK] - AUDIO: {'audio': 'pingvol'}
[2025-02-23 14:17:32][FLASK] - AUDIO: {'audio': 'pingvol'}
[2025-02-23 14:17:42][FLASK] - AUDIO: {'audio': 'pingvol'}
[2025-02-23 14:17:52][FLASK] - AUDIO: {'audio': 'pingvol'}
[2025-02-23 14:18:02][FLASK] - AUDIO: {'audio': 'pingvol'}
[2025-02-23 14:18:12][FLASK] - AUDIO: {'audio': 'pingvol'}
[2025-02-23 14:18:22][FLASK] - AUDIO: {'audio': 'pingvol'}
[2025-02-23 14:18:32][FLASK] - AUDIO: {'audio': 'pingvol'}
[2025-02-23 14:18:42][FLASK] - AUDIO: {'audio': 'pingvol'}
[2025-02-23 14:18:52][FLASK] - AUDIO: {'audio': 'pingvol'}
[2025-02-23 14:19:02][FLASK] - AUDIO: {'audio': 'pingvol'}
[2025-02-23 14:19:13][FLASK] - AUDIO: {'audio': 'pingvol'}
[2025-02-23 14:19:23][FLASK] - AUDIO: {'audio': 'pingvol'}
[2025-02-23 14:19:33][FLASK] - AUDIO: {'audio': 'pingvol'}
[2025-02-23 14:19:43][FLASK] - AUDIO: {'audio': 'pingvol'}
[2025-02-23 14:19:53][FLASK] - AUDIO: {'audio': 'pingvol'}
[2025-02-23 14:20:03][FLASK] - AUDIO: {'audio': 'pingvol'}
[2025-02-23 14:20:13][FLASK] - AUDIO: {'audio': 'pingvol'}
[2025-02-23 14:20:23][FLASK] - AUDIO: {'audio': 'pingvol'}
[2025-02-23 14:20:33][FLASK] - AUDIO: {'audio': 'pingvol'}
[2025-02-23 14:20:43][FLASK] - AUDIO: {'audio': 'pingvol'}
[2025-02-23 14:20:53][FLASK] - AUDIO: {'audio': 'pingvol'}
[2025-02-23 14:21:03][FLASK] - AUDIO: {'audio': 'pingvol'}
[2025-02-23 14:21:13][FLASK] - AUDIO: {'audio': 'pingvol'}
[2025-02-23 14:21:23][FLASK] - AUDIO: {'audio': 'pingvol'}
[2025-02-23 14:21:33][FLASK] - AUDIO: {'audio': 'pingvol'}
[2025-02-23 14:21:43][FLASK] - AUDIO: {'audio': 'pingvol'}
[2025-02-23 14:21:53][FLASK] - AUDIO: {'audio': 'pingvol'}
[2025-02-23 14:22:03][FLASK] - AUDIO: {'audio': 'pingvol'}
[2025-02-23 14:22:13][FLASK] - AUDIO: {'audio': 'pingvol'}
[2025-02-23 14:22:23][FLASK] - AUDIO: {'audio': 'pingvol'}
[2025-02-23 14:22:33][FLASK] - AUDIO: {'audio': 'pingvol'}
[2025-02-23 14:22:43][FLASK] - AUDIO: {'audio': 'pingvol'}
[2025-02-23 14:22:53][FLASK] - AUDIO: {'audio': 'pingvol'}
[2025-02-23 14:23:03][FLASK] - AUDIO: {'audio': 'pingvol'}
[2025-02-23 14:23:14][FLASK] - AUDIO: {'audio': 'pingvol'}
[2025-02-23 14:23:24][FLASK] - AUDIO: {'audio': 'pingvol'}
[2025-02-23 14:23:34][FLASK] - AUDIO: {'audio': 'pingvol'}
[2025-02-23 14:23:44][FLASK] - AUDIO: {'audio': 'pingvol'}
[2025-02-23 14:23:54][FLASK] - AUDIO: {'audio': 'pingvol'}
[2025-02-23 14:24:04][FLASK] - AUDIO: {'audio': 'pingvol'}
[2025-02-23 14:24:14][FLASK] - AUDIO: {'audio': 'pingvol'}
[2025-02-23 14:24:24][FLASK] - AUDIO: {'audio': 'pingvol'}
[2025-02-23 14:24:34][FLASK] - AUDIO: {'audio': 'pingvol'}
[2025-02-23 14:24:44][FLASK] - AUDIO: {'audio': 'pingvol'}
[2025-02-23 14:24:54][FLASK] - AUDIO: {'audio': 'pingvol'}
[2025-02-23 14:25:04][FLASK] - AUDIO: {'audio': 'pingvol'}
[2025-02-23 14:25:14][FLASK] - AUDIO: {'audio': 'pingvol'}
[2025-02-23 14:25:24][FLASK] - AUDIO: {'audio': 'pingvol'}
[2025-02-23 14:25:34][FLASK] - AUDIO: {'audio': 'pingvol'}
[2025-02-23 14:25:44][FLASK] - AUDIO: {'audio': 'pingvol'}
[2025-02-23 14:25:54][FLASK] - AUDIO: {'audio': 'pingvol'}
[2025-02-23 14:26:04][FLASK] - AUDIO: {'audio': 'pingvol'}
[2025-02-23 14:26:14][FLASK] - AUDIO: {'audio': 'pingvol'}
[2025-02-23 14:26:14][MAIN] - To Arduino: AUDIOPINGVOL
[2025-02-23 14:26:24][FLASK] - AUDIO: {'audio': 'pingvol'}
[2025-02-23 14:26:34][FLASK] - AUDIO: {'audio': 'pingvol'}
[2025-02-23 14:26:44][FLASK] - AUDIO: {'audio': 'pingvol'}
[2025-02-23 14:26:54][FLASK] - AUDIO: {'audio': 'pingvol'}
[2025-02-23 14:27:05][FLASK] - AUDIO: {'audio': 'pingvol'}
[2025-02-23 14:27:15][FLASK] - AUDIO: {'audio': 'pingvol'}
[2025-02-23 14:27:25][FLASK] - AUDIO: {'audio': 'pingvol'}
[2025-02-23 14:27:35][FLASK] - AUDIO: {'audio': 'pingvol'}
[2025-02-23 14:27:45][FLASK] - AUDIO: {'audio': 'pingvol'}
[2025-02-23 14:27:55][FLASK] - AUDIO: {'audio': 'pingvol'}
[2025-02-23 14:28:05][FLASK] - AUDIO: {'audio': 'pingvol'}
[2025-02-23 14:28:15][FLASK] - AUDIO: {'audio': 'pingvol'}
[2025-02-23 14:28:25][FLASK] - AUDIO: {'audio': 'pingvol'}
[2025-02-23 14:28:35][FLASK] - AUDIO: {'audio': 'pingvol'}
[2025-02-23 14:28:45][FLASK] - AUDIO: {'audio': 'pingvol'}
[2025-02-23 14:28:55][FLASK] - AUDIO: {'audio': 'pingvol'}
[2025-02-23 14:29:05][FLASK] - AUDIO: {'audio': 'pingvol'}
[2025-02-23 14:29:15][FLASK] - AUDIO: {'audio': 'pingvol'}
[2025-02-23 14:29:25][FLASK] - AUDIO: {'audio': 'pingvol'}
[2025-02-23 14:29:35][FLASK] - AUDIO: {'audio': 'pingvol'}
[2025-02-23 14:29:45][FLASK] - AUDIO: {'audio': 'pingvol'}
[2025-02-23 14:29:55][FLASK] - AUDIO: {'audio': 'pingvol'}
[2025-02-23 14:30:05][FLASK] - AUDIO: {'audio': 'pingvol'}
[2025-02-23 14:30:15][FLASK] - AUDIO: {'audio': 'pingvol'}
[2025-02-23 14:30:25][FLASK] - AUDIO: {'audio': 'pingvol'}
[2025-02-23 14:30:35][FLASK] - AUDIO: {'audio': 'pingvol'}
[2025-02-23 14:30:45][FLASK] - AUDIO: {'audio': 'pingvol'}
[2025-02-23 14:30:55][FLASK] - AUDIO: {'audio': 'pingvol'}
[2025-02-23 14:31:06][FLASK] - AUDIO: {'audio': 'pingvol'}
[2025-02-23 14:31:16][FLASK] - AUDIO: {'audio': 'pingvol'}
[2025-02-23 14:31:26][FLASK] - AUDIO: {'audio': 'pingvol'}
[2025-02-23 14:31:36][FLASK] - AUDIO: {'audio': 'pingvol'}
[2025-02-23 14:31:46][FLASK] - AUDIO: {'audio': 'pingvol'}
[2025-02-23 14:31:56][FLASK] - AUDIO: {'audio': 'pingvol'}
[2025-02-23 14:32:06][FLASK] - AUDIO: {'audio': 'pingvol'}
[2025-02-23 14:32:16][FLASK] - AUDIO: {'audio': 'pingvol'}
[2025-02-23 14:32:26][FLASK] - AUDIO: {'audio': 'pingvol'}
[2025-02-23 14:32:36][FLASK] - AUDIO: {'audio': 'pingvol'}
[2025-02-23 14:32:46][FLASK] - AUDIO: {'audio': 'pingvol'}
[2025-02-23 14:32:56][FLASK] - AUDIO: {'audio': 'pingvol'}
[2025-02-23 14:33:06][FLASK] - AUDIO: {'audio': 'pingvol'}
[2025-02-23 14:33:16][FLASK] - AUDIO: {'audio': 'pingvol'}
[2025-02-23 14:33:26][FLASK] - AUDIO: {'audio': 'pingvol'}
[2025-02-23 14:33:36][FLASK] - AUDIO: {'audio': 'pingvol'}
[2025-02-23 14:33:46][FLASK] - AUDIO: {'audio': 'pingvol'}
[2025-02-23 14:33:56][FLASK] - AUDIO: {'audio': 'pingvol'}
[2025-02-23 14:34:06][FLASK] - AUDIO: {'audio': 'pingvol'}
[2025-02-23 14:34:16][FLASK] - AUDIO: {'audio': 'pingvol'}
[2025-02-23 14:34:26][FLASK] - AUDIO: {'audio': 'pingvol'}
[2025-02-23 14:34:36][FLASK] - AUDIO: {'audio': 'pingvol'}
[2025-02-23 14:34:46][FLASK] - AUDIO: {'audio': 'pingvol'}
[2025-02-23 14:34:56][FLASK] - AUDIO: {'audio': 'pingvol'}
[2025-02-23 14:35:07][FLASK] - AUDIO: {'audio': 'pingvol'}
[2025-02-23 14:35:17][FLASK] - AUDIO: {'audio': 'pingvol'}
[2025-02-23 14:35:27][FLASK] - AUDIO: {'audio': 'pingvol'}
[2025-02-23 14:35:37][FLASK] - AUDIO: {'audio': 'pingvol'}
[2025-02-23 14:35:47][FLASK] - AUDIO: {'audio': 'pingvol'}
[2025-02-23 14:35:57][FLASK] - AUDIO: {'audio': 'pingvol'}
[2025-02-23 14:36:07][FLASK] - AUDIO: {'audio': 'pingvol'}
[2025-02-23 14:36:17][FLASK] - AUDIO: {'audio': 'pingvol'}
[2025-02-23 14:36:27][FLASK] - AUDIO: {'audio': 'pingvol'}
[2025-02-23 14:36:37][FLASK] - AUDIO: {'audio': 'pingvol'}
[2025-02-23 14:36:47][FLASK] - AUDIO: {'audio': 'pingvol'}
[2025-02-23 14:36:57][FLASK] - AUDIO: {'audio': 'pingvol'}
[2025-02-23 14:37:07][FLASK] - AUDIO: {'audio': 'pingvol'}
[2025-02-23 14:37:17][FLASK] - AUDIO: {'audio': 'pingvol'}
[2025-02-23 14:37:27][FLASK] - AUDIO: {'audio': 'pingvol'}
[2025-02-23 14:37:37][FLASK] - AUDIO: {'audio': 'pingvol'}
[2025-02-23 14:37:47][FLASK] - AUDIO: {'audio': 'pingvol'}
[2025-02-23 14:37:57][FLASK] - AUDIO: {'audio': 'pingvol'}
[2025-02-23 14:38:07][FLASK] - AUDIO: {'audio': 'pingvol'}
[2025-02-23 14:38:17][FLASK] - AUDIO: {'audio': 'pingvol'}
[2025-02-23 14:38:27][FLASK] - AUDIO: {'audio': 'pingvol'}
[2025-02-23 14:38:37][FLASK] - AUDIO: {'audio': 'pingvol'}
[2025-02-23 14:38:47][FLASK] - AUDIO: {'audio': 'pingvol'}
[2025-02-23 14:38:57][FLASK] - AUDIO: {'audio': 'pingvol'}
[2025-02-23 14:39:07][FLASK] - AUDIO: {'audio': 'pingvol'}
[2025-02-23 14:39:17][FLASK] - AUDIO: {'audio': 'pingvol'}
[2025-02-23 14:39:27][FLASK] - AUDIO: {'audio': 'pingvol'}
[2025-02-23 14:39:37][FLASK] - AUDIO: {'audio': 'pingvol'}
[2025-02-23 14:39:48][FLASK] - AUDIO: {'audio': 'pingvol'}
[2025-02-23 14:39:58][FLASK] - AUDIO: {'audio': 'pingvol'}
[2025-02-23 14:40:08][FLASK] - AUDIO: {'audio': 'pingvol'}
[2025-02-23 14:40:18][FLASK] - AUDIO: {'audio': 'pingvol'}
[2025-02-23 14:40:28][FLASK] - AUDIO: {'audio': 'pingvol'}
[2025-02-23 14:40:38][FLASK] - AUDIO: {'audio': 'pingvol'}
[2025-02-23 14:40:48][FLASK] - AUDIO: {'audio': 'pingvol'}
[2025-02-23 14:40:58][FLASK] - AUDIO: {'audio': 'pingvol'}
[2025-02-23 14:41:08][FLASK] - AUDIO: {'audio': 'pingvol'}
[2025-02-23 14:41:18][FLASK] - AUDIO: {'audio': 'pingvol'}
[2025-02-23 14:41:28][FLASK] - AUDIO: {'audio': 'pingvol'}
[2025-02-23 14:41:38][FLASK] - AUDIO: {'audio': 'pingvol'}
[2025-02-23 14:41:48][FLASK] - AUDIO: {'audio': 'pingvol'}
[2025-02-23 14:41:58][FLASK] - AUDIO: {'audio': 'pingvol'}
[2025-02-23 14:42:08][FLASK] - AUDIO: {'audio': 'pingvol'}
[2025-02-23 14:42:18][FLASK] - AUDIO: {'audio': 'pingvol'}
[2025-02-23 14:42:28][FLASK] - AUDIO: {'audio': 'pingvol'}
[2025-02-23 14:42:38][FLASK] - AUDIO: {'audio': 'pingvol'}
[2025-02-23 14:42:48][FLASK] - AUDIO: {'audio': 'pingvol'}
[2025-02-23 14:42:58][FLASK] - AUDIO: {'audio': 'pingvol'}
[2025-02-23 14:43:08][FLASK] - AUDIO: {'audio': 'pingvol'}
[2025-02-23 14:43:18][FLASK] - AUDIO: {'audio': 'pingvol'}
[2025-02-23 14:43:28][FLASK] - AUDIO: {'audio': 'pingvol'}
[2025-02-23 14:43:39][FLASK] - AUDIO: {'audio': 'pingvol'}
[2025-02-23 14:43:49][FLASK] - AUDIO: {'audio': 'pingvol'}
[2025-02-23 14:43:59][FLASK] - AUDIO: {'audio': 'pingvol'}
[2025-02-23 14:44:09][FLASK] - AUDIO: {'audio': 'pingvol'}
[2025-02-23 14:44:19][FLASK] - AUDIO: {'audio': 'pingvol'}
[2025-02-23 14:44:29][FLASK] - AUDIO: {'audio': 'pingvol'}
[2025-02-23 14:44:39][FLASK] - AUDIO: {'audio': 'pingvol'}
[2025-02-23 14:44:49][FLASK] - AUDIO: {'audio': 'pingvol'}
[2025-02-23 14:44:59][FLASK] - AUDIO: {'audio': 'pingvol'}
[2025-02-23 14:45:09][FLASK] - AUDIO: {'audio': 'pingvol'}
[2025-02-23 14:45:19][FLASK] - AUDIO: {'audio': 'pingvol'}
[2025-02-23 14:45:29][FLASK] - AUDIO: {'audio': 'pingvol'}
[2025-02-23 14:45:39][FLASK] - AUDIO: {'audio': 'pingvol'}
[2025-02-23 14:45:49][FLASK] - AUDIO: {'audio': 'pingvol'}
[2025-02-23 14:45:59][FLASK] - AUDIO: {'audio': 'pingvol'}
[2025-02-23 14:46:09][FLASK] - AUDIO: {'audio': 'pingvol'}
[2025-02-23 14:46:19][FLASK] - AUDIO: {'audio': 'pingvol'}
[2025-02-23 14:46:29][FLASK] - AUDIO: {'audio': 'pingvol'}
[2025-02-23 14:46:39][FLASK] - AUDIO: {'audio': 'pingvol'}
[2025-02-23 14:46:49][FLASK] - AUDIO: {'audio': 'pingvol'}
[2025-02-23 14:46:59][FLASK] - AUDIO: {'audio': 'pingvol'}
[2025-02-23 14:47:09][FLASK] - AUDIO: {'audio': 'pingvol'}
[2025-02-23 14:47:19][FLASK] - AUDIO: {'audio': 'pingvol'}
[2025-02-23 14:47:29][FLASK] - AUDIO: {'audio': 'pingvol'}
[2025-02-23 14:47:39][FLASK] - AUDIO: {'audio': 'pingvol'}
[2025-02-23 14:47:50][FLASK] - AUDIO: {'audio': 'pingvol'}
[2025-02-23 14:48:00][FLASK] - AUDIO: {'audio': 'pingvol'}
[2025-02-23 14:48:10][FLASK] - AUDIO: {'audio': 'pingvol'}
[2025-02-23 14:48:20][FLASK] - AUDIO: {'audio': 'pingvol'}
[2025-02-23 14:48:30][FLASK] - AUDIO: {'audio': 'pingvol'}
[2025-02-23 14:48:40][FLASK] - AUDIO: {'audio': 'pingvol'}
[2025-02-23 14:48:50][FLASK] - AUDIO: {'audio': 'pingvol'}
[2025-02-23 14:49:00][FLASK] - AUDIO: {'audio': 'pingvol'}
[2025-02-23 14:49:10][FLASK] - AUDIO: {'audio': 'pingvol'}
[2025-02-23 14:49:20][FLASK] - AUDIO: {'audio': 'pingvol'}
[2025-02-23 14:49:30][FLASK] - AUDIO: {'audio': 'pingvol'}
[2025-02-23 14:49:40][FLASK] - AUDIO: {'audio': 'pingvol'}
[2025-02-23 14:49:50][FLASK] - AUDIO: {'audio': 'pingvol'}
[2025-02-23 14:50:00][FLASK] - AUDIO: {'audio': 'pingvol'}
[2025-02-23 14:50:10][FLASK] - AUDIO: {'audio': 'pingvol'}
[2025-02-23 14:50:20][FLASK] - AUDIO: {'audio': 'pingvol'}
[2025-02-23 14:50:30][FLASK] - AUDIO: {'audio': 'pingvol'}
[2025-02-23 14:50:40][FLASK] - AUDIO: {'audio': 'pingvol'}
[2025-02-23 14:50:50][FLASK] - AUDIO: {'audio': 'pingvol'}
[2025-02-23 14:51:00][FLASK] - AUDIO: {'audio': 'pingvol'}
[2025-02-23 14:51:10][FLASK] - AUDIO: {'audio': 'pingvol'}
[2025-02-23 14:51:20][FLASK] - AUDIO: {'audio': 'pingvol'}
[2025-02-23 14:51:30][FLASK] - AUDIO: {'audio': 'pingvol'}
[2025-02-23 14:51:40][FLASK] - AUDIO: {'audio': 'pingvol'}
[2025-02-23 14:51:51][FLASK] - AUDIO: {'audio': 'pingvol'}
[2025-02-23 14:52:01][FLASK] - AUDIO: {'audio': 'pingvol'}
[2025-02-23 14:52:11][FLASK] - AUDIO: {'audio': 'pingvol'}
[2025-02-23 14:52:21][FLASK] - AUDIO: {'audio': 'pingvol'}
[2025-02-23 14:52:31][FLASK] - AUDIO: {'audio': 'pingvol'}
[2025-02-23 14:52:41][FLASK] - AUDIO: {'audio': 'pingvol'}
[2025-02-23 14:52:51][FLASK] - AUDIO: {'audio': 'pingvol'}
[2025-02-23 14:53:01][FLASK] - AUDIO: {'audio': 'pingvol'}
[2025-02-23 14:53:11][FLASK] - AUDIO: {'audio': 'pingvol'}
[2025-02-23 14:53:21][FLASK] - AUDIO: {'audio': 'pingvol'}
[2025-02-23 14:53:31][FLASK] - AUDIO: {'audio': 'pingvol'}
[2025-02-23 14:53:41][FLASK] - AUDIO: {'audio': 'pingvol'}
[2025-02-23 14:53:51][FLASK] - AUDIO: {'audio': 'pingvol'}
[2025-02-23 14:54:01][FLASK] - AUDIO: {'audio': 'pingvol'}
[2025-02-23 14:54:11][FLASK] - AUDIO: {'audio': 'pingvol'}
[2025-02-23 14:54:21][FLASK] - AUDIO: {'audio': 'pingvol'}
[2025-02-23 14:54:31][FLASK] - AUDIO: {'audio': 'pingvol'}
[2025-02-23 14:54:41][FLASK] - AUDIO: {'audio': 'pingvol'}
[2025-02-23 14:54:51][FLASK] - AUDIO: {'audio': 'pingvol'}
[2025-02-23 14:55:01][FLASK] - AUDIO: {'audio': 'pingvol'}
[2025-02-23 14:55:11][FLASK] - AUDIO: {'audio': 'pingvol'}
[2025-02-23 14:55:21][FLASK] - AUDIO: {'audio': 'pingvol'}
[2025-02-23 14:55:32][FLASK] - AUDIO: {'audio': 'pingvol'}
[2025-02-23 14:55:42][FLASK] - AUDIO: {'audio': 'pingvol'}
[2025-02-23 14:55:52][FLASK] - AUDIO: {'audio': 'pingvol'}
[2025-02-23 14:56:02][FLASK] - AUDIO: {'audio': 'pingvol'}
[2025-02-23 14:56:12][FLASK] - AUDIO: {'audio': 'pingvol'}
[2025-02-23 14:56:22][FLASK] - AUDIO: {'audio': 'pingvol'}
[2025-02-23 14:56:32][FLASK] - AUDIO: {'audio': 'pingvol'}
[2025-02-23 14:56:42][FLASK] - AUDIO: {'audio': 'pingvol'}
[2025-02-23 14:56:52][FLASK] - AUDIO: {'audio': 'pingvol'}
[2025-02-23 14:57:02][FLASK] - AUDIO: {'audio': 'pingvol'}
[2025-02-23 14:57:12][FLASK] - AUDIO: {'audio': 'pingvol'}
[2025-02-23 14:57:22][FLASK] - AUDIO: {'audio': 'pingvol'}
[2025-02-23 14:57:32][FLASK] - AUDIO: {'audio': 'pingvol'}
[2025-02-23 14:57:42][FLASK] - AUDIO: {'audio': 'pingvol'}
[2025-02-23 14:57:52][FLASK] - AUDIO: {'audio': 'pingvol'}
[2025-02-23 14:58:02][FLASK] - AUDIO: {'audio': 'pingvol'}
[2025-02-23 14:58:12][FLASK] - AUDIO: {'audio': 'pingvol'}
[2025-02-23 14:58:22][FLASK] - AUDIO: {'audio': 'pingvol'}
[2025-02-23 14:58:32][FLASK] - AUDIO: {'audio': 'pingvol'}
[2025-02-23 14:58:42][FLASK] - AUDIO: {'audio': 'pingvol'}
[2025-02-23 14:58:52][FLASK] - AUDIO: {'audio': 'pingvol'}
[2025-02-23 14:59:02][FLASK] - AUDIO: {'audio': 'pingvol'}
[2025-02-23 14:59:12][FLASK] - AUDIO: {'audio': 'pingvol'}
[2025-02-23 14:59:22][FLASK] - AUDIO: {'audio': 'pingvol'}
[2025-02-23 14:59:32][FLASK] - AUDIO: {'audio': 'pingvol'}
[2025-02-23 14:59:43][FLASK] - AUDIO: {'audio': 'pingvol'}
[2025-02-23 14:59:53][FLASK] - AUDIO: {'audio': 'pingvol'}
[2025-02-23 15:00:03][FLASK] - AUDIO: {'audio': 'pingvol'}
[2025-02-23 15:00:13][FLASK] - AUDIO: {'audio': 'pingvol'}
[2025-02-23 15:00:23][FLASK] - AUDIO: {'audio': 'pingvol'}
[2025-02-23 15:00:33][FLASK] - AUDIO: {'audio': 'pingvol'}
[2025-02-23 15:00:43][FLASK] - AUDIO: {'audio': 'pingvol'}
[2025-02-23 15:00:53][FLASK] - AUDIO: {'audio': 'pingvol'}
[2025-02-23 15:01:03][FLASK] - AUDIO: {'audio': 'pingvol'}
[2025-02-23 15:01:13][FLASK] - AUDIO: {'audio': 'pingvol'}
[2025-02-23 15:01:23][FLASK] - AUDIO: {'audio': 'pingvol'}
[2025-02-23 15:01:33][FLASK] - AUDIO: {'audio': 'pingvol'}
[2025-02-23 15:01:43][FLASK] - AUDIO: {'audio': 'pingvol'}
[2025-02-23 15:01:53][FLASK] - AUDIO: {'audio': 'pingvol'}
[2025-02-23 15:02:03][FLASK] - AUDIO: {'audio': 'pingvol'}
[2025-02-23 15:02:13][FLASK] - AUDIO: {'audio': 'pingvol'}
[2025-02-23 15:02:23][FLASK] - AUDIO: {'audio': 'pingvol'}
[2025-02-23 15:02:33][FLASK] - AUDIO: {'audio': 'pingvol'}
[2025-02-23 15:02:43][FLASK] - AUDIO: {'audio': 'pingvol'}
[2025-02-23 15:02:53][FLASK] - AUDIO: {'audio': 'pingvol'}
[2025-02-23 15:03:03][FLASK] - AUDIO: {'audio': 'pingvol'}
[2025-02-23 15:03:13][FLASK] - AUDIO: {'audio': 'pingvol'}
[2025-02-23 15:03:23][FLASK] - AUDIO: {'audio': 'pingvol'}
[2025-02-23 15:03:33][FLASK] - AUDIO: {'audio': 'pingvol'}
[2025-02-23 15:03:43][FLASK] - AUDIO: {'audio': 'pingvol'}
[2025-02-23 15:03:53][FLASK] - AUDIO: {'audio': 'pingvol'}
[2025-02-23 15:04:04][FLASK] - AUDIO: {'audio': 'pingvol'}
[2025-02-23 15:04:14][FLASK] - AUDIO: {'audio': 'pingvol'}
[2025-02-23 15:04:24][FLASK] - AUDIO: {'audio': 'pingvol'}
[2025-02-23 15:04:34][FLASK] - AUDIO: {'audio': 'pingvol'}
[2025-02-23 15:04:44][FLASK] - AUDIO: {'audio': 'pingvol'}
[2025-02-23 15:04:54][FLASK] - AUDIO: {'audio': 'pingvol'}
[2025-02-23 15:05:04][FLASK] - AUDIO: {'audio': 'pingvol'}
[2025-02-23 15:05:14][FLASK] - AUDIO: {'audio': 'pingvol'}
[2025-02-23 15:05:24][FLASK] - AUDIO: {'audio': 'pingvol'}
[2025-02-23 15:05:34][FLASK] - AUDIO: {'audio': 'pingvol'}
[2025-02-23 15:05:44][FLASK] - AUDIO: {'audio': 'pingvol'}
[2025-02-23 15:05:54][FLASK] - AUDIO: {'audio': 'pingvol'}
[2025-02-23 15:06:04][FLASK] - AUDIO: {'audio': 'pingvol'}
[2025-02-23 15:06:14][FLASK] - AUDIO: {'audio': 'pingvol'}
[2025-02-23 15:06:24][FLASK] - AUDIO: {'audio': 'pingvol'}
[2025-02-23 15:06:34][FLASK] - AUDIO: {'audio': 'pingvol'}
[2025-02-23 15:06:44][FLASK] - AUDIO: {'audio': 'pingvol'}
[2025-02-23 15:06:54][FLASK] - AUDIO: {'audio': 'pingvol'}
[2025-02-23 15:07:04][FLASK] - AUDIO: {'audio': 'pingvol'}
[2025-02-23 15:07:14][FLASK] - AUDIO: {'audio': 'pingvol'}
[2025-02-23 15:07:24][FLASK] - AUDIO: {'audio': 'pingvol'}
[2025-02-23 15:07:34][FLASK] - AUDIO: {'audio': 'pingvol'}
[2025-02-23 15:07:44][FLASK] - AUDIO: {'audio': 'pingvol'}
[2025-02-23 15:07:54][FLASK] - AUDIO: {'audio': 'pingvol'}
[2025-02-23 15:08:04][FLASK] - AUDIO: {'audio': 'pingvol'}
[2025-02-23 15:08:15][FLASK] - AUDIO: {'audio': 'pingvol'}
[2025-02-23 15:08:25][FLASK] - AUDIO: {'audio': 'pingvol'}
[2025-02-23 15:08:35][FLASK] - AUDIO: {'audio': 'pingvol'}
[2025-02-23 15:08:45][FLASK] - AUDIO: {'audio': 'pingvol'}
[2025-02-23 15:08:55][FLASK] - AUDIO: {'audio': 'pingvol'}
[2025-02-23 15:09:05][FLASK] - AUDIO: {'audio': 'pingvol'}
[2025-02-23 15:09:15][FLASK] - AUDIO: {'audio': 'pingvol'}
[2025-02-23 15:09:25][FLASK] - AUDIO: {'audio': 'pingvol'}
[2025-02-23 15:09:35][FLASK] - AUDIO: {'audio': 'pingvol'}
[2025-02-23 15:09:45][FLASK] - AUDIO: {'audio': 'pingvol'}
[2025-02-23 15:09:55][FLASK] - AUDIO: {'audio': 'pingvol'}
[2025-02-23 15:10:05][FLASK] - AUDIO: {'audio': 'pingvol'}
[2025-02-23 15:10:15][FLASK] - AUDIO: {'audio': 'pingvol'}
[2025-02-23 15:10:25][FLASK] - AUDIO: {'audio': 'pingvol'}
[2025-02-23 15:10:35][FLASK] - AUDIO: {'audio': 'pingvol'}
[2025-02-23 15:10:45][FLASK] - AUDIO: {'audio': 'pingvol'}
[2025-02-23 15:10:55][FLASK] - AUDIO: {'audio': 'pingvol'}
[2025-02-23 15:11:05][FLASK] - AUDIO: {'audio': 'pingvol'}
[2025-02-23 15:11:15][FLASK] - AUDIO: {'audio': 'pingvol'}
[2025-02-23 15:11:25][FLASK] - AUDIO: {'audio': 'pingvol'}
[2025-02-23 15:11:35][FLASK] - AUDIO: {'audio': 'pingvol'}
[2025-02-23 15:11:45][FLASK] - AUDIO: {'audio': 'pingvol'}
[2025-02-23 15:11:55][FLASK] - AUDIO: {'audio': 'pingvol'}
[2025-02-23 15:12:05][FLASK] - AUDIO: {'audio': 'pingvol'}
[2025-02-23 15:12:15][FLASK] - AUDIO: {'audio': 'pingvol'}
[2025-02-23 15:12:26][FLASK] - AUDIO: {'audio': 'pingvol'}
[2025-02-23 15:12:36][FLASK] - AUDIO: {'audio': 'pingvol'}
[2025-02-23 15:12:46][FLASK] - AUDIO: {'audio': 'pingvol'}
[2025-02-23 15:12:56][FLASK] - AUDIO: {'audio': 'pingvol'}
[2025-02-23 15:13:06][FLASK] - AUDIO: {'audio': 'pingvol'}
[2025-02-23 15:13:16][FLASK] - AUDIO: {'audio': 'pingvol'}
[2025-02-23 15:13:26][FLASK] - AUDIO: {'audio': 'pingvol'}
[2025-02-23 15:13:36][FLASK] - AUDIO: {'audio': 'pingvol'}
[2025-02-23 15:13:46][FLASK] - AUDIO: {'audio': 'pingvol'}
[2025-02-23 15:13:56][FLASK] - AUDIO: {'audio': 'pingvol'}
[2025-02-23 15:14:06][FLASK] - AUDIO: {'audio': 'pingvol'}
[2025-02-23 15:14:16][FLASK] - AUDIO: {'audio': 'pingvol'}
[2025-02-23 15:14:26][FLASK] - AUDIO: {'audio': 'pingvol'}
[2025-02-23 15:14:36][FLASK] - AUDIO: {'audio': 'pingvol'}
[2025-02-23 15:14:46][FLASK] - AUDIO: {'audio': 'pingvol'}
[2025-02-23 15:14:56][FLASK] - AUDIO: {'audio': 'pingvol'}
[2025-02-23 15:15:06][FLASK] - AUDIO: {'audio': 'pingvol'}
[2025-02-23 15:15:16][FLASK] - AUDIO: {'audio': 'pingvol'}
[2025-02-23 15:15:26][FLASK] - AUDIO: {'audio': 'pingvol'}
[2025-02-23 15:15:36][FLASK] - AUDIO: {'audio': 'pingvol'}
[2025-02-23 15:15:46][FLASK] - AUDIO: {'audio': 'pingvol'}
[2025-02-23 15:15:56][FLASK] - AUDIO: {'audio': 'pingvol'}
[2025-02-23 15:16:06][FLASK] - AUDIO: {'audio': 'pingvol'}
[2025-02-23 15:16:16][FLASK] - AUDIO: {'audio': 'pingvol'}
[2025-02-23 15:16:26][FLASK] - AUDIO: {'audio': 'pingvol'}
[2025-02-23 15:16:36][FLASK] - AUDIO: {'audio': 'pingvol'}
[2025-02-23 15:16:47][FLASK] - AUDIO: {'audio': 'pingvol'}
[2025-02-23 15:16:57][FLASK] - AUDIO: {'audio': 'pingvol'}
[2025-02-23 15:17:07][FLASK] - AUDIO: {'audio': 'pingvol'}
[2025-02-23 15:17:17][FLASK] - AUDIO: {'audio': 'pingvol'}
[2025-02-23 15:17:27][FLASK] - AUDIO: {'audio': 'pingvol'}
[2025-02-23 15:17:37][FLASK] - AUDIO: {'audio': 'pingvol'}
[2025-02-23 15:17:47][FLASK] - AUDIO: {'audio': 'pingvol'}
[2025-02-23 15:17:57][FLASK] - AUDIO: {'audio': 'pingvol'}
[2025-02-23 15:18:07][FLASK] - AUDIO: {'audio': 'pingvol'}
[2025-02-23 15:18:17][FLASK] - AUDIO: {'audio': 'pingvol'}
[2025-02-23 15:18:27][FLASK] - AUDIO: {'audio': 'pingvol'}
[2025-02-23 15:18:37][FLASK] - AUDIO: {'audio': 'pingvol'}
[2025-02-23 15:18:47][FLASK] - AUDIO: {'audio': 'pingvol'}
[2025-02-23 15:18:57][FLASK] - AUDIO: {'audio': 'pingvol'}
[2025-02-23 15:19:07][FLASK] - AUDIO: {'audio': 'pingvol'}
[2025-02-23 15:19:17][FLASK] - AUDIO: {'audio': 'pingvol'}
[2025-02-23 15:19:27][FLASK] - AUDIO: {'audio': 'pingvol'}
[2025-02-23 15:19:37][FLASK] - AUDIO: {'audio': 'pingvol'}
[2025-02-23 15:19:47][FLASK] - AUDIO: {'audio': 'pingvol'}
[2025-02-23 15:19:57][FLASK] - AUDIO: {'audio': 'pingvol'}
[2025-02-23 15:20:07][FLASK] - AUDIO: {'audio': 'pingvol'}
[2025-02-23 15:20:17][FLASK] - AUDIO: {'audio': 'pingvol'}
[2025-02-23 15:20:27][FLASK] - AUDIO: {'audio': 'pingvol'}
[2025-02-23 15:20:37][FLASK] - AUDIO: {'audio': 'pingvol'}
[2025-02-23 15:20:47][FLASK] - AUDIO: {'audio': 'pingvol'}
[2025-02-23 15:20:57][FLASK] - AUDIO: {'audio': 'pingvol'}
[2025-02-23 15:21:08][FLASK] - AUDIO: {'audio': 'pingvol'}
[2025-02-23 15:21:18][FLASK] - AUDIO: {'audio': 'pingvol'}
[2025-02-23 15:21:28][FLASK] - AUDIO: {'audio': 'pingvol'}
[2025-02-23 15:21:38][FLASK] - AUDIO: {'audio': 'pingvol'}
[2025-02-23 15:21:48][FLASK] - AUDIO: {'audio': 'pingvol'}
[2025-02-23 15:21:58][FLASK] - AUDIO: {'audio': 'pingvol'}
[2025-02-23 15:22:08][FLASK] - AUDIO: {'audio': 'pingvol'}
[2025-02-23 15:22:18][FLASK] - AUDIO: {'audio': 'pingvol'}
[2025-02-23 15:22:28][FLASK] - AUDIO: {'audio': 'pingvol'}
[2025-02-23 15:22:38][FLASK] - AUDIO: {'audio': 'pingvol'}
[2025-02-23 15:22:48][FLASK] - AUDIO: {'audio': 'pingvol'}
[2025-02-23 15:22:58][FLASK] - AUDIO: {'audio': 'pingvol'}
[2025-02-23 15:23:08][FLASK] - AUDIO: {'audio': 'pingvol'}
[2025-02-23 15:23:18][FLASK] - AUDIO: {'audio': 'pingvol'}
[2025-02-23 15:23:28][FLASK] - AUDIO: {'audio': 'pingvol'}
[2025-02-23 15:23:38][FLASK] - AUDIO: {'audio': 'pingvol'}
[2025-02-23 15:23:48][FLASK] - AUDIO: {'audio': 'pingvol'}
[2025-02-23 15:23:58][FLASK] - AUDIO: {'audio': 'pingvol'}
[2025-02-23 15:24:08][FLASK] - AUDIO: {'audio': 'pingvol'}
[2025-02-23 15:24:18][FLASK] - AUDIO: {'audio': 'pingvol'}
[2025-02-23 15:24:28][FLASK] - AUDIO: {'audio': 'pingvol'}
[2025-02-23 15:24:30][FLASK] - PING
[2025-02-23 15:24:38][FLASK] - AUDIO: {'audio': 'pingvol'}
[2025-02-23 15:24:48][FLASK] - AUDIO: {'audio': 'pingvol'}
[2025-02-23 15:24:58][FLASK] - AUDIO: {'audio': 'pingvol'}
[2025-02-23 15:25:08][FLASK] - AUDIO: {'audio': 'pingvol'}
[2025-02-23 15:25:18][FLASK] - AUDIO: {'audio': 'pingvol'}
[2025-02-23 15:25:29][FLASK] - AUDIO: {'audio': 'pingvol'}
[2025-02-23 15:25:39][FLASK] - AUDIO: {'audio': 'pingvol'}
[2025-02-23 15:25:49][FLASK] - AUDIO: {'audio': 'pingvol'}
[2025-02-23 15:25:59][FLASK] - AUDIO: {'audio': 'pingvol'}
[2025-02-23 15:26:09][FLASK] - AUDIO: {'audio': 'pingvol'}
[2025-02-23 15:26:19][FLASK] - AUDIO: {'audio': 'pingvol'}
[2025-02-23 15:26:29][FLASK] - AUDIO: {'audio': 'pingvol'}
[2025-02-23 15:26:29][MAIN] - To Arduino: AUDIOPINGVOL
[2025-02-23 15:26:39][FLASK] - AUDIO: {'audio': 'pingvol'}
[2025-02-23 15:26:49][FLASK] - AUDIO: {'audio': 'pingvol'}
[2025-02-23 15:26:59][FLASK] - AUDIO: {'audio': 'pingvol'}
[2025-02-23 15:27:09][FLASK] - AUDIO: {'audio': 'pingvol'}
[2025-02-23 15:27:19][FLASK] - AUDIO: {'audio': 'pingvol'}
[2025-02-23 15:27:29][FLASK] - AUDIO: {'audio': 'pingvol'}
[2025-02-23 15:27:39][FLASK] - AUDIO: {'audio': 'pingvol'}
[2025-02-23 15:27:49][FLASK] - AUDIO: {'audio': 'pingvol'}
[2025-02-23 15:27:59][FLASK] - AUDIO: {'audio': 'pingvol'}
[2025-02-23 15:28:09][FLASK] - AUDIO: {'audio': 'pingvol'}
[2025-02-23 15:28:19][FLASK] - AUDIO: {'audio': 'pingvol'}
[2025-02-23 15:28:29][FLASK] - AUDIO: {'audio': 'pingvol'}
[2025-02-23 15:28:39][FLASK] - AUDIO: {'audio': 'pingvol'}
[2025-02-23 15:28:49][FLASK] - AUDIO: {'audio': 'pingvol'}
[2025-02-23 15:28:59][FLASK] - AUDIO: {'audio': 'pingvol'}
[2025-02-23 15:29:09][FLASK] - AUDIO: {'audio': 'pingvol'}
[2025-02-23 15:29:19][FLASK] - AUDIO: {'audio': 'pingvol'}
[2025-02-23 15:29:29][FLASK] - AUDIO: {'audio': 'pingvol'}
[2025-02-23 15:29:39][FLASK] - AUDIO: {'audio': 'pingvol'}
[2025-02-23 15:29:49][FLASK] - AUDIO: {'audio': 'pingvol'}
[2025-02-23 15:30:00][FLASK] - AUDIO: {'audio': 'pingvol'}
[2025-02-23 15:30:10][FLASK] - AUDIO: {'audio': 'pingvol'}
[2025-02-23 15:30:20][FLASK] - AUDIO: {'audio': 'pingvol'}
[2025-02-23 15:30:30][FLASK] - AUDIO: {'audio': 'pingvol'}
[2025-02-23 15:30:40][FLASK] - AUDIO: {'audio': 'pingvol'}
[2025-02-23 15:30:50][FLASK] - AUDIO: {'audio': 'pingvol'}
[2025-02-23 15:31:00][FLASK] - AUDIO: {'audio': 'pingvol'}
[2025-02-23 15:31:10][FLASK] - AUDIO: {'audio': 'pingvol'}
[2025-02-23 15:31:20][FLASK] - AUDIO: {'audio': 'pingvol'}
[2025-02-23 15:31:30][FLASK] - AUDIO: {'audio': 'pingvol'}
[2025-02-23 15:31:40][FLASK] - AUDIO: {'audio': 'pingvol'}
[2025-02-23 15:31:50][FLASK] - AUDIO: {'audio': 'pingvol'}
[2025-02-23 15:32:00][FLASK] - AUDIO: {'audio': 'pingvol'}
[2025-02-23 15:32:10][FLASK] - AUDIO: {'audio': 'pingvol'}
[2025-02-23 15:32:20][FLASK] - AUDIO: {'audio': 'pingvol'}
[2025-02-23 15:32:30][FLASK] - AUDIO: {'audio': 'pingvol'}
[2025-02-23 15:32:40][FLASK] - AUDIO: {'audio': 'pingvol'}
[2025-02-23 15:32:50][FLASK] - AUDIO: {'audio': 'pingvol'}
[2025-02-23 15:33:00][FLASK] - AUDIO: {'audio': 'pingvol'}
[2025-02-23 15:33:10][FLASK] - AUDIO: {'audio': 'pingvol'}
[2025-02-23 15:33:20][FLASK] - AUDIO: {'audio': 'pingvol'}
[2025-02-23 15:33:30][FLASK] - AUDIO: {'audio': 'pingvol'}
[2025-02-23 15:33:40][FLASK] - AUDIO: {'audio': 'pingvol'}
[2025-02-23 15:33:50][FLASK] - AUDIO: {'audio': 'pingvol'}
[2025-02-23 15:34:00][FLASK] - AUDIO: {'audio': 'pingvol'}
[2025-02-23 15:34:10][FLASK] - AUDIO: {'audio': 'pingvol'}
[2025-02-23 15:34:20][FLASK] - AUDIO: {'audio': 'pingvol'}
[2025-02-23 15:34:31][FLASK] - AUDIO: {'audio': 'pingvol'}
[2025-02-23 15:34:41][FLASK] - AUDIO: {'audio': 'pingvol'}
[2025-02-23 15:34:51][FLASK] - AUDIO: {'audio': 'pingvol'}
[2025-02-23 15:35:01][FLASK] - AUDIO: {'audio': 'pingvol'}
[2025-02-23 15:35:11][FLASK] - AUDIO: {'audio': 'pingvol'}
[2025-02-23 15:35:21][FLASK] - AUDIO: {'audio': 'pingvol'}
[2025-02-23 15:35:31][FLASK] - AUDIO: {'audio': 'pingvol'}
[2025-02-23 15:35:41][FLASK] - AUDIO: {'audio': 'pingvol'}
[2025-02-23 15:35:51][FLASK] - AUDIO: {'audio': 'pingvol'}
[2025-02-23 15:36:01][FLASK] - AUDIO: {'audio': 'pingvol'}
[2025-02-23 15:36:11][FLASK] - AUDIO: {'audio': 'pingvol'}
[2025-02-23 15:36:21][FLASK] - AUDIO: {'audio': 'pingvol'}
[2025-02-23 15:36:31][FLASK] - AUDIO: {'audio': 'pingvol'}
[2025-02-23 15:36:41][FLASK] - AUDIO: {'audio': 'pingvol'}
[2025-02-23 15:36:51][FLASK] - AUDIO: {'audio': 'pingvol'}
[2025-02-23 15:37:01][FLASK] - AUDIO: {'audio': 'pingvol'}
[2025-02-23 15:37:11][FLASK] - AUDIO: {'audio': 'pingvol'}
[2025-02-23 15:37:21][FLASK] - AUDIO: {'audio': 'pingvol'}
[2025-02-23 15:37:31][FLASK] - AUDIO: {'audio': 'pingvol'}
[2025-02-23 15:37:41][FLASK] - AUDIO: {'audio': 'pingvol'}
[2025-02-23 15:37:51][FLASK] - AUDIO: {'audio': 'pingvol'}
[2025-02-23 15:38:01][FLASK] - AUDIO: {'audio': 'pingvol'}
[2025-02-23 15:38:11][FLASK] - AUDIO: {'audio': 'pingvol'}
[2025-02-23 15:38:21][FLASK] - AUDIO: {'audio': 'pingvol'}
[2025-02-23 15:38:31][FLASK] - AUDIO: {'audio': 'pingvol'}
[2025-02-23 15:38:42][FLASK] - AUDIO: {'audio': 'pingvol'}
[2025-02-23 15:38:52][FLASK] - AUDIO: {'audio': 'pingvol'}
[2025-02-23 15:39:02][FLASK] - AUDIO: {'audio': 'pingvol'}
[2025-02-23 15:39:12][FLASK] - AUDIO: {'audio': 'pingvol'}
[2025-02-23 15:39:22][FLASK] - AUDIO: {'audio': 'pingvol'}
[2025-02-23 15:39:32][FLASK] - AUDIO: {'audio': 'pingvol'}
[2025-02-23 15:39:42][FLASK] - AUDIO: {'audio': 'pingvol'}
[2025-02-23 15:39:52][FLASK] - AUDIO: {'audio': 'pingvol'}
[2025-02-23 15:40:02][FLASK] - AUDIO: {'audio': 'pingvol'}
[2025-02-23 15:40:12][FLASK] - AUDIO: {'audio': 'pingvol'}
[2025-02-23 15:40:22][FLASK] - AUDIO: {'audio': 'pingvol'}
[2025-02-23 15:40:32][FLASK] - AUDIO: {'audio': 'pingvol'}
[2025-02-23 15:40:42][FLASK] - AUDIO: {'audio': 'pingvol'}
[2025-02-23 15:40:52][FLASK] - AUDIO: {'audio': 'pingvol'}
[2025-02-23 15:41:02][FLASK] - AUDIO: {'audio': 'pingvol'}
[2025-02-23 15:41:12][FLASK] - AUDIO: {'audio': 'pingvol'}
[2025-02-23 15:41:22][FLASK] - AUDIO: {'audio': 'pingvol'}
[2025-02-23 15:41:32][FLASK] - AUDIO: {'audio': 'pingvol'}
[2025-02-23 15:41:42][FLASK] - AUDIO: {'audio': 'pingvol'}
[2025-02-23 15:41:52][FLASK] - AUDIO: {'audio': 'pingvol'}
[2025-02-23 15:42:02][FLASK] - AUDIO: {'audio': 'pingvol'}
[2025-02-23 15:42:12][FLASK] - AUDIO: {'audio': 'pingvol'}
[2025-02-23 15:42:22][FLASK] - AUDIO: {'audio': 'pingvol'}
[2025-02-23 15:42:32][FLASK] - AUDIO: {'audio': 'pingvol'}
[2025-02-23 15:42:42][FLASK] - AUDIO: {'audio': 'pingvol'}
[2025-02-23 15:42:52][FLASK] - AUDIO: {'audio': 'pingvol'}
[2025-02-23 15:43:03][FLASK] - AUDIO: {'audio': 'pingvol'}
[2025-02-23 15:43:13][FLASK] - AUDIO: {'audio': 'pingvol'}
[2025-02-23 15:43:23][FLASK] - AUDIO: {'audio': 'pingvol'}
[2025-02-23 15:43:33][FLASK] - AUDIO: {'audio': 'pingvol'}
[2025-02-23 15:43:43][FLASK] - AUDIO: {'audio': 'pingvol'}
[2025-02-23 15:43:53][FLASK] - AUDIO: {'audio': 'pingvol'}
[2025-02-23 15:44:03][FLASK] - AUDIO: {'audio': 'pingvol'}
[2025-02-23 15:44:13][FLASK] - AUDIO: {'audio': 'pingvol'}
[2025-02-23 15:44:23][FLASK] - AUDIO: {'audio': 'pingvol'}
[2025-02-23 15:44:33][FLASK] - AUDIO: {'audio': 'pingvol'}
[2025-02-23 15:44:43][FLASK] - AUDIO: {'audio': 'pingvol'}
[2025-02-23 15:44:53][FLASK] - AUDIO: {'audio': 'pingvol'}
[2025-02-23 15:45:03][FLASK] - AUDIO: {'audio': 'pingvol'}
[2025-02-23 15:45:13][FLASK] - AUDIO: {'audio': 'pingvol'}
[2025-02-23 15:45:23][FLASK] - AUDIO: {'audio': 'pingvol'}
[2025-02-23 15:45:33][FLASK] - AUDIO: {'audio': 'pingvol'}
[2025-02-23 15:45:43][FLASK] - AUDIO: {'audio': 'pingvol'}
[2025-02-23 15:45:53][FLASK] - AUDIO: {'audio': 'pingvol'}
[2025-02-23 15:46:03][FLASK] - AUDIO: {'audio': 'pingvol'}
[2025-02-23 15:46:13][FLASK] - AUDIO: {'audio': 'pingvol'}
[2025-02-23 15:46:23][FLASK] - AUDIO: {'audio': 'pingvol'}
[2025-02-23 15:46:33][FLASK] - AUDIO: {'audio': 'pingvol'}
[2025-02-23 15:46:43][FLASK] - AUDIO: {'audio': 'pingvol'}
[2025-02-23 15:46:53][FLASK] - AUDIO: {'audio': 'pingvol'}
[2025-02-23 15:47:03][FLASK] - AUDIO: {'audio': 'pingvol'}
[2025-02-23 15:47:14][FLASK] - AUDIO: {'audio': 'pingvol'}
[2025-02-23 15:47:24][FLASK] - AUDIO: {'audio': 'pingvol'}
[2025-02-23 15:47:34][FLASK] - AUDIO: {'audio': 'pingvol'}
[2025-02-23 15:47:44][FLASK] - AUDIO: {'audio': 'pingvol'}
[2025-02-23 15:47:54][FLASK] - AUDIO: {'audio': 'pingvol'}
[2025-02-23 15:48:04][FLASK] - AUDIO: {'audio': 'pingvol'}
[2025-02-23 15:48:14][FLASK] - AUDIO: {'audio': 'pingvol'}
[2025-02-23 15:48:24][FLASK] - AUDIO: {'audio': 'pingvol'}
[2025-02-23 15:48:34][FLASK] - AUDIO: {'audio': 'pingvol'}
[2025-02-23 15:48:44][FLASK] - AUDIO: {'audio': 'pingvol'}
[2025-02-23 15:48:54][FLASK] - AUDIO: {'audio': 'pingvol'}
[2025-02-23 15:49:04][FLASK] - AUDIO: {'audio': 'pingvol'}
[2025-02-23 15:49:14][FLASK] - AUDIO: {'audio': 'pingvol'}
[2025-02-23 15:49:24][FLASK] - AUDIO: {'audio': 'pingvol'}
[2025-02-23 15:49:34][FLASK] - AUDIO: {'audio': 'pingvol'}
[2025-02-23 15:49:44][FLASK] - AUDIO: {'audio': 'pingvol'}
[2025-02-23 15:49:54][FLASK] - AUDIO: {'audio': 'pingvol'}
[2025-02-23 15:50:04][FLASK] - AUDIO: {'audio': 'pingvol'}
[2025-02-23 15:50:14][FLASK] - AUDIO: {'audio': 'pingvol'}
[2025-02-23 15:50:24][FLASK] - AUDIO: {'audio': 'pingvol'}
[2025-02-23 15:50:34][FLASK] - AUDIO: {'audio': 'pingvol'}
[2025-02-23 15:50:44][FLASK] - AUDIO: {'audio': 'pingvol'}
[2025-02-23 15:50:54][FLASK] - AUDIO: {'audio': 'pingvol'}
[2025-02-23 15:51:04][FLASK] - AUDIO: {'audio': 'pingvol'}
[2025-02-23 15:51:14][FLASK] - AUDIO: {'audio': 'pingvol'}
[2025-02-23 15:51:25][FLASK] - AUDIO: {'audio': 'pingvol'}
[2025-02-23 15:51:35][FLASK] - AUDIO: {'audio': 'pingvol'}
[2025-02-23 15:51:45][FLASK] - AUDIO: {'audio': 'pingvol'}
[2025-02-23 15:51:55][FLASK] - AUDIO: {'audio': 'pingvol'}
[2025-02-23 15:52:05][FLASK] - AUDIO: {'audio': 'pingvol'}
[2025-02-23 15:52:15][FLASK] - AUDIO: {'audio': 'pingvol'}
[2025-02-23 15:52:25][FLASK] - AUDIO: {'audio': 'pingvol'}
[2025-02-23 15:52:35][FLASK] - AUDIO: {'audio': 'pingvol'}
[2025-02-23 15:52:45][FLASK] - AUDIO: {'audio': 'pingvol'}
[2025-02-23 15:52:55][FLASK] - AUDIO: {'audio': 'pingvol'}
[2025-02-23 15:53:05][FLASK] - AUDIO: {'audio': 'pingvol'}
[2025-02-23 15:53:15][FLASK] - AUDIO: {'audio': 'pingvol'}
[2025-02-23 15:53:25][FLASK] - AUDIO: {'audio': 'pingvol'}
[2025-02-23 15:53:35][FLASK] - AUDIO: {'audio': 'pingvol'}
[2025-02-23 15:53:45][FLASK] - AUDIO: {'audio': 'pingvol'}
[2025-02-23 15:53:55][FLASK] - AUDIO: {'audio': 'pingvol'}
[2025-02-23 15:54:05][FLASK] - AUDIO: {'audio': 'pingvol'}
[2025-02-23 15:54:15][FLASK] - AUDIO: {'audio': 'pingvol'}
[2025-02-23 15:54:25][FLASK] - AUDIO: {'audio': 'pingvol'}
[2025-02-23 15:54:35][FLASK] - AUDIO: {'audio': 'pingvol'}
[2025-02-23 15:54:45][FLASK] - AUDIO: {'audio': 'pingvol'}
[2025-02-23 15:54:55][FLASK] - AUDIO: {'audio': 'pingvol'}
[2025-02-23 15:55:05][FLASK] - AUDIO: {'audio': 'pingvol'}
[2025-02-23 15:55:15][FLASK] - AUDIO: {'audio': 'pingvol'}
[2025-02-23 15:55:25][FLASK] - AUDIO: {'audio': 'pingvol'}
[2025-02-23 15:55:35][FLASK] - AUDIO: {'audio': 'pingvol'}
[2025-02-23 15:55:45][FLASK] - AUDIO: {'audio': 'pingvol'}
[2025-02-23 15:55:56][FLASK] - AUDIO: {'audio': 'pingvol'}
[2025-02-23 15:56:06][FLASK] - AUDIO: {'audio': 'pingvol'}
[2025-02-23 15:56:16][FLASK] - AUDIO: {'audio': 'pingvol'}
[2025-02-23 15:56:26][FLASK] - AUDIO: {'audio': 'pingvol'}
[2025-02-23 15:56:36][FLASK] - AUDIO: {'audio': 'pingvol'}
[2025-02-23 15:56:46][FLASK] - AUDIO: {'audio': 'pingvol'}
[2025-02-23 15:56:56][FLASK] - AUDIO: {'audio': 'pingvol'}
[2025-02-23 15:57:06][FLASK] - AUDIO: {'audio': 'pingvol'}
[2025-02-23 15:57:16][FLASK] - AUDIO: {'audio': 'pingvol'}
[2025-02-23 15:57:26][FLASK] - AUDIO: {'audio': 'pingvol'}
[2025-02-23 15:57:36][FLASK] - AUDIO: {'audio': 'pingvol'}
[2025-02-23 15:57:46][FLASK] - AUDIO: {'audio': 'pingvol'}
[2025-02-23 15:57:56][FLASK] - AUDIO: {'audio': 'pingvol'}
[2025-02-23 15:58:06][FLASK] - AUDIO: {'audio': 'pingvol'}
[2025-02-23 15:58:16][FLASK] - AUDIO: {'audio': 'pingvol'}
[2025-02-23 15:58:26][FLASK] - AUDIO: {'audio': 'pingvol'}
[2025-02-23 15:58:36][FLASK] - AUDIO: {'audio': 'pingvol'}
[2025-02-23 15:58:46][FLASK] - AUDIO: {'audio': 'pingvol'}
[2025-02-23 15:58:56][FLASK] - AUDIO: {'audio': 'pingvol'}
[2025-02-23 15:59:06][FLASK] - AUDIO: {'audio': 'pingvol'}
[2025-02-23 15:59:16][FLASK] - AUDIO: {'audio': 'pingvol'}
[2025-02-23 15:59:26][FLASK] - AUDIO: {'audio': 'pingvol'}
[2025-02-23 15:59:36][FLASK] - AUDIO: {'audio': 'pingvol'}
[2025-02-23 15:59:46][FLASK] - AUDIO: {'audio': 'pingvol'}
[2025-02-23 15:59:56][FLASK] - AUDIO: {'audio': 'pingvol'}
[2025-02-23 16:00:06][FLASK] - AUDIO: {'audio': 'pingvol'}
[2025-02-23 16:00:16][FLASK] - AUDIO: {'audio': 'pingvol'}
[2025-02-23 16:00:27][FLASK] - AUDIO: {'audio': 'pingvol'}
[2025-02-23 16:00:37][FLASK] - AUDIO: {'audio': 'pingvol'}
[2025-02-23 16:00:47][FLASK] - AUDIO: {'audio': 'pingvol'}
[2025-02-23 16:00:57][FLASK] - AUDIO: {'audio': 'pingvol'}
[2025-02-23 16:01:07][FLASK] - AUDIO: {'audio': 'pingvol'}
[2025-02-23 16:01:17][FLASK] - AUDIO: {'audio': 'pingvol'}
[2025-02-23 16:01:27][FLASK] - AUDIO: {'audio': 'pingvol'}
[2025-02-23 16:01:37][FLASK] - AUDIO: {'audio': 'pingvol'}
[2025-02-23 16:01:47][FLASK] - AUDIO: {'audio': 'pingvol'}
[2025-02-23 16:01:57][FLASK] - AUDIO: {'audio': 'pingvol'}
[2025-02-23 16:02:07][FLASK] - AUDIO: {'audio': 'pingvol'}
[2025-02-23 16:02:17][FLASK] - AUDIO: {'audio': 'pingvol'}
[2025-02-23 16:02:27][FLASK] - AUDIO: {'audio': 'pingvol'}
[2025-02-23 16:02:37][FLASK] - AUDIO: {'audio': 'pingvol'}
[2025-02-23 16:02:47][FLASK] - AUDIO: {'audio': 'pingvol'}
[2025-02-23 16:02:57][FLASK] - AUDIO: {'audio': 'pingvol'}
[2025-02-23 16:03:07][FLASK] - AUDIO: {'audio': 'pingvol'}
[2025-02-23 16:03:17][FLASK] - AUDIO: {'audio': 'pingvol'}
[2025-02-23 16:03:27][FLASK] - AUDIO: {'audio': 'pingvol'}
[2025-02-23 16:03:37][FLASK] - AUDIO: {'audio': 'pingvol'}
[2025-02-23 16:03:47][FLASK] - AUDIO: {'audio': 'pingvol'}
[2025-02-23 16:03:57][FLASK] - AUDIO: {'audio': 'pingvol'}
[2025-02-23 16:04:07][FLASK] - AUDIO: {'audio': 'pingvol'}
[2025-02-23 16:04:17][FLASK] - AUDIO: {'audio': 'pingvol'}
[2025-02-23 16:04:27][FLASK] - AUDIO: {'audio': 'pingvol'}
[2025-02-23 16:04:37][FLASK] - AUDIO: {'audio': 'pingvol'}
[2025-02-23 16:04:48][FLASK] - AUDIO: {'audio': 'pingvol'}
[2025-02-23 16:04:58][FLASK] - AUDIO: {'audio': 'pingvol'}
[2025-02-23 16:05:08][FLASK] - AUDIO: {'audio': 'pingvol'}
[2025-02-23 16:05:18][FLASK] - AUDIO: {'audio': 'pingvol'}
[2025-02-23 16:05:28][FLASK] - AUDIO: {'audio': 'pingvol'}
[2025-02-23 16:05:38][FLASK] - AUDIO: {'audio': 'pingvol'}
[2025-02-23 16:05:48][FLASK] - AUDIO: {'audio': 'pingvol'}
[2025-02-23 16:05:58][FLASK] - AUDIO: {'audio': 'pingvol'}
[2025-02-23 16:06:08][FLASK] - AUDIO: {'audio': 'pingvol'}
[2025-02-23 16:06:18][FLASK] - AUDIO: {'audio': 'pingvol'}
[2025-02-23 16:06:28][FLASK] - AUDIO: {'audio': 'pingvol'}
[2025-02-23 16:06:38][FLASK] - AUDIO: {'audio': 'pingvol'}
[2025-02-23 16:06:48][FLASK] - AUDIO: {'audio': 'pingvol'}
[2025-02-23 16:06:58][FLASK] - AUDIO: {'audio': 'pingvol'}
[2025-02-23 16:07:08][FLASK] - AUDIO: {'audio': 'pingvol'}
[2025-02-23 16:07:18][FLASK] - AUDIO: {'audio': 'pingvol'}
[2025-02-23 16:07:28][FLASK] - AUDIO: {'audio': 'pingvol'}
[2025-02-23 16:07:38][FLASK] - AUDIO: {'audio': 'pingvol'}
[2025-02-23 16:07:48][FLASK] - AUDIO: {'audio': 'pingvol'}
[2025-02-23 16:07:58][FLASK] - AUDIO: {'audio': 'pingvol'}
[2025-02-23 16:08:08][FLASK] - AUDIO: {'audio': 'pingvol'}
[2025-02-23 16:08:18][FLASK] - AUDIO: {'audio': 'pingvol'}
[2025-02-23 16:08:28][FLASK] - AUDIO: {'audio': 'pingvol'}
[2025-02-23 16:08:38][FLASK] - AUDIO: {'audio': 'pingvol'}
[2025-02-23 16:08:48][FLASK] - AUDIO: {'audio': 'pingvol'}
[2025-02-23 16:08:58][FLASK] - AUDIO: {'audio': 'pingvol'}
[2025-02-23 16:09:08][FLASK] - AUDIO: {'audio': 'pingvol'}
[2025-02-23 16:09:19][FLASK] - AUDIO: {'audio': 'pingvol'}
[2025-02-23 16:09:29][FLASK] - AUDIO: {'audio': 'pingvol'}
[2025-02-23 16:09:39][FLASK] - AUDIO: {'audio': 'pingvol'}
[2025-02-23 16:09:49][FLASK] - AUDIO: {'audio': 'pingvol'}
[2025-02-23 16:09:59][FLASK] - AUDIO: {'audio': 'pingvol'}
[2025-02-23 16:10:09][FLASK] - AUDIO: {'audio': 'pingvol'}
[2025-02-23 16:10:19][FLASK] - AUDIO: {'audio': 'pingvol'}
[2025-02-23 16:10:29][FLASK] - AUDIO: {'audio': 'pingvol'}
[2025-02-23 16:10:39][FLASK] - AUDIO: {'audio': 'pingvol'}
[2025-02-23 16:10:49][FLASK] - AUDIO: {'audio': 'pingvol'}
[2025-02-23 16:10:59][FLASK] - AUDIO: {'audio': 'pingvol'}
[2025-02-23 16:11:09][FLASK] - AUDIO: {'audio': 'pingvol'}
[2025-02-23 16:11:19][FLASK] - AUDIO: {'audio': 'pingvol'}
[2025-02-23 16:11:29][FLASK] - AUDIO: {'audio': 'pingvol'}
[2025-02-23 16:11:39][FLASK] - AUDIO: {'audio': 'pingvol'}
[2025-02-23 16:11:49][FLASK] - AUDIO: {'audio': 'pingvol'}
[2025-02-23 16:11:59][FLASK] - AUDIO: {'audio': 'pingvol'}
[2025-02-23 16:12:09][FLASK] - AUDIO: {'audio': 'pingvol'}
[2025-02-23 16:12:19][FLASK] - AUDIO: {'audio': 'pingvol'}
[2025-02-23 16:12:29][FLASK] - AUDIO: {'audio': 'pingvol'}
[2025-02-23 16:12:39][FLASK] - AUDIO: {'audio': 'pingvol'}
[2025-02-23 16:12:49][FLASK] - AUDIO: {'audio': 'pingvol'}
[2025-02-23 16:12:59][FLASK] - AUDIO: {'audio': 'pingvol'}
[2025-02-23 16:13:09][FLASK] - AUDIO: {'audio': 'pingvol'}
[2025-02-23 16:13:19][FLASK] - AUDIO: {'audio': 'pingvol'}
[2025-02-23 16:13:29][FLASK] - AUDIO: {'audio': 'pingvol'}
[2025-02-23 16:13:39][FLASK] - AUDIO: {'audio': 'pingvol'}
[2025-02-23 16:13:50][FLASK] - AUDIO: {'audio': 'pingvol'}
[2025-02-23 16:14:00][FLASK] - AUDIO: {'audio': 'pingvol'}
[2025-02-23 16:14:10][FLASK] - AUDIO: {'audio': 'pingvol'}
[2025-02-23 16:14:20][FLASK] - AUDIO: {'audio': 'pingvol'}
[2025-02-23 16:14:30][FLASK] - AUDIO: {'audio': 'pingvol'}
[2025-02-23 16:14:40][FLASK] - AUDIO: {'audio': 'pingvol'}
[2025-02-23 16:14:50][FLASK] - AUDIO: {'audio': 'pingvol'}
[2025-02-23 16:15:00][FLASK] - AUDIO: {'audio': 'pingvol'}
[2025-02-23 16:15:10][FLASK] - AUDIO: {'audio': 'pingvol'}
[2025-02-23 16:15:20][FLASK] - AUDIO: {'audio': 'pingvol'}
[2025-02-23 16:15:30][FLASK] - AUDIO: {'audio': 'pingvol'}
[2025-02-23 16:15:40][FLASK] - AUDIO: {'audio': 'pingvol'}
[2025-02-23 16:15:50][FLASK] - AUDIO: {'audio': 'pingvol'}
[2025-02-23 16:16:00][FLASK] - AUDIO: {'audio': 'pingvol'}
[2025-02-23 16:16:10][FLASK] - AUDIO: {'audio': 'pingvol'}
[2025-02-23 16:16:20][FLASK] - AUDIO: {'audio': 'pingvol'}
[2025-02-23 16:16:30][FLASK] - AUDIO: {'audio': 'pingvol'}
[2025-02-23 16:16:40][FLASK] - AUDIO: {'audio': 'pingvol'}
[2025-02-23 16:16:50][FLASK] - AUDIO: {'audio': 'pingvol'}
[2025-02-23 16:17:00][FLASK] - AUDIO: {'audio': 'pingvol'}
[2025-02-23 16:17:10][FLASK] - AUDIO: {'audio': 'pingvol'}
[2025-02-23 16:17:20][FLASK] - AUDIO: {'audio': 'pingvol'}
[2025-02-23 16:17:30][FLASK] - AUDIO: {'audio': 'pingvol'}
[2025-02-23 16:17:40][FLASK] - AUDIO: {'audio': 'pingvol'}
[2025-02-23 16:17:50][FLASK] - AUDIO: {'audio': 'pingvol'}
[2025-02-23 16:18:01][FLASK] - AUDIO: {'audio': 'pingvol'}
[2025-02-23 16:18:11][FLASK] - AUDIO: {'audio': 'pingvol'}
[2025-02-23 16:18:21][FLASK] - AUDIO: {'audio': 'pingvol'}
[2025-02-23 16:18:31][FLASK] - AUDIO: {'audio': 'pingvol'}
[2025-02-23 16:18:41][FLASK] - AUDIO: {'audio': 'pingvol'}
[2025-02-23 16:18:51][FLASK] - AUDIO: {'audio': 'pingvol'}
[2025-02-23 16:19:01][FLASK] - AUDIO: {'audio': 'pingvol'}
[2025-02-23 16:19:11][FLASK] - AUDIO: {'audio': 'pingvol'}
[2025-02-23 16:19:21][FLASK] - AUDIO: {'audio': 'pingvol'}
[2025-02-23 16:19:31][FLASK] - AUDIO: {'audio': 'pingvol'}
[2025-02-23 16:19:41][FLASK] - AUDIO: {'audio': 'pingvol'}
[2025-02-23 16:19:51][FLASK] - AUDIO: {'audio': 'pingvol'}
[2025-02-23 16:20:01][FLASK] - AUDIO: {'audio': 'pingvol'}
[2025-02-23 16:20:11][FLASK] - AUDIO: {'audio': 'pingvol'}
[2025-02-23 16:20:21][FLASK] - AUDIO: {'audio': 'pingvol'}
[2025-02-23 16:20:31][FLASK] - AUDIO: {'audio': 'pingvol'}
[2025-02-23 16:20:41][FLASK] - AUDIO: {'audio': 'pingvol'}
[2025-02-23 16:20:51][FLASK] - AUDIO: {'audio': 'pingvol'}
[2025-02-23 16:21:01][FLASK] - AUDIO: {'audio': 'pingvol'}
[2025-02-23 16:21:11][FLASK] - AUDIO: {'audio': 'pingvol'}
[2025-02-23 16:21:21][FLASK] - AUDIO: {'audio': 'pingvol'}
[2025-02-23 16:21:31][FLASK] - AUDIO: {'audio': 'pingvol'}
[2025-02-23 16:21:41][FLASK] - AUDIO: {'audio': 'pingvol'}
[2025-02-23 16:21:51][FLASK] - AUDIO: {'audio': 'pingvol'}
[2025-02-23 16:22:01][FLASK] - AUDIO: {'audio': 'pingvol'}
[2025-02-23 16:22:12][FLASK] - AUDIO: {'audio': 'pingvol'}
[2025-02-23 16:22:22][FLASK] - AUDIO: {'audio': 'pingvol'}
[2025-02-23 16:22:32][FLASK] - AUDIO: {'audio': 'pingvol'}
[2025-02-23 16:22:42][FLASK] - AUDIO: {'audio': 'pingvol'}
[2025-02-23 16:22:52][FLASK] - AUDIO: {'audio': 'pingvol'}
[2025-02-23 16:23:02][FLASK] - AUDIO: {'audio': 'pingvol'}
[2025-02-23 16:23:12][FLASK] - AUDIO: {'audio': 'pingvol'}
[2025-02-23 16:23:22][FLASK] - AUDIO: {'audio': 'pingvol'}
[2025-02-23 16:23:32][FLASK] - AUDIO: {'audio': 'pingvol'}
[2025-02-23 16:23:42][FLASK] - AUDIO: {'audio': 'pingvol'}
[2025-02-23 16:23:52][FLASK] - AUDIO: {'audio': 'pingvol'}
[2025-02-23 16:24:02][FLASK] - AUDIO: {'audio': 'pingvol'}
[2025-02-23 16:24:12][FLASK] - AUDIO: {'audio': 'pingvol'}
[2025-02-23 16:24:22][FLASK] - AUDIO: {'audio': 'pingvol'}
[2025-02-23 16:24:32][FLASK] - AUDIO: {'audio': 'pingvol'}
[2025-02-23 16:24:42][FLASK] - AUDIO: {'audio': 'pingvol'}
[2025-02-23 16:24:52][FLASK] - AUDIO: {'audio': 'pingvol'}
[2025-02-23 16:25:02][FLASK] - AUDIO: {'audio': 'pingvol'}
[2025-02-23 16:25:12][FLASK] - AUDIO: {'audio': 'pingvol'}
[2025-02-23 16:25:22][FLASK] - AUDIO: {'audio': 'pingvol'}
