[2025-04-20 07:20:09][MAIN] - Bot is ready.
[2025-04-20 07:20:09][MAIN] - Pulling from GitHub: /home/claudio/Python-Projects/RoomServer
[2025-04-20 07:20:10][MAIN] - Contacting Arduino..
[2025-04-20 07:20:10][MAIN] - Arduino found!
[2025-04-20 07:20:10][MAIN] - Actuator running.
[2025-04-20 07:20:10][MAIN] - To Arduino: LIGHTSOFF
[2025-04-20 07:20:19][MAIN] - ssh: Could not resolve hostname github.com: Temporary failure in name resolution

[2025-04-20 07:20:19][MAIN] - fatal: Could not read from remote repository.

[2025-04-20 07:20:19][MAIN] - Please make sure you have the correct access rights

[2025-04-20 07:20:19][MAIN] - and the repository exists.
[2025-04-20 07:20:19][MAIN] - Actuators killed.
[2025-04-20 07:20:19][MAIN] - Websocket control terminated.
[2025-04-20 07:20:19][MAIN] - Server control terminated.
[2025-04-20 07:20:22][MAIN] - Bot killed.
[2025-04-20 07:20:24][MAIN] - Issue while trying to upload IP (initialization)
[2025-04-20 07:20:24][MAIN] - HTTPSConnectionPool(host='api.ipify.org', port=443): Max retries exceeded with url: / (Caused by NameResolutionError("<urllib3.connection.HTTPSConnection object at 0x7f8af109b730>: Failed to resolve 'api.ipify.org' ([Errno -3] Temporary failure in name resolution)"))
[2025-04-20 07:20:24][MAIN] - Firebase task terminated.
[2025-04-20 07:20:24][MAIN] - RESTART
[2025-04-20 07:20:24][MAIN] - Failed to kill process on port 10003 — maybe no process is using it or permission denied.
[2025-04-20 07:20:24][MAIN] - Failed to kill process on port 10004 — maybe no process is using it or permission denied.
