[2025-02-09 04:00:23][MAIN] - Contacting Arduino..
[2025-02-09 04:00:24][MAIN] - Arduino found!
[2025-02-09 04:00:24][MAIN] - Actuator running.
[2025-02-09 04:00:24][MAIN] - To Arduino: AUDIOON/OFF
[2025-02-09 04:00:25][MAIN] - To Arduino: AUDIOON/OFF
[2025-02-09 04:00:28][MAIN] - To Arduino: AUDIOON/OFF
[2025-02-09 04:00:28][MAIN] - IP 84.150.103.227 uploaded to:
[2025-02-09 04:00:28][MAIN] - https://storage.googleapis.com/ip-manager42.appspot.com/RaspberryPi-Cyan/ip_server.txt
[2025-02-09 04:00:28][FLASK] -  * Serving Flask app 'server'
[2025-02-09 04:00:28][FLASK] -  * Debug mode: off
[2025-02-09 04:00:28][MAIN] - To Arduino: STRIPTOPOFF
[2025-02-09 04:00:28][MAIN] - Pulling from GitHub: /home/claudio/Python-Projects/RoomServer
[2025-02-09 04:00:28][WEBSOCKET] -  * Serving Flask app 'websocket'
[2025-02-09 04:00:28][WEBSOCKET] -  * Debug mode: off
[2025-02-09 04:00:30][MAIN] - Already up to date.
[2025-02-09 04:00:30][MAIN] - Audio set on automatically
[2025-02-09 04:00:30][MAIN] - To Arduino: AUDIOON/OFF
[2025-02-09 04:00:31][MAIN] - To Arduino: AUDIOON/OFF
[2025-02-09 04:00:31][MAIN] - To Arduino: STRIPTOPG4
[2025-02-09 04:00:31][MAIN] - Command AUDIOON sent
[2025-02-09 04:00:31][MAIN] - To Arduino: LIGHTSOFF
[2025-02-09 04:03:30][MAIN] - Audio set off automatically
[2025-02-09 04:03:30][MAIN] - To Arduino: AUDIOON/OFF
[2025-02-09 04:03:31][MAIN] - To Arduino: AUDIOON/OFF
[2025-02-09 04:03:34][MAIN] - To Arduino: AUDIOON/OFF
[2025-02-09 04:03:34][MAIN] - To Arduino: STRIPTOPOFF
[2025-02-09 04:03:34][MAIN] - Command AUDIOOFF sent
[2025-02-09 07:30:00][MAIN] - To Arduino: LIGHTSON
[2025-02-09 09:08:45][FLASK] - AUDIO: {'audio': 'on'}
[2025-02-09 09:08:45][MAIN] - To Arduino: AUDIOON/OFF
[2025-02-09 09:08:46][MAIN] - To Arduino: AUDIOON/OFF
[2025-02-09 09:08:46][FLASK] - STRIP: {'strip': 'topG4'}
[2025-02-09 09:08:46][MAIN] - To Arduino: STRIPTOPG4
[2025-02-09 09:08:46][MAIN] - Command AUDIOON sent
[2025-02-09 09:08:47][MAIN] - To Arduino: STRIPOFF
[2025-02-09 09:08:47][MAIN] - To Arduino: STRIPTOPDEF
[2025-02-09 09:08:47][MAIN] - To Arduino: STRIPON
[2025-02-09 09:08:47][MAIN] - To Arduino: STRIPG4
[2025-02-09 09:08:47][MAIN] - Command STRIPTOPG4 sent
[2025-02-09 09:08:55][FLASK] - AUDIO: {'audio': 'pingvol'}
[2025-02-09 09:09:05][FLASK] - AUDIO: {'audio': 'pingvol'}
[2025-02-09 09:09:15][FLASK] - AUDIO: {'audio': 'pingvol'}
[2025-02-09 09:09:25][FLASK] - AUDIO: {'audio': 'pingvol'}
[2025-02-09 09:09:35][FLASK] - AUDIO: {'audio': 'pingvol'}
[2025-02-09 09:09:45][FLASK] - AUDIO: {'audio': 'pingvol'}
[2025-02-09 09:09:55][FLASK] - AUDIO: {'audio': 'pingvol'}
[2025-02-09 09:10:05][FLASK] - AUDIO: {'audio': 'pingvol'}
[2025-02-09 09:10:15][FLASK] - AUDIO: {'audio': 'pingvol'}
[2025-02-09 09:10:25][FLASK] - AUDIO: {'audio': 'pingvol'}
[2025-02-09 09:10:35][FLASK] - AUDIO: {'audio': 'pingvol'}
[2025-02-09 09:10:45][FLASK] - AUDIO: {'audio': 'pingvol'}
[2025-02-09 09:10:55][FLASK] - AUDIO: {'audio': 'pingvol'}
[2025-02-09 09:11:05][FLASK] - AUDIO: {'audio': 'pingvol'}
[2025-02-09 09:11:15][FLASK] - AUDIO: {'audio': 'pingvol'}
[2025-02-09 09:11:25][FLASK] - AUDIO: {'audio': 'pingvol'}
[2025-02-09 09:11:35][FLASK] - AUDIO: {'audio': 'pingvol'}
[2025-02-09 09:11:45][FLASK] - AUDIO: {'audio': 'pingvol'}
[2025-02-09 09:11:55][FLASK] - AUDIO: {'audio': 'pingvol'}
[2025-02-09 09:12:06][FLASK] - AUDIO: {'audio': 'pingvol'}
[2025-02-09 09:12:16][FLASK] - AUDIO: {'audio': 'pingvol'}
[2025-02-09 09:12:26][FLASK] - AUDIO: {'audio': 'pingvol'}
[2025-02-09 09:12:36][FLASK] - AUDIO: {'audio': 'pingvol'}
[2025-02-09 09:12:46][FLASK] - AUDIO: {'audio': 'pingvol'}
[2025-02-09 09:12:56][FLASK] - AUDIO: {'audio': 'pingvol'}
[2025-02-09 09:13:06][FLASK] - AUDIO: {'audio': 'pingvol'}
[2025-02-09 09:13:16][FLASK] - AUDIO: {'audio': 'pingvol'}
[2025-02-09 09:13:26][FLASK] - AUDIO: {'audio': 'pingvol'}
[2025-02-09 09:13:36][FLASK] - AUDIO: {'audio': 'pingvol'}
[2025-02-09 09:13:46][FLASK] - AUDIO: {'audio': 'pingvol'}
[2025-02-09 09:13:56][FLASK] - AUDIO: {'audio': 'pingvol'}
[2025-02-09 09:14:06][FLASK] - AUDIO: {'audio': 'pingvol'}
[2025-02-09 09:14:16][FLASK] - AUDIO: {'audio': 'pingvol'}
[2025-02-09 09:14:26][FLASK] - AUDIO: {'audio': 'pingvol'}
[2025-02-09 09:14:36][FLASK] - AUDIO: {'audio': 'pingvol'}
[2025-02-09 09:14:46][FLASK] - AUDIO: {'audio': 'pingvol'}
[2025-02-09 09:14:56][FLASK] - AUDIO: {'audio': 'pingvol'}
[2025-02-09 09:15:06][FLASK] - AUDIO: {'audio': 'pingvol'}
[2025-02-09 09:15:16][FLASK] - AUDIO: {'audio': 'pingvol'}
[2025-02-09 09:15:26][FLASK] - AUDIO: {'audio': 'pingvol'}
[2025-02-09 09:15:36][FLASK] - AUDIO: {'audio': 'pingvol'}
[2025-02-09 09:15:46][FLASK] - AUDIO: {'audio': 'pingvol'}
[2025-02-09 09:15:56][FLASK] - AUDIO: {'audio': 'pingvol'}
[2025-02-09 09:16:06][FLASK] - AUDIO: {'audio': 'pingvol'}
[2025-02-09 09:16:16][FLASK] - AUDIO: {'audio': 'pingvol'}
[2025-02-09 09:16:26][FLASK] - AUDIO: {'audio': 'pingvol'}
[2025-02-09 09:16:37][FLASK] - AUDIO: {'audio': 'pingvol'}
[2025-02-09 09:16:47][FLASK] - AUDIO: {'audio': 'pingvol'}
[2025-02-09 09:16:57][FLASK] - AUDIO: {'audio': 'pingvol'}
[2025-02-09 09:17:07][FLASK] - AUDIO: {'audio': 'pingvol'}
[2025-02-09 09:17:17][FLASK] - AUDIO: {'audio': 'pingvol'}
[2025-02-09 09:17:27][FLASK] - AUDIO: {'audio': 'pingvol'}
[2025-02-09 09:17:37][FLASK] - AUDIO: {'audio': 'pingvol'}
[2025-02-09 09:17:47][FLASK] - AUDIO: {'audio': 'pingvol'}
[2025-02-09 09:17:57][FLASK] - AUDIO: {'audio': 'pingvol'}
[2025-02-09 09:18:07][FLASK] - AUDIO: {'audio': 'pingvol'}
[2025-02-09 09:18:17][FLASK] - AUDIO: {'audio': 'pingvol'}
[2025-02-09 09:18:27][FLASK] - AUDIO: {'audio': 'pingvol'}
[2025-02-09 09:18:37][FLASK] - AUDIO: {'audio': 'pingvol'}
[2025-02-09 09:18:47][FLASK] - AUDIO: {'audio': 'pingvol'}
[2025-02-09 09:18:57][FLASK] - AUDIO: {'audio': 'pingvol'}
[2025-02-09 09:19:07][FLASK] - AUDIO: {'audio': 'pingvol'}
[2025-02-09 09:19:17][FLASK] - AUDIO: {'audio': 'pingvol'}
[2025-02-09 09:19:27][FLASK] - AUDIO: {'audio': 'pingvol'}
[2025-02-09 09:19:37][FLASK] - AUDIO: {'audio': 'pingvol'}
[2025-02-09 09:19:47][FLASK] - AUDIO: {'audio': 'pingvol'}
[2025-02-09 09:19:57][FLASK] - AUDIO: {'audio': 'pingvol'}
[2025-02-09 09:20:07][FLASK] - AUDIO: {'audio': 'pingvol'}
[2025-02-09 09:20:17][FLASK] - AUDIO: {'audio': 'pingvol'}
[2025-02-09 09:20:27][FLASK] - AUDIO: {'audio': 'pingvol'}
[2025-02-09 09:20:37][FLASK] - AUDIO: {'audio': 'pingvol'}
[2025-02-09 09:20:47][FLASK] - AUDIO: {'audio': 'pingvol'}
[2025-02-09 09:20:58][FLASK] - AUDIO: {'audio': 'pingvol'}
[2025-02-09 09:21:08][FLASK] - AUDIO: {'audio': 'pingvol'}
[2025-02-09 09:21:18][FLASK] - AUDIO: {'audio': 'pingvol'}
[2025-02-09 09:21:28][FLASK] - AUDIO: {'audio': 'pingvol'}
[2025-02-09 09:21:38][FLASK] - AUDIO: {'audio': 'pingvol'}
[2025-02-09 09:21:48][FLASK] - AUDIO: {'audio': 'pingvol'}
[2025-02-09 09:21:58][FLASK] - AUDIO: {'audio': 'pingvol'}
[2025-02-09 09:22:08][FLASK] - AUDIO: {'audio': 'pingvol'}
[2025-02-09 09:22:18][FLASK] - AUDIO: {'audio': 'pingvol'}
[2025-02-09 09:22:28][FLASK] - AUDIO: {'audio': 'pingvol'}
[2025-02-09 09:22:38][FLASK] - AUDIO: {'audio': 'pingvol'}
[2025-02-09 09:22:48][FLASK] - AUDIO: {'audio': 'pingvol'}
[2025-02-09 09:22:58][FLASK] - AUDIO: {'audio': 'pingvol'}
[2025-02-09 09:23:08][FLASK] - AUDIO: {'audio': 'pingvol'}
[2025-02-09 09:23:18][FLASK] - AUDIO: {'audio': 'pingvol'}
[2025-02-09 09:23:28][FLASK] - AUDIO: {'audio': 'pingvol'}
[2025-02-09 09:23:38][FLASK] - AUDIO: {'audio': 'pingvol'}
[2025-02-09 09:23:48][FLASK] - AUDIO: {'audio': 'pingvol'}
[2025-02-09 09:23:58][FLASK] - AUDIO: {'audio': 'pingvol'}
[2025-02-09 09:24:08][FLASK] - AUDIO: {'audio': 'pingvol'}
[2025-02-09 09:24:18][FLASK] - AUDIO: {'audio': 'pingvol'}
[2025-02-09 09:24:28][FLASK] - AUDIO: {'audio': 'pingvol'}
[2025-02-09 09:24:38][FLASK] - AUDIO: {'audio': 'pingvol'}
[2025-02-09 09:24:48][FLASK] - AUDIO: {'audio': 'pingvol'}
[2025-02-09 09:24:58][FLASK] - AUDIO: {'audio': 'pingvol'}
[2025-02-09 09:25:08][FLASK] - AUDIO: {'audio': 'pingvol'}
[2025-02-09 09:25:18][FLASK] - AUDIO: {'audio': 'pingvol'}
[2025-02-09 09:25:29][FLASK] - AUDIO: {'audio': 'pingvol'}
[2025-02-09 09:25:39][FLASK] - AUDIO: {'audio': 'pingvol'}
[2025-02-09 09:25:49][FLASK] - AUDIO: {'audio': 'pingvol'}
[2025-02-09 09:25:59][FLASK] - AUDIO: {'audio': 'pingvol'}
[2025-02-09 09:26:09][FLASK] - AUDIO: {'audio': 'pingvol'}
[2025-02-09 09:26:19][FLASK] - AUDIO: {'audio': 'pingvol'}
[2025-02-09 09:26:29][FLASK] - AUDIO: {'audio': 'pingvol'}
[2025-02-09 09:26:39][FLASK] - AUDIO: {'audio': 'pingvol'}
[2025-02-09 09:26:49][FLASK] - AUDIO: {'audio': 'pingvol'}
[2025-02-09 09:26:59][FLASK] - AUDIO: {'audio': 'pingvol'}
[2025-02-09 09:27:09][FLASK] - AUDIO: {'audio': 'pingvol'}
[2025-02-09 09:27:19][FLASK] - AUDIO: {'audio': 'pingvol'}
[2025-02-09 09:27:29][FLASK] - AUDIO: {'audio': 'pingvol'}
[2025-02-09 09:27:39][FLASK] - AUDIO: {'audio': 'pingvol'}
[2025-02-09 09:27:49][FLASK] - AUDIO: {'audio': 'pingvol'}
[2025-02-09 09:27:59][FLASK] - AUDIO: {'audio': 'pingvol'}
[2025-02-09 09:28:09][FLASK] - AUDIO: {'audio': 'pingvol'}
[2025-02-09 09:28:19][FLASK] - AUDIO: {'audio': 'pingvol'}
[2025-02-09 09:28:29][FLASK] - AUDIO: {'audio': 'pingvol'}
[2025-02-09 09:28:39][FLASK] - AUDIO: {'audio': 'pingvol'}
[2025-02-09 09:28:49][FLASK] - AUDIO: {'audio': 'pingvol'}
[2025-02-09 09:28:59][FLASK] - AUDIO: {'audio': 'pingvol'}
[2025-02-09 09:29:09][FLASK] - AUDIO: {'audio': 'pingvol'}
[2025-02-09 09:29:19][FLASK] - AUDIO: {'audio': 'pingvol'}
[2025-02-09 09:29:29][FLASK] - AUDIO: {'audio': 'pingvol'}
[2025-02-09 09:29:40][FLASK] - AUDIO: {'audio': 'pingvol'}
[2025-02-09 09:29:50][FLASK] - AUDIO: {'audio': 'pingvol'}
[2025-02-09 09:30:00][FLASK] - AUDIO: {'audio': 'pingvol'}
[2025-02-09 09:30:10][FLASK] - AUDIO: {'audio': 'pingvol'}
[2025-02-09 09:30:20][FLASK] - AUDIO: {'audio': 'pingvol'}
[2025-02-09 09:30:30][FLASK] - AUDIO: {'audio': 'pingvol'}
[2025-02-09 09:30:40][FLASK] - AUDIO: {'audio': 'pingvol'}
[2025-02-09 09:30:50][FLASK] - AUDIO: {'audio': 'pingvol'}
[2025-02-09 09:31:00][FLASK] - AUDIO: {'audio': 'pingvol'}
[2025-02-09 09:31:10][FLASK] - AUDIO: {'audio': 'pingvol'}
[2025-02-09 09:31:20][FLASK] - AUDIO: {'audio': 'pingvol'}
[2025-02-09 09:31:30][FLASK] - AUDIO: {'audio': 'pingvol'}
[2025-02-09 09:31:40][FLASK] - AUDIO: {'audio': 'pingvol'}
[2025-02-09 09:31:50][FLASK] - AUDIO: {'audio': 'pingvol'}
[2025-02-09 09:32:00][FLASK] - AUDIO: {'audio': 'pingvol'}
[2025-02-09 09:32:10][FLASK] - AUDIO: {'audio': 'pingvol'}
[2025-02-09 09:32:20][FLASK] - AUDIO: {'audio': 'pingvol'}
[2025-02-09 09:32:30][FLASK] - AUDIO: {'audio': 'pingvol'}
[2025-02-09 09:32:40][FLASK] - AUDIO: {'audio': 'pingvol'}
[2025-02-09 09:32:50][FLASK] - AUDIO: {'audio': 'pingvol'}
[2025-02-09 09:33:00][FLASK] - AUDIO: {'audio': 'pingvol'}
[2025-02-09 09:33:10][FLASK] - AUDIO: {'audio': 'pingvol'}
[2025-02-09 09:33:20][FLASK] - AUDIO: {'audio': 'pingvol'}
[2025-02-09 09:33:30][FLASK] - AUDIO: {'audio': 'pingvol'}
[2025-02-09 09:33:40][FLASK] - AUDIO: {'audio': 'pingvol'}
[2025-02-09 09:33:50][FLASK] - AUDIO: {'audio': 'pingvol'}
[2025-02-09 09:34:01][FLASK] - AUDIO: {'audio': 'pingvol'}
[2025-02-09 09:34:11][FLASK] - AUDIO: {'audio': 'pingvol'}
[2025-02-09 09:34:21][FLASK] - AUDIO: {'audio': 'pingvol'}
[2025-02-09 09:34:31][FLASK] - AUDIO: {'audio': 'pingvol'}
[2025-02-09 09:34:41][FLASK] - AUDIO: {'audio': 'pingvol'}
[2025-02-09 09:34:51][FLASK] - AUDIO: {'audio': 'pingvol'}
[2025-02-09 09:35:01][FLASK] - AUDIO: {'audio': 'pingvol'}
[2025-02-09 09:35:11][FLASK] - AUDIO: {'audio': 'pingvol'}
[2025-02-09 09:35:21][FLASK] - AUDIO: {'audio': 'pingvol'}
[2025-02-09 09:35:31][FLASK] - AUDIO: {'audio': 'pingvol'}
[2025-02-09 09:35:41][FLASK] - AUDIO: {'audio': 'pingvol'}
[2025-02-09 09:35:51][FLASK] - AUDIO: {'audio': 'pingvol'}
[2025-02-09 09:36:01][FLASK] - AUDIO: {'audio': 'pingvol'}
[2025-02-09 09:36:11][FLASK] - AUDIO: {'audio': 'pingvol'}
[2025-02-09 09:36:21][FLASK] - AUDIO: {'audio': 'pingvol'}
[2025-02-09 09:36:31][FLASK] - AUDIO: {'audio': 'pingvol'}
[2025-02-09 09:36:41][FLASK] - AUDIO: {'audio': 'pingvol'}
[2025-02-09 09:36:51][FLASK] - AUDIO: {'audio': 'pingvol'}
[2025-02-09 09:37:01][FLASK] - AUDIO: {'audio': 'pingvol'}
[2025-02-09 09:37:11][FLASK] - AUDIO: {'audio': 'pingvol'}
[2025-02-09 09:37:21][FLASK] - AUDIO: {'audio': 'pingvol'}
[2025-02-09 09:37:31][FLASK] - AUDIO: {'audio': 'pingvol'}
[2025-02-09 09:37:41][FLASK] - AUDIO: {'audio': 'pingvol'}
[2025-02-09 09:37:51][FLASK] - AUDIO: {'audio': 'pingvol'}
[2025-02-09 09:38:01][FLASK] - AUDIO: {'audio': 'pingvol'}
[2025-02-09 09:38:11][FLASK] - AUDIO: {'audio': 'pingvol'}
[2025-02-09 09:38:21][FLASK] - AUDIO: {'audio': 'pingvol'}
[2025-02-09 09:38:31][FLASK] - AUDIO: {'audio': 'pingvol'}
[2025-02-09 09:38:42][FLASK] - AUDIO: {'audio': 'pingvol'}
[2025-02-09 09:38:52][FLASK] - AUDIO: {'audio': 'pingvol'}
[2025-02-09 09:39:02][FLASK] - AUDIO: {'audio': 'pingvol'}
[2025-02-09 09:39:12][FLASK] - AUDIO: {'audio': 'pingvol'}
[2025-02-09 09:39:22][FLASK] - AUDIO: {'audio': 'pingvol'}
[2025-02-09 09:39:32][FLASK] - AUDIO: {'audio': 'pingvol'}
[2025-02-09 09:39:42][FLASK] - AUDIO: {'audio': 'pingvol'}
[2025-02-09 09:39:52][FLASK] - AUDIO: {'audio': 'pingvol'}
[2025-02-09 09:40:02][FLASK] - AUDIO: {'audio': 'pingvol'}
[2025-02-09 09:40:12][FLASK] - AUDIO: {'audio': 'pingvol'}
[2025-02-09 09:40:22][FLASK] - AUDIO: {'audio': 'pingvol'}
[2025-02-09 09:40:32][FLASK] - AUDIO: {'audio': 'pingvol'}
[2025-02-09 09:40:42][FLASK] - AUDIO: {'audio': 'pingvol'}
[2025-02-09 09:40:52][FLASK] - AUDIO: {'audio': 'pingvol'}
[2025-02-09 09:41:02][FLASK] - AUDIO: {'audio': 'pingvol'}
[2025-02-09 09:41:12][FLASK] - AUDIO: {'audio': 'pingvol'}
[2025-02-09 09:41:22][FLASK] - AUDIO: {'audio': 'pingvol'}
[2025-02-09 09:41:32][FLASK] - AUDIO: {'audio': 'pingvol'}
[2025-02-09 09:41:42][FLASK] - AUDIO: {'audio': 'pingvol'}
[2025-02-09 09:41:52][FLASK] - AUDIO: {'audio': 'pingvol'}
[2025-02-09 09:42:02][FLASK] - AUDIO: {'audio': 'pingvol'}
[2025-02-09 09:42:12][FLASK] - AUDIO: {'audio': 'pingvol'}
[2025-02-09 09:42:22][FLASK] - AUDIO: {'audio': 'pingvol'}
[2025-02-09 09:42:32][FLASK] - AUDIO: {'audio': 'pingvol'}
[2025-02-09 09:42:42][FLASK] - AUDIO: {'audio': 'pingvol'}
[2025-02-09 09:42:52][FLASK] - AUDIO: {'audio': 'pingvol'}
[2025-02-09 09:43:03][FLASK] - AUDIO: {'audio': 'pingvol'}
[2025-02-09 09:43:13][FLASK] - AUDIO: {'audio': 'pingvol'}
[2025-02-09 09:43:23][FLASK] - AUDIO: {'audio': 'pingvol'}
[2025-02-09 09:43:33][FLASK] - AUDIO: {'audio': 'pingvol'}
[2025-02-09 09:43:43][FLASK] - AUDIO: {'audio': 'pingvol'}
[2025-02-09 09:43:53][FLASK] - AUDIO: {'audio': 'pingvol'}
[2025-02-09 09:44:03][FLASK] - AUDIO: {'audio': 'pingvol'}
[2025-02-09 09:44:13][FLASK] - AUDIO: {'audio': 'pingvol'}
[2025-02-09 09:44:23][FLASK] - AUDIO: {'audio': 'pingvol'}
[2025-02-09 09:44:33][FLASK] - AUDIO: {'audio': 'pingvol'}
[2025-02-09 09:44:43][FLASK] - AUDIO: {'audio': 'pingvol'}
[2025-02-09 09:44:53][FLASK] - AUDIO: {'audio': 'pingvol'}
[2025-02-09 09:45:03][FLASK] - AUDIO: {'audio': 'pingvol'}
[2025-02-09 09:45:13][FLASK] - AUDIO: {'audio': 'pingvol'}
[2025-02-09 09:45:23][FLASK] - AUDIO: {'audio': 'pingvol'}
[2025-02-09 09:45:33][FLASK] - AUDIO: {'audio': 'pingvol'}
[2025-02-09 09:45:43][FLASK] - AUDIO: {'audio': 'pingvol'}
[2025-02-09 09:45:53][FLASK] - AUDIO: {'audio': 'pingvol'}
[2025-02-09 09:46:03][FLASK] - AUDIO: {'audio': 'pingvol'}
[2025-02-09 09:46:13][FLASK] - AUDIO: {'audio': 'pingvol'}
[2025-02-09 09:46:23][FLASK] - AUDIO: {'audio': 'pingvol'}
[2025-02-09 09:46:33][FLASK] - AUDIO: {'audio': 'pingvol'}
[2025-02-09 09:46:43][FLASK] - AUDIO: {'audio': 'pingvol'}
[2025-02-09 09:46:53][FLASK] - AUDIO: {'audio': 'pingvol'}
[2025-02-09 09:47:03][FLASK] - AUDIO: {'audio': 'pingvol'}
[2025-02-09 09:47:13][FLASK] - AUDIO: {'audio': 'pingvol'}
[2025-02-09 09:47:24][FLASK] - AUDIO: {'audio': 'pingvol'}
[2025-02-09 09:47:34][FLASK] - AUDIO: {'audio': 'pingvol'}
[2025-02-09 09:47:44][FLASK] - AUDIO: {'audio': 'pingvol'}
[2025-02-09 09:47:54][FLASK] - AUDIO: {'audio': 'pingvol'}
[2025-02-09 09:48:04][FLASK] - AUDIO: {'audio': 'pingvol'}
[2025-02-09 09:48:14][FLASK] - AUDIO: {'audio': 'pingvol'}
[2025-02-09 09:48:24][FLASK] - AUDIO: {'audio': 'pingvol'}
[2025-02-09 09:48:34][FLASK] - AUDIO: {'audio': 'pingvol'}
[2025-02-09 09:48:44][FLASK] - AUDIO: {'audio': 'pingvol'}
[2025-02-09 09:48:54][FLASK] - AUDIO: {'audio': 'pingvol'}
[2025-02-09 09:49:04][FLASK] - AUDIO: {'audio': 'pingvol'}
[2025-02-09 09:49:14][FLASK] - AUDIO: {'audio': 'pingvol'}
[2025-02-09 09:49:24][FLASK] - AUDIO: {'audio': 'pingvol'}
[2025-02-09 09:49:34][FLASK] - AUDIO: {'audio': 'pingvol'}
[2025-02-09 09:49:44][FLASK] - AUDIO: {'audio': 'pingvol'}
[2025-02-09 09:49:54][FLASK] - AUDIO: {'audio': 'pingvol'}
[2025-02-09 09:50:04][FLASK] - AUDIO: {'audio': 'pingvol'}
[2025-02-09 09:50:14][FLASK] - AUDIO: {'audio': 'pingvol'}
[2025-02-09 09:50:24][FLASK] - AUDIO: {'audio': 'pingvol'}
[2025-02-09 09:50:34][FLASK] - AUDIO: {'audio': 'pingvol'}
[2025-02-09 09:50:44][FLASK] - AUDIO: {'audio': 'pingvol'}
[2025-02-09 09:50:54][FLASK] - AUDIO: {'audio': 'pingvol'}
[2025-02-09 09:51:04][FLASK] - AUDIO: {'audio': 'pingvol'}
[2025-02-09 09:51:14][FLASK] - AUDIO: {'audio': 'pingvol'}
[2025-02-09 09:51:24][FLASK] - AUDIO: {'audio': 'pingvol'}
[2025-02-09 09:51:34][FLASK] - AUDIO: {'audio': 'pingvol'}
[2025-02-09 09:51:45][FLASK] - AUDIO: {'audio': 'pingvol'}
[2025-02-09 09:51:55][FLASK] - AUDIO: {'audio': 'pingvol'}
[2025-02-09 09:52:05][FLASK] - AUDIO: {'audio': 'pingvol'}
[2025-02-09 09:52:15][FLASK] - AUDIO: {'audio': 'pingvol'}
[2025-02-09 09:52:25][FLASK] - AUDIO: {'audio': 'pingvol'}
[2025-02-09 09:52:35][FLASK] - AUDIO: {'audio': 'pingvol'}
[2025-02-09 09:52:45][FLASK] - AUDIO: {'audio': 'pingvol'}
[2025-02-09 09:52:55][FLASK] - AUDIO: {'audio': 'pingvol'}
[2025-02-09 09:53:05][FLASK] - AUDIO: {'audio': 'pingvol'}
[2025-02-09 09:53:15][FLASK] - AUDIO: {'audio': 'pingvol'}
[2025-02-09 09:53:25][FLASK] - AUDIO: {'audio': 'pingvol'}
[2025-02-09 09:53:35][FLASK] - AUDIO: {'audio': 'pingvol'}
[2025-02-09 09:53:45][FLASK] - AUDIO: {'audio': 'pingvol'}
[2025-02-09 09:53:55][FLASK] - AUDIO: {'audio': 'pingvol'}
[2025-02-09 09:54:05][FLASK] - AUDIO: {'audio': 'pingvol'}
[2025-02-09 09:54:15][FLASK] - AUDIO: {'audio': 'pingvol'}
[2025-02-09 09:54:25][FLASK] - AUDIO: {'audio': 'pingvol'}
[2025-02-09 09:54:35][FLASK] - AUDIO: {'audio': 'pingvol'}
[2025-02-09 09:54:45][FLASK] - AUDIO: {'audio': 'pingvol'}
[2025-02-09 09:54:55][FLASK] - AUDIO: {'audio': 'pingvol'}
[2025-02-09 09:55:05][FLASK] - AUDIO: {'audio': 'pingvol'}
[2025-02-09 09:55:15][FLASK] - AUDIO: {'audio': 'pingvol'}
[2025-02-09 09:55:25][FLASK] - AUDIO: {'audio': 'pingvol'}
[2025-02-09 09:55:35][FLASK] - AUDIO: {'audio': 'pingvol'}
[2025-02-09 09:55:45][FLASK] - AUDIO: {'audio': 'pingvol'}
[2025-02-09 09:55:55][FLASK] - AUDIO: {'audio': 'pingvol'}
[2025-02-09 09:56:06][FLASK] - AUDIO: {'audio': 'pingvol'}
[2025-02-09 09:56:16][FLASK] - AUDIO: {'audio': 'pingvol'}
[2025-02-09 09:56:26][FLASK] - AUDIO: {'audio': 'pingvol'}
[2025-02-09 09:56:36][FLASK] - AUDIO: {'audio': 'pingvol'}
[2025-02-09 09:56:46][FLASK] - AUDIO: {'audio': 'pingvol'}
[2025-02-09 09:56:56][FLASK] - AUDIO: {'audio': 'pingvol'}
[2025-02-09 09:57:06][FLASK] - AUDIO: {'audio': 'pingvol'}
[2025-02-09 09:57:16][FLASK] - AUDIO: {'audio': 'pingvol'}
[2025-02-09 09:57:26][FLASK] - AUDIO: {'audio': 'pingvol'}
[2025-02-09 09:57:36][FLASK] - AUDIO: {'audio': 'pingvol'}
[2025-02-09 09:57:46][FLASK] - AUDIO: {'audio': 'pingvol'}
[2025-02-09 09:57:56][FLASK] - AUDIO: {'audio': 'pingvol'}
[2025-02-09 09:58:06][FLASK] - AUDIO: {'audio': 'pingvol'}
[2025-02-09 09:58:16][FLASK] - AUDIO: {'audio': 'pingvol'}
[2025-02-09 09:58:26][FLASK] - AUDIO: {'audio': 'pingvol'}
[2025-02-09 09:58:36][FLASK] - AUDIO: {'audio': 'pingvol'}
[2025-02-09 09:58:46][FLASK] - AUDIO: {'audio': 'pingvol'}
[2025-02-09 09:58:56][FLASK] - AUDIO: {'audio': 'pingvol'}
[2025-02-09 09:59:06][FLASK] - AUDIO: {'audio': 'pingvol'}
[2025-02-09 09:59:16][FLASK] - AUDIO: {'audio': 'pingvol'}
[2025-02-09 09:59:26][FLASK] - AUDIO: {'audio': 'pingvol'}
[2025-02-09 09:59:36][FLASK] - AUDIO: {'audio': 'pingvol'}
[2025-02-09 09:59:46][FLASK] - AUDIO: {'audio': 'pingvol'}
[2025-02-09 09:59:56][FLASK] - AUDIO: {'audio': 'pingvol'}
[2025-02-09 10:00:06][FLASK] - AUDIO: {'audio': 'pingvol'}
[2025-02-09 10:00:16][FLASK] - AUDIO: {'audio': 'pingvol'}
[2025-02-09 10:00:27][FLASK] - AUDIO: {'audio': 'pingvol'}
[2025-02-09 10:00:37][FLASK] - AUDIO: {'audio': 'pingvol'}
[2025-02-09 10:00:47][FLASK] - AUDIO: {'audio': 'pingvol'}
[2025-02-09 10:00:57][FLASK] - AUDIO: {'audio': 'pingvol'}
[2025-02-09 10:01:07][FLASK] - AUDIO: {'audio': 'pingvol'}
[2025-02-09 10:01:17][FLASK] - AUDIO: {'audio': 'pingvol'}
[2025-02-09 10:01:27][FLASK] - AUDIO: {'audio': 'pingvol'}
[2025-02-09 10:01:37][FLASK] - AUDIO: {'audio': 'pingvol'}
[2025-02-09 10:01:47][FLASK] - AUDIO: {'audio': 'pingvol'}
[2025-02-09 10:01:57][FLASK] - AUDIO: {'audio': 'pingvol'}
[2025-02-09 10:02:07][FLASK] - AUDIO: {'audio': 'pingvol'}
[2025-02-09 10:02:17][FLASK] - AUDIO: {'audio': 'pingvol'}
[2025-02-09 10:02:27][FLASK] - AUDIO: {'audio': 'pingvol'}
[2025-02-09 10:02:37][FLASK] - AUDIO: {'audio': 'pingvol'}
[2025-02-09 10:02:47][FLASK] - AUDIO: {'audio': 'pingvol'}
[2025-02-09 10:02:57][FLASK] - AUDIO: {'audio': 'pingvol'}
[2025-02-09 10:03:07][FLASK] - AUDIO: {'audio': 'pingvol'}
[2025-02-09 10:03:17][FLASK] - AUDIO: {'audio': 'pingvol'}
[2025-02-09 10:03:27][FLASK] - AUDIO: {'audio': 'pingvol'}
[2025-02-09 10:03:37][FLASK] - AUDIO: {'audio': 'pingvol'}
[2025-02-09 10:03:47][FLASK] - AUDIO: {'audio': 'pingvol'}
[2025-02-09 10:03:57][FLASK] - AUDIO: {'audio': 'pingvol'}
[2025-02-09 10:04:07][FLASK] - AUDIO: {'audio': 'pingvol'}
[2025-02-09 10:04:17][FLASK] - AUDIO: {'audio': 'pingvol'}
[2025-02-09 10:04:27][FLASK] - AUDIO: {'audio': 'pingvol'}
[2025-02-09 10:04:37][FLASK] - AUDIO: {'audio': 'pingvol'}
[2025-02-09 10:04:47][FLASK] - AUDIO: {'audio': 'pingvol'}
[2025-02-09 10:04:58][FLASK] - AUDIO: {'audio': 'pingvol'}
[2025-02-09 10:05:08][FLASK] - AUDIO: {'audio': 'pingvol'}
[2025-02-09 10:05:18][FLASK] - AUDIO: {'audio': 'pingvol'}
[2025-02-09 10:05:28][FLASK] - AUDIO: {'audio': 'pingvol'}
[2025-02-09 10:05:38][FLASK] - AUDIO: {'audio': 'pingvol'}
[2025-02-09 10:05:48][FLASK] - AUDIO: {'audio': 'pingvol'}
[2025-02-09 10:05:58][FLASK] - AUDIO: {'audio': 'pingvol'}
[2025-02-09 10:06:08][FLASK] - AUDIO: {'audio': 'pingvol'}
[2025-02-09 10:06:18][FLASK] - AUDIO: {'audio': 'pingvol'}
[2025-02-09 10:06:28][FLASK] - AUDIO: {'audio': 'pingvol'}
[2025-02-09 10:06:38][FLASK] - AUDIO: {'audio': 'pingvol'}
[2025-02-09 10:06:48][FLASK] - AUDIO: {'audio': 'pingvol'}
[2025-02-09 10:06:58][FLASK] - AUDIO: {'audio': 'pingvol'}
[2025-02-09 10:07:08][FLASK] - AUDIO: {'audio': 'pingvol'}
[2025-02-09 10:07:18][FLASK] - AUDIO: {'audio': 'pingvol'}
[2025-02-09 10:07:28][FLASK] - AUDIO: {'audio': 'pingvol'}
[2025-02-09 10:07:38][FLASK] - AUDIO: {'audio': 'pingvol'}
[2025-02-09 10:07:48][FLASK] - AUDIO: {'audio': 'pingvol'}
[2025-02-09 10:07:58][FLASK] - AUDIO: {'audio': 'pingvol'}
[2025-02-09 10:08:08][FLASK] - AUDIO: {'audio': 'pingvol'}
[2025-02-09 10:08:18][FLASK] - AUDIO: {'audio': 'pingvol'}
[2025-02-09 10:08:28][FLASK] - AUDIO: {'audio': 'pingvol'}
[2025-02-09 10:08:38][FLASK] - AUDIO: {'audio': 'pingvol'}
[2025-02-09 10:08:48][FLASK] - AUDIO: {'audio': 'pingvol'}
[2025-02-09 10:08:58][FLASK] - AUDIO: {'audio': 'pingvol'}
[2025-02-09 10:08:59][MAIN] - To Arduino: AUDIOPINGVOL
[2025-02-09 10:09:08][FLASK] - AUDIO: {'audio': 'pingvol'}
[2025-02-09 10:09:19][FLASK] - AUDIO: {'audio': 'pingvol'}
[2025-02-09 10:09:29][FLASK] - AUDIO: {'audio': 'pingvol'}
[2025-02-09 10:09:39][FLASK] - AUDIO: {'audio': 'pingvol'}
[2025-02-09 10:09:49][FLASK] - AUDIO: {'audio': 'pingvol'}
[2025-02-09 10:09:59][FLASK] - AUDIO: {'audio': 'pingvol'}
[2025-02-09 10:10:09][FLASK] - AUDIO: {'audio': 'pingvol'}
[2025-02-09 10:10:19][FLASK] - AUDIO: {'audio': 'pingvol'}
[2025-02-09 10:10:29][FLASK] - AUDIO: {'audio': 'pingvol'}
[2025-02-09 10:10:39][FLASK] - AUDIO: {'audio': 'pingvol'}
[2025-02-09 10:10:49][FLASK] - AUDIO: {'audio': 'pingvol'}
[2025-02-09 10:10:59][FLASK] - AUDIO: {'audio': 'pingvol'}
[2025-02-09 10:11:09][FLASK] - AUDIO: {'audio': 'pingvol'}
[2025-02-09 10:11:19][FLASK] - AUDIO: {'audio': 'pingvol'}
[2025-02-09 10:11:29][FLASK] - AUDIO: {'audio': 'pingvol'}
[2025-02-09 10:11:39][FLASK] - AUDIO: {'audio': 'pingvol'}
[2025-02-09 10:11:49][FLASK] - AUDIO: {'audio': 'pingvol'}
[2025-02-09 10:11:59][FLASK] - AUDIO: {'audio': 'pingvol'}
[2025-02-09 10:12:09][FLASK] - AUDIO: {'audio': 'pingvol'}
[2025-02-09 10:12:19][FLASK] - AUDIO: {'audio': 'pingvol'}
[2025-02-09 10:12:29][FLASK] - AUDIO: {'audio': 'pingvol'}
[2025-02-09 10:12:39][FLASK] - AUDIO: {'audio': 'pingvol'}
[2025-02-09 10:12:49][FLASK] - AUDIO: {'audio': 'pingvol'}
[2025-02-09 10:12:59][FLASK] - AUDIO: {'audio': 'pingvol'}
[2025-02-09 10:13:09][FLASK] - AUDIO: {'audio': 'pingvol'}
[2025-02-09 10:13:19][FLASK] - AUDIO: {'audio': 'pingvol'}
[2025-02-09 10:13:29][FLASK] - AUDIO: {'audio': 'pingvol'}
[2025-02-09 10:13:40][FLASK] - AUDIO: {'audio': 'pingvol'}
[2025-02-09 10:13:50][FLASK] - AUDIO: {'audio': 'pingvol'}
[2025-02-09 10:14:00][FLASK] - AUDIO: {'audio': 'pingvol'}
[2025-02-09 10:14:10][FLASK] - AUDIO: {'audio': 'pingvol'}
[2025-02-09 10:14:20][FLASK] - AUDIO: {'audio': 'pingvol'}
[2025-02-09 10:14:30][FLASK] - AUDIO: {'audio': 'pingvol'}
[2025-02-09 10:14:40][FLASK] - AUDIO: {'audio': 'pingvol'}
[2025-02-09 10:14:50][FLASK] - AUDIO: {'audio': 'pingvol'}
[2025-02-09 10:15:00][FLASK] - AUDIO: {'audio': 'pingvol'}
[2025-02-09 10:15:10][FLASK] - AUDIO: {'audio': 'pingvol'}
[2025-02-09 10:15:20][FLASK] - AUDIO: {'audio': 'pingvol'}
[2025-02-09 10:15:30][FLASK] - AUDIO: {'audio': 'pingvol'}
[2025-02-09 10:15:40][FLASK] - AUDIO: {'audio': 'pingvol'}
[2025-02-09 10:15:50][FLASK] - AUDIO: {'audio': 'pingvol'}
[2025-02-09 10:16:00][FLASK] - AUDIO: {'audio': 'pingvol'}
[2025-02-09 10:16:10][FLASK] - AUDIO: {'audio': 'pingvol'}
[2025-02-09 10:16:20][FLASK] - AUDIO: {'audio': 'pingvol'}
[2025-02-09 10:16:30][FLASK] - AUDIO: {'audio': 'pingvol'}
[2025-02-09 10:16:40][FLASK] - AUDIO: {'audio': 'pingvol'}
[2025-02-09 10:16:50][FLASK] - AUDIO: {'audio': 'pingvol'}
[2025-02-09 10:17:00][FLASK] - AUDIO: {'audio': 'pingvol'}
[2025-02-09 10:17:10][FLASK] - AUDIO: {'audio': 'pingvol'}
[2025-02-09 10:17:20][FLASK] - AUDIO: {'audio': 'pingvol'}
[2025-02-09 10:17:30][FLASK] - AUDIO: {'audio': 'pingvol'}
[2025-02-09 10:17:40][FLASK] - AUDIO: {'audio': 'pingvol'}
[2025-02-09 10:17:50][FLASK] - AUDIO: {'audio': 'pingvol'}
[2025-02-09 10:18:01][FLASK] - AUDIO: {'audio': 'pingvol'}
[2025-02-09 10:18:11][FLASK] - AUDIO: {'audio': 'pingvol'}
[2025-02-09 10:18:21][FLASK] - AUDIO: {'audio': 'pingvol'}
[2025-02-09 10:18:31][FLASK] - AUDIO: {'audio': 'pingvol'}
[2025-02-09 10:18:41][FLASK] - AUDIO: {'audio': 'pingvol'}
[2025-02-09 10:18:51][FLASK] - AUDIO: {'audio': 'pingvol'}
[2025-02-09 10:19:01][FLASK] - AUDIO: {'audio': 'pingvol'}
[2025-02-09 10:19:11][FLASK] - AUDIO: {'audio': 'pingvol'}
[2025-02-09 10:19:21][FLASK] - AUDIO: {'audio': 'pingvol'}
[2025-02-09 10:19:31][FLASK] - AUDIO: {'audio': 'pingvol'}
[2025-02-09 10:19:41][FLASK] - AUDIO: {'audio': 'pingvol'}
[2025-02-09 10:19:51][FLASK] - AUDIO: {'audio': 'pingvol'}
[2025-02-09 10:20:01][FLASK] - AUDIO: {'audio': 'pingvol'}
[2025-02-09 10:20:11][FLASK] - AUDIO: {'audio': 'pingvol'}
[2025-02-09 10:20:21][FLASK] - AUDIO: {'audio': 'pingvol'}
[2025-02-09 10:20:31][FLASK] - AUDIO: {'audio': 'pingvol'}
[2025-02-09 10:20:41][FLASK] - AUDIO: {'audio': 'pingvol'}
[2025-02-09 10:20:51][FLASK] - AUDIO: {'audio': 'pingvol'}
[2025-02-09 10:21:01][FLASK] - AUDIO: {'audio': 'pingvol'}
[2025-02-09 10:21:11][FLASK] - AUDIO: {'audio': 'pingvol'}
[2025-02-09 10:21:21][FLASK] - AUDIO: {'audio': 'pingvol'}
[2025-02-09 10:21:31][FLASK] - AUDIO: {'audio': 'pingvol'}
[2025-02-09 10:21:41][FLASK] - AUDIO: {'audio': 'pingvol'}
[2025-02-09 10:21:51][FLASK] - AUDIO: {'audio': 'pingvol'}
[2025-02-09 10:22:01][FLASK] - AUDIO: {'audio': 'pingvol'}
[2025-02-09 10:22:12][FLASK] - AUDIO: {'audio': 'pingvol'}
[2025-02-09 10:22:22][FLASK] - AUDIO: {'audio': 'pingvol'}
[2025-02-09 10:22:32][FLASK] - AUDIO: {'audio': 'pingvol'}
[2025-02-09 10:22:42][FLASK] - AUDIO: {'audio': 'pingvol'}
[2025-02-09 10:22:52][FLASK] - AUDIO: {'audio': 'pingvol'}
[2025-02-09 10:23:02][FLASK] - AUDIO: {'audio': 'pingvol'}
[2025-02-09 10:23:12][FLASK] - AUDIO: {'audio': 'pingvol'}
[2025-02-09 10:23:22][FLASK] - AUDIO: {'audio': 'pingvol'}
[2025-02-09 10:23:32][FLASK] - AUDIO: {'audio': 'pingvol'}
[2025-02-09 10:23:42][FLASK] - AUDIO: {'audio': 'pingvol'}
[2025-02-09 10:23:52][FLASK] - AUDIO: {'audio': 'pingvol'}
[2025-02-09 10:24:02][FLASK] - AUDIO: {'audio': 'pingvol'}
[2025-02-09 10:24:12][FLASK] - AUDIO: {'audio': 'pingvol'}
[2025-02-09 10:24:22][FLASK] - AUDIO: {'audio': 'pingvol'}
[2025-02-09 10:24:32][FLASK] - AUDIO: {'audio': 'pingvol'}
[2025-02-09 10:24:42][FLASK] - AUDIO: {'audio': 'pingvol'}
[2025-02-09 10:24:52][FLASK] - AUDIO: {'audio': 'pingvol'}
[2025-02-09 10:25:02][FLASK] - AUDIO: {'audio': 'pingvol'}
[2025-02-09 10:25:12][FLASK] - AUDIO: {'audio': 'pingvol'}
[2025-02-09 10:25:22][FLASK] - AUDIO: {'audio': 'pingvol'}
[2025-02-09 10:25:32][FLASK] - AUDIO: {'audio': 'pingvol'}
[2025-02-09 10:25:42][FLASK] - AUDIO: {'audio': 'pingvol'}
[2025-02-09 10:25:52][FLASK] - AUDIO: {'audio': 'pingvol'}
[2025-02-09 10:26:02][FLASK] - AUDIO: {'audio': 'pingvol'}
[2025-02-09 10:26:12][FLASK] - AUDIO: {'audio': 'pingvol'}
[2025-02-09 10:26:22][FLASK] - AUDIO: {'audio': 'pingvol'}
[2025-02-09 10:26:33][FLASK] - AUDIO: {'audio': 'pingvol'}
[2025-02-09 10:26:43][FLASK] - AUDIO: {'audio': 'pingvol'}
[2025-02-09 10:26:53][FLASK] - AUDIO: {'audio': 'pingvol'}
[2025-02-09 10:27:03][FLASK] - AUDIO: {'audio': 'pingvol'}
[2025-02-09 10:27:13][FLASK] - AUDIO: {'audio': 'pingvol'}
[2025-02-09 10:27:23][FLASK] - AUDIO: {'audio': 'pingvol'}
[2025-02-09 10:27:33][FLASK] - AUDIO: {'audio': 'pingvol'}
[2025-02-09 10:27:43][FLASK] - AUDIO: {'audio': 'pingvol'}
[2025-02-09 10:27:53][FLASK] - AUDIO: {'audio': 'pingvol'}
[2025-02-09 10:28:03][FLASK] - AUDIO: {'audio': 'pingvol'}
[2025-02-09 10:28:13][FLASK] - AUDIO: {'audio': 'pingvol'}
[2025-02-09 10:28:23][FLASK] - AUDIO: {'audio': 'pingvol'}
[2025-02-09 10:28:33][FLASK] - AUDIO: {'audio': 'pingvol'}
[2025-02-09 10:28:43][FLASK] - AUDIO: {'audio': 'pingvol'}
[2025-02-09 10:28:53][FLASK] - AUDIO: {'audio': 'pingvol'}
[2025-02-09 10:29:03][FLASK] - AUDIO: {'audio': 'pingvol'}
[2025-02-09 10:29:13][FLASK] - AUDIO: {'audio': 'pingvol'}
[2025-02-09 10:29:23][FLASK] - AUDIO: {'audio': 'pingvol'}
[2025-02-09 10:29:33][FLASK] - AUDIO: {'audio': 'pingvol'}
[2025-02-09 10:29:43][FLASK] - AUDIO: {'audio': 'pingvol'}
[2025-02-09 10:29:54][FLASK] - AUDIO: {'audio': 'pingvol'}
[2025-02-09 10:30:04][FLASK] - AUDIO: {'audio': 'pingvol'}
[2025-02-09 10:30:14][FLASK] - AUDIO: {'audio': 'pingvol'}
[2025-02-09 10:30:24][FLASK] - AUDIO: {'audio': 'pingvol'}
[2025-02-09 10:30:34][FLASK] - AUDIO: {'audio': 'pingvol'}
[2025-02-09 10:30:44][FLASK] - AUDIO: {'audio': 'pingvol'}
[2025-02-09 10:30:54][FLASK] - AUDIO: {'audio': 'pingvol'}
[2025-02-09 10:31:04][FLASK] - AUDIO: {'audio': 'pingvol'}
[2025-02-09 10:31:14][FLASK] - AUDIO: {'audio': 'pingvol'}
[2025-02-09 10:31:24][FLASK] - AUDIO: {'audio': 'pingvol'}
[2025-02-09 10:31:34][FLASK] - AUDIO: {'audio': 'pingvol'}
[2025-02-09 10:31:44][FLASK] - AUDIO: {'audio': 'pingvol'}
[2025-02-09 10:31:54][FLASK] - AUDIO: {'audio': 'pingvol'}
[2025-02-09 10:32:04][FLASK] - AUDIO: {'audio': 'pingvol'}
[2025-02-09 10:32:14][FLASK] - AUDIO: {'audio': 'pingvol'}
[2025-02-09 10:32:24][FLASK] - AUDIO: {'audio': 'pingvol'}
[2025-02-09 10:32:34][FLASK] - AUDIO: {'audio': 'pingvol'}
[2025-02-09 10:32:44][FLASK] - AUDIO: {'audio': 'pingvol'}
[2025-02-09 10:32:54][FLASK] - AUDIO: {'audio': 'pingvol'}
[2025-02-09 10:33:04][FLASK] - AUDIO: {'audio': 'pingvol'}
[2025-02-09 10:33:14][FLASK] - AUDIO: {'audio': 'pingvol'}
[2025-02-09 10:33:24][FLASK] - AUDIO: {'audio': 'pingvol'}
[2025-02-09 10:33:34][FLASK] - AUDIO: {'audio': 'pingvol'}
[2025-02-09 10:33:44][FLASK] - AUDIO: {'audio': 'pingvol'}
[2025-02-09 10:33:55][FLASK] - AUDIO: {'audio': 'pingvol'}
[2025-02-09 10:34:05][FLASK] - AUDIO: {'audio': 'pingvol'}
[2025-02-09 10:34:15][FLASK] - AUDIO: {'audio': 'pingvol'}
[2025-02-09 10:34:25][FLASK] - AUDIO: {'audio': 'pingvol'}
[2025-02-09 10:34:35][FLASK] - AUDIO: {'audio': 'pingvol'}
[2025-02-09 10:34:45][FLASK] - AUDIO: {'audio': 'pingvol'}
[2025-02-09 10:34:55][FLASK] - AUDIO: {'audio': 'pingvol'}
[2025-02-09 10:35:05][FLASK] - AUDIO: {'audio': 'pingvol'}
[2025-02-09 10:35:15][FLASK] - AUDIO: {'audio': 'pingvol'}
[2025-02-09 10:35:25][FLASK] - AUDIO: {'audio': 'pingvol'}
[2025-02-09 10:35:35][FLASK] - AUDIO: {'audio': 'pingvol'}
[2025-02-09 10:35:41][MAIN] - Serving 807946519: msg 3416
[2025-02-09 10:35:41][MAIN] - Serving 807946519: msg 3416
[2025-02-09 10:35:45][FLASK] - AUDIO: {'audio': 'pingvol'}
[2025-02-09 10:35:55][FLASK] - AUDIO: {'audio': 'pingvol'}
[2025-02-09 10:36:05][FLASK] - AUDIO: {'audio': 'pingvol'}
[2025-02-09 10:36:15][FLASK] - AUDIO: {'audio': 'pingvol'}
[2025-02-09 10:36:25][FLASK] - AUDIO: {'audio': 'pingvol'}
[2025-02-09 10:36:35][FLASK] - AUDIO: {'audio': 'pingvol'}
[2025-02-09 10:36:45][FLASK] - AUDIO: {'audio': 'pingvol'}
[2025-02-09 10:36:55][FLASK] - AUDIO: {'audio': 'pingvol'}
[2025-02-09 10:37:05][FLASK] - AUDIO: {'audio': 'pingvol'}
[2025-02-09 10:37:15][FLASK] - AUDIO: {'audio': 'pingvol'}
[2025-02-09 10:37:25][FLASK] - AUDIO: {'audio': 'pingvol'}
[2025-02-09 10:37:35][FLASK] - AUDIO: {'audio': 'pingvol'}
[2025-02-09 10:37:45][FLASK] - AUDIO: {'audio': 'pingvol'}
[2025-02-09 10:37:55][FLASK] - AUDIO: {'audio': 'pingvol'}
[2025-02-09 10:38:05][FLASK] - AUDIO: {'audio': 'pingvol'}
[2025-02-09 10:38:15][FLASK] - AUDIO: {'audio': 'pingvol'}
[2025-02-09 10:38:26][FLASK] - AUDIO: {'audio': 'pingvol'}
[2025-02-09 10:38:36][FLASK] - AUDIO: {'audio': 'pingvol'}
[2025-02-09 10:38:46][FLASK] - AUDIO: {'audio': 'pingvol'}
[2025-02-09 10:38:56][FLASK] - AUDIO: {'audio': 'pingvol'}
[2025-02-09 10:39:06][FLASK] - AUDIO: {'audio': 'pingvol'}
[2025-02-09 10:39:16][FLASK] - AUDIO: {'audio': 'pingvol'}
[2025-02-09 10:39:26][FLASK] - AUDIO: {'audio': 'pingvol'}
[2025-02-09 10:39:36][FLASK] - AUDIO: {'audio': 'pingvol'}
[2025-02-09 10:39:46][FLASK] - AUDIO: {'audio': 'pingvol'}
[2025-02-09 10:39:56][FLASK] - AUDIO: {'audio': 'pingvol'}
[2025-02-09 10:40:06][FLASK] - AUDIO: {'audio': 'pingvol'}
[2025-02-09 10:40:16][FLASK] - AUDIO: {'audio': 'pingvol'}
[2025-02-09 10:40:26][FLASK] - AUDIO: {'audio': 'pingvol'}
[2025-02-09 10:40:36][FLASK] - AUDIO: {'audio': 'pingvol'}
[2025-02-09 10:40:46][FLASK] - AUDIO: {'audio': 'pingvol'}
[2025-02-09 10:40:56][FLASK] - AUDIO: {'audio': 'pingvol'}
[2025-02-09 10:41:06][FLASK] - AUDIO: {'audio': 'pingvol'}
[2025-02-09 10:41:16][FLASK] - AUDIO: {'audio': 'pingvol'}
[2025-02-09 10:41:26][FLASK] - AUDIO: {'audio': 'pingvol'}
[2025-02-09 10:41:36][FLASK] - AUDIO: {'audio': 'pingvol'}
[2025-02-09 10:41:46][FLASK] - AUDIO: {'audio': 'pingvol'}
[2025-02-09 10:41:56][FLASK] - AUDIO: {'audio': 'pingvol'}
[2025-02-09 10:42:06][FLASK] - AUDIO: {'audio': 'pingvol'}
[2025-02-09 10:42:16][FLASK] - AUDIO: {'audio': 'pingvol'}
[2025-02-09 10:42:26][FLASK] - AUDIO: {'audio': 'pingvol'}
[2025-02-09 10:42:37][FLASK] - AUDIO: {'audio': 'pingvol'}
[2025-02-09 10:42:47][FLASK] - AUDIO: {'audio': 'pingvol'}
[2025-02-09 10:42:58][FLASK] - AUDIO: {'audio': 'pingvol'}
[2025-02-09 10:43:02][MAIN] - Traceback (most recent call last):
[2025-02-09 10:43:02][MAIN] -   File "/home/claudio/Python-Projects/RoomServer/main.py", line 89, in <module>
[2025-02-09 10:43:03][MAIN] - main()
[2025-02-09 10:43:03][MAIN] -   File "/home/claudio/Python-Projects/RoomServer/main.py", line 77, in main
[2025-02-09 10:43:03][MAIN] - time.sleep(0.5)
[2025-02-09 10:43:03][MAIN] - KeyboardInterrupt
[2025-02-09 10:43:03][MAIN] - Exception ignored in: 
[2025-02-09 10:43:03][MAIN] - <module 'threading' from '/usr/lib/python3.10/threading.py'>
[2025-02-09 10:43:03][MAIN] - Traceback (most recent call last):
[2025-02-09 10:43:03][MAIN] -   File "/usr/lib/python3.10/threading.py", line 1567, in _shutdown
[2025-02-09 10:43:03][MAIN] - lock.acquire()
[2025-02-09 10:43:03][MAIN] - KeyboardInterrupt
[2025-02-09 10:43:03][MAIN] - : 
