[2025-02-08 20:06:07][MAIN] - Contacting Arduino..
[2025-02-08 20:06:07][MAIN] - Arduino found!
[2025-02-08 20:06:07][MAIN] - Actuator running.
[2025-02-08 20:06:07][MAIN] - Pulling from GitHub: /home/claudio/Python-Projects/RoomServer
[2025-02-08 20:06:09][MAIN] - Already up to date.
[2025-02-08 20:06:09][MAIN] - To Arduino: LIGHTSON
[2025-02-08 20:06:12][MAIN] - IP 84.150.103.227 uploaded to:
[2025-02-08 20:06:12][MAIN] - https://storage.googleapis.com/ip-manager42.appspot.com/RaspberryPi-Cyan/ip_server.txt
[2025-02-08 20:06:12][FLASK] -  * Serving Flask app 'server'
[2025-02-08 20:06:12][FLASK] -  * Debug mode: off
[2025-02-08 20:06:12][WEBSOCKET] -  * Serving Flask app 'websocket'
[2025-02-08 20:06:12][WEBSOCKET] -  * Debug mode: off
[2025-02-08 20:06:14][FLASK] - AUDIO: {'audio': 'pingvol'}
[2025-02-08 20:06:23][MAIN] - Traceback (most recent call last):
[2025-02-08 20:06:23][MAIN] -   File "/home/claudio/Python-Projects/RoomServer/main.py", line 89, in <module>
[2025-02-08 20:06:23][MAIN] - main()
[2025-02-08 20:06:23][MAIN] -   File "/home/claudio/Python-Projects/RoomServer/main.py", line 77, in main
[2025-02-08 20:06:23][MAIN] - time.sleep(0.5)
[2025-02-08 20:06:23][MAIN] - KeyboardInterrupt
[2025-02-08 20:06:23][MAIN] - Exception ignored in: 
[2025-02-08 20:06:23][MAIN] - <module 'threading' from '/usr/lib/python3.10/threading.py'>
[2025-02-08 20:06:23][MAIN] - Traceback (most recent call last):
[2025-02-08 20:06:23][MAIN] -   File "/usr/lib/python3.10/threading.py", line 1567, in _shutdown
[2025-02-08 20:06:23][MAIN] - lock.acquire()
[2025-02-08 20:06:23][MAIN] - KeyboardInterrupt
[2025-02-08 20:06:24][MAIN] - : 
